# Step 3 run log
# competitor : boldvoice
# started_at : 2026-06-04T15:12:04
# input      : inputs/fb-ads-boldvoice-2026-06-04-2039.csv
# videos     : videos/boldvoice-2026-06-04
# master     : master/boldvoice.csv  (unchanged (dry-run))
# enriched   : inputs/fb-ads-boldvoice-2026-06-04-2039_enriched.csv
# bucket     : video-ads
# public_base: https://pub-893b4a6a607b4221a894bf861da7914e.r2.dev
# dry_run    : True
#
# counts     : {'uploaded': 18, 'carried-forward': 148, 'image-pending': 1, 'video-missing': 0, 'no-creative': 0, 'error': 0}
#
carried-forward  26925651373762919 c0  → https://pub-893b4a6a607b4221a894bf861da7914e.r2.dev/26925651373762919.mp4
carried-forward  1477549913252506 c0  → https://pub-893b4a6a607b4221a894bf861da7914e.r2.dev/1477549913252506.mp4
carried-forward  1309059627222656 c0  → https://pub-893b4a6a607b4221a894bf861da7914e.r2.dev/1309059627222656.mp4
carried-forward  977301534886774 c0  → https://pub-893b4a6a607b4221a894bf861da7914e.r2.dev/977301534886774.mp4
carried-forward  1501335731525040 c0  → https://pub-893b4a6a607b4221a894bf861da7914e.r2.dev/1501335731525040.mp4
carried-forward  1292724245723832 c0  → https://pub-893b4a6a607b4221a894bf861da7914e.r2.dev/1292724245723832.mp4
carried-forward  956123550567832 c0  → https://pub-893b4a6a607b4221a894bf861da7914e.r2.dev/956123550567832.mp4
would-upload     783690034825553 c0  (video) ← 783690034825553.mp4  → https://pub-893b4a6a607b4221a894bf861da7914e.r2.dev/783690034825553.mp4  [DRY-RUN]
carried-forward  1502545061491568 c0  → https://pub-893b4a6a607b4221a894bf861da7914e.r2.dev/1502545061491568.mp4
carried-forward  1689040725779581 c0  → https://pub-893b4a6a607b4221a894bf861da7914e.r2.dev/1689040725779581.mp4
carried-forward  971476452303674 c0  → https://pub-893b4a6a607b4221a894bf861da7914e.r2.dev/971476452303674.mp4
carried-forward  1319964226900186 c0  → https://pub-893b4a6a607b4221a894bf861da7914e.r2.dev/1319964226900186.mp4
carried-forward  790126734035423 c0  → https://pub-893b4a6a607b4221a894bf861da7914e.r2.dev/790126734035423.mp4
would-upload     966066672912078 c0  (video) ← 966066672912078.mp4  → https://pub-893b4a6a607b4221a894bf861da7914e.r2.dev/966066672912078.mp4  [DRY-RUN]
carried-forward  789784874067599 c0  → https://pub-893b4a6a607b4221a894bf861da7914e.r2.dev/789784874067599.mp4
would-upload     1521822799597295 c0  (video) ← 1521822799597295.mp4  → https://pub-893b4a6a607b4221a894bf861da7914e.r2.dev/1521822799597295.mp4  [DRY-RUN]
carried-forward  1317345953681151 c0  → https://pub-893b4a6a607b4221a894bf861da7914e.r2.dev/1317345953681151.mp4
carried-forward  1692606915270779 c0  → https://pub-893b4a6a607b4221a894bf861da7914e.r2.dev/1692606915270779.mp4
carried-forward  1687679252254271 c0  → https://pub-893b4a6a607b4221a894bf861da7914e.r2.dev/1687679252254271.jpg
carried-forward  983323244442916 c0  → https://pub-893b4a6a607b4221a894bf861da7914e.r2.dev/983323244442916.mp4
carried-forward  1534356198311434 c0  → https://pub-893b4a6a607b4221a894bf861da7914e.r2.dev/1534356198311434.mp4
would-upload     2145349949589258 c0  (video) ← 2145349949589258.mp4  → https://pub-893b4a6a607b4221a894bf861da7914e.r2.dev/2145349949589258.mp4  [DRY-RUN]
carried-forward  1916500979739529 c0  → https://pub-893b4a6a607b4221a894bf861da7914e.r2.dev/1916500979739529.mp4
would-upload     1690195018790972 c0  (video) ← 1690195018790972.mp4  → https://pub-893b4a6a607b4221a894bf861da7914e.r2.dev/1690195018790972.mp4  [DRY-RUN]
would-upload     1467456411266929 c0  (video) ← 1467456411266929.mp4  → https://pub-893b4a6a607b4221a894bf861da7914e.r2.dev/1467456411266929.mp4  [DRY-RUN]
carried-forward  978511151566977 c0  → https://pub-893b4a6a607b4221a894bf861da7914e.r2.dev/978511151566977.mp4
carried-forward  1203989948390549 c0  → https://pub-893b4a6a607b4221a894bf861da7914e.r2.dev/1203989948390549.mp4
would-upload     1706235563838537 c0  (video) ← 1706235563838537.mp4  → https://pub-893b4a6a607b4221a894bf861da7914e.r2.dev/1706235563838537.mp4  [DRY-RUN]
carried-forward  1582351407065145 c0  → https://pub-893b4a6a607b4221a894bf861da7914e.r2.dev/1582351407065145.mp4
carried-forward  2480761242367070 c0  → https://pub-893b4a6a607b4221a894bf861da7914e.r2.dev/2480761242367070.mp4
carried-forward  967159326158821 c0  → https://pub-893b4a6a607b4221a894bf861da7914e.r2.dev/967159326158821.mp4
would-upload     1673342077242962 c0  (video) ← 1673342077242962.mp4  → https://pub-893b4a6a607b4221a894bf861da7914e.r2.dev/1673342077242962.mp4  [DRY-RUN]
would-upload     986956634132095 c0  (video) ← 986956634132095.mp4  → https://pub-893b4a6a607b4221a894bf861da7914e.r2.dev/986956634132095.mp4  [DRY-RUN]
carried-forward  883477948127247 c0  → https://pub-893b4a6a607b4221a894bf861da7914e.r2.dev/883477948127247.mp4
would-upload     1112943635238053 c0  (video) ← 1112943635238053.mp4  → https://pub-893b4a6a607b4221a894bf861da7914e.r2.dev/1112943635238053.mp4  [DRY-RUN]
carried-forward  1275902161190658 c0  → https://pub-893b4a6a607b4221a894bf861da7914e.r2.dev/1275902161190658.mp4
image-pending    756405930831075 c0  (HANDOVER §8.5 — image handling not yet built)
carried-forward  1667192404409422 c0  → https://pub-893b4a6a607b4221a894bf861da7914e.r2.dev/1667192404409422.mp4
carried-forward  26439561832410220 c0  → https://pub-893b4a6a607b4221a894bf861da7914e.r2.dev/26439561832410220.mp4
carried-forward  1005732392124909 c0  → https://pub-893b4a6a607b4221a894bf861da7914e.r2.dev/1005732392124909.mp4
carried-forward  1328575745839398 c0  → https://pub-893b4a6a607b4221a894bf861da7914e.r2.dev/1328575745839398.mp4
carried-forward  2019169519026716 c0  → https://pub-893b4a6a607b4221a894bf861da7914e.r2.dev/2019169519026716.mp4
carried-forward  1490181179245814 c0  → https://pub-893b4a6a607b4221a894bf861da7914e.r2.dev/1490181179245814.mp4
carried-forward  976040688249738 c0  → https://pub-893b4a6a607b4221a894bf861da7914e.r2.dev/976040688249738.mp4
carried-forward  2003250420554803 c0  → https://pub-893b4a6a607b4221a894bf861da7914e.r2.dev/2003250420554803.mp4
carried-forward  27415139248077650 c0  → https://pub-893b4a6a607b4221a894bf861da7914e.r2.dev/27415139248077650.mp4
carried-forward  2044024766536516 c0  → https://pub-893b4a6a607b4221a894bf861da7914e.r2.dev/2044024766536516.mp4
carried-forward  1511094910667836 c0  → https://pub-893b4a6a607b4221a894bf861da7914e.r2.dev/1511094910667836.jpg
carried-forward  2210913562995478 c0  → https://pub-893b4a6a607b4221a894bf861da7914e.r2.dev/2210913562995478.mp4
carried-forward  1642420553654694 c0  → https://pub-893b4a6a607b4221a894bf861da7914e.r2.dev/1642420553654694.mp4
carried-forward  1310523257326646 c0  → https://pub-893b4a6a607b4221a894bf861da7914e.r2.dev/1310523257326646.mp4
carried-forward  26275424918801610 c0  → https://pub-893b4a6a607b4221a894bf861da7914e.r2.dev/26275424918801610.mp4
carried-forward  953096330875251 c0  → https://pub-893b4a6a607b4221a894bf861da7914e.r2.dev/953096330875251.mp4
carried-forward  1481907283342031 c0  → https://pub-893b4a6a607b4221a894bf861da7914e.r2.dev/1481907283342031.mp4
carried-forward  1694234528440296 c0  → https://pub-893b4a6a607b4221a894bf861da7914e.r2.dev/1694234528440296.mp4
carried-forward  977066851493447 c0  → https://pub-893b4a6a607b4221a894bf861da7914e.r2.dev/977066851493447.mp4
carried-forward  1316439500694336 c0  → https://pub-893b4a6a607b4221a894bf861da7914e.r2.dev/1316439500694336.mp4
would-upload     1437273745095661 c0  (video) ← 1437273745095661.mp4  → https://pub-893b4a6a607b4221a894bf861da7914e.r2.dev/1437273745095661.mp4  [DRY-RUN]
carried-forward  999521015870651 c0  → https://pub-893b4a6a607b4221a894bf861da7914e.r2.dev/999521015870651.mp4
carried-forward  1473363390715612 c0  → https://pub-893b4a6a607b4221a894bf861da7914e.r2.dev/1473363390715612.mp4
carried-forward  2790652427959234 c0  → https://pub-893b4a6a607b4221a894bf861da7914e.r2.dev/2790652427959234.mp4
carried-forward  1405722054916829 c0  → https://pub-893b4a6a607b4221a894bf861da7914e.r2.dev/1405722054916829.mp4
carried-forward  1546269646835662 c0  → https://pub-893b4a6a607b4221a894bf861da7914e.r2.dev/1546269646835662.mp4
carried-forward  1960878574534660 c0  → https://pub-893b4a6a607b4221a894bf861da7914e.r2.dev/1960878574534660.mp4
carried-forward  2087867952167288 c0  → https://pub-893b4a6a607b4221a894bf861da7914e.r2.dev/2087867952167288.mp4
carried-forward  1415666166993444 c0  → https://pub-893b4a6a607b4221a894bf861da7914e.r2.dev/1415666166993444.mp4
carried-forward  1494634152394948 c0  → https://pub-893b4a6a607b4221a894bf861da7914e.r2.dev/1494634152394948.mp4
carried-forward  1876706343044844 c0  → https://pub-893b4a6a607b4221a894bf861da7914e.r2.dev/1876706343044844.mp4
carried-forward  1478144069915977 c0  → https://pub-893b4a6a607b4221a894bf861da7914e.r2.dev/1478144069915977.mp4
carried-forward  2734314866939391 c0  → https://pub-893b4a6a607b4221a894bf861da7914e.r2.dev/2734314866939391.mp4
would-upload     4411296675821681 c0  (video) ← 4411296675821681.mp4  → https://pub-893b4a6a607b4221a894bf861da7914e.r2.dev/4411296675821681.mp4  [DRY-RUN]
carried-forward  1332003088264765 c0  → https://pub-893b4a6a607b4221a894bf861da7914e.r2.dev/1332003088264765.mp4
carried-forward  1586883210104959 c0  → https://pub-893b4a6a607b4221a894bf861da7914e.r2.dev/1586883210104959.mp4
would-upload     1733666961313121 c0  (video) ← 1733666961313121.mp4  → https://pub-893b4a6a607b4221a894bf861da7914e.r2.dev/1733666961313121.mp4  [DRY-RUN]
carried-forward  1305486864356244 c0  → https://pub-893b4a6a607b4221a894bf861da7914e.r2.dev/1305486864356244.mp4
carried-forward  928273223537964 c0  → https://pub-893b4a6a607b4221a894bf861da7914e.r2.dev/928273223537964.mp4
carried-forward  3904596519849113 c0  → https://pub-893b4a6a607b4221a894bf861da7914e.r2.dev/3904596519849113.mp4
carried-forward  1296822448672530 c0  → https://pub-893b4a6a607b4221a894bf861da7914e.r2.dev/1296822448672530.mp4
carried-forward  1987833111815888 c0  → https://pub-893b4a6a607b4221a894bf861da7914e.r2.dev/1987833111815888.mp4
carried-forward  1808833933835246 c0  → https://pub-893b4a6a607b4221a894bf861da7914e.r2.dev/1808833933835246.mp4
carried-forward  1686656045915532 c0  → https://pub-893b4a6a607b4221a894bf861da7914e.r2.dev/1686656045915532.mp4
carried-forward  1553935879645032 c0  → https://pub-893b4a6a607b4221a894bf861da7914e.r2.dev/1553935879645032.mp4
carried-forward  1314742544092975 c0  → https://pub-893b4a6a607b4221a894bf861da7914e.r2.dev/1314742544092975.mp4
carried-forward  949901594701558 c0  → https://pub-893b4a6a607b4221a894bf861da7914e.r2.dev/949901594701558.mp4
carried-forward  2032153271036758 c0  → https://pub-893b4a6a607b4221a894bf861da7914e.r2.dev/2032153271036758.mp4
would-upload     959312276864665 c0  (video) ← 959312276864665.mp4  → https://pub-893b4a6a607b4221a894bf861da7914e.r2.dev/959312276864665.mp4  [DRY-RUN]
would-upload     4584629545126928 c0  (video) ← 4584629545126928.mp4  → https://pub-893b4a6a607b4221a894bf861da7914e.r2.dev/4584629545126928.mp4  [DRY-RUN]
carried-forward  1322861493307876 c0  → https://pub-893b4a6a607b4221a894bf861da7914e.r2.dev/1322861493307876.mp4
carried-forward  2767561233611912 c0  → https://pub-893b4a6a607b4221a894bf861da7914e.r2.dev/2767561233611912.mp4
carried-forward  2579382089177756 c0  → https://pub-893b4a6a607b4221a894bf861da7914e.r2.dev/2579382089177756.mp4
carried-forward  992405976819275 c0  → https://pub-893b4a6a607b4221a894bf861da7914e.r2.dev/992405976819275.mp4
carried-forward  2342930256197322 c0  → https://pub-893b4a6a607b4221a894bf861da7914e.r2.dev/2342930256197322.mp4
carried-forward  842332762278836 c0  → https://pub-893b4a6a607b4221a894bf861da7914e.r2.dev/842332762278836.mp4
carried-forward  4429177684068086 c0  → https://pub-893b4a6a607b4221a894bf861da7914e.r2.dev/4429177684068086.mp4
carried-forward  1804857893808381 c0  → https://pub-893b4a6a607b4221a894bf861da7914e.r2.dev/1804857893808381.mp4
carried-forward  963021493179330 c0  → https://pub-893b4a6a607b4221a894bf861da7914e.r2.dev/963021493179330.mp4
carried-forward  1301634755482783 c0  → https://pub-893b4a6a607b4221a894bf861da7914e.r2.dev/1301634755482783.mp4
carried-forward  27340113785586337 c0  → https://pub-893b4a6a607b4221a894bf861da7914e.r2.dev/27340113785586337.mp4
would-upload     857761763493879 c0  (video) ← 857761763493879.mp4  → https://pub-893b4a6a607b4221a894bf861da7914e.r2.dev/857761763493879.mp4  [DRY-RUN]
would-upload     4262198797331246 c0  (video) ← 4262198797331246.mp4  → https://pub-893b4a6a607b4221a894bf861da7914e.r2.dev/4262198797331246.mp4  [DRY-RUN]
carried-forward  1340220401324261 c0  → https://pub-893b4a6a607b4221a894bf861da7914e.r2.dev/1340220401324261.mp4
carried-forward  863837952726608 c0  → https://pub-893b4a6a607b4221a894bf861da7914e.r2.dev/863837952726608.mp4
carried-forward  1659096618576169 c0  → https://pub-893b4a6a607b4221a894bf861da7914e.r2.dev/1659096618576169.mp4
carried-forward  1462716691717579 c0  → https://pub-893b4a6a607b4221a894bf861da7914e.r2.dev/1462716691717579.mp4
carried-forward  2345828505885687 c0  → https://pub-893b4a6a607b4221a894bf861da7914e.r2.dev/2345828505885687.mp4
carried-forward  1558395449628575 c0  → https://pub-893b4a6a607b4221a894bf861da7914e.r2.dev/1558395449628575.mp4
carried-forward  2212200092857010 c0  → https://pub-893b4a6a607b4221a894bf861da7914e.r2.dev/2212200092857010.mp4
carried-forward  2061963251408700 c0  → https://pub-893b4a6a607b4221a894bf861da7914e.r2.dev/2061963251408700.mp4
carried-forward  3544924569015770 c0  → https://pub-893b4a6a607b4221a894bf861da7914e.r2.dev/3544924569015770.jpg
carried-forward  1537041057832462 c0  → https://pub-893b4a6a607b4221a894bf861da7914e.r2.dev/1537041057832462.mp4
carried-forward  1874821299894779 c0  → https://pub-893b4a6a607b4221a894bf861da7914e.r2.dev/1874821299894779.mp4
carried-forward  845189768634133 c0  → https://pub-893b4a6a607b4221a894bf861da7914e.r2.dev/845189768634133.mp4
carried-forward  1909273163346819 c0  → https://pub-893b4a6a607b4221a894bf861da7914e.r2.dev/1909273163346819.mp4
carried-forward  2892520044414011 c0  → https://pub-893b4a6a607b4221a894bf861da7914e.r2.dev/2892520044414011.mp4
carried-forward  1991912661407933 c0  → https://pub-893b4a6a607b4221a894bf861da7914e.r2.dev/1991912661407933.mp4
carried-forward  1781877629858537 c0  → https://pub-893b4a6a607b4221a894bf861da7914e.r2.dev/1781877629858537.mp4
carried-forward  1348180087173623 c0  → https://pub-893b4a6a607b4221a894bf861da7914e.r2.dev/1348180087173623.mp4
carried-forward  2159877171519843 c0  → https://pub-893b4a6a607b4221a894bf861da7914e.r2.dev/2159877171519843.mp4
carried-forward  2035589236990984 c0  → https://pub-893b4a6a607b4221a894bf861da7914e.r2.dev/2035589236990984.mp4
carried-forward  1666559637701729 c0  → https://pub-893b4a6a607b4221a894bf861da7914e.r2.dev/1666559637701729.mp4
carried-forward  967672316179759 c0  → https://pub-893b4a6a607b4221a894bf861da7914e.r2.dev/967672316179759.mp4
carried-forward  2039198016658787 c0  → https://pub-893b4a6a607b4221a894bf861da7914e.r2.dev/2039198016658787.mp4
carried-forward  986130771040230 c0  → https://pub-893b4a6a607b4221a894bf861da7914e.r2.dev/986130771040230.mp4
carried-forward  2945199169019337 c0  → https://pub-893b4a6a607b4221a894bf861da7914e.r2.dev/2945199169019337.mp4
carried-forward  993941960114708 c0  → https://pub-893b4a6a607b4221a894bf861da7914e.r2.dev/993941960114708.mp4
carried-forward  1453989329369748 c0  → https://pub-893b4a6a607b4221a894bf861da7914e.r2.dev/1453989329369748.mp4
carried-forward  1336693844978558 c0  → https://pub-893b4a6a607b4221a894bf861da7914e.r2.dev/1336693844978558.mp4
carried-forward  1323608763030368 c0  → https://pub-893b4a6a607b4221a894bf861da7914e.r2.dev/1323608763030368.mp4
carried-forward  910602998668831 c0  → https://pub-893b4a6a607b4221a894bf861da7914e.r2.dev/910602998668831.jpg
carried-forward  1996498900940898 c0  → https://pub-893b4a6a607b4221a894bf861da7914e.r2.dev/1996498900940898.mp4
carried-forward  2083585642570211 c0  → https://pub-893b4a6a607b4221a894bf861da7914e.r2.dev/2083585642570211.mp4
carried-forward  978884424737424 c0  → https://pub-893b4a6a607b4221a894bf861da7914e.r2.dev/978884424737424.mp4
carried-forward  2568375130242443 c0  → https://pub-893b4a6a607b4221a894bf861da7914e.r2.dev/2568375130242443.mp4
carried-forward  990937437129463 c0  → https://pub-893b4a6a607b4221a894bf861da7914e.r2.dev/990937437129463.mp4
carried-forward  4544230265864477 c0  → https://pub-893b4a6a607b4221a894bf861da7914e.r2.dev/4544230265864477.mp4
carried-forward  861418949662622 c0  → https://pub-893b4a6a607b4221a894bf861da7914e.r2.dev/861418949662622.mp4
carried-forward  2795549630780929 c0  → https://pub-893b4a6a607b4221a894bf861da7914e.r2.dev/2795549630780929.mp4
carried-forward  1301109712167676 c0  → https://pub-893b4a6a607b4221a894bf861da7914e.r2.dev/1301109712167676.mp4
carried-forward  1652630712734539 c0  → https://pub-893b4a6a607b4221a894bf861da7914e.r2.dev/1652630712734539.mp4
carried-forward  2596250030776230 c0  → https://pub-893b4a6a607b4221a894bf861da7914e.r2.dev/2596250030776230.mp4
carried-forward  1012448988010701 c0  → https://pub-893b4a6a607b4221a894bf861da7914e.r2.dev/1012448988010701.mp4
carried-forward  1698396904808538 c0  → https://pub-893b4a6a607b4221a894bf861da7914e.r2.dev/1698396904808538.mp4
carried-forward  833650152771394 c0  → https://pub-893b4a6a607b4221a894bf861da7914e.r2.dev/833650152771394.mp4
carried-forward  1041651644858410 c0  → https://pub-893b4a6a607b4221a894bf861da7914e.r2.dev/1041651644858410.mp4
carried-forward  814520388135373 c0  → https://pub-893b4a6a607b4221a894bf861da7914e.r2.dev/814520388135373.mp4
carried-forward  3484417995044684 c0  → https://pub-893b4a6a607b4221a894bf861da7914e.r2.dev/3484417995044684.mp4
carried-forward  1755095285655714 c0  → https://pub-893b4a6a607b4221a894bf861da7914e.r2.dev/1755095285655714.mp4
carried-forward  26907569052186639 c0  → https://pub-893b4a6a607b4221a894bf861da7914e.r2.dev/26907569052186639.mp4
carried-forward  1344531527527728 c0  → https://pub-893b4a6a607b4221a894bf861da7914e.r2.dev/1344531527527728.mp4
carried-forward  2761850260850861 c0  → https://pub-893b4a6a607b4221a894bf861da7914e.r2.dev/2761850260850861.mp4
carried-forward  2452518311844601 c0  → https://pub-893b4a6a607b4221a894bf861da7914e.r2.dev/2452518311844601.mp4
carried-forward  1303292097906739 c0  → https://pub-893b4a6a607b4221a894bf861da7914e.r2.dev/1303292097906739.mp4
carried-forward  1718290726268517 c0  → https://pub-893b4a6a607b4221a894bf861da7914e.r2.dev/1718290726268517.mp4
carried-forward  1923435601667809 c0  → https://pub-893b4a6a607b4221a894bf861da7914e.r2.dev/1923435601667809.mp4
carried-forward  1659825471892110 c0  → https://pub-893b4a6a607b4221a894bf861da7914e.r2.dev/1659825471892110.mp4
carried-forward  1318861220383628 c0  → https://pub-893b4a6a607b4221a894bf861da7914e.r2.dev/1318861220383628.mp4
carried-forward  1601487284263702 c0  → https://pub-893b4a6a607b4221a894bf861da7914e.r2.dev/1601487284263702.mp4
carried-forward  2280521385818448 c0  → https://pub-893b4a6a607b4221a894bf861da7914e.r2.dev/2280521385818448.mp4
carried-forward  1000738055764027 c0  → https://pub-893b4a6a607b4221a894bf861da7914e.r2.dev/1000738055764027.mp4
carried-forward  1474275234379388 c0  → https://pub-893b4a6a607b4221a894bf861da7914e.r2.dev/1474275234379388.mp4
would-upload     956111547048129 c0  (video) ← 956111547048129.mp4  → https://pub-893b4a6a607b4221a894bf861da7914e.r2.dev/956111547048129.mp4  [DRY-RUN]
carried-forward  27008403322157596 c0  → https://pub-893b4a6a607b4221a894bf861da7914e.r2.dev/27008403322157596.mp4
carried-forward  1495732755264453 c0  → https://pub-893b4a6a607b4221a894bf861da7914e.r2.dev/1495732755264453.mp4
carried-forward  1544186397064202 c0  → https://pub-893b4a6a607b4221a894bf861da7914e.r2.dev/1544186397064202.mp4
carried-forward  5408705739354717 c0  → https://pub-893b4a6a607b4221a894bf861da7914e.r2.dev/5408705739354717.mp4
carried-forward  851369394096023 c0  → https://pub-893b4a6a607b4221a894bf861da7914e.r2.dev/851369394096023.mp4
carried-forward  26101011479574335 c0  → https://pub-893b4a6a607b4221a894bf861da7914e.r2.dev/26101011479574335.mp4
