# Step 3 run log
# competitor : boldvoice
# started_at : 2026-05-28T16:16:39
# input      : inputs/fb-ads-boldvoice-2026-05-28-1943.csv
# videos     : videos/boldvoice-2026-05-28
# master     : master/boldvoice.csv  (unchanged (dry-run))
# enriched   : inputs/fb-ads-boldvoice-2026-05-28-1943_enriched.csv
# bucket     : video-ads
# public_base: https://pub-893b4a6a607b4221a894bf861da7914e.r2.dev
# dry_run    : True
#
# counts     : {'uploaded': 152, 'carried-forward': 0, 'image-pending': 4, 'video-missing': 0, 'no-creative': 0, 'error': 0}
#
would-upload     26925651373762919 c0  (video) ← 26925651373762919.mp4  → https://pub-893b4a6a607b4221a894bf861da7914e.r2.dev/26925651373762919.mp4  [DRY-RUN]
would-upload     1477549913252506 c0  (video) ← 1477549913252506.mp4  → https://pub-893b4a6a607b4221a894bf861da7914e.r2.dev/1477549913252506.mp4  [DRY-RUN]
would-upload     1292724245723832 c0  (video) ← 1292724245723832.mp4  → https://pub-893b4a6a607b4221a894bf861da7914e.r2.dev/1292724245723832.mp4  [DRY-RUN]
would-upload     1501335731525040 c0  (video) ← 1501335731525040.mp4  → https://pub-893b4a6a607b4221a894bf861da7914e.r2.dev/1501335731525040.mp4  [DRY-RUN]
would-upload     855544760303086 c0  (video) ← 855544760303086.mp4  → https://pub-893b4a6a607b4221a894bf861da7914e.r2.dev/855544760303086.mp4  [DRY-RUN]
would-upload     956123550567832 c0  (video) ← 956123550567832.mp4  → https://pub-893b4a6a607b4221a894bf861da7914e.r2.dev/956123550567832.mp4  [DRY-RUN]
would-upload     1502545061491568 c0  (video) ← 1502545061491568.mp4  → https://pub-893b4a6a607b4221a894bf861da7914e.r2.dev/1502545061491568.mp4  [DRY-RUN]
would-upload     1309059627222656 c0  (video) ← 1309059627222656.mp4  → https://pub-893b4a6a607b4221a894bf861da7914e.r2.dev/1309059627222656.mp4  [DRY-RUN]
would-upload     1319964226900186 c0  (video) ← 1319964226900186.mp4  → https://pub-893b4a6a607b4221a894bf861da7914e.r2.dev/1319964226900186.mp4  [DRY-RUN]
would-upload     977301534886774 c0  (video) ← 977301534886774.mp4  → https://pub-893b4a6a607b4221a894bf861da7914e.r2.dev/977301534886774.mp4  [DRY-RUN]
would-upload     790126734035423 c0  (video) ← 790126734035423.mp4  → https://pub-893b4a6a607b4221a894bf861da7914e.r2.dev/790126734035423.mp4  [DRY-RUN]
would-upload     3255379834639421 c0  (video) ← 3255379834639421.mp4  → https://pub-893b4a6a607b4221a894bf861da7914e.r2.dev/3255379834639421.mp4  [DRY-RUN]
would-upload     971476452303674 c0  (video) ← 971476452303674.mp4  → https://pub-893b4a6a607b4221a894bf861da7914e.r2.dev/971476452303674.mp4  [DRY-RUN]
would-upload     1977102026236404 c0  (video) ← 1977102026236404.mp4  → https://pub-893b4a6a607b4221a894bf861da7914e.r2.dev/1977102026236404.mp4  [DRY-RUN]
would-upload     1689040725779581 c0  (video) ← 1689040725779581.mp4  → https://pub-893b4a6a607b4221a894bf861da7914e.r2.dev/1689040725779581.mp4  [DRY-RUN]
would-upload     1692606915270779 c0  (video) ← 1692606915270779.mp4  → https://pub-893b4a6a607b4221a894bf861da7914e.r2.dev/1692606915270779.mp4  [DRY-RUN]
would-upload     789784874067599 c0  (video) ← 789784874067599.mp4  → https://pub-893b4a6a607b4221a894bf861da7914e.r2.dev/789784874067599.mp4  [DRY-RUN]
would-upload     978511151566977 c0  (video) ← 978511151566977.mp4  → https://pub-893b4a6a607b4221a894bf861da7914e.r2.dev/978511151566977.mp4  [DRY-RUN]
would-upload     2480761242367070 c0  (video) ← 2480761242367070.mp4  → https://pub-893b4a6a607b4221a894bf861da7914e.r2.dev/2480761242367070.mp4  [DRY-RUN]
image-pending    1687679252254271 c0  (HANDOVER §8.5 — image handling not yet built)
would-upload     1534356198311434 c0  (video) ← 1534356198311434.mp4  → https://pub-893b4a6a607b4221a894bf861da7914e.r2.dev/1534356198311434.mp4  [DRY-RUN]
would-upload     1005732392124909 c0  (video) ← 1005732392124909.mp4  → https://pub-893b4a6a607b4221a894bf861da7914e.r2.dev/1005732392124909.mp4  [DRY-RUN]
would-upload     1667192404409422 c0  (video) ← 1667192404409422.mp4  → https://pub-893b4a6a607b4221a894bf861da7914e.r2.dev/1667192404409422.mp4  [DRY-RUN]
would-upload     1203989948390549 c0  (video) ← 1203989948390549.mp4  → https://pub-893b4a6a607b4221a894bf861da7914e.r2.dev/1203989948390549.mp4  [DRY-RUN]
would-upload     2019169519026716 c0  (video) ← 2019169519026716.mp4  → https://pub-893b4a6a607b4221a894bf861da7914e.r2.dev/2019169519026716.mp4  [DRY-RUN]
would-upload     1490181179245814 c0  (video) ← 1490181179245814.mp4  → https://pub-893b4a6a607b4221a894bf861da7914e.r2.dev/1490181179245814.mp4  [DRY-RUN]
would-upload     976040688249738 c0  (video) ← 976040688249738.mp4  → https://pub-893b4a6a607b4221a894bf861da7914e.r2.dev/976040688249738.mp4  [DRY-RUN]
would-upload     27415139248077650 c0  (video) ← 27415139248077650.mp4  → https://pub-893b4a6a607b4221a894bf861da7914e.r2.dev/27415139248077650.mp4  [DRY-RUN]
would-upload     2044024766536516 c0  (video) ← 2044024766536516.mp4  → https://pub-893b4a6a607b4221a894bf861da7914e.r2.dev/2044024766536516.mp4  [DRY-RUN]
would-upload     1275902161190658 c0  (video) ← 1275902161190658.mp4  → https://pub-893b4a6a607b4221a894bf861da7914e.r2.dev/1275902161190658.mp4  [DRY-RUN]
would-upload     953096330875251 c0  (video) ← 953096330875251.mp4  → https://pub-893b4a6a607b4221a894bf861da7914e.r2.dev/953096330875251.mp4  [DRY-RUN]
would-upload     977066851493447 c0  (video) ← 977066851493447.mp4  → https://pub-893b4a6a607b4221a894bf861da7914e.r2.dev/977066851493447.mp4  [DRY-RUN]
would-upload     1328575745839398 c0  (video) ← 1328575745839398.mp4  → https://pub-893b4a6a607b4221a894bf861da7914e.r2.dev/1328575745839398.mp4  [DRY-RUN]
would-upload     1532209891643674 c0  (video) ← 1532209891643674.mp4  → https://pub-893b4a6a607b4221a894bf861da7914e.r2.dev/1532209891643674.mp4  [DRY-RUN]
would-upload     1916500979739529 c0  (video) ← 1916500979739529.mp4  → https://pub-893b4a6a607b4221a894bf861da7914e.r2.dev/1916500979739529.mp4  [DRY-RUN]
would-upload     1694234528440296 c0  (video) ← 1694234528440296.mp4  → https://pub-893b4a6a607b4221a894bf861da7914e.r2.dev/1694234528440296.mp4  [DRY-RUN]
would-upload     999521015870651 c0  (video) ← 999521015870651.mp4  → https://pub-893b4a6a607b4221a894bf861da7914e.r2.dev/999521015870651.mp4  [DRY-RUN]
would-upload     1316439500694336 c0  (video) ← 1316439500694336.mp4  → https://pub-893b4a6a607b4221a894bf861da7914e.r2.dev/1316439500694336.mp4  [DRY-RUN]
would-upload     2210913562995478 c0  (video) ← 2210913562995478.mp4  → https://pub-893b4a6a607b4221a894bf861da7914e.r2.dev/2210913562995478.mp4  [DRY-RUN]
would-upload     1415666166993444 c0  (video) ← 1415666166993444.mp4  → https://pub-893b4a6a607b4221a894bf861da7914e.r2.dev/1415666166993444.mp4  [DRY-RUN]
would-upload     26439561832410220 c0  (video) ← 26439561832410220.mp4  → https://pub-893b4a6a607b4221a894bf861da7914e.r2.dev/26439561832410220.mp4  [DRY-RUN]
would-upload     1478144069915977 c0  (video) ← 1478144069915977.mp4  → https://pub-893b4a6a607b4221a894bf861da7914e.r2.dev/1478144069915977.mp4  [DRY-RUN]
would-upload     1642420553654694 c0  (video) ← 1642420553654694.mp4  → https://pub-893b4a6a607b4221a894bf861da7914e.r2.dev/1642420553654694.mp4  [DRY-RUN]
would-upload     26275424918801610 c0  (video) ← 26275424918801610.mp4  → https://pub-893b4a6a607b4221a894bf861da7914e.r2.dev/26275424918801610.mp4  [DRY-RUN]
would-upload     1494634152394948 c0  (video) ← 1494634152394948.mp4  → https://pub-893b4a6a607b4221a894bf861da7914e.r2.dev/1494634152394948.mp4  [DRY-RUN]
would-upload     2790652427959234 c0  (video) ← 2790652427959234.mp4  → https://pub-893b4a6a607b4221a894bf861da7914e.r2.dev/2790652427959234.mp4  [DRY-RUN]
would-upload     1586883210104959 c0  (video) ← 1586883210104959.mp4  → https://pub-893b4a6a607b4221a894bf861da7914e.r2.dev/1586883210104959.mp4  [DRY-RUN]
would-upload     1473363390715612 c0  (video) ← 1473363390715612.mp4  → https://pub-893b4a6a607b4221a894bf861da7914e.r2.dev/1473363390715612.mp4  [DRY-RUN]
would-upload     3904596519849113 c0  (video) ← 3904596519849113.mp4  → https://pub-893b4a6a607b4221a894bf861da7914e.r2.dev/3904596519849113.mp4  [DRY-RUN]
would-upload     1332003088264765 c0  (video) ← 1332003088264765.mp4  → https://pub-893b4a6a607b4221a894bf861da7914e.r2.dev/1332003088264765.mp4  [DRY-RUN]
would-upload     1305486864356244 c0  (video) ← 1305486864356244.mp4  → https://pub-893b4a6a607b4221a894bf861da7914e.r2.dev/1305486864356244.mp4  [DRY-RUN]
would-upload     1481907283342031 c0  (video) ← 1481907283342031.mp4  → https://pub-893b4a6a607b4221a894bf861da7914e.r2.dev/1481907283342031.mp4  [DRY-RUN]
would-upload     967159326158821 c0  (video) ← 967159326158821.mp4  → https://pub-893b4a6a607b4221a894bf861da7914e.r2.dev/967159326158821.mp4  [DRY-RUN]
would-upload     1876706343044844 c0  (video) ← 1876706343044844.mp4  → https://pub-893b4a6a607b4221a894bf861da7914e.r2.dev/1876706343044844.mp4  [DRY-RUN]
would-upload     1296822448672530 c0  (video) ← 1296822448672530.mp4  → https://pub-893b4a6a607b4221a894bf861da7914e.r2.dev/1296822448672530.mp4  [DRY-RUN]
would-upload     2734314866939391 c0  (video) ← 2734314866939391.mp4  → https://pub-893b4a6a607b4221a894bf861da7914e.r2.dev/2734314866939391.mp4  [DRY-RUN]
would-upload     928273223537964 c0  (video) ← 928273223537964.mp4  → https://pub-893b4a6a607b4221a894bf861da7914e.r2.dev/928273223537964.mp4  [DRY-RUN]
would-upload     1405722054916829 c0  (video) ← 1405722054916829.mp4  → https://pub-893b4a6a607b4221a894bf861da7914e.r2.dev/1405722054916829.mp4  [DRY-RUN]
would-upload     2087867952167288 c0  (video) ← 2087867952167288.mp4  → https://pub-893b4a6a607b4221a894bf861da7914e.r2.dev/2087867952167288.mp4  [DRY-RUN]
image-pending    1511094910667836 c0  (HANDOVER §8.5 — image handling not yet built)
would-upload     949901594701558 c0  (video) ← 949901594701558.mp4  → https://pub-893b4a6a607b4221a894bf861da7914e.r2.dev/949901594701558.mp4  [DRY-RUN]
would-upload     1322861493307876 c0  (video) ← 1322861493307876.mp4  → https://pub-893b4a6a607b4221a894bf861da7914e.r2.dev/1322861493307876.mp4  [DRY-RUN]
would-upload     1314742544092975 c0  (video) ← 1314742544092975.mp4  → https://pub-893b4a6a607b4221a894bf861da7914e.r2.dev/1314742544092975.mp4  [DRY-RUN]
would-upload     2579382089177756 c0  (video) ← 2579382089177756.mp4  → https://pub-893b4a6a607b4221a894bf861da7914e.r2.dev/2579382089177756.mp4  [DRY-RUN]
would-upload     27340113785586337 c0  (video) ← 27340113785586337.mp4  → https://pub-893b4a6a607b4221a894bf861da7914e.r2.dev/27340113785586337.mp4  [DRY-RUN]
would-upload     1546269646835662 c0  (video) ← 1546269646835662.mp4  → https://pub-893b4a6a607b4221a894bf861da7914e.r2.dev/1546269646835662.mp4  [DRY-RUN]
would-upload     863837952726608 c0  (video) ← 863837952726608.mp4  → https://pub-893b4a6a607b4221a894bf861da7914e.r2.dev/863837952726608.mp4  [DRY-RUN]
would-upload     1804857893808381 c0  (video) ← 1804857893808381.mp4  → https://pub-893b4a6a607b4221a894bf861da7914e.r2.dev/1804857893808381.mp4  [DRY-RUN]
would-upload     2032153271036758 c0  (video) ← 2032153271036758.mp4  → https://pub-893b4a6a607b4221a894bf861da7914e.r2.dev/2032153271036758.mp4  [DRY-RUN]
would-upload     1808833933835246 c0  (video) ← 1808833933835246.mp4  → https://pub-893b4a6a607b4221a894bf861da7914e.r2.dev/1808833933835246.mp4  [DRY-RUN]
would-upload     1462716691717579 c0  (video) ← 1462716691717579.mp4  → https://pub-893b4a6a607b4221a894bf861da7914e.r2.dev/1462716691717579.mp4  [DRY-RUN]
would-upload     2767561233611912 c0  (video) ← 2767561233611912.mp4  → https://pub-893b4a6a607b4221a894bf861da7914e.r2.dev/2767561233611912.mp4  [DRY-RUN]
would-upload     883477948127247 c0  (video) ← 883477948127247.mp4  → https://pub-893b4a6a607b4221a894bf861da7914e.r2.dev/883477948127247.mp4  [DRY-RUN]
would-upload     1553935879645032 c0  (video) ← 1553935879645032.mp4  → https://pub-893b4a6a607b4221a894bf861da7914e.r2.dev/1553935879645032.mp4  [DRY-RUN]
would-upload     1558395449628575 c0  (video) ← 1558395449628575.mp4  → https://pub-893b4a6a607b4221a894bf861da7914e.r2.dev/1558395449628575.mp4  [DRY-RUN]
would-upload     842332762278836 c0  (video) ← 842332762278836.mp4  → https://pub-893b4a6a607b4221a894bf861da7914e.r2.dev/842332762278836.mp4  [DRY-RUN]
would-upload     963021493179330 c0  (video) ← 963021493179330.mp4  → https://pub-893b4a6a607b4221a894bf861da7914e.r2.dev/963021493179330.mp4  [DRY-RUN]
would-upload     1987833111815888 c0  (video) ← 1987833111815888.mp4  → https://pub-893b4a6a607b4221a894bf861da7914e.r2.dev/1987833111815888.mp4  [DRY-RUN]
would-upload     1537041057832462 c0  (video) ← 1537041057832462.mp4  → https://pub-893b4a6a607b4221a894bf861da7914e.r2.dev/1537041057832462.mp4  [DRY-RUN]
would-upload     1874821299894779 c0  (video) ← 1874821299894779.mp4  → https://pub-893b4a6a607b4221a894bf861da7914e.r2.dev/1874821299894779.mp4  [DRY-RUN]
would-upload     845189768634133 c0  (video) ← 845189768634133.mp4  → https://pub-893b4a6a607b4221a894bf861da7914e.r2.dev/845189768634133.mp4  [DRY-RUN]
would-upload     1659096618576169 c0  (video) ← 1659096618576169.mp4  → https://pub-893b4a6a607b4221a894bf861da7914e.r2.dev/1659096618576169.mp4  [DRY-RUN]
would-upload     1037085772109446 c0  (video) ← 1037085772109446.mp4  → https://pub-893b4a6a607b4221a894bf861da7914e.r2.dev/1037085772109446.mp4  [DRY-RUN]
would-upload     1909273163346819 c0  (video) ← 1909273163346819.mp4  → https://pub-893b4a6a607b4221a894bf861da7914e.r2.dev/1909273163346819.mp4  [DRY-RUN]
would-upload     2892520044414011 c0  (video) ← 2892520044414011.mp4  → https://pub-893b4a6a607b4221a894bf861da7914e.r2.dev/2892520044414011.mp4  [DRY-RUN]
image-pending    3544924569015770 c0  (HANDOVER §8.5 — image handling not yet built)
would-upload     1991912661407933 c0  (video) ← 1991912661407933.mp4  → https://pub-893b4a6a607b4221a894bf861da7914e.r2.dev/1991912661407933.mp4  [DRY-RUN]
would-upload     1960878574534660 c0  (video) ← 1960878574534660.mp4  → https://pub-893b4a6a607b4221a894bf861da7914e.r2.dev/1960878574534660.mp4  [DRY-RUN]
would-upload     1340220401324261 c0  (video) ← 1340220401324261.mp4  → https://pub-893b4a6a607b4221a894bf861da7914e.r2.dev/1340220401324261.mp4  [DRY-RUN]
would-upload     1301634755482783 c0  (video) ← 1301634755482783.mp4  → https://pub-893b4a6a607b4221a894bf861da7914e.r2.dev/1301634755482783.mp4  [DRY-RUN]
would-upload     1310523257326646 c0  (video) ← 1310523257326646.mp4  → https://pub-893b4a6a607b4221a894bf861da7914e.r2.dev/1310523257326646.mp4  [DRY-RUN]
would-upload     1278248894481917 c0  (video) ← 1278248894481917.mp4  → https://pub-893b4a6a607b4221a894bf861da7914e.r2.dev/1278248894481917.mp4  [DRY-RUN]
would-upload     2159877171519843 c0  (video) ← 2159877171519843.mp4  → https://pub-893b4a6a607b4221a894bf861da7914e.r2.dev/2159877171519843.mp4  [DRY-RUN]
would-upload     2039198016658787 c0  (video) ← 2039198016658787.mp4  → https://pub-893b4a6a607b4221a894bf861da7914e.r2.dev/2039198016658787.mp4  [DRY-RUN]
would-upload     1348180087173623 c0  (video) ← 1348180087173623.mp4  → https://pub-893b4a6a607b4221a894bf861da7914e.r2.dev/1348180087173623.mp4  [DRY-RUN]
would-upload     2212200092857010 c0  (video) ← 2212200092857010.mp4  → https://pub-893b4a6a607b4221a894bf861da7914e.r2.dev/2212200092857010.mp4  [DRY-RUN]
would-upload     2061963251408700 c0  (video) ← 2061963251408700.mp4  → https://pub-893b4a6a607b4221a894bf861da7914e.r2.dev/2061963251408700.mp4  [DRY-RUN]
would-upload     1686656045915532 c0  (video) ← 1686656045915532.mp4  → https://pub-893b4a6a607b4221a894bf861da7914e.r2.dev/1686656045915532.mp4  [DRY-RUN]
would-upload     1453989329369748 c0  (video) ← 1453989329369748.mp4  → https://pub-893b4a6a607b4221a894bf861da7914e.r2.dev/1453989329369748.mp4  [DRY-RUN]
image-pending    910602998668831 c0  (HANDOVER §8.5 — image handling not yet built)
would-upload     4429177684068086 c0  (video) ← 4429177684068086.mp4  → https://pub-893b4a6a607b4221a894bf861da7914e.r2.dev/4429177684068086.mp4  [DRY-RUN]
would-upload     1781877629858537 c0  (video) ← 1781877629858537.mp4  → https://pub-893b4a6a607b4221a894bf861da7914e.r2.dev/1781877629858537.mp4  [DRY-RUN]
would-upload     1996498900940898 c0  (video) ← 1996498900940898.mp4  → https://pub-893b4a6a607b4221a894bf861da7914e.r2.dev/1996498900940898.mp4  [DRY-RUN]
would-upload     993941960114708 c0  (video) ← 993941960114708.mp4  → https://pub-893b4a6a607b4221a894bf861da7914e.r2.dev/993941960114708.mp4  [DRY-RUN]
would-upload     2945199169019337 c0  (video) ← 2945199169019337.mp4  → https://pub-893b4a6a607b4221a894bf861da7914e.r2.dev/2945199169019337.mp4  [DRY-RUN]
would-upload     2035589236990984 c0  (video) ← 2035589236990984.mp4  → https://pub-893b4a6a607b4221a894bf861da7914e.r2.dev/2035589236990984.mp4  [DRY-RUN]
would-upload     1323608763030368 c0  (video) ← 1323608763030368.mp4  → https://pub-893b4a6a607b4221a894bf861da7914e.r2.dev/1323608763030368.mp4  [DRY-RUN]
would-upload     1336693844978558 c0  (video) ← 1336693844978558.mp4  → https://pub-893b4a6a607b4221a894bf861da7914e.r2.dev/1336693844978558.mp4  [DRY-RUN]
would-upload     978884424737424 c0  (video) ← 978884424737424.mp4  → https://pub-893b4a6a607b4221a894bf861da7914e.r2.dev/978884424737424.mp4  [DRY-RUN]
would-upload     2568375130242443 c0  (video) ← 2568375130242443.mp4  → https://pub-893b4a6a607b4221a894bf861da7914e.r2.dev/2568375130242443.mp4  [DRY-RUN]
would-upload     2083585642570211 c0  (video) ← 2083585642570211.mp4  → https://pub-893b4a6a607b4221a894bf861da7914e.r2.dev/2083585642570211.mp4  [DRY-RUN]
would-upload     967672316179759 c0  (video) ← 967672316179759.mp4  → https://pub-893b4a6a607b4221a894bf861da7914e.r2.dev/967672316179759.mp4  [DRY-RUN]
would-upload     1666559637701729 c0  (video) ← 1666559637701729.mp4  → https://pub-893b4a6a607b4221a894bf861da7914e.r2.dev/1666559637701729.mp4  [DRY-RUN]
would-upload     2345828505885687 c0  (video) ← 2345828505885687.mp4  → https://pub-893b4a6a607b4221a894bf861da7914e.r2.dev/2345828505885687.mp4  [DRY-RUN]
would-upload     2342930256197322 c0  (video) ← 2342930256197322.mp4  → https://pub-893b4a6a607b4221a894bf861da7914e.r2.dev/2342930256197322.mp4  [DRY-RUN]
would-upload     4544230265864477 c0  (video) ← 4544230265864477.mp4  → https://pub-893b4a6a607b4221a894bf861da7914e.r2.dev/4544230265864477.mp4  [DRY-RUN]
would-upload     2795549630780929 c0  (video) ← 2795549630780929.mp4  → https://pub-893b4a6a607b4221a894bf861da7914e.r2.dev/2795549630780929.mp4  [DRY-RUN]
would-upload     861418949662622 c0  (video) ← 861418949662622.mp4  → https://pub-893b4a6a607b4221a894bf861da7914e.r2.dev/861418949662622.mp4  [DRY-RUN]
would-upload     992405976819275 c0  (video) ← 992405976819275.mp4  → https://pub-893b4a6a607b4221a894bf861da7914e.r2.dev/992405976819275.mp4  [DRY-RUN]
would-upload     1652630712734539 c0  (video) ← 1652630712734539.mp4  → https://pub-893b4a6a607b4221a894bf861da7914e.r2.dev/1652630712734539.mp4  [DRY-RUN]
would-upload     2596250030776230 c0  (video) ← 2596250030776230.mp4  → https://pub-893b4a6a607b4221a894bf861da7914e.r2.dev/2596250030776230.mp4  [DRY-RUN]
would-upload     1301109712167676 c0  (video) ← 1301109712167676.mp4  → https://pub-893b4a6a607b4221a894bf861da7914e.r2.dev/1301109712167676.mp4  [DRY-RUN]
would-upload     986130771040230 c0  (video) ← 986130771040230.mp4  → https://pub-893b4a6a607b4221a894bf861da7914e.r2.dev/986130771040230.mp4  [DRY-RUN]
would-upload     1012448988010701 c0  (video) ← 1012448988010701.mp4  → https://pub-893b4a6a607b4221a894bf861da7914e.r2.dev/1012448988010701.mp4  [DRY-RUN]
would-upload     1582351407065145 c0  (video) ← 1582351407065145.mp4  → https://pub-893b4a6a607b4221a894bf861da7914e.r2.dev/1582351407065145.mp4  [DRY-RUN]
would-upload     1698396904808538 c0  (video) ← 1698396904808538.mp4  → https://pub-893b4a6a607b4221a894bf861da7914e.r2.dev/1698396904808538.mp4  [DRY-RUN]
would-upload     1317345953681151 c0  (video) ← 1317345953681151.mp4  → https://pub-893b4a6a607b4221a894bf861da7914e.r2.dev/1317345953681151.mp4  [DRY-RUN]
would-upload     990937437129463 c0  (video) ← 990937437129463.mp4  → https://pub-893b4a6a607b4221a894bf861da7914e.r2.dev/990937437129463.mp4  [DRY-RUN]
would-upload     3484417995044684 c0  (video) ← 3484417995044684.mp4  → https://pub-893b4a6a607b4221a894bf861da7914e.r2.dev/3484417995044684.mp4  [DRY-RUN]
would-upload     1755095285655714 c0  (video) ← 1755095285655714.mp4  → https://pub-893b4a6a607b4221a894bf861da7914e.r2.dev/1755095285655714.mp4  [DRY-RUN]
would-upload     1713271733353328 c0  (video) ← 1713271733353328.mp4  → https://pub-893b4a6a607b4221a894bf861da7914e.r2.dev/1713271733353328.mp4  [DRY-RUN]
would-upload     814520388135373 c0  (video) ← 814520388135373.mp4  → https://pub-893b4a6a607b4221a894bf861da7914e.r2.dev/814520388135373.mp4  [DRY-RUN]
would-upload     1492936165701565 c0  (video) ← 1492936165701565.mp4  → https://pub-893b4a6a607b4221a894bf861da7914e.r2.dev/1492936165701565.mp4  [DRY-RUN]
would-upload     2761850260850861 c0  (video) ← 2761850260850861.mp4  → https://pub-893b4a6a607b4221a894bf861da7914e.r2.dev/2761850260850861.mp4  [DRY-RUN]
would-upload     2003250420554803 c0  (video) ← 2003250420554803.mp4  → https://pub-893b4a6a607b4221a894bf861da7914e.r2.dev/2003250420554803.mp4  [DRY-RUN]
would-upload     1344531527527728 c0  (video) ← 1344531527527728.mp4  → https://pub-893b4a6a607b4221a894bf861da7914e.r2.dev/1344531527527728.mp4  [DRY-RUN]
would-upload     26907569052186639 c0  (video) ← 26907569052186639.mp4  → https://pub-893b4a6a607b4221a894bf861da7914e.r2.dev/26907569052186639.mp4  [DRY-RUN]
would-upload     1303292097906739 c0  (video) ← 1303292097906739.mp4  → https://pub-893b4a6a607b4221a894bf861da7914e.r2.dev/1303292097906739.mp4  [DRY-RUN]
would-upload     1718290726268517 c0  (video) ← 1718290726268517.mp4  → https://pub-893b4a6a607b4221a894bf861da7914e.r2.dev/1718290726268517.mp4  [DRY-RUN]
would-upload     1318861220383628 c0  (video) ← 1318861220383628.mp4  → https://pub-893b4a6a607b4221a894bf861da7914e.r2.dev/1318861220383628.mp4  [DRY-RUN]
would-upload     1659825471892110 c0  (video) ← 1659825471892110.mp4  → https://pub-893b4a6a607b4221a894bf861da7914e.r2.dev/1659825471892110.mp4  [DRY-RUN]
would-upload     1601487284263702 c0  (video) ← 1601487284263702.mp4  → https://pub-893b4a6a607b4221a894bf861da7914e.r2.dev/1601487284263702.mp4  [DRY-RUN]
would-upload     2280521385818448 c0  (video) ← 2280521385818448.mp4  → https://pub-893b4a6a607b4221a894bf861da7914e.r2.dev/2280521385818448.mp4  [DRY-RUN]
would-upload     1923435601667809 c0  (video) ← 1923435601667809.mp4  → https://pub-893b4a6a607b4221a894bf861da7914e.r2.dev/1923435601667809.mp4  [DRY-RUN]
would-upload     1041651644858410 c0  (video) ← 1041651644858410.mp4  → https://pub-893b4a6a607b4221a894bf861da7914e.r2.dev/1041651644858410.mp4  [DRY-RUN]
would-upload     833650152771394 c0  (video) ← 833650152771394.mp4  → https://pub-893b4a6a607b4221a894bf861da7914e.r2.dev/833650152771394.mp4  [DRY-RUN]
would-upload     983323244442916 c0  (video) ← 983323244442916.mp4  → https://pub-893b4a6a607b4221a894bf861da7914e.r2.dev/983323244442916.mp4  [DRY-RUN]
would-upload     1000738055764027 c0  (video) ← 1000738055764027.mp4  → https://pub-893b4a6a607b4221a894bf861da7914e.r2.dev/1000738055764027.mp4  [DRY-RUN]
would-upload     1474275234379388 c0  (video) ← 1474275234379388.mp4  → https://pub-893b4a6a607b4221a894bf861da7914e.r2.dev/1474275234379388.mp4  [DRY-RUN]
would-upload     2452518311844601 c0  (video) ← 2452518311844601.mp4  → https://pub-893b4a6a607b4221a894bf861da7914e.r2.dev/2452518311844601.mp4  [DRY-RUN]
would-upload     27008403322157596 c0  (video) ← 27008403322157596.mp4  → https://pub-893b4a6a607b4221a894bf861da7914e.r2.dev/27008403322157596.mp4  [DRY-RUN]
would-upload     1495732755264453 c0  (video) ← 1495732755264453.mp4  → https://pub-893b4a6a607b4221a894bf861da7914e.r2.dev/1495732755264453.mp4  [DRY-RUN]
would-upload     1544186397064202 c0  (video) ← 1544186397064202.mp4  → https://pub-893b4a6a607b4221a894bf861da7914e.r2.dev/1544186397064202.mp4  [DRY-RUN]
would-upload     5408705739354717 c0  (video) ← 5408705739354717.mp4  → https://pub-893b4a6a607b4221a894bf861da7914e.r2.dev/5408705739354717.mp4  [DRY-RUN]
would-upload     851369394096023 c0  (video) ← 851369394096023.mp4  → https://pub-893b4a6a607b4221a894bf861da7914e.r2.dev/851369394096023.mp4  [DRY-RUN]
would-upload     26101011479574335 c0  (video) ← 26101011479574335.mp4  → https://pub-893b4a6a607b4221a894bf861da7914e.r2.dev/26101011479574335.mp4  [DRY-RUN]
