# Step 3 run log
# competitor : duolingo
# started_at : 2026-05-29T07:38:29
# input      : inputs/fb-ads-duolingo-image-recovery-2026-05-29-0738.csv
# videos     : videos/duolingo-2026-05-26
# master     : master/duolingo.csv  (updated)
# enriched   : inputs/fb-ads-duolingo-image-recovery-2026-05-29-0738_enriched.csv
# bucket     : video-ads
# public_base: https://pub-893b4a6a607b4221a894bf861da7914e.r2.dev
# dry_run    : False
#
# counts     : {'uploaded': 8, 'carried-forward': 0, 'image-pending': 0, 'video-missing': 0, 'no-creative': 0, 'error': 0}
#
uploaded         870791105586044 c0  (image) ← 870791105586044.jpg  → https://pub-893b4a6a607b4221a894bf861da7914e.r2.dev/870791105586044.jpg
uploaded         855822700785894 c0  (image) ← 855822700785894.jpg  → https://pub-893b4a6a607b4221a894bf861da7914e.r2.dev/855822700785894.jpg
uploaded         1393073786168344 c0  (image) ← 1393073786168344.jpg  → https://pub-893b4a6a607b4221a894bf861da7914e.r2.dev/1393073786168344.jpg
uploaded         854198787652805 c0  (image) ← 854198787652805.jpg  → https://pub-893b4a6a607b4221a894bf861da7914e.r2.dev/854198787652805.jpg
uploaded         4420167301545944 c0  (image) ← 4420167301545944.jpg  → https://pub-893b4a6a607b4221a894bf861da7914e.r2.dev/4420167301545944.jpg
uploaded         1802153563815523 c0  (image) ← 1802153563815523.jpg  → https://pub-893b4a6a607b4221a894bf861da7914e.r2.dev/1802153563815523.jpg
uploaded         1745502363491077 c0  (image) ← 1745502363491077.jpg  → https://pub-893b4a6a607b4221a894bf861da7914e.r2.dev/1745502363491077.jpg
uploaded         1456372432368050 c0  (image) ← 1456372432368050.jpg  → https://pub-893b4a6a607b4221a894bf861da7914e.r2.dev/1456372432368050.jpg
