# Step 3 run log
# competitor : duolingo
# started_at : 2026-05-27T10:26:29
# input      : inputs/fb-ads-duolingo-2026-05-26-1021.csv
# videos     : videos/duolingo-2026-05-26
# master     : master/duolingo.csv  (updated)
# enriched   : inputs/fb-ads-duolingo-2026-05-26-1021_enriched.csv
# bucket     : video-ads
# public_base: https://pub-893b4a6a607b4221a894bf861da7914e.r2.dev
# dry_run    : False
#
# counts     : {'uploaded': 21, 'carried-forward': 0, 'image-pending': 8, 'video-missing': 0, 'no-creative': 0, 'error': 0}
#
image-pending    870791105586044 c0  (HANDOVER §8.5 — image handling not yet built)
uploaded         1681513992840751 c0  ← 1681513992840751.mp4  → https://pub-893b4a6a607b4221a894bf861da7914e.r2.dev/1681513992840751.mp4
image-pending    855822700785894 c0  (HANDOVER §8.5 — image handling not yet built)
uploaded         873410355318564 c0  ← 873410355318564.mp4  → https://pub-893b4a6a607b4221a894bf861da7914e.r2.dev/873410355318564.mp4
uploaded         931440739227131 c0  ← 931440739227131.mp4  → https://pub-893b4a6a607b4221a894bf861da7914e.r2.dev/931440739227131.mp4
image-pending    1393073786168344 c0  (HANDOVER §8.5 — image handling not yet built)
image-pending    854198787652805 c0  (HANDOVER §8.5 — image handling not yet built)
image-pending    4420167301545944 c0  (HANDOVER §8.5 — image handling not yet built)
uploaded         1270856521521372 c0  ← 1270856521521372.mp4  → https://pub-893b4a6a607b4221a894bf861da7914e.r2.dev/1270856521521372.mp4
uploaded         1187219770066761 c0  ← 1187219770066761.mp4  → https://pub-893b4a6a607b4221a894bf861da7914e.r2.dev/1187219770066761.mp4
uploaded         1428449025623778 c0  ← 1428449025623778.mp4  → https://pub-893b4a6a607b4221a894bf861da7914e.r2.dev/1428449025623778.mp4
uploaded         862072036697076 c0  ← 862072036697076.mp4  → https://pub-893b4a6a607b4221a894bf861da7914e.r2.dev/862072036697076.mp4
uploaded         1215010424102742 c0  ← 1215010424102742.mp4  → https://pub-893b4a6a607b4221a894bf861da7914e.r2.dev/1215010424102742.mp4
image-pending    1802153563815523 c0  (HANDOVER §8.5 — image handling not yet built)
uploaded         2008049966476696 c0  ← 2008049966476696.mp4  → https://pub-893b4a6a607b4221a894bf861da7914e.r2.dev/2008049966476696.mp4
uploaded         26572679392369522 c0  ← 26572679392369522.mp4  → https://pub-893b4a6a607b4221a894bf861da7914e.r2.dev/26572679392369522.mp4
uploaded         4047050955534121 c0  ← 4047050955534121.mp4  → https://pub-893b4a6a607b4221a894bf861da7914e.r2.dev/4047050955534121.mp4
uploaded         1757405299002125 c0  ← 1757405299002125.mp4  → https://pub-893b4a6a607b4221a894bf861da7914e.r2.dev/1757405299002125.mp4
uploaded         2757075414671209 c0  ← 2757075414671209.mp4  → https://pub-893b4a6a607b4221a894bf861da7914e.r2.dev/2757075414671209.mp4
uploaded         1498337882301575 c0  ← 1498337882301575.mp4  → https://pub-893b4a6a607b4221a894bf861da7914e.r2.dev/1498337882301575.mp4
uploaded         3128929950636792 c0  ← 3128929950636792.mp4  → https://pub-893b4a6a607b4221a894bf861da7914e.r2.dev/3128929950636792.mp4
uploaded         964644499361286 c0  ← 964644499361286.mp4  → https://pub-893b4a6a607b4221a894bf861da7914e.r2.dev/964644499361286.mp4
uploaded         1315729067327013 c0  ← 1315729067327013.mp4  → https://pub-893b4a6a607b4221a894bf861da7914e.r2.dev/1315729067327013.mp4
uploaded         1810377262974963 c0  ← 1810377262974963.mp4  → https://pub-893b4a6a607b4221a894bf861da7914e.r2.dev/1810377262974963.mp4
uploaded         1640530307393556 c0  ← 1640530307393556.mp4  → https://pub-893b4a6a607b4221a894bf861da7914e.r2.dev/1640530307393556.mp4
uploaded         1244347244307717 c0  ← 1244347244307717.mp4  → https://pub-893b4a6a607b4221a894bf861da7914e.r2.dev/1244347244307717.mp4
image-pending    1745502363491077 c0  (HANDOVER §8.5 — image handling not yet built)
image-pending    1456372432368050 c0  (HANDOVER §8.5 — image handling not yet built)
uploaded         2207673653307134 c0  ← 2207673653307134.mp4  → https://pub-893b4a6a607b4221a894bf861da7914e.r2.dev/2207673653307134.mp4
