# Step 3 run log
# competitor : duolingo
# started_at : 2026-06-14T06:11:29
# input      : facebook/inputs/fb-ads-duolingo-2026-06-14-0610.csv
# videos     : facebook/videos/duolingo-2026-06-14
# master     : facebook/master/duolingo.csv  (updated)
# enriched   : facebook/inputs/fb-ads-duolingo-2026-06-14-0610_enriched.csv
# bucket     : video-ads
# public_base: https://dcfd27564ef899969db9a562c7e1945f.r2.cloudflarestorage.com
# dry_run    : False
#
# counts     : {'uploaded': 0, 'carried-forward': 30, 'image-pending': 0, 'video-missing': 1, 'no-creative': 0, 'error': 0}
#
carried-forward  870791105586044 c0  → https://pub-893b4a6a607b4221a894bf861da7914e.r2.dev/870791105586044.jpg
carried-forward  1681513992840751 c0  → https://pub-893b4a6a607b4221a894bf861da7914e.r2.dev/1681513992840751.mp4
carried-forward  855822700785894 c0  → https://pub-893b4a6a607b4221a894bf861da7914e.r2.dev/855822700785894.jpg
carried-forward  1270856521521372 c0  → https://pub-893b4a6a607b4221a894bf861da7914e.r2.dev/1270856521521372.mp4
carried-forward  931440739227131 c0  → https://pub-893b4a6a607b4221a894bf861da7914e.r2.dev/931440739227131.mp4
carried-forward  873410355318564 c0  → https://pub-893b4a6a607b4221a894bf861da7914e.r2.dev/873410355318564.mp4
carried-forward  4420167301545944 c0  → https://pub-893b4a6a607b4221a894bf861da7914e.r2.dev/4420167301545944.jpg
carried-forward  854198787652805 c0  → https://pub-893b4a6a607b4221a894bf861da7914e.r2.dev/854198787652805.jpg
carried-forward  1393073786168344 c0  → https://pub-893b4a6a607b4221a894bf861da7914e.r2.dev/1393073786168344.jpg
carried-forward  1187219770066761 c0  → https://pub-893b4a6a607b4221a894bf861da7914e.r2.dev/1187219770066761.mp4
carried-forward  1428449025623778 c0  → https://pub-893b4a6a607b4221a894bf861da7914e.r2.dev/1428449025623778.mp4
carried-forward  862072036697076 c0  → https://pub-893b4a6a607b4221a894bf861da7914e.r2.dev/862072036697076.mp4
video-missing    862072036697076 c0  (expected file not found in facebook/videos/duolingo-2026-06-14)
carried-forward  1802153563815523 c0  → https://pub-893b4a6a607b4221a894bf861da7914e.r2.dev/1802153563815523.jpg
carried-forward  1215010424102742 c0  → https://pub-893b4a6a607b4221a894bf861da7914e.r2.dev/1215010424102742.mp4
carried-forward  2008049966476696 c0  → https://pub-893b4a6a607b4221a894bf861da7914e.r2.dev/2008049966476696.mp4
carried-forward  26572679392369522 c0  → https://pub-893b4a6a607b4221a894bf861da7914e.r2.dev/26572679392369522.mp4
carried-forward  4047050955534121 c0  → https://pub-893b4a6a607b4221a894bf861da7914e.r2.dev/4047050955534121.mp4
carried-forward  1757405299002125 c0  → https://pub-893b4a6a607b4221a894bf861da7914e.r2.dev/1757405299002125.mp4
carried-forward  2757075414671209 c0  → https://pub-893b4a6a607b4221a894bf861da7914e.r2.dev/2757075414671209.mp4
carried-forward  1498337882301575 c0  → https://pub-893b4a6a607b4221a894bf861da7914e.r2.dev/1498337882301575.mp4
carried-forward  3128929950636792 c0  → https://pub-893b4a6a607b4221a894bf861da7914e.r2.dev/3128929950636792.mp4
carried-forward  964644499361286 c0  → https://pub-893b4a6a607b4221a894bf861da7914e.r2.dev/964644499361286.mp4
carried-forward  1810377262974963 c0  → https://pub-893b4a6a607b4221a894bf861da7914e.r2.dev/1810377262974963.mp4
carried-forward  1315729067327013 c0  → https://pub-893b4a6a607b4221a894bf861da7914e.r2.dev/1315729067327013.mp4
carried-forward  1595782761518272 c0  → https://pub-893b4a6a607b4221a894bf861da7914e.r2.dev/1595782761518272.mp4
carried-forward  1745502363491077 c0  → https://pub-893b4a6a607b4221a894bf861da7914e.r2.dev/1745502363491077.jpg
carried-forward  1640530307393556 c0  → https://pub-893b4a6a607b4221a894bf861da7914e.r2.dev/1640530307393556.mp4
carried-forward  1244347244307717 c0  → https://pub-893b4a6a607b4221a894bf861da7914e.r2.dev/1244347244307717.mp4
carried-forward  1456372432368050 c0  → https://pub-893b4a6a607b4221a894bf861da7914e.r2.dev/1456372432368050.jpg
carried-forward  2207673653307134 c0  → https://pub-893b4a6a607b4221a894bf861da7914e.r2.dev/2207673653307134.mp4
