# Step 3 run log
# competitor : english-seekho
# started_at : 2026-06-14T06:22:55
# input      : facebook/inputs/fb-ads-english-seekho-2026-06-14-0611.csv
# videos     : facebook/videos/english-seekho-2026-06-14
# master     : facebook/master/english-seekho.csv  (updated)
# enriched   : facebook/inputs/fb-ads-english-seekho-2026-06-14-0611_enriched.csv
# bucket     : video-ads
# public_base: https://dcfd27564ef899969db9a562c7e1945f.r2.cloudflarestorage.com
# dry_run    : False
#
# counts     : {'uploaded': 152, 'carried-forward': 171, 'image-pending': 0, 'video-missing': 15, 'no-creative': 0, 'error': 0}
#
carried-forward  1503697738097799 c0  → https://pub-893b4a6a607b4221a894bf861da7914e.r2.dev/1503697738097799.mp4
carried-forward  1271047411639492 c0  → https://pub-893b4a6a607b4221a894bf861da7914e.r2.dev/1271047411639492.mp4
carried-forward  990018286870707 c0  → https://dcfd27564ef899969db9a562c7e1945f.r2.cloudflarestorage.com/990018286870707.mp4
carried-forward  1513255320189298 c0  → https://pub-893b4a6a607b4221a894bf861da7914e.r2.dev/1513255320189298.mp4
carried-forward  1304663088473953 c0  → https://pub-893b4a6a607b4221a894bf861da7914e.r2.dev/1304663088473953.mp4
carried-forward  882040494892409 c0  → https://pub-893b4a6a607b4221a894bf861da7914e.r2.dev/882040494892409.mp4
carried-forward  1603965631335488 c0  → https://dcfd27564ef899969db9a562c7e1945f.r2.cloudflarestorage.com/1603965631335488.mp4
carried-forward  859593329883730 c0  → https://pub-893b4a6a607b4221a894bf861da7914e.r2.dev/859593329883730.mp4
uploaded         1028015442984226 c0  (video) ← 1028015442984226.mp4  → https://dcfd27564ef899969db9a562c7e1945f.r2.cloudflarestorage.com/1028015442984226.mp4
video-missing    1028015442984226 c0  (expected file not found in facebook/videos/english-seekho-2026-06-14)
carried-forward  1961301468092363 c0  → https://pub-893b4a6a607b4221a894bf861da7914e.r2.dev/1961301468092363.mp4
carried-forward  1008376008280324 c0  → https://pub-893b4a6a607b4221a894bf861da7914e.r2.dev/1008376008280324.mp4
carried-forward  1343543300957920 c0  → https://pub-893b4a6a607b4221a894bf861da7914e.r2.dev/1343543300957920.mp4
carried-forward  845261814500751 c0  → https://pub-893b4a6a607b4221a894bf861da7914e.r2.dev/845261814500751.mp4
carried-forward  1022674277084766 c0  → https://pub-893b4a6a607b4221a894bf861da7914e.r2.dev/1022674277084766.mp4
video-missing    1022674277084766 c0  (expected file not found in facebook/videos/english-seekho-2026-06-14)
carried-forward  2157206811736735 c0  → https://pub-893b4a6a607b4221a894bf861da7914e.r2.dev/2157206811736735.mp4
carried-forward  2483997988715225 c0  → https://dcfd27564ef899969db9a562c7e1945f.r2.cloudflarestorage.com/2483997988715225.mp4
carried-forward  1445447133927643 c0  → https://pub-893b4a6a607b4221a894bf861da7914e.r2.dev/1445447133927643.mp4
carried-forward  1525891568990663 c0  → https://pub-893b4a6a607b4221a894bf861da7914e.r2.dev/1525891568990663.mp4
video-missing    1525891568990663 c0  (expected file not found in facebook/videos/english-seekho-2026-06-14)
carried-forward  1363154838960011 c0  → https://pub-893b4a6a607b4221a894bf861da7914e.r2.dev/1363154838960011.mp4
carried-forward  998909686118850 c0  → https://pub-893b4a6a607b4221a894bf861da7914e.r2.dev/998909686118850.mp4
carried-forward  2388747072037615 c0  → https://pub-893b4a6a607b4221a894bf861da7914e.r2.dev/2388747072037615.mp4
carried-forward  941734938861838 c0  → https://pub-893b4a6a607b4221a894bf861da7914e.r2.dev/941734938861838.mp4
carried-forward  1625019875269302 c0  → https://dcfd27564ef899969db9a562c7e1945f.r2.cloudflarestorage.com/1625019875269302.mp4
carried-forward  2023887941855843 c0  → https://dcfd27564ef899969db9a562c7e1945f.r2.cloudflarestorage.com/2023887941855843.mp4
video-missing    2023887941855843 c0  (expected file not found in facebook/videos/english-seekho-2026-06-14)
carried-forward  999972472416365 c0  → https://pub-893b4a6a607b4221a894bf861da7914e.r2.dev/999972472416365.mp4
video-missing    999972472416365 c0  (expected file not found in facebook/videos/english-seekho-2026-06-14)
carried-forward  1195431255950589 c0  → https://pub-893b4a6a607b4221a894bf861da7914e.r2.dev/1195431255950589.mp4
carried-forward  835603072955889 c0  → https://pub-893b4a6a607b4221a894bf861da7914e.r2.dev/835603072955889.mp4
carried-forward  923485210505551 c0  → https://pub-893b4a6a607b4221a894bf861da7914e.r2.dev/923485210505551.mp4
carried-forward  858733843910538 c0  → https://pub-893b4a6a607b4221a894bf861da7914e.r2.dev/858733843910538.mp4
carried-forward  1719939115662673 c0  → https://pub-893b4a6a607b4221a894bf861da7914e.r2.dev/1719939115662673.mp4
carried-forward  4045096479121226 c0  → https://dcfd27564ef899969db9a562c7e1945f.r2.cloudflarestorage.com/4045096479121226.mp4
carried-forward  1019378727292833 c0  → https://pub-893b4a6a607b4221a894bf861da7914e.r2.dev/1019378727292833.mp4
carried-forward  883414924661759 c0  → https://pub-893b4a6a607b4221a894bf861da7914e.r2.dev/883414924661759.mp4
carried-forward  1161138129534140 c0  → https://dcfd27564ef899969db9a562c7e1945f.r2.cloudflarestorage.com/1161138129534140.mp4
carried-forward  1536594971183889 c0  → https://dcfd27564ef899969db9a562c7e1945f.r2.cloudflarestorage.com/1536594971183889.mp4
carried-forward  1018262830627096 c0  → https://pub-893b4a6a607b4221a894bf861da7914e.r2.dev/1018262830627096.mp4
carried-forward  954483154257513 c0  → https://dcfd27564ef899969db9a562c7e1945f.r2.cloudflarestorage.com/954483154257513.mp4
carried-forward  2033177030607948 c0  → https://dcfd27564ef899969db9a562c7e1945f.r2.cloudflarestorage.com/2033177030607948.mp4
video-missing    2033177030607948 c0  (expected file not found in facebook/videos/english-seekho-2026-06-14)
uploaded         1389687782990041 c0  (video) ← 1389687782990041.mp4  → https://dcfd27564ef899969db9a562c7e1945f.r2.cloudflarestorage.com/1389687782990041.mp4
video-missing    1389687782990041 c0  (expected file not found in facebook/videos/english-seekho-2026-06-14)
carried-forward  1000523962730989 c0  → https://dcfd27564ef899969db9a562c7e1945f.r2.cloudflarestorage.com/1000523962730989.mp4
carried-forward  1003049005798358 c0  → https://dcfd27564ef899969db9a562c7e1945f.r2.cloudflarestorage.com/1003049005798358.mp4
carried-forward  2152508018617561 c0  → https://pub-893b4a6a607b4221a894bf861da7914e.r2.dev/2152508018617561.mp4
carried-forward  1543346810477427 c0  → https://dcfd27564ef899969db9a562c7e1945f.r2.cloudflarestorage.com/1543346810477427.mp4
carried-forward  1356697299666743 c0  → https://dcfd27564ef899969db9a562c7e1945f.r2.cloudflarestorage.com/1356697299666743.mp4
carried-forward  1665314457865218 c0  → https://dcfd27564ef899969db9a562c7e1945f.r2.cloudflarestorage.com/1665314457865218.mp4
carried-forward  1328633246049728 c0  → https://dcfd27564ef899969db9a562c7e1945f.r2.cloudflarestorage.com/1328633246049728.mp4
video-missing    1328633246049728 c0  (expected file not found in facebook/videos/english-seekho-2026-06-14)
carried-forward  2078950623024665 c0  → https://pub-893b4a6a607b4221a894bf861da7914e.r2.dev/2078950623024665.mp4
carried-forward  2281482145591769 c0  → https://dcfd27564ef899969db9a562c7e1945f.r2.cloudflarestorage.com/2281482145591769.mp4
carried-forward  1701299787729897 c0  → https://pub-893b4a6a607b4221a894bf861da7914e.r2.dev/1701299787729897.mp4
carried-forward  2505471363291833 c0  → https://pub-893b4a6a607b4221a894bf861da7914e.r2.dev/2505471363291833.mp4
carried-forward  1504011217832296 c0  → https://pub-893b4a6a607b4221a894bf861da7914e.r2.dev/1504011217832296.mp4
carried-forward  1487410989520803 c0  → https://pub-893b4a6a607b4221a894bf861da7914e.r2.dev/1487410989520803.mp4
carried-forward  1223700476600723 c0  → https://pub-893b4a6a607b4221a894bf861da7914e.r2.dev/1223700476600723.mp4
carried-forward  1011300708130761 c0  → https://dcfd27564ef899969db9a562c7e1945f.r2.cloudflarestorage.com/1011300708130761.mp4
video-missing    1011300708130761 c0  (expected file not found in facebook/videos/english-seekho-2026-06-14)
carried-forward  1019346871031325 c0  → https://dcfd27564ef899969db9a562c7e1945f.r2.cloudflarestorage.com/1019346871031325.mp4
carried-forward  2537354666679942 c0  → https://pub-893b4a6a607b4221a894bf861da7914e.r2.dev/2537354666679942.mp4
carried-forward  1632229781167786 c0  → https://dcfd27564ef899969db9a562c7e1945f.r2.cloudflarestorage.com/1632229781167786.mp4
carried-forward  1882615675746221 c0  → https://dcfd27564ef899969db9a562c7e1945f.r2.cloudflarestorage.com/1882615675746221.mp4
carried-forward  2111199859425572 c0  → https://dcfd27564ef899969db9a562c7e1945f.r2.cloudflarestorage.com/2111199859425572.mp4
carried-forward  1852368735445229 c0  → https://pub-893b4a6a607b4221a894bf861da7914e.r2.dev/1852368735445229.mp4
carried-forward  1492356832542306 c0  → https://pub-893b4a6a607b4221a894bf861da7914e.r2.dev/1492356832542306.mp4
carried-forward  944481151793509 c0  → https://pub-893b4a6a607b4221a894bf861da7914e.r2.dev/944481151793509.mp4
carried-forward  1406691644630557 c0  → https://dcfd27564ef899969db9a562c7e1945f.r2.cloudflarestorage.com/1406691644630557.mp4
carried-forward  1540174657524420 c0  → https://pub-893b4a6a607b4221a894bf861da7914e.r2.dev/1540174657524420.mp4
video-missing    1540174657524420 c0  (expected file not found in facebook/videos/english-seekho-2026-06-14)
carried-forward  960519010069920 c0  → https://pub-893b4a6a607b4221a894bf861da7914e.r2.dev/960519010069920.mp4
carried-forward  984431433971622 c0  → https://pub-893b4a6a607b4221a894bf861da7914e.r2.dev/984431433971622.mp4
video-missing    984431433971622 c0  (expected file not found in facebook/videos/english-seekho-2026-06-14)
carried-forward  1447369716630978 c0  → https://pub-893b4a6a607b4221a894bf861da7914e.r2.dev/1447369716630978.mp4
carried-forward  971792018958076 c0  → https://dcfd27564ef899969db9a562c7e1945f.r2.cloudflarestorage.com/971792018958076.mp4
carried-forward  3903564523285126 c0  → https://dcfd27564ef899969db9a562c7e1945f.r2.cloudflarestorage.com/3903564523285126.mp4
carried-forward  1003514292166877 c0  → https://dcfd27564ef899969db9a562c7e1945f.r2.cloudflarestorage.com/1003514292166877.mp4
carried-forward  1961729674555213 c0  → https://pub-893b4a6a607b4221a894bf861da7914e.r2.dev/1961729674555213.mp4
carried-forward  2441724282959846 c0  → https://dcfd27564ef899969db9a562c7e1945f.r2.cloudflarestorage.com/2441724282959846.mp4
video-missing    2441724282959846 c0  (expected file not found in facebook/videos/english-seekho-2026-06-14)
carried-forward  942218902196420 c0  → https://dcfd27564ef899969db9a562c7e1945f.r2.cloudflarestorage.com/942218902196420.mp4
carried-forward  1965576304350514 c0  → https://pub-893b4a6a607b4221a894bf861da7914e.r2.dev/1965576304350514.mp4
uploaded         1053033800620826 c0  (video) ← 1053033800620826.mp4  → https://dcfd27564ef899969db9a562c7e1945f.r2.cloudflarestorage.com/1053033800620826.mp4
carried-forward  1371188878397753 c0  → https://dcfd27564ef899969db9a562c7e1945f.r2.cloudflarestorage.com/1371188878397753.mp4
uploaded         990836973669314 c0  (video) ← 990836973669314.mp4  → https://dcfd27564ef899969db9a562c7e1945f.r2.cloudflarestorage.com/990836973669314.mp4
uploaded         2478707575937282 c0  (video) ← 2478707575937282.mp4  → https://dcfd27564ef899969db9a562c7e1945f.r2.cloudflarestorage.com/2478707575937282.mp4
uploaded         1555436146233455 c0  (video) ← 1555436146233455.mp4  → https://dcfd27564ef899969db9a562c7e1945f.r2.cloudflarestorage.com/1555436146233455.mp4
carried-forward  1755584038966985 c0  → https://dcfd27564ef899969db9a562c7e1945f.r2.cloudflarestorage.com/1755584038966985.mp4
uploaded         1679847006596882 c0  (video) ← 1679847006596882.mp4  → https://dcfd27564ef899969db9a562c7e1945f.r2.cloudflarestorage.com/1679847006596882.mp4
carried-forward  812140348389276 c0  → https://pub-893b4a6a607b4221a894bf861da7914e.r2.dev/812140348389276.mp4
carried-forward  3022003484664842 c0  → https://dcfd27564ef899969db9a562c7e1945f.r2.cloudflarestorage.com/3022003484664842.mp4
carried-forward  1708177286868160 c0  → https://pub-893b4a6a607b4221a894bf861da7914e.r2.dev/1708177286868160.mp4
carried-forward  999500705960297 c0  → https://pub-893b4a6a607b4221a894bf861da7914e.r2.dev/999500705960297.mp4
carried-forward  876390288191197 c0  → https://dcfd27564ef899969db9a562c7e1945f.r2.cloudflarestorage.com/876390288191197.mp4
uploaded         968461929338204 c0  (video) ← 968461929338204.mp4  → https://dcfd27564ef899969db9a562c7e1945f.r2.cloudflarestorage.com/968461929338204.mp4
uploaded         1043816221481981 c0  (video) ← 1043816221481981.mp4  → https://dcfd27564ef899969db9a562c7e1945f.r2.cloudflarestorage.com/1043816221481981.mp4
carried-forward  1481600617048122 c0  → https://pub-893b4a6a607b4221a894bf861da7914e.r2.dev/1481600617048122.mp4
uploaded         1648274926458912 c0  (video) ← 1648274926458912.mp4  → https://dcfd27564ef899969db9a562c7e1945f.r2.cloudflarestorage.com/1648274926458912.mp4
carried-forward  1808954107158548 c0  → https://pub-893b4a6a607b4221a894bf861da7914e.r2.dev/1808954107158548.mp4
uploaded         1485370303347876 c0  (video) ← 1485370303347876.mp4  → https://dcfd27564ef899969db9a562c7e1945f.r2.cloudflarestorage.com/1485370303347876.mp4
carried-forward  1232439765357445 c0  → https://pub-893b4a6a607b4221a894bf861da7914e.r2.dev/1232439765357445.mp4
uploaded         37380694171529198 c0  (video) ← 37380694171529198.mp4  → https://dcfd27564ef899969db9a562c7e1945f.r2.cloudflarestorage.com/37380694171529198.mp4
uploaded         27482983684671900 c0  (video) ← 27482983684671900.mp4  → https://dcfd27564ef899969db9a562c7e1945f.r2.cloudflarestorage.com/27482983684671900.mp4
uploaded         36186474537666969 c0  (video) ← 36186474537666969.mp4  → https://dcfd27564ef899969db9a562c7e1945f.r2.cloudflarestorage.com/36186474537666969.mp4
uploaded         2456988014807995 c0  (video) ← 2456988014807995.mp4  → https://dcfd27564ef899969db9a562c7e1945f.r2.cloudflarestorage.com/2456988014807995.mp4
uploaded         2592420044570072 c0  (video) ← 2592420044570072.mp4  → https://dcfd27564ef899969db9a562c7e1945f.r2.cloudflarestorage.com/2592420044570072.mp4
carried-forward  899891885965557 c0  → https://dcfd27564ef899969db9a562c7e1945f.r2.cloudflarestorage.com/899891885965557.mp4
uploaded         1724830195190039 c0  (video) ← 1724830195190039.mp4  → https://dcfd27564ef899969db9a562c7e1945f.r2.cloudflarestorage.com/1724830195190039.mp4
carried-forward  27790818957191525 c0  → https://dcfd27564ef899969db9a562c7e1945f.r2.cloudflarestorage.com/27790818957191525.mp4
carried-forward  2230315987725301 c0  → https://pub-893b4a6a607b4221a894bf861da7914e.r2.dev/2230315987725301.mp4
video-missing    2230315987725301 c0  (expected file not found in facebook/videos/english-seekho-2026-06-14)
uploaded         2509892239461779 c0  (video) ← 2509892239461779.mp4  → https://dcfd27564ef899969db9a562c7e1945f.r2.cloudflarestorage.com/2509892239461779.mp4
uploaded         1066767346096195 c0  (video) ← 1066767346096195.mp4  → https://dcfd27564ef899969db9a562c7e1945f.r2.cloudflarestorage.com/1066767346096195.mp4
uploaded         2485608561881653 c0  (video) ← 2485608561881653.mp4  → https://dcfd27564ef899969db9a562c7e1945f.r2.cloudflarestorage.com/2485608561881653.mp4
carried-forward  1187405566846547 c0  → https://dcfd27564ef899969db9a562c7e1945f.r2.cloudflarestorage.com/1187405566846547.mp4
uploaded         2180645322713460 c0  (video) ← 2180645322713460.mp4  → https://dcfd27564ef899969db9a562c7e1945f.r2.cloudflarestorage.com/2180645322713460.mp4
carried-forward  1295675962756393 c0  → https://pub-893b4a6a607b4221a894bf861da7914e.r2.dev/1295675962756393.mp4
uploaded         988759547228396 c0  (video) ← 988759547228396.mp4  → https://dcfd27564ef899969db9a562c7e1945f.r2.cloudflarestorage.com/988759547228396.mp4
uploaded         935389092858596 c0  (video) ← 935389092858596.mp4  → https://dcfd27564ef899969db9a562c7e1945f.r2.cloudflarestorage.com/935389092858596.mp4
uploaded         979245955022411 c0  (video) ← 979245955022411.mp4  → https://dcfd27564ef899969db9a562c7e1945f.r2.cloudflarestorage.com/979245955022411.mp4
carried-forward  1005257525198925 c0  → https://dcfd27564ef899969db9a562c7e1945f.r2.cloudflarestorage.com/1005257525198925.mp4
uploaded         27532860639682185 c0  (video) ← 27532860639682185.mp4  → https://dcfd27564ef899969db9a562c7e1945f.r2.cloudflarestorage.com/27532860639682185.mp4
carried-forward  1673868487068872 c0  → https://dcfd27564ef899969db9a562c7e1945f.r2.cloudflarestorage.com/1673868487068872.mp4
uploaded         1322445393188839 c0  (video) ← 1322445393188839.mp4  → https://dcfd27564ef899969db9a562c7e1945f.r2.cloudflarestorage.com/1322445393188839.mp4
uploaded         1881573335840054 c0  (video) ← 1881573335840054.mp4  → https://dcfd27564ef899969db9a562c7e1945f.r2.cloudflarestorage.com/1881573335840054.mp4
uploaded         1685429502767905 c0  (video) ← 1685429502767905.mp4  → https://dcfd27564ef899969db9a562c7e1945f.r2.cloudflarestorage.com/1685429502767905.mp4
uploaded         1313747330354233 c0  (video) ← 1313747330354233.mp4  → https://dcfd27564ef899969db9a562c7e1945f.r2.cloudflarestorage.com/1313747330354233.mp4
carried-forward  983643497710063 c0  → https://dcfd27564ef899969db9a562c7e1945f.r2.cloudflarestorage.com/983643497710063.mp4
uploaded         1492999052622057 c0  (video) ← 1492999052622057.mp4  → https://dcfd27564ef899969db9a562c7e1945f.r2.cloudflarestorage.com/1492999052622057.mp4
uploaded         1046367191060084 c0  (video) ← 1046367191060084.mp4  → https://dcfd27564ef899969db9a562c7e1945f.r2.cloudflarestorage.com/1046367191060084.mp4
uploaded         1500961498715018 c0  (video) ← 1500961498715018.mp4  → https://dcfd27564ef899969db9a562c7e1945f.r2.cloudflarestorage.com/1500961498715018.mp4
uploaded         1534167084879060 c0  (video) ← 1534167084879060.mp4  → https://dcfd27564ef899969db9a562c7e1945f.r2.cloudflarestorage.com/1534167084879060.mp4
carried-forward  985323620546558 c0  → https://pub-893b4a6a607b4221a894bf861da7914e.r2.dev/985323620546558.mp4
uploaded         1535557504615767 c0  (video) ← 1535557504615767.mp4  → https://dcfd27564ef899969db9a562c7e1945f.r2.cloudflarestorage.com/1535557504615767.mp4
carried-forward  1000086685840067 c0  → https://dcfd27564ef899969db9a562c7e1945f.r2.cloudflarestorage.com/1000086685840067.mp4
carried-forward  1701580634319194 c0  → https://dcfd27564ef899969db9a562c7e1945f.r2.cloudflarestorage.com/1701580634319194.mp4
uploaded         905751582548300 c0  (video) ← 905751582548300.mp4  → https://dcfd27564ef899969db9a562c7e1945f.r2.cloudflarestorage.com/905751582548300.mp4
carried-forward  1620402635724438 c0  → https://dcfd27564ef899969db9a562c7e1945f.r2.cloudflarestorage.com/1620402635724438.mp4
uploaded         1755395445839518 c0  (video) ← 1755395445839518.mp4  → https://dcfd27564ef899969db9a562c7e1945f.r2.cloudflarestorage.com/1755395445839518.mp4
uploaded         4051128405021733 c0  (video) ← 4051128405021733.mp4  → https://dcfd27564ef899969db9a562c7e1945f.r2.cloudflarestorage.com/4051128405021733.mp4
uploaded         1544379733768460 c0  (video) ← 1544379733768460.mp4  → https://dcfd27564ef899969db9a562c7e1945f.r2.cloudflarestorage.com/1544379733768460.mp4
carried-forward  1526957075637460 c0  → https://pub-893b4a6a607b4221a894bf861da7914e.r2.dev/1526957075637460.mp4
uploaded         1671316657522052 c0  (video) ← 1671316657522052.mp4  → https://dcfd27564ef899969db9a562c7e1945f.r2.cloudflarestorage.com/1671316657522052.mp4
uploaded         2099316814268459 c0  (video) ← 2099316814268459.mp4  → https://dcfd27564ef899969db9a562c7e1945f.r2.cloudflarestorage.com/2099316814268459.mp4
uploaded         1001556605939706 c0  (video) ← 1001556605939706.mp4  → https://dcfd27564ef899969db9a562c7e1945f.r2.cloudflarestorage.com/1001556605939706.mp4
uploaded         1328723885899810 c0  (video) ← 1328723885899810.mp4  → https://dcfd27564ef899969db9a562c7e1945f.r2.cloudflarestorage.com/1328723885899810.mp4
uploaded         1731078088206753 c0  (video) ← 1731078088206753.mp4  → https://dcfd27564ef899969db9a562c7e1945f.r2.cloudflarestorage.com/1731078088206753.mp4
uploaded         4424486961118171 c0  (video) ← 4424486961118171.mp4  → https://dcfd27564ef899969db9a562c7e1945f.r2.cloudflarestorage.com/4424486961118171.mp4
uploaded         1336165217955587 c0  (video) ← 1336165217955587.mp4  → https://dcfd27564ef899969db9a562c7e1945f.r2.cloudflarestorage.com/1336165217955587.mp4
uploaded         1576350230571641 c0  (video) ← 1576350230571641.mp4  → https://dcfd27564ef899969db9a562c7e1945f.r2.cloudflarestorage.com/1576350230571641.mp4
uploaded         1405574977998244 c0  (video) ← 1405574977998244.mp4  → https://dcfd27564ef899969db9a562c7e1945f.r2.cloudflarestorage.com/1405574977998244.mp4
uploaded         1466136302218692 c0  (video) ← 1466136302218692.mp4  → https://dcfd27564ef899969db9a562c7e1945f.r2.cloudflarestorage.com/1466136302218692.mp4
uploaded         2129862314463758 c0  (video) ← 2129862314463758.mp4  → https://dcfd27564ef899969db9a562c7e1945f.r2.cloudflarestorage.com/2129862314463758.mp4
uploaded         1717052839607838 c0  (video) ← 1717052839607838.mp4  → https://dcfd27564ef899969db9a562c7e1945f.r2.cloudflarestorage.com/1717052839607838.mp4
uploaded         1505899207667490 c0  (video) ← 1505899207667490.mp4  → https://dcfd27564ef899969db9a562c7e1945f.r2.cloudflarestorage.com/1505899207667490.mp4
carried-forward  1360549895753796 c0  → https://pub-893b4a6a607b4221a894bf861da7914e.r2.dev/1360549895753796.mp4
uploaded         998319079605502 c0  (video) ← 998319079605502.mp4  → https://dcfd27564ef899969db9a562c7e1945f.r2.cloudflarestorage.com/998319079605502.mp4
uploaded         1024869953563083 c0  (video) ← 1024869953563083.mp4  → https://dcfd27564ef899969db9a562c7e1945f.r2.cloudflarestorage.com/1024869953563083.mp4
uploaded         1733348211427054 c0  (video) ← 1733348211427054.mp4  → https://dcfd27564ef899969db9a562c7e1945f.r2.cloudflarestorage.com/1733348211427054.mp4
uploaded         972424205425575 c0  (video) ← 972424205425575.mp4  → https://dcfd27564ef899969db9a562c7e1945f.r2.cloudflarestorage.com/972424205425575.mp4
carried-forward  1270824095218870 c0  → https://dcfd27564ef899969db9a562c7e1945f.r2.cloudflarestorage.com/1270824095218870.mp4
carried-forward  3098326293684794 c0  → https://pub-893b4a6a607b4221a894bf861da7914e.r2.dev/3098326293684794.mp4
carried-forward  993724173607458 c0  → https://pub-893b4a6a607b4221a894bf861da7914e.r2.dev/993724173607458.mp4
carried-forward  4112442375720100 c0  → https://dcfd27564ef899969db9a562c7e1945f.r2.cloudflarestorage.com/4112442375720100.mp4
video-missing    4112442375720100 c0  (expected file not found in facebook/videos/english-seekho-2026-06-14)
uploaded         4072652609699988 c0  (video) ← 4072652609699988.mp4  → https://dcfd27564ef899969db9a562c7e1945f.r2.cloudflarestorage.com/4072652609699988.mp4
uploaded         2327311354702819 c0  (video) ← 2327311354702819.mp4  → https://dcfd27564ef899969db9a562c7e1945f.r2.cloudflarestorage.com/2327311354702819.mp4
uploaded         1001176696004682 c0  (video) ← 1001176696004682.mp4  → https://dcfd27564ef899969db9a562c7e1945f.r2.cloudflarestorage.com/1001176696004682.mp4
uploaded         1335755781981127 c0  (video) ← 1335755781981127.mp4  → https://dcfd27564ef899969db9a562c7e1945f.r2.cloudflarestorage.com/1335755781981127.mp4
uploaded         1653589995874727 c0  (video) ← 1653589995874727.mp4  → https://dcfd27564ef899969db9a562c7e1945f.r2.cloudflarestorage.com/1653589995874727.mp4
uploaded         1646134436494449 c0  (video) ← 1646134436494449.mp4  → https://dcfd27564ef899969db9a562c7e1945f.r2.cloudflarestorage.com/1646134436494449.mp4
carried-forward  2745159825869186 c0  → https://dcfd27564ef899969db9a562c7e1945f.r2.cloudflarestorage.com/2745159825869186.mp4
carried-forward  2174193026691981 c0  → https://dcfd27564ef899969db9a562c7e1945f.r2.cloudflarestorage.com/2174193026691981.mp4
uploaded         1529875838868086 c0  (video) ← 1529875838868086.mp4  → https://dcfd27564ef899969db9a562c7e1945f.r2.cloudflarestorage.com/1529875838868086.mp4
uploaded         2239797586835770 c0  (video) ← 2239797586835770.mp4  → https://dcfd27564ef899969db9a562c7e1945f.r2.cloudflarestorage.com/2239797586835770.mp4
uploaded         1758430705143550 c0  (video) ← 1758430705143550.mp4  → https://dcfd27564ef899969db9a562c7e1945f.r2.cloudflarestorage.com/1758430705143550.mp4
carried-forward  1715606886123446 c0  → https://dcfd27564ef899969db9a562c7e1945f.r2.cloudflarestorage.com/1715606886123446.mp4
uploaded         27514548604848440 c0  (video) ← 27514548604848440.mp4  → https://dcfd27564ef899969db9a562c7e1945f.r2.cloudflarestorage.com/27514548604848440.mp4
uploaded         1634958147985807 c0  (video) ← 1634958147985807.mp4  → https://dcfd27564ef899969db9a562c7e1945f.r2.cloudflarestorage.com/1634958147985807.mp4
uploaded         896308530164120 c0  (video) ← 896308530164120.mp4  → https://dcfd27564ef899969db9a562c7e1945f.r2.cloudflarestorage.com/896308530164120.mp4
uploaded         1031414429844198 c0  (video) ← 1031414429844198.mp4  → https://dcfd27564ef899969db9a562c7e1945f.r2.cloudflarestorage.com/1031414429844198.mp4
uploaded         1272279901643475 c0  (video) ← 1272279901643475.mp4  → https://dcfd27564ef899969db9a562c7e1945f.r2.cloudflarestorage.com/1272279901643475.mp4
uploaded         2063976564331743 c0  (video) ← 2063976564331743.mp4  → https://dcfd27564ef899969db9a562c7e1945f.r2.cloudflarestorage.com/2063976564331743.mp4
carried-forward  2738800799813855 c0  → https://pub-893b4a6a607b4221a894bf861da7914e.r2.dev/2738800799813855.mp4
uploaded         3132241386979300 c0  (video) ← 3132241386979300.mp4  → https://dcfd27564ef899969db9a562c7e1945f.r2.cloudflarestorage.com/3132241386979300.mp4
uploaded         4526978114291365 c0  (video) ← 4526978114291365.mp4  → https://dcfd27564ef899969db9a562c7e1945f.r2.cloudflarestorage.com/4526978114291365.mp4
carried-forward  1544558360369298 c0  → https://pub-893b4a6a607b4221a894bf861da7914e.r2.dev/1544558360369298.mp4
video-missing    1544558360369298 c0  (expected file not found in facebook/videos/english-seekho-2026-06-14)
carried-forward  922682520699920 c0  → https://pub-893b4a6a607b4221a894bf861da7914e.r2.dev/922682520699920.mp4
uploaded         1770368940986040 c0  (video) ← 1770368940986040.mp4  → https://dcfd27564ef899969db9a562c7e1945f.r2.cloudflarestorage.com/1770368940986040.mp4
uploaded         1309536078044009 c0  (video) ← 1309536078044009.mp4  → https://dcfd27564ef899969db9a562c7e1945f.r2.cloudflarestorage.com/1309536078044009.mp4
uploaded         1726702032101827 c0  (video) ← 1726702032101827.mp4  → https://dcfd27564ef899969db9a562c7e1945f.r2.cloudflarestorage.com/1726702032101827.mp4
uploaded         1018683797295011 c0  (video) ← 1018683797295011.mp4  → https://dcfd27564ef899969db9a562c7e1945f.r2.cloudflarestorage.com/1018683797295011.mp4
uploaded         1334606518618473 c0  (video) ← 1334606518618473.mp4  → https://dcfd27564ef899969db9a562c7e1945f.r2.cloudflarestorage.com/1334606518618473.mp4
uploaded         1323135575922787 c0  (video) ← 1323135575922787.mp4  → https://dcfd27564ef899969db9a562c7e1945f.r2.cloudflarestorage.com/1323135575922787.mp4
uploaded         1232981315449845 c0  (video) ← 1232981315449845.mp4  → https://dcfd27564ef899969db9a562c7e1945f.r2.cloudflarestorage.com/1232981315449845.mp4
uploaded         1503768517874427 c0  (video) ← 1503768517874427.mp4  → https://dcfd27564ef899969db9a562c7e1945f.r2.cloudflarestorage.com/1503768517874427.mp4
carried-forward  767456879118205 c0  → https://pub-893b4a6a607b4221a894bf861da7914e.r2.dev/767456879118205.mp4
carried-forward  1908450636707359 c0  → https://pub-893b4a6a607b4221a894bf861da7914e.r2.dev/1908450636707359.mp4
uploaded         901761909642246 c0  (video) ← 901761909642246.mp4  → https://dcfd27564ef899969db9a562c7e1945f.r2.cloudflarestorage.com/901761909642246.mp4
carried-forward  2456598014858856 c0  → https://dcfd27564ef899969db9a562c7e1945f.r2.cloudflarestorage.com/2456598014858856.mp4
uploaded         2430220790785403 c0  (video) ← 2430220790785403.mp4  → https://dcfd27564ef899969db9a562c7e1945f.r2.cloudflarestorage.com/2430220790785403.mp4
carried-forward  1698112201434588 c0  → https://dcfd27564ef899969db9a562c7e1945f.r2.cloudflarestorage.com/1698112201434588.mp4
uploaded         4415426418702988 c0  (video) ← 4415426418702988.mp4  → https://dcfd27564ef899969db9a562c7e1945f.r2.cloudflarestorage.com/4415426418702988.mp4
uploaded         1403757831409828 c0  (video) ← 1403757831409828.mp4  → https://dcfd27564ef899969db9a562c7e1945f.r2.cloudflarestorage.com/1403757831409828.mp4
uploaded         1352224066791360 c0  (video) ← 1352224066791360.mp4  → https://dcfd27564ef899969db9a562c7e1945f.r2.cloudflarestorage.com/1352224066791360.mp4
uploaded         4547652658888509 c0  (video) ← 4547652658888509.mp4  → https://dcfd27564ef899969db9a562c7e1945f.r2.cloudflarestorage.com/4547652658888509.mp4
uploaded         3474870519347308 c0  (video) ← 3474870519347308.mp4  → https://dcfd27564ef899969db9a562c7e1945f.r2.cloudflarestorage.com/3474870519347308.mp4
uploaded         1318286753814354 c0  (video) ← 1318286753814354.mp4  → https://dcfd27564ef899969db9a562c7e1945f.r2.cloudflarestorage.com/1318286753814354.mp4
uploaded         1330007445767303 c0  (video) ← 1330007445767303.mp4  → https://dcfd27564ef899969db9a562c7e1945f.r2.cloudflarestorage.com/1330007445767303.mp4
uploaded         922563197508009 c0  (video) ← 922563197508009.mp4  → https://dcfd27564ef899969db9a562c7e1945f.r2.cloudflarestorage.com/922563197508009.mp4
uploaded         1859781248741100 c0  (video) ← 1859781248741100.mp4  → https://dcfd27564ef899969db9a562c7e1945f.r2.cloudflarestorage.com/1859781248741100.mp4
uploaded         2022316295339015 c0  (video) ← 2022316295339015.mp4  → https://dcfd27564ef899969db9a562c7e1945f.r2.cloudflarestorage.com/2022316295339015.mp4
uploaded         1030022866643673 c0  (video) ← 1030022866643673.mp4  → https://dcfd27564ef899969db9a562c7e1945f.r2.cloudflarestorage.com/1030022866643673.mp4
uploaded         1929680877700827 c0  (video) ← 1929680877700827.mp4  → https://dcfd27564ef899969db9a562c7e1945f.r2.cloudflarestorage.com/1929680877700827.mp4
uploaded         26998927636446471 c0  (video) ← 26998927636446471.mp4  → https://dcfd27564ef899969db9a562c7e1945f.r2.cloudflarestorage.com/26998927636446471.mp4
uploaded         1663824114906716 c0  (video) ← 1663824114906716.mp4  → https://dcfd27564ef899969db9a562c7e1945f.r2.cloudflarestorage.com/1663824114906716.mp4
carried-forward  2674686452896226 c0  → https://pub-893b4a6a607b4221a894bf861da7914e.r2.dev/2674686452896226.mp4
uploaded         1536481894496089 c0  (video) ← 1536481894496089.mp4  → https://dcfd27564ef899969db9a562c7e1945f.r2.cloudflarestorage.com/1536481894496089.mp4
uploaded         2501343360304887 c0  (video) ← 2501343360304887.mp4  → https://dcfd27564ef899969db9a562c7e1945f.r2.cloudflarestorage.com/2501343360304887.mp4
uploaded         980603678174030 c0  (video) ← 980603678174030.mp4  → https://dcfd27564ef899969db9a562c7e1945f.r2.cloudflarestorage.com/980603678174030.mp4
carried-forward  1000814619513542 c0  → https://dcfd27564ef899969db9a562c7e1945f.r2.cloudflarestorage.com/1000814619513542.mp4
uploaded         1538074337710907 c0  (video) ← 1538074337710907.mp4  → https://dcfd27564ef899969db9a562c7e1945f.r2.cloudflarestorage.com/1538074337710907.mp4
carried-forward  1540800061031893 c0  → https://dcfd27564ef899969db9a562c7e1945f.r2.cloudflarestorage.com/1540800061031893.mp4
uploaded         2080461549543810 c0  (video) ← 2080461549543810.mp4  → https://dcfd27564ef899969db9a562c7e1945f.r2.cloudflarestorage.com/2080461549543810.mp4
carried-forward  1501154984318432 c0  → https://pub-893b4a6a607b4221a894bf861da7914e.r2.dev/1501154984318432.mp4
uploaded         983563384566909 c0  (video) ← 983563384566909.mp4  → https://dcfd27564ef899969db9a562c7e1945f.r2.cloudflarestorage.com/983563384566909.mp4
uploaded         1545268820543987 c0  (video) ← 1545268820543987.mp4  → https://dcfd27564ef899969db9a562c7e1945f.r2.cloudflarestorage.com/1545268820543987.mp4
uploaded         975980368393351 c0  (video) ← 975980368393351.mp4  → https://dcfd27564ef899969db9a562c7e1945f.r2.cloudflarestorage.com/975980368393351.mp4
uploaded         884869517992534 c0  (video) ← 884869517992534.mp4  → https://dcfd27564ef899969db9a562c7e1945f.r2.cloudflarestorage.com/884869517992534.mp4
carried-forward  998462612671160 c0  → https://dcfd27564ef899969db9a562c7e1945f.r2.cloudflarestorage.com/998462612671160.mp4
uploaded         1022758773604361 c0  (video) ← 1022758773604361.mp4  → https://dcfd27564ef899969db9a562c7e1945f.r2.cloudflarestorage.com/1022758773604361.mp4
carried-forward  897772403335650 c0  → https://dcfd27564ef899969db9a562c7e1945f.r2.cloudflarestorage.com/897772403335650.mp4
carried-forward  1476645587385501 c0  → https://pub-893b4a6a607b4221a894bf861da7914e.r2.dev/1476645587385501.mp4
carried-forward  4379825375635044 c0  → https://pub-893b4a6a607b4221a894bf861da7914e.r2.dev/4379825375635044.mp4
carried-forward  1244507290916309 c0  → https://pub-893b4a6a607b4221a894bf861da7914e.r2.dev/1244507290916309.mp4
carried-forward  1798711957512384 c0  → https://pub-893b4a6a607b4221a894bf861da7914e.r2.dev/1798711957512384.mp4
uploaded         2027108991526041 c0  (video) ← 2027108991526041.mp4  → https://dcfd27564ef899969db9a562c7e1945f.r2.cloudflarestorage.com/2027108991526041.mp4
carried-forward  1530668092181879 c0  → https://dcfd27564ef899969db9a562c7e1945f.r2.cloudflarestorage.com/1530668092181879.mp4
carried-forward  1217329830515440 c0  → https://pub-893b4a6a607b4221a894bf861da7914e.r2.dev/1217329830515440.mp4
uploaded         989324960521214 c0  (video) ← 989324960521214.mp4  → https://dcfd27564ef899969db9a562c7e1945f.r2.cloudflarestorage.com/989324960521214.mp4
uploaded         975097301805894 c0  (video) ← 975097301805894.mp4  → https://dcfd27564ef899969db9a562c7e1945f.r2.cloudflarestorage.com/975097301805894.mp4
carried-forward  1638340080555107 c0  → https://dcfd27564ef899969db9a562c7e1945f.r2.cloudflarestorage.com/1638340080555107.mp4
carried-forward  1669795037584536 c0  → https://dcfd27564ef899969db9a562c7e1945f.r2.cloudflarestorage.com/1669795037584536.mp4
uploaded         991782720490101 c0  (video) ← 991782720490101.mp4  → https://dcfd27564ef899969db9a562c7e1945f.r2.cloudflarestorage.com/991782720490101.mp4
uploaded         2402262933512712 c0  (video) ← 2402262933512712.mp4  → https://dcfd27564ef899969db9a562c7e1945f.r2.cloudflarestorage.com/2402262933512712.mp4
carried-forward  1868096310508725 c0  → https://pub-893b4a6a607b4221a894bf861da7914e.r2.dev/1868096310508725.mp4
uploaded         797487429998151 c0  (video) ← 797487429998151.mp4  → https://dcfd27564ef899969db9a562c7e1945f.r2.cloudflarestorage.com/797487429998151.mp4
carried-forward  980972577867560 c0  → https://pub-893b4a6a607b4221a894bf861da7914e.r2.dev/980972577867560.mp4
carried-forward  874526275698683 c0  → https://dcfd27564ef899969db9a562c7e1945f.r2.cloudflarestorage.com/874526275698683.mp4
carried-forward  1116123194536720 c0  → https://pub-893b4a6a607b4221a894bf861da7914e.r2.dev/1116123194536720.mp4
carried-forward  2176910723137201 c0  → https://pub-893b4a6a607b4221a894bf861da7914e.r2.dev/2176910723137201.mp4
carried-forward  1210251577301882 c0  → https://pub-893b4a6a607b4221a894bf861da7914e.r2.dev/1210251577301882.mp4
uploaded         1335933525344595 c0  (video) ← 1335933525344595.mp4  → https://dcfd27564ef899969db9a562c7e1945f.r2.cloudflarestorage.com/1335933525344595.mp4
uploaded         956045813922623 c0  (video) ← 956045813922623.mp4  → https://dcfd27564ef899969db9a562c7e1945f.r2.cloudflarestorage.com/956045813922623.mp4
uploaded         982078151388066 c0  (video) ← 982078151388066.mp4  → https://dcfd27564ef899969db9a562c7e1945f.r2.cloudflarestorage.com/982078151388066.mp4
uploaded         784291864676002 c0  (video) ← 784291864676002.mp4  → https://dcfd27564ef899969db9a562c7e1945f.r2.cloudflarestorage.com/784291864676002.mp4
carried-forward  769511858914323 c0  → https://pub-893b4a6a607b4221a894bf861da7914e.r2.dev/769511858914323.mp4
uploaded         1334434508827788 c0  (video) ← 1334434508827788.mp4  → https://dcfd27564ef899969db9a562c7e1945f.r2.cloudflarestorage.com/1334434508827788.mp4
carried-forward  1905133330090659 c0  → https://pub-893b4a6a607b4221a894bf861da7914e.r2.dev/1905133330090659.mp4
uploaded         1208178014689298 c0  (video) ← 1208178014689298.mp4  → https://dcfd27564ef899969db9a562c7e1945f.r2.cloudflarestorage.com/1208178014689298.mp4
uploaded         854162583974170 c0  (video) ← 854162583974170.mp4  → https://dcfd27564ef899969db9a562c7e1945f.r2.cloudflarestorage.com/854162583974170.mp4
uploaded         866692159290649 c0  (video) ← 866692159290649.mp4  → https://dcfd27564ef899969db9a562c7e1945f.r2.cloudflarestorage.com/866692159290649.mp4
carried-forward  2055782472016906 c0  → https://dcfd27564ef899969db9a562c7e1945f.r2.cloudflarestorage.com/2055782472016906.mp4
carried-forward  1251191153618197 c0  → https://pub-893b4a6a607b4221a894bf861da7914e.r2.dev/1251191153618197.mp4
uploaded         1891672861505701 c0  (video) ← 1891672861505701.mp4  → https://dcfd27564ef899969db9a562c7e1945f.r2.cloudflarestorage.com/1891672861505701.mp4
uploaded         1519110823336923 c0  (video) ← 1519110823336923.mp4  → https://dcfd27564ef899969db9a562c7e1945f.r2.cloudflarestorage.com/1519110823336923.mp4
uploaded         2110539676175643 c0  (video) ← 2110539676175643.mp4  → https://dcfd27564ef899969db9a562c7e1945f.r2.cloudflarestorage.com/2110539676175643.mp4
carried-forward  1419054459866080 c0  → https://pub-893b4a6a607b4221a894bf861da7914e.r2.dev/1419054459866080.mp4
uploaded         1323805355859118 c0  (video) ← 1323805355859118.mp4  → https://dcfd27564ef899969db9a562c7e1945f.r2.cloudflarestorage.com/1323805355859118.mp4
carried-forward  1502392968556177 c0  → https://pub-893b4a6a607b4221a894bf861da7914e.r2.dev/1502392968556177.mp4
carried-forward  2015119902365104 c0  → https://pub-893b4a6a607b4221a894bf861da7914e.r2.dev/2015119902365104.mp4
carried-forward  608640915677208 c0  → https://pub-893b4a6a607b4221a894bf861da7914e.r2.dev/608640915677208.mp4
carried-forward  1054948106795031 c0  → https://pub-893b4a6a607b4221a894bf861da7914e.r2.dev/1054948106795031.mp4
uploaded         2198319764373917 c0  (video) ← 2198319764373917.mp4  → https://dcfd27564ef899969db9a562c7e1945f.r2.cloudflarestorage.com/2198319764373917.mp4
carried-forward  1915038892527417 c0  → https://dcfd27564ef899969db9a562c7e1945f.r2.cloudflarestorage.com/1915038892527417.mp4
carried-forward  25537890735891271 c0  → https://pub-893b4a6a607b4221a894bf861da7914e.r2.dev/25537890735891271.mp4
carried-forward  1229348518532340 c0  → https://pub-893b4a6a607b4221a894bf861da7914e.r2.dev/1229348518532340.mp4
carried-forward  1560636722119834 c0  → https://dcfd27564ef899969db9a562c7e1945f.r2.cloudflarestorage.com/1560636722119834.mp4
uploaded         996900806050084 c0  (video) ← 996900806050084.mp4  → https://dcfd27564ef899969db9a562c7e1945f.r2.cloudflarestorage.com/996900806050084.mp4
carried-forward  1316284770675915 c0  → https://dcfd27564ef899969db9a562c7e1945f.r2.cloudflarestorage.com/1316284770675915.mp4
carried-forward  4685315905087654 c0  → https://pub-893b4a6a607b4221a894bf861da7914e.r2.dev/4685315905087654.mp4
carried-forward  1224227439081919 c0  → https://pub-893b4a6a607b4221a894bf861da7914e.r2.dev/1224227439081919.mp4
carried-forward  941526071921361 c0  → https://pub-893b4a6a607b4221a894bf861da7914e.r2.dev/941526071921361.mp4
uploaded         1013549848030099 c0  (video) ← 1013549848030099.mp4  → https://dcfd27564ef899969db9a562c7e1945f.r2.cloudflarestorage.com/1013549848030099.mp4
uploaded         880462167884407 c0  (video) ← 880462167884407.mp4  → https://dcfd27564ef899969db9a562c7e1945f.r2.cloudflarestorage.com/880462167884407.mp4
carried-forward  840752642285554 c0  → https://pub-893b4a6a607b4221a894bf861da7914e.r2.dev/840752642285554.mp4
carried-forward  1559841751931772 c0  → https://pub-893b4a6a607b4221a894bf861da7914e.r2.dev/1559841751931772.mp4
carried-forward  890589943792591 c0  → https://pub-893b4a6a607b4221a894bf861da7914e.r2.dev/890589943792591.mp4
uploaded         1474803617287316 c0  (video) ← 1474803617287316.mp4  → https://dcfd27564ef899969db9a562c7e1945f.r2.cloudflarestorage.com/1474803617287316.mp4
carried-forward  1509527853448376 c0  → https://pub-893b4a6a607b4221a894bf861da7914e.r2.dev/1509527853448376.mp4
carried-forward  874940122070171 c0  → https://pub-893b4a6a607b4221a894bf861da7914e.r2.dev/874940122070171.mp4
uploaded         1064411756012272 c0  (video) ← 1064411756012272.mp4  → https://dcfd27564ef899969db9a562c7e1945f.r2.cloudflarestorage.com/1064411756012272.mp4
carried-forward  1488947212361508 c0  → https://dcfd27564ef899969db9a562c7e1945f.r2.cloudflarestorage.com/1488947212361508.mp4
uploaded         1683927056192086 c0  (video) ← 1683927056192086.mp4  → https://dcfd27564ef899969db9a562c7e1945f.r2.cloudflarestorage.com/1683927056192086.mp4
carried-forward  26372603382322992 c0  → https://pub-893b4a6a607b4221a894bf861da7914e.r2.dev/26372603382322992.mp4
uploaded         4722556757973324 c0  (video) ← 4722556757973324.mp4  → https://dcfd27564ef899969db9a562c7e1945f.r2.cloudflarestorage.com/4722556757973324.mp4
uploaded         2349007295629898 c0  (video) ← 2349007295629898.mp4  → https://dcfd27564ef899969db9a562c7e1945f.r2.cloudflarestorage.com/2349007295629898.mp4
carried-forward  5195950473963815 c0  → https://pub-893b4a6a607b4221a894bf861da7914e.r2.dev/5195950473963815.mp4
carried-forward  906890209075307 c0  → https://pub-893b4a6a607b4221a894bf861da7914e.r2.dev/906890209075307.mp4
carried-forward  1945996112929486 c0  → https://pub-893b4a6a607b4221a894bf861da7914e.r2.dev/1945996112929486.mp4
uploaded         1698307001362825 c0  (video) ← 1698307001362825.mp4  → https://dcfd27564ef899969db9a562c7e1945f.r2.cloudflarestorage.com/1698307001362825.mp4
carried-forward  1427103212256894 c0  → https://pub-893b4a6a607b4221a894bf861da7914e.r2.dev/1427103212256894.mp4
uploaded         1026936686437581 c0  (video) ← 1026936686437581.mp4  → https://dcfd27564ef899969db9a562c7e1945f.r2.cloudflarestorage.com/1026936686437581.mp4
carried-forward  1525833275872737 c0  → https://pub-893b4a6a607b4221a894bf861da7914e.r2.dev/1525833275872737.mp4
uploaded         27313518948275123 c0  (video) ← 27313518948275123.mp4  → https://dcfd27564ef899969db9a562c7e1945f.r2.cloudflarestorage.com/27313518948275123.mp4
uploaded         856318170870772 c0  (video) ← 856318170870772.mp4  → https://dcfd27564ef899969db9a562c7e1945f.r2.cloudflarestorage.com/856318170870772.mp4
uploaded         4330384010533156 c0  (video) ← 4330384010533156.mp4  → https://dcfd27564ef899969db9a562c7e1945f.r2.cloudflarestorage.com/4330384010533156.mp4
carried-forward  2245980109523828 c0  → https://dcfd27564ef899969db9a562c7e1945f.r2.cloudflarestorage.com/2245980109523828.mp4
carried-forward  1873195333560021 c0  → https://pub-893b4a6a607b4221a894bf861da7914e.r2.dev/1873195333560021.mp4
carried-forward  4539332442969258 c0  → https://dcfd27564ef899969db9a562c7e1945f.r2.cloudflarestorage.com/4539332442969258.mp4
carried-forward  27684869524439116 c0  → https://dcfd27564ef899969db9a562c7e1945f.r2.cloudflarestorage.com/27684869524439116.mp4
carried-forward  2253030498553449 c0  → https://pub-893b4a6a607b4221a894bf861da7914e.r2.dev/2253030498553449.mp4
uploaded         1540319987789582 c0  (video) ← 1540319987789582.mp4  → https://dcfd27564ef899969db9a562c7e1945f.r2.cloudflarestorage.com/1540319987789582.mp4
carried-forward  861154453569534 c0  → https://pub-893b4a6a607b4221a894bf861da7914e.r2.dev/861154453569534.mp4
uploaded         2242627346141727 c0  (video) ← 2242627346141727.mp4  → https://dcfd27564ef899969db9a562c7e1945f.r2.cloudflarestorage.com/2242627346141727.mp4
carried-forward  4343062242600010 c0  → https://dcfd27564ef899969db9a562c7e1945f.r2.cloudflarestorage.com/4343062242600010.mp4
uploaded         1375484684464342 c0  (video) ← 1375484684464342.mp4  → https://dcfd27564ef899969db9a562c7e1945f.r2.cloudflarestorage.com/1375484684464342.mp4
carried-forward  1881962853247966 c0  → https://dcfd27564ef899969db9a562c7e1945f.r2.cloudflarestorage.com/1881962853247966.mp4
carried-forward  902496572123981 c0  → https://pub-893b4a6a607b4221a894bf861da7914e.r2.dev/902496572123981.mp4
uploaded         1542093714195929 c0  (video) ← 1542093714195929.mp4  → https://dcfd27564ef899969db9a562c7e1945f.r2.cloudflarestorage.com/1542093714195929.mp4
carried-forward  986194637611101 c0  → https://dcfd27564ef899969db9a562c7e1945f.r2.cloudflarestorage.com/986194637611101.mp4
uploaded         1631658434604080 c0  (video) ← 1631658434604080.mp4  → https://dcfd27564ef899969db9a562c7e1945f.r2.cloudflarestorage.com/1631658434604080.mp4
carried-forward  2061280504770026 c0  → https://dcfd27564ef899969db9a562c7e1945f.r2.cloudflarestorage.com/2061280504770026.mp4
carried-forward  1302125191954780 c0  → https://pub-893b4a6a607b4221a894bf861da7914e.r2.dev/1302125191954780.mp4
uploaded         1537809917693327 c0  (video) ← 1537809917693327.mp4  → https://dcfd27564ef899969db9a562c7e1945f.r2.cloudflarestorage.com/1537809917693327.mp4
uploaded         1142996851503981 c0  (video) ← 1142996851503981.mp4  → https://dcfd27564ef899969db9a562c7e1945f.r2.cloudflarestorage.com/1142996851503981.mp4
uploaded         1555200289554353 c0  (video) ← 1555200289554353.mp4  → https://dcfd27564ef899969db9a562c7e1945f.r2.cloudflarestorage.com/1555200289554353.mp4
uploaded         1283112016910303 c0  (video) ← 1283112016910303.mp4  → https://dcfd27564ef899969db9a562c7e1945f.r2.cloudflarestorage.com/1283112016910303.mp4
uploaded         1009499741469794 c0  (video) ← 1009499741469794.mp4  → https://dcfd27564ef899969db9a562c7e1945f.r2.cloudflarestorage.com/1009499741469794.mp4
uploaded         938134272568123 c0  (video) ← 938134272568123.mp4  → https://dcfd27564ef899969db9a562c7e1945f.r2.cloudflarestorage.com/938134272568123.mp4
uploaded         2512530829206792 c0  (video) ← 2512530829206792.mp4  → https://dcfd27564ef899969db9a562c7e1945f.r2.cloudflarestorage.com/2512530829206792.mp4
uploaded         2058788614731278 c0  (video) ← 2058788614731278.mp4  → https://dcfd27564ef899969db9a562c7e1945f.r2.cloudflarestorage.com/2058788614731278.mp4
uploaded         1485129796264251 c0  (video) ← 1485129796264251.mp4  → https://dcfd27564ef899969db9a562c7e1945f.r2.cloudflarestorage.com/1485129796264251.mp4
