# Step 3 run log
# competitor : english-seekho
# started_at : 2026-06-04T12:26:37
# input      : inputs/fb-ads-english-seekho-2026-06-04-1217.csv
# videos     : videos/english-seekho-2026-06-04
# master     : master/english-seekho.csv  (updated)
# enriched   : inputs/fb-ads-english-seekho-2026-06-04-1217_enriched.csv
# bucket     : video-ads
# public_base: https://pub-893b4a6a607b4221a894bf861da7914e.r2.dev
# dry_run    : False
#
# counts     : {'uploaded': 17, 'carried-forward': 195, 'image-pending': 0, 'video-missing': 0, 'no-creative': 0, 'error': 0}
#
carried-forward  2739911929699031 c0  → https://pub-893b4a6a607b4221a894bf861da7914e.r2.dev/2739911929699031.mp4
carried-forward  1271047411639492 c0  → https://pub-893b4a6a607b4221a894bf861da7914e.r2.dev/1271047411639492.mp4
carried-forward  2011104622816471 c0  → https://pub-893b4a6a607b4221a894bf861da7914e.r2.dev/2011104622816471.mp4
carried-forward  1520726159399023 c0  → https://pub-893b4a6a607b4221a894bf861da7914e.r2.dev/1520726159399023.mp4
carried-forward  1490787835910342 c0  → https://pub-893b4a6a607b4221a894bf861da7914e.r2.dev/1490787835910342.mp4
carried-forward  26428220643500017 c0  → https://pub-893b4a6a607b4221a894bf861da7914e.r2.dev/26428220643500017.mp4
carried-forward  2490626478079076 c0  → https://pub-893b4a6a607b4221a894bf861da7914e.r2.dev/2490626478079076.mp4
carried-forward  882040494892409 c0  → https://pub-893b4a6a607b4221a894bf861da7914e.r2.dev/882040494892409.mp4
carried-forward  1185488816920457 c0  → https://pub-893b4a6a607b4221a894bf861da7914e.r2.dev/1185488816920457.mp4
carried-forward  3745166842290933 c0  → https://pub-893b4a6a607b4221a894bf861da7914e.r2.dev/3745166842290933.mp4
carried-forward  742546498851380 c0  → https://pub-893b4a6a607b4221a894bf861da7914e.r2.dev/742546498851380.mp4
carried-forward  3411393879019186 c0  → https://pub-893b4a6a607b4221a894bf861da7914e.r2.dev/3411393879019186.mp4
carried-forward  1896094514425192 c0  → https://pub-893b4a6a607b4221a894bf861da7914e.r2.dev/1896094514425192.mp4
carried-forward  859593329883730 c0  → https://pub-893b4a6a607b4221a894bf861da7914e.r2.dev/859593329883730.mp4
carried-forward  949474424515743 c0  → https://pub-893b4a6a607b4221a894bf861da7914e.r2.dev/949474424515743.mp4
carried-forward  26417048307974099 c0  → https://pub-893b4a6a607b4221a894bf861da7914e.r2.dev/26417048307974099.mp4
carried-forward  1513255320189298 c0  → https://pub-893b4a6a607b4221a894bf861da7914e.r2.dev/1513255320189298.mp4
carried-forward  1022674277084766 c0  → https://pub-893b4a6a607b4221a894bf861da7914e.r2.dev/1022674277084766.mp4
carried-forward  1008376008280324 c0  → https://pub-893b4a6a607b4221a894bf861da7914e.r2.dev/1008376008280324.mp4
carried-forward  842280601796121 c0  → https://pub-893b4a6a607b4221a894bf861da7914e.r2.dev/842280601796121.mp4
carried-forward  2013423049568996 c0  → https://pub-893b4a6a607b4221a894bf861da7914e.r2.dev/2013423049568996.mp4
carried-forward  1440382108104857 c0  → https://pub-893b4a6a607b4221a894bf861da7914e.r2.dev/1440382108104857.mp4
carried-forward  2153645985488871 c0  → https://pub-893b4a6a607b4221a894bf861da7914e.r2.dev/2153645985488871.mp4
carried-forward  1599191114473908 c0  → https://pub-893b4a6a607b4221a894bf861da7914e.r2.dev/1599191114473908.mp4
carried-forward  2458763647916149 c0  → https://pub-893b4a6a607b4221a894bf861da7914e.r2.dev/2458763647916149.mp4
carried-forward  1495976748935879 c0  → https://pub-893b4a6a607b4221a894bf861da7914e.r2.dev/1495976748935879.mp4
carried-forward  2157206811736735 c0  → https://pub-893b4a6a607b4221a894bf861da7914e.r2.dev/2157206811736735.mp4
carried-forward  1942930943262353 c0  → https://pub-893b4a6a607b4221a894bf861da7914e.r2.dev/1942930943262353.mp4
carried-forward  1281336507021529 c0  → https://pub-893b4a6a607b4221a894bf861da7914e.r2.dev/1281336507021529.mp4
carried-forward  27545658091701815 c0  → https://pub-893b4a6a607b4221a894bf861da7914e.r2.dev/27545658091701815.mp4
carried-forward  1445447133927643 c0  → https://pub-893b4a6a607b4221a894bf861da7914e.r2.dev/1445447133927643.mp4
carried-forward  992374836850070 c0  → https://pub-893b4a6a607b4221a894bf861da7914e.r2.dev/992374836850070.mp4
carried-forward  26822392380755148 c0  → https://pub-893b4a6a607b4221a894bf861da7914e.r2.dev/26822392380755148.mp4
carried-forward  1525891568990663 c0  → https://pub-893b4a6a607b4221a894bf861da7914e.r2.dev/1525891568990663.mp4
carried-forward  1343543300957920 c0  → https://pub-893b4a6a607b4221a894bf861da7914e.r2.dev/1343543300957920.mp4
carried-forward  2388747072037615 c0  → https://pub-893b4a6a607b4221a894bf861da7914e.r2.dev/2388747072037615.mp4
carried-forward  941734938861838 c0  → https://pub-893b4a6a607b4221a894bf861da7914e.r2.dev/941734938861838.mp4
carried-forward  27417472307892610 c0  → https://pub-893b4a6a607b4221a894bf861da7914e.r2.dev/27417472307892610.mp4
carried-forward  1295408179388109 c0  → https://pub-893b4a6a607b4221a894bf861da7914e.r2.dev/1295408179388109.mp4
carried-forward  923485210505551 c0  → https://pub-893b4a6a607b4221a894bf861da7914e.r2.dev/923485210505551.mp4
carried-forward  1701731070831197 c0  → https://pub-893b4a6a607b4221a894bf861da7914e.r2.dev/1701731070831197.mp4
carried-forward  1719939115662673 c0  → https://pub-893b4a6a607b4221a894bf861da7914e.r2.dev/1719939115662673.mp4
carried-forward  835603072955889 c0  → https://pub-893b4a6a607b4221a894bf861da7914e.r2.dev/835603072955889.mp4
carried-forward  883414924661759 c0  → https://pub-893b4a6a607b4221a894bf861da7914e.r2.dev/883414924661759.mp4
carried-forward  1753605869341627 c0  → https://pub-893b4a6a607b4221a894bf861da7914e.r2.dev/1753605869341627.mp4
carried-forward  858733843910538 c0  → https://pub-893b4a6a607b4221a894bf861da7914e.r2.dev/858733843910538.mp4
carried-forward  1865631000775977 c0  → https://pub-893b4a6a607b4221a894bf861da7914e.r2.dev/1865631000775977.mp4
carried-forward  2200879757377961 c0  → https://pub-893b4a6a607b4221a894bf861da7914e.r2.dev/2200879757377961.mp4
carried-forward  1008293012135432 c0  → https://pub-893b4a6a607b4221a894bf861da7914e.r2.dev/1008293012135432.mp4
carried-forward  1018262830627096 c0  → https://pub-893b4a6a607b4221a894bf861da7914e.r2.dev/1018262830627096.mp4
carried-forward  1302516825430257 c0  → https://pub-893b4a6a607b4221a894bf861da7914e.r2.dev/1302516825430257.mp4
carried-forward  2152508018617561 c0  → https://pub-893b4a6a607b4221a894bf861da7914e.r2.dev/2152508018617561.mp4
carried-forward  1483037666208224 c0  → https://pub-893b4a6a607b4221a894bf861da7914e.r2.dev/1483037666208224.mp4
carried-forward  1195431255950589 c0  → https://pub-893b4a6a607b4221a894bf861da7914e.r2.dev/1195431255950589.mp4
carried-forward  1052565497102220 c0  → https://pub-893b4a6a607b4221a894bf861da7914e.r2.dev/1052565497102220.mp4
carried-forward  876287251448118 c0  → https://pub-893b4a6a607b4221a894bf861da7914e.r2.dev/876287251448118.mp4
carried-forward  960878673578943 c0  → https://pub-893b4a6a607b4221a894bf861da7914e.r2.dev/960878673578943.mp4
carried-forward  2078950623024665 c0  → https://pub-893b4a6a607b4221a894bf861da7914e.r2.dev/2078950623024665.mp4
carried-forward  1223700476600723 c0  → https://pub-893b4a6a607b4221a894bf861da7914e.r2.dev/1223700476600723.mp4
carried-forward  783311214748224 c0  → https://pub-893b4a6a607b4221a894bf861da7914e.r2.dev/783311214748224.mp4
carried-forward  1019378727292833 c0  → https://pub-893b4a6a607b4221a894bf861da7914e.r2.dev/1019378727292833.mp4
carried-forward  977319668615660 c0  → https://pub-893b4a6a607b4221a894bf861da7914e.r2.dev/977319668615660.mp4
carried-forward  2537354666679942 c0  → https://pub-893b4a6a607b4221a894bf861da7914e.r2.dev/2537354666679942.mp4
carried-forward  2090167935162610 c0  → https://pub-893b4a6a607b4221a894bf861da7914e.r2.dev/2090167935162610.mp4
carried-forward  2505471363291833 c0  → https://pub-893b4a6a607b4221a894bf861da7914e.r2.dev/2505471363291833.mp4
carried-forward  944481151793509 c0  → https://pub-893b4a6a607b4221a894bf861da7914e.r2.dev/944481151793509.mp4
carried-forward  2069481513616212 c0  → https://pub-893b4a6a607b4221a894bf861da7914e.r2.dev/2069481513616212.mp4
carried-forward  1719504072403935 c0  → https://pub-893b4a6a607b4221a894bf861da7914e.r2.dev/1719504072403935.mp4
carried-forward  960519010069920 c0  → https://pub-893b4a6a607b4221a894bf861da7914e.r2.dev/960519010069920.mp4
carried-forward  2056613488574281 c0  → https://pub-893b4a6a607b4221a894bf861da7914e.r2.dev/2056613488574281.mp4
carried-forward  2092207258026410 c0  → https://pub-893b4a6a607b4221a894bf861da7914e.r2.dev/2092207258026410.mp4
carried-forward  1852368735445229 c0  → https://pub-893b4a6a607b4221a894bf861da7914e.r2.dev/1852368735445229.mp4
carried-forward  998839265829186 c0  → https://pub-893b4a6a607b4221a894bf861da7914e.r2.dev/998839265829186.mp4
carried-forward  984431433971622 c0  → https://pub-893b4a6a607b4221a894bf861da7914e.r2.dev/984431433971622.mp4
carried-forward  1961729674555213 c0  → https://pub-893b4a6a607b4221a894bf861da7914e.r2.dev/1961729674555213.mp4
carried-forward  1504911954989241 c0  → https://pub-893b4a6a607b4221a894bf861da7914e.r2.dev/1504911954989241.mp4
carried-forward  1447369716630978 c0  → https://pub-893b4a6a607b4221a894bf861da7914e.r2.dev/1447369716630978.mp4
carried-forward  2396771464068512 c0  → https://pub-893b4a6a607b4221a894bf861da7914e.r2.dev/2396771464068512.mp4
carried-forward  968883082730315 c0  → https://pub-893b4a6a607b4221a894bf861da7914e.r2.dev/968883082730315.mp4
carried-forward  812140348389276 c0  → https://pub-893b4a6a607b4221a894bf861da7914e.r2.dev/812140348389276.mp4
carried-forward  1523983375767554 c0  → https://pub-893b4a6a607b4221a894bf861da7914e.r2.dev/1523983375767554.mp4
carried-forward  995219973120049 c0  → https://pub-893b4a6a607b4221a894bf861da7914e.r2.dev/995219973120049.mp4
carried-forward  1808954107158548 c0  → https://pub-893b4a6a607b4221a894bf861da7914e.r2.dev/1808954107158548.mp4
carried-forward  27189844550633572 c0  → https://pub-893b4a6a607b4221a894bf861da7914e.r2.dev/27189844550633572.mp4
carried-forward  1232439765357445 c0  → https://pub-893b4a6a607b4221a894bf861da7914e.r2.dev/1232439765357445.mp4
carried-forward  1965576304350514 c0  → https://pub-893b4a6a607b4221a894bf861da7914e.r2.dev/1965576304350514.mp4
carried-forward  2230315987725301 c0  → https://pub-893b4a6a607b4221a894bf861da7914e.r2.dev/2230315987725301.mp4
carried-forward  973252012273513 c0  → https://pub-893b4a6a607b4221a894bf861da7914e.r2.dev/973252012273513.mp4
carried-forward  1492356832542306 c0  → https://pub-893b4a6a607b4221a894bf861da7914e.r2.dev/1492356832542306.mp4
carried-forward  999972472416365 c0  → https://pub-893b4a6a607b4221a894bf861da7914e.r2.dev/999972472416365.mp4
carried-forward  954596250909208 c0  → https://pub-893b4a6a607b4221a894bf861da7914e.r2.dev/954596250909208.mp4
carried-forward  1481600617048122 c0  → https://pub-893b4a6a607b4221a894bf861da7914e.r2.dev/1481600617048122.mp4
carried-forward  1540174657524420 c0  → https://pub-893b4a6a607b4221a894bf861da7914e.r2.dev/1540174657524420.mp4
carried-forward  1655935349015018 c0  → https://pub-893b4a6a607b4221a894bf861da7914e.r2.dev/1655935349015018.mp4
carried-forward  998909686118850 c0  → https://pub-893b4a6a607b4221a894bf861da7914e.r2.dev/998909686118850.mp4
carried-forward  1986593458617617 c0  → https://pub-893b4a6a607b4221a894bf861da7914e.r2.dev/1986593458617617.mp4
carried-forward  1487410989520803 c0  → https://pub-893b4a6a607b4221a894bf861da7914e.r2.dev/1487410989520803.mp4
carried-forward  1363154838960011 c0  → https://pub-893b4a6a607b4221a894bf861da7914e.r2.dev/1363154838960011.mp4
carried-forward  1292543595710795 c0  → https://pub-893b4a6a607b4221a894bf861da7914e.r2.dev/1292543595710795.mp4
carried-forward  1147815504196202 c0  → https://pub-893b4a6a607b4221a894bf861da7914e.r2.dev/1147815504196202.mp4
carried-forward  2126946311495378 c0  → https://pub-893b4a6a607b4221a894bf861da7914e.r2.dev/2126946311495378.mp4
carried-forward  999500705960297 c0  → https://pub-893b4a6a607b4221a894bf861da7914e.r2.dev/999500705960297.mp4
carried-forward  1280073977526595 c0  → https://pub-893b4a6a607b4221a894bf861da7914e.r2.dev/1280073977526595.mp4
carried-forward  1265895969024499 c0  → https://pub-893b4a6a607b4221a894bf861da7914e.r2.dev/1265895969024499.mp4
carried-forward  1360549895753796 c0  → https://pub-893b4a6a607b4221a894bf861da7914e.r2.dev/1360549895753796.mp4
carried-forward  1278688914111833 c0  → https://pub-893b4a6a607b4221a894bf861da7914e.r2.dev/1278688914111833.mp4
carried-forward  3098326293684794 c0  → https://pub-893b4a6a607b4221a894bf861da7914e.r2.dev/3098326293684794.mp4
carried-forward  1526957075637460 c0  → https://pub-893b4a6a607b4221a894bf861da7914e.r2.dev/1526957075637460.mp4
carried-forward  2069097620613888 c0  → https://pub-893b4a6a607b4221a894bf861da7914e.r2.dev/2069097620613888.mp4
carried-forward  1523349322733546 c0  → https://pub-893b4a6a607b4221a894bf861da7914e.r2.dev/1523349322733546.mp4
carried-forward  864945146035665 c0  → https://pub-893b4a6a607b4221a894bf861da7914e.r2.dev/864945146035665.mp4
carried-forward  1295675962756393 c0  → https://pub-893b4a6a607b4221a894bf861da7914e.r2.dev/1295675962756393.mp4
carried-forward  922682520699920 c0  → https://pub-893b4a6a607b4221a894bf861da7914e.r2.dev/922682520699920.mp4
carried-forward  1306683991568883 c0  → https://pub-893b4a6a607b4221a894bf861da7914e.r2.dev/1306683991568883.mp4
carried-forward  1544558360369298 c0  → https://pub-893b4a6a607b4221a894bf861da7914e.r2.dev/1544558360369298.mp4
carried-forward  1908450636707359 c0  → https://pub-893b4a6a607b4221a894bf861da7914e.r2.dev/1908450636707359.mp4
carried-forward  767456879118205 c0  → https://pub-893b4a6a607b4221a894bf861da7914e.r2.dev/767456879118205.mp4
carried-forward  2738800799813855 c0  → https://pub-893b4a6a607b4221a894bf861da7914e.r2.dev/2738800799813855.mp4
carried-forward  1467890751279753 c0  → https://pub-893b4a6a607b4221a894bf861da7914e.r2.dev/1467890751279753.mp4
carried-forward  1312890860307801 c0  → https://pub-893b4a6a607b4221a894bf861da7914e.r2.dev/1312890860307801.mp4
carried-forward  1503697738097799 c0  → https://pub-893b4a6a607b4221a894bf861da7914e.r2.dev/1503697738097799.mp4
carried-forward  2674686452896226 c0  → https://pub-893b4a6a607b4221a894bf861da7914e.r2.dev/2674686452896226.mp4
carried-forward  981246487991598 c0  → https://pub-893b4a6a607b4221a894bf861da7914e.r2.dev/981246487991598.mp4
carried-forward  1536448534581579 c0  → https://pub-893b4a6a607b4221a894bf861da7914e.r2.dev/1536448534581579.mp4
carried-forward  985323620546558 c0  → https://pub-893b4a6a607b4221a894bf861da7914e.r2.dev/985323620546558.mp4
carried-forward  4379825375635044 c0  → https://pub-893b4a6a607b4221a894bf861da7914e.r2.dev/4379825375635044.mp4
carried-forward  1244507290916309 c0  → https://pub-893b4a6a607b4221a894bf861da7914e.r2.dev/1244507290916309.mp4
carried-forward  1537639934695915 c0  → https://pub-893b4a6a607b4221a894bf861da7914e.r2.dev/1537639934695915.mp4
carried-forward  1476645587385501 c0  → https://pub-893b4a6a607b4221a894bf861da7914e.r2.dev/1476645587385501.mp4
carried-forward  1798711957512384 c0  → https://pub-893b4a6a607b4221a894bf861da7914e.r2.dev/1798711957512384.mp4
carried-forward  1501154984318432 c0  → https://pub-893b4a6a607b4221a894bf861da7914e.r2.dev/1501154984318432.mp4
carried-forward  1483706739708125 c0  → https://pub-893b4a6a607b4221a894bf861da7914e.r2.dev/1483706739708125.mp4
carried-forward  1505738854342782 c0  → https://pub-893b4a6a607b4221a894bf861da7914e.r2.dev/1505738854342782.mp4
carried-forward  1217329830515440 c0  → https://pub-893b4a6a607b4221a894bf861da7914e.r2.dev/1217329830515440.mp4
carried-forward  1868096310508725 c0  → https://pub-893b4a6a607b4221a894bf861da7914e.r2.dev/1868096310508725.mp4
carried-forward  1616161116147111 c0  → https://pub-893b4a6a607b4221a894bf861da7914e.r2.dev/1616161116147111.mp4
carried-forward  2176910723137201 c0  → https://pub-893b4a6a607b4221a894bf861da7914e.r2.dev/2176910723137201.mp4
carried-forward  1210251577301882 c0  → https://pub-893b4a6a607b4221a894bf861da7914e.r2.dev/1210251577301882.mp4
carried-forward  1029605236397131 c0  → https://pub-893b4a6a607b4221a894bf861da7914e.r2.dev/1029605236397131.mp4
carried-forward  3970408179930768 c0  → https://pub-893b4a6a607b4221a894bf861da7914e.r2.dev/3970408179930768.mp4
carried-forward  1333487312060975 c0  → https://pub-893b4a6a607b4221a894bf861da7914e.r2.dev/1333487312060975.mp4
carried-forward  3311359495704979 c0  → https://pub-893b4a6a607b4221a894bf861da7914e.r2.dev/3311359495704979.mp4
carried-forward  1516530769853742 c0  → https://pub-893b4a6a607b4221a894bf861da7914e.r2.dev/1516530769853742.mp4
carried-forward  1708177286868160 c0  → https://pub-893b4a6a607b4221a894bf861da7914e.r2.dev/1708177286868160.mp4
carried-forward  3510795772417395 c0  → https://pub-893b4a6a607b4221a894bf861da7914e.r2.dev/3510795772417395.mp4
carried-forward  769511858914323 c0  → https://pub-893b4a6a607b4221a894bf861da7914e.r2.dev/769511858914323.mp4
carried-forward  1502392968556177 c0  → https://pub-893b4a6a607b4221a894bf861da7914e.r2.dev/1502392968556177.mp4
carried-forward  773037125897340 c0  → https://pub-893b4a6a607b4221a894bf861da7914e.r2.dev/773037125897340.mp4
carried-forward  608640915677208 c0  → https://pub-893b4a6a607b4221a894bf861da7914e.r2.dev/608640915677208.mp4
carried-forward  2015119902365104 c0  → https://pub-893b4a6a607b4221a894bf861da7914e.r2.dev/2015119902365104.mp4
carried-forward  3930958850532394 c0  → https://pub-893b4a6a607b4221a894bf861da7914e.r2.dev/3930958850532394.mp4
carried-forward  1574354354104403 c0  → https://pub-893b4a6a607b4221a894bf861da7914e.r2.dev/1574354354104403.mp4
carried-forward  27476424265287240 c0  → https://pub-893b4a6a607b4221a894bf861da7914e.r2.dev/27476424265287240.mp4
carried-forward  1054948106795031 c0  → https://pub-893b4a6a607b4221a894bf861da7914e.r2.dev/1054948106795031.mp4
carried-forward  1229348518532340 c0  → https://pub-893b4a6a607b4221a894bf861da7914e.r2.dev/1229348518532340.mp4
carried-forward  1251191153618197 c0  → https://pub-893b4a6a607b4221a894bf861da7914e.r2.dev/1251191153618197.mp4
carried-forward  1024869819880376 c0  → https://pub-893b4a6a607b4221a894bf861da7914e.r2.dev/1024869819880376.mp4
carried-forward  1941399943216589 c0  → https://pub-893b4a6a607b4221a894bf861da7914e.r2.dev/1941399943216589.mp4
carried-forward  1905133330090659 c0  → https://pub-893b4a6a607b4221a894bf861da7914e.r2.dev/1905133330090659.mp4
carried-forward  941526071921361 c0  → https://pub-893b4a6a607b4221a894bf861da7914e.r2.dev/941526071921361.mp4
carried-forward  1224227439081919 c0  → https://pub-893b4a6a607b4221a894bf861da7914e.r2.dev/1224227439081919.mp4
carried-forward  25537890735891271 c0  → https://pub-893b4a6a607b4221a894bf861da7914e.r2.dev/25537890735891271.mp4
carried-forward  1419054459866080 c0  → https://pub-893b4a6a607b4221a894bf861da7914e.r2.dev/1419054459866080.mp4
carried-forward  1559841751931772 c0  → https://pub-893b4a6a607b4221a894bf861da7914e.r2.dev/1559841751931772.mp4
carried-forward  1701299787729897 c0  → https://pub-893b4a6a607b4221a894bf861da7914e.r2.dev/1701299787729897.mp4
carried-forward  829302166640738 c0  → https://pub-893b4a6a607b4221a894bf861da7914e.r2.dev/829302166640738.mp4
carried-forward  840752642285554 c0  → https://pub-893b4a6a607b4221a894bf861da7914e.r2.dev/840752642285554.mp4
carried-forward  3499653943543153 c0  → https://pub-893b4a6a607b4221a894bf861da7914e.r2.dev/3499653943543153.mp4
carried-forward  993724173607458 c0  → https://pub-893b4a6a607b4221a894bf861da7914e.r2.dev/993724173607458.mp4
carried-forward  1509527853448376 c0  → https://pub-893b4a6a607b4221a894bf861da7914e.r2.dev/1509527853448376.mp4
carried-forward  890589943792591 c0  → https://pub-893b4a6a607b4221a894bf861da7914e.r2.dev/890589943792591.mp4
carried-forward  874940122070171 c0  → https://pub-893b4a6a607b4221a894bf861da7914e.r2.dev/874940122070171.mp4
carried-forward  4311046219138923 c0  → https://pub-893b4a6a607b4221a894bf861da7914e.r2.dev/4311046219138923.mp4
carried-forward  4685315905087654 c0  → https://pub-893b4a6a607b4221a894bf861da7914e.r2.dev/4685315905087654.mp4
carried-forward  980972577867560 c0  → https://pub-893b4a6a607b4221a894bf861da7914e.r2.dev/980972577867560.mp4
carried-forward  26372603382322992 c0  → https://pub-893b4a6a607b4221a894bf861da7914e.r2.dev/26372603382322992.mp4
carried-forward  2342191226288310 c0  → https://pub-893b4a6a607b4221a894bf861da7914e.r2.dev/2342191226288310.mp4
carried-forward  1504011217832296 c0  → https://pub-893b4a6a607b4221a894bf861da7914e.r2.dev/1504011217832296.mp4
carried-forward  1116123194536720 c0  → https://pub-893b4a6a607b4221a894bf861da7914e.r2.dev/1116123194536720.mp4
carried-forward  849104544460309 c0  → https://pub-893b4a6a607b4221a894bf861da7914e.r2.dev/849104544460309.mp4
carried-forward  1427103212256894 c0  → https://pub-893b4a6a607b4221a894bf861da7914e.r2.dev/1427103212256894.mp4
carried-forward  1945996112929486 c0  → https://pub-893b4a6a607b4221a894bf861da7914e.r2.dev/1945996112929486.mp4
carried-forward  5195950473963815 c0  → https://pub-893b4a6a607b4221a894bf861da7914e.r2.dev/5195950473963815.mp4
carried-forward  1525833275872737 c0  → https://pub-893b4a6a607b4221a894bf861da7914e.r2.dev/1525833275872737.mp4
carried-forward  2394376437716515 c0  → https://pub-893b4a6a607b4221a894bf861da7914e.r2.dev/2394376437716515.mp4
carried-forward  27439141465710125 c0  → https://pub-893b4a6a607b4221a894bf861da7914e.r2.dev/27439141465710125.mp4
carried-forward  1899322794111918 c0  → https://pub-893b4a6a607b4221a894bf861da7914e.r2.dev/1899322794111918.mp4
carried-forward  1681566306381936 c0  → https://pub-893b4a6a607b4221a894bf861da7914e.r2.dev/1681566306381936.mp4
carried-forward  1418149806668088 c0  → https://pub-893b4a6a607b4221a894bf861da7914e.r2.dev/1418149806668088.mp4
uploaded         2172316420286201 c0  (video) ← 2172316420286201.mp4  → https://pub-893b4a6a607b4221a894bf861da7914e.r2.dev/2172316420286201.mp4
uploaded         906890209075307 c0  (video) ← 906890209075307.mp4  → https://pub-893b4a6a607b4221a894bf861da7914e.r2.dev/906890209075307.mp4
carried-forward  2253030498553449 c0  → https://pub-893b4a6a607b4221a894bf861da7914e.r2.dev/2253030498553449.mp4
uploaded         990394187244790 c0  (video) ← 990394187244790.mp4  → https://pub-893b4a6a607b4221a894bf861da7914e.r2.dev/990394187244790.mp4
carried-forward  2045983655982810 c0  → https://pub-893b4a6a607b4221a894bf861da7914e.r2.dev/2045983655982810.mp4
uploaded         2311297949273921 c0  (video) ← 2311297949273921.mp4  → https://pub-893b4a6a607b4221a894bf861da7914e.r2.dev/2311297949273921.mp4
uploaded         2045512666029604 c0  (video) ← 2045512666029604.mp4  → https://pub-893b4a6a607b4221a894bf861da7914e.r2.dev/2045512666029604.mp4
carried-forward  861154453569534 c0  → https://pub-893b4a6a607b4221a894bf861da7914e.r2.dev/861154453569534.mp4
uploaded         1357436906281518 c0  (video) ← 1357436906281518.mp4  → https://pub-893b4a6a607b4221a894bf861da7914e.r2.dev/1357436906281518.mp4
uploaded         1525026229225012 c0  (video) ← 1525026229225012.mp4  → https://pub-893b4a6a607b4221a894bf861da7914e.r2.dev/1525026229225012.mp4
uploaded         1628573728690102 c0  (video) ← 1628573728690102.mp4  → https://pub-893b4a6a607b4221a894bf861da7914e.r2.dev/1628573728690102.mp4
uploaded         1750506092625928 c0  (video) ← 1750506092625928.mp4  → https://pub-893b4a6a607b4221a894bf861da7914e.r2.dev/1750506092625928.mp4
carried-forward  902496572123981 c0  → https://pub-893b4a6a607b4221a894bf861da7914e.r2.dev/902496572123981.mp4
uploaded         880903308358300 c0  (video) ← 880903308358300.mp4  → https://pub-893b4a6a607b4221a894bf861da7914e.r2.dev/880903308358300.mp4
carried-forward  1873195333560021 c0  → https://pub-893b4a6a607b4221a894bf861da7914e.r2.dev/1873195333560021.mp4
uploaded         1319130399553574 c0  (video) ← 1319130399553574.mp4  → https://pub-893b4a6a607b4221a894bf861da7914e.r2.dev/1319130399553574.mp4
uploaded         1762683425102280 c0  (video) ← 1762683425102280.mp4  → https://pub-893b4a6a607b4221a894bf861da7914e.r2.dev/1762683425102280.mp4
carried-forward  1302125191954780 c0  → https://pub-893b4a6a607b4221a894bf861da7914e.r2.dev/1302125191954780.mp4
uploaded         1551480519924408 c0  (video) ← 1551480519924408.mp4  → https://pub-893b4a6a607b4221a894bf861da7914e.r2.dev/1551480519924408.mp4
uploaded         1416141183867828 c0  (video) ← 1416141183867828.mp4  → https://pub-893b4a6a607b4221a894bf861da7914e.r2.dev/1416141183867828.mp4
uploaded         4348893292057982 c0  (video) ← 4348893292057982.mp4  → https://pub-893b4a6a607b4221a894bf861da7914e.r2.dev/4348893292057982.mp4
uploaded         1699090061132628 c0  (video) ← 1699090061132628.mp4  → https://pub-893b4a6a607b4221a894bf861da7914e.r2.dev/1699090061132628.mp4
uploaded         1609628960102780 c0  (video) ← 1609628960102780.mp4  → https://pub-893b4a6a607b4221a894bf861da7914e.r2.dev/1609628960102780.mp4
