# Step 3 run log
# competitor : english-seekho
# started_at : 2026-05-26T15:44:53
# input      : inputs/fb-ads-english-seekho-2026-05-26-1447.csv
# videos     : videos/english-seekho-2026-05-26
# master     : master/english-seekho.csv  (updated)
# enriched   : inputs/fb-ads-english-seekho-2026-05-26-1447_enriched.csv
# bucket     : video-ads
# public_base: https://pub-893b4a6a607b4221a894bf861da7914e.r2.dev
# dry_run    : False
#
# counts     : {'uploaded': 8, 'carried-forward': 281, 'image-pending': 0, 'video-missing': 0, 'no-creative': 0, 'error': 0}
#
carried-forward  2739911929699031 c0  → https://pub-893b4a6a607b4221a894bf861da7914e.r2.dev/2739911929699031.mp4
carried-forward  1699700921215417 c0  → https://pub-893b4a6a607b4221a894bf861da7914e.r2.dev/1699700921215417.mp4
carried-forward  1271047411639492 c0  → https://pub-893b4a6a607b4221a894bf861da7914e.r2.dev/1271047411639492.mp4
carried-forward  1304663088473953 c0  → https://pub-893b4a6a607b4221a894bf861da7914e.r2.dev/1304663088473953.mp4
carried-forward  2011104622816471 c0  → https://pub-893b4a6a607b4221a894bf861da7914e.r2.dev/2011104622816471.mp4
carried-forward  26428220643500017 c0  → https://pub-893b4a6a607b4221a894bf861da7914e.r2.dev/26428220643500017.mp4
carried-forward  1520726159399023 c0  → https://pub-893b4a6a607b4221a894bf861da7914e.r2.dev/1520726159399023.mp4
carried-forward  1185488816920457 c0  → https://pub-893b4a6a607b4221a894bf861da7914e.r2.dev/1185488816920457.mp4
carried-forward  3745166842290933 c0  → https://pub-893b4a6a607b4221a894bf861da7914e.r2.dev/3745166842290933.mp4
carried-forward  882040494892409 c0  → https://pub-893b4a6a607b4221a894bf861da7914e.r2.dev/882040494892409.mp4
carried-forward  1686722056094306 c0  → https://pub-893b4a6a607b4221a894bf861da7914e.r2.dev/1686722056094306.mp4
carried-forward  1307637824670207 c0  → https://pub-893b4a6a607b4221a894bf861da7914e.r2.dev/1307637824670207.mp4
carried-forward  1712482393523503 c0  → https://pub-893b4a6a607b4221a894bf861da7914e.r2.dev/1712482393523503.mp4
carried-forward  3411393879019186 c0  → https://pub-893b4a6a607b4221a894bf861da7914e.r2.dev/3411393879019186.mp4
carried-forward  1961301468092363 c0  → https://pub-893b4a6a607b4221a894bf861da7914e.r2.dev/1961301468092363.mp4
carried-forward  1309510511121100 c0  → https://pub-893b4a6a607b4221a894bf861da7914e.r2.dev/1309510511121100.mp4
carried-forward  919579094374067 c0  → https://pub-893b4a6a607b4221a894bf861da7914e.r2.dev/919579094374067.mp4
carried-forward  907123395290117 c0  → https://pub-893b4a6a607b4221a894bf861da7914e.r2.dev/907123395290117.mp4
carried-forward  1409816634516473 c0  → https://pub-893b4a6a607b4221a894bf861da7914e.r2.dev/1409816634516473.mp4
carried-forward  949474424515743 c0  → https://pub-893b4a6a607b4221a894bf861da7914e.r2.dev/949474424515743.mp4
carried-forward  1896094514425192 c0  → https://pub-893b4a6a607b4221a894bf861da7914e.r2.dev/1896094514425192.mp4
carried-forward  1022674277084766 c0  → https://pub-893b4a6a607b4221a894bf861da7914e.r2.dev/1022674277084766.mp4
carried-forward  1599191114473908 c0  → https://pub-893b4a6a607b4221a894bf861da7914e.r2.dev/1599191114473908.mp4
carried-forward  845261814500751 c0  → https://pub-893b4a6a607b4221a894bf861da7914e.r2.dev/845261814500751.mp4
carried-forward  1942930943262353 c0  → https://pub-893b4a6a607b4221a894bf861da7914e.r2.dev/1942930943262353.mp4
carried-forward  742546498851380 c0  → https://pub-893b4a6a607b4221a894bf861da7914e.r2.dev/742546498851380.mp4
carried-forward  1490787835910342 c0  → https://pub-893b4a6a607b4221a894bf861da7914e.r2.dev/1490787835910342.mp4
carried-forward  1445447133927643 c0  → https://pub-893b4a6a607b4221a894bf861da7914e.r2.dev/1445447133927643.mp4
carried-forward  1720395459131049 c0  → https://pub-893b4a6a607b4221a894bf861da7914e.r2.dev/1720395459131049.mp4
carried-forward  2157206811736735 c0  → https://pub-893b4a6a607b4221a894bf861da7914e.r2.dev/2157206811736735.mp4
carried-forward  859593329883730 c0  → https://pub-893b4a6a607b4221a894bf861da7914e.r2.dev/859593329883730.mp4
carried-forward  2388747072037615 c0  → https://pub-893b4a6a607b4221a894bf861da7914e.r2.dev/2388747072037615.mp4
carried-forward  1132903655640672 c0  → https://pub-893b4a6a607b4221a894bf861da7914e.r2.dev/1132903655640672.mp4
carried-forward  1636577990607766 c0  → https://pub-893b4a6a607b4221a894bf861da7914e.r2.dev/1636577990607766.mp4
carried-forward  1525891568990663 c0  → https://pub-893b4a6a607b4221a894bf861da7914e.r2.dev/1525891568990663.mp4
carried-forward  842280601796121 c0  → https://pub-893b4a6a607b4221a894bf861da7914e.r2.dev/842280601796121.mp4
carried-forward  809679988574577 c0  → https://pub-893b4a6a607b4221a894bf861da7914e.r2.dev/809679988574577.mp4
carried-forward  841687008985481 c0  → https://pub-893b4a6a607b4221a894bf861da7914e.r2.dev/841687008985481.mp4
carried-forward  992374836850070 c0  → https://pub-893b4a6a607b4221a894bf861da7914e.r2.dev/992374836850070.mp4
carried-forward  1948206473241244 c0  → https://pub-893b4a6a607b4221a894bf861da7914e.r2.dev/1948206473241244.mp4
carried-forward  2458763647916149 c0  → https://pub-893b4a6a607b4221a894bf861da7914e.r2.dev/2458763647916149.mp4
carried-forward  1295408179388109 c0  → https://pub-893b4a6a607b4221a894bf861da7914e.r2.dev/1295408179388109.mp4
carried-forward  1283358550592107 c0  → https://pub-893b4a6a607b4221a894bf861da7914e.r2.dev/1283358550592107.mp4
carried-forward  923485210505551 c0  → https://pub-893b4a6a607b4221a894bf861da7914e.r2.dev/923485210505551.mp4
carried-forward  1701731070831197 c0  → https://pub-893b4a6a607b4221a894bf861da7914e.r2.dev/1701731070831197.mp4
carried-forward  2013423049568996 c0  → https://pub-893b4a6a607b4221a894bf861da7914e.r2.dev/2013423049568996.mp4
carried-forward  883414924661759 c0  → https://pub-893b4a6a607b4221a894bf861da7914e.r2.dev/883414924661759.mp4
carried-forward  26463239926705201 c0  → https://pub-893b4a6a607b4221a894bf861da7914e.r2.dev/26463239926705201.mp4
carried-forward  1281336507021529 c0  → https://pub-893b4a6a607b4221a894bf861da7914e.r2.dev/1281336507021529.mp4
carried-forward  945562204774388 c0  → https://pub-893b4a6a607b4221a894bf861da7914e.r2.dev/945562204774388.mp4
carried-forward  1865631000775977 c0  → https://pub-893b4a6a607b4221a894bf861da7914e.r2.dev/1865631000775977.mp4
carried-forward  1513255320189298 c0  → https://pub-893b4a6a607b4221a894bf861da7914e.r2.dev/1513255320189298.mp4
carried-forward  1008293012135432 c0  → https://pub-893b4a6a607b4221a894bf861da7914e.r2.dev/1008293012135432.mp4
carried-forward  4488104131411551 c0  → https://pub-893b4a6a607b4221a894bf861da7914e.r2.dev/4488104131411551.mp4
carried-forward  1018262830627096 c0  → https://pub-893b4a6a607b4221a894bf861da7914e.r2.dev/1018262830627096.mp4
carried-forward  1676225003275778 c0  → https://pub-893b4a6a607b4221a894bf861da7914e.r2.dev/1676225003275778.mp4
carried-forward  2152508018617561 c0  → https://pub-893b4a6a607b4221a894bf861da7914e.r2.dev/2152508018617561.mp4
carried-forward  2101398007464704 c0  → https://pub-893b4a6a607b4221a894bf861da7914e.r2.dev/2101398007464704.mp4
carried-forward  1343543300957920 c0  → https://pub-893b4a6a607b4221a894bf861da7914e.r2.dev/1343543300957920.mp4
carried-forward  2225190144952040 c0  → https://pub-893b4a6a607b4221a894bf861da7914e.r2.dev/2225190144952040.mp4
carried-forward  1212213287545559 c0  → https://pub-893b4a6a607b4221a894bf861da7914e.r2.dev/1212213287545559.mp4
carried-forward  2153645985488871 c0  → https://pub-893b4a6a607b4221a894bf861da7914e.r2.dev/2153645985488871.mp4
carried-forward  960878673578943 c0  → https://pub-893b4a6a607b4221a894bf861da7914e.r2.dev/960878673578943.mp4
carried-forward  858733843910538 c0  → https://pub-893b4a6a607b4221a894bf861da7914e.r2.dev/858733843910538.mp4
carried-forward  1698486967975301 c0  → https://pub-893b4a6a607b4221a894bf861da7914e.r2.dev/1698486967975301.mp4
carried-forward  1223700476600723 c0  → https://pub-893b4a6a607b4221a894bf861da7914e.r2.dev/1223700476600723.mp4
carried-forward  1440382108104857 c0  → https://pub-893b4a6a607b4221a894bf861da7914e.r2.dev/1440382108104857.mp4
carried-forward  26822392380755148 c0  → https://pub-893b4a6a607b4221a894bf861da7914e.r2.dev/26822392380755148.mp4
carried-forward  2537354666679942 c0  → https://pub-893b4a6a607b4221a894bf861da7914e.r2.dev/2537354666679942.mp4
carried-forward  970350219192232 c0  → https://pub-893b4a6a607b4221a894bf861da7914e.r2.dev/970350219192232.mp4
carried-forward  992294803309079 c0  → https://pub-893b4a6a607b4221a894bf861da7914e.r2.dev/992294803309079.mp4
carried-forward  2252547335277455 c0  → https://pub-893b4a6a607b4221a894bf861da7914e.r2.dev/2252547335277455.mp4
carried-forward  26760057663622875 c0  → https://pub-893b4a6a607b4221a894bf861da7914e.r2.dev/26760057663622875.mp4
carried-forward  1032742602409239 c0  → https://pub-893b4a6a607b4221a894bf861da7914e.r2.dev/1032742602409239.mp4
carried-forward  944481151793509 c0  → https://pub-893b4a6a607b4221a894bf861da7914e.r2.dev/944481151793509.mp4
carried-forward  2069481513616212 c0  → https://pub-893b4a6a607b4221a894bf861da7914e.r2.dev/2069481513616212.mp4
carried-forward  1852368735445229 c0  → https://pub-893b4a6a607b4221a894bf861da7914e.r2.dev/1852368735445229.mp4
carried-forward  960519010069920 c0  → https://pub-893b4a6a607b4221a894bf861da7914e.r2.dev/960519010069920.mp4
carried-forward  2090167935162610 c0  → https://pub-893b4a6a607b4221a894bf861da7914e.r2.dev/2090167935162610.mp4
carried-forward  26417048307974099 c0  → https://pub-893b4a6a607b4221a894bf861da7914e.r2.dev/26417048307974099.mp4
carried-forward  998839265829186 c0  → https://pub-893b4a6a607b4221a894bf861da7914e.r2.dev/998839265829186.mp4
carried-forward  1961729674555213 c0  → https://pub-893b4a6a607b4221a894bf861da7914e.r2.dev/1961729674555213.mp4
carried-forward  4371254969824560 c0  → https://pub-893b4a6a607b4221a894bf861da7914e.r2.dev/4371254969824560.mp4
carried-forward  2417947832017509 c0  → https://pub-893b4a6a607b4221a894bf861da7914e.r2.dev/2417947832017509.mp4
carried-forward  1557634265977929 c0  → https://pub-893b4a6a607b4221a894bf861da7914e.r2.dev/1557634265977929.mp4
carried-forward  1504911954989241 c0  → https://pub-893b4a6a607b4221a894bf861da7914e.r2.dev/1504911954989241.mp4
carried-forward  2033652774241263 c0  → https://pub-893b4a6a607b4221a894bf861da7914e.r2.dev/2033652774241263.mp4
carried-forward  1619768796177619 c0  → https://pub-893b4a6a607b4221a894bf861da7914e.r2.dev/1619768796177619.mp4
carried-forward  2396771464068512 c0  → https://pub-893b4a6a607b4221a894bf861da7914e.r2.dev/2396771464068512.mp4
carried-forward  991759129902174 c0  → https://pub-893b4a6a607b4221a894bf861da7914e.r2.dev/991759129902174.mp4
carried-forward  1029442363364951 c0  → https://pub-893b4a6a607b4221a894bf861da7914e.r2.dev/1029442363364951.mp4
carried-forward  812140348389276 c0  → https://pub-893b4a6a607b4221a894bf861da7914e.r2.dev/812140348389276.mp4
carried-forward  783311214748224 c0  → https://pub-893b4a6a607b4221a894bf861da7914e.r2.dev/783311214748224.mp4
carried-forward  1447369716630978 c0  → https://pub-893b4a6a607b4221a894bf861da7914e.r2.dev/1447369716630978.mp4
carried-forward  972902528803528 c0  → https://pub-893b4a6a607b4221a894bf861da7914e.r2.dev/972902528803528.mp4
carried-forward  1019378727292833 c0  → https://pub-893b4a6a607b4221a894bf861da7914e.r2.dev/1019378727292833.mp4
carried-forward  986404407586202 c0  → https://pub-893b4a6a607b4221a894bf861da7914e.r2.dev/986404407586202.mp4
carried-forward  2024160915187386 c0  → https://pub-893b4a6a607b4221a894bf861da7914e.r2.dev/2024160915187386.mp4
carried-forward  1356285063214825 c0  → https://pub-893b4a6a607b4221a894bf861da7914e.r2.dev/1356285063214825.mp4
carried-forward  2473165909818596 c0  → https://pub-893b4a6a607b4221a894bf861da7914e.r2.dev/2473165909818596.mp4
carried-forward  2026450648079599 c0  → https://pub-893b4a6a607b4221a894bf861da7914e.r2.dev/2026450648079599.mp4
carried-forward  1808954107158548 c0  → https://pub-893b4a6a607b4221a894bf861da7914e.r2.dev/1808954107158548.mp4
carried-forward  27189844550633572 c0  → https://pub-893b4a6a607b4221a894bf861da7914e.r2.dev/27189844550633572.mp4
carried-forward  2755888441437155 c0  → https://pub-893b4a6a607b4221a894bf861da7914e.r2.dev/2755888441437155.mp4
carried-forward  1965576304350514 c0  → https://pub-893b4a6a607b4221a894bf861da7914e.r2.dev/1965576304350514.mp4
carried-forward  1633095154644536 c0  → https://pub-893b4a6a607b4221a894bf861da7914e.r2.dev/1633095154644536.mp4
carried-forward  1232439765357445 c0  → https://pub-893b4a6a607b4221a894bf861da7914e.r2.dev/1232439765357445.mp4
carried-forward  3319986008163514 c0  → https://pub-893b4a6a607b4221a894bf861da7914e.r2.dev/3319986008163514.mp4
carried-forward  1547203000296284 c0  → https://pub-893b4a6a607b4221a894bf861da7914e.r2.dev/1547203000296284.mp4
carried-forward  2105367057020577 c0  → https://pub-893b4a6a607b4221a894bf861da7914e.r2.dev/2105367057020577.mp4
carried-forward  1602379751895886 c0  → https://pub-893b4a6a607b4221a894bf861da7914e.r2.dev/1602379751895886.mp4
carried-forward  756240874182057 c0  → https://pub-893b4a6a607b4221a894bf861da7914e.r2.dev/756240874182057.mp4
carried-forward  1499606681634983 c0  → https://pub-893b4a6a607b4221a894bf861da7914e.r2.dev/1499606681634983.mp4
carried-forward  1813689653319537 c0  → https://pub-893b4a6a607b4221a894bf861da7914e.r2.dev/1813689653319537.mp4
carried-forward  805938542579531 c0  → https://pub-893b4a6a607b4221a894bf861da7914e.r2.dev/805938542579531.mp4
carried-forward  1492356832542306 c0  → https://pub-893b4a6a607b4221a894bf861da7914e.r2.dev/1492356832542306.mp4
carried-forward  1655935349015018 c0  → https://pub-893b4a6a607b4221a894bf861da7914e.r2.dev/1655935349015018.mp4
carried-forward  912638511830928 c0  → https://pub-893b4a6a607b4221a894bf861da7914e.r2.dev/912638511830928.mp4
carried-forward  1986593458617617 c0  → https://pub-893b4a6a607b4221a894bf861da7914e.r2.dev/1986593458617617.mp4
carried-forward  1487410989520803 c0  → https://pub-893b4a6a607b4221a894bf861da7914e.r2.dev/1487410989520803.mp4
carried-forward  851523094696496 c0  → https://pub-893b4a6a607b4221a894bf861da7914e.r2.dev/851523094696496.mp4
carried-forward  1280073977526595 c0  → https://pub-893b4a6a607b4221a894bf861da7914e.r2.dev/1280073977526595.mp4
carried-forward  1369366785241374 c0  → https://pub-893b4a6a607b4221a894bf861da7914e.r2.dev/1369366785241374.mp4
carried-forward  1265895969024499 c0  → https://pub-893b4a6a607b4221a894bf861da7914e.r2.dev/1265895969024499.mp4
carried-forward  4422752634710245 c0  → https://pub-893b4a6a607b4221a894bf861da7914e.r2.dev/4422752634710245.mp4
carried-forward  1305985317637766 c0  → https://pub-893b4a6a607b4221a894bf861da7914e.r2.dev/1305985317637766.mp4
carried-forward  4077473675717547 c0  → https://pub-893b4a6a607b4221a894bf861da7914e.r2.dev/4077473675717547.mp4
carried-forward  1672013927379995 c0  → https://pub-893b4a6a607b4221a894bf861da7914e.r2.dev/1672013927379995.mp4
carried-forward  1195431255950589 c0  → https://pub-893b4a6a607b4221a894bf861da7914e.r2.dev/1195431255950589.mp4
carried-forward  2009991773727562 c0  → https://pub-893b4a6a607b4221a894bf861da7914e.r2.dev/2009991773727562.mp4
carried-forward  1360549895753796 c0  → https://pub-893b4a6a607b4221a894bf861da7914e.r2.dev/1360549895753796.mp4
carried-forward  1278769291088873 c0  → https://pub-893b4a6a607b4221a894bf861da7914e.r2.dev/1278769291088873.mp4
carried-forward  1481600617048122 c0  → https://pub-893b4a6a607b4221a894bf861da7914e.r2.dev/1481600617048122.mp4
carried-forward  1515722056768953 c0  → https://pub-893b4a6a607b4221a894bf861da7914e.r2.dev/1515722056768953.mp4
carried-forward  1545351903591600 c0  → https://pub-893b4a6a607b4221a894bf861da7914e.r2.dev/1545351903591600.mp4
carried-forward  2146328806153379 c0  → https://pub-893b4a6a607b4221a894bf861da7914e.r2.dev/2146328806153379.mp4
carried-forward  3098326293684794 c0  → https://pub-893b4a6a607b4221a894bf861da7914e.r2.dev/3098326293684794.mp4
carried-forward  1291444699631777 c0  → https://pub-893b4a6a607b4221a894bf861da7914e.r2.dev/1291444699631777.mp4
carried-forward  1278688914111833 c0  → https://pub-893b4a6a607b4221a894bf861da7914e.r2.dev/1278688914111833.mp4
carried-forward  4424025224584940 c0  → https://pub-893b4a6a607b4221a894bf861da7914e.r2.dev/4424025224584940.mp4
carried-forward  1714159199581150 c0  → https://pub-893b4a6a607b4221a894bf861da7914e.r2.dev/1714159199581150.mp4
carried-forward  1027744632964202 c0  → https://pub-893b4a6a607b4221a894bf861da7914e.r2.dev/1027744632964202.mp4
carried-forward  2468895176912539 c0  → https://pub-893b4a6a607b4221a894bf861da7914e.r2.dev/2468895176912539.mp4
carried-forward  1526957075637460 c0  → https://pub-893b4a6a607b4221a894bf861da7914e.r2.dev/1526957075637460.mp4
carried-forward  996315129584237 c0  → https://pub-893b4a6a607b4221a894bf861da7914e.r2.dev/996315129584237.mp4
carried-forward  1566072955175639 c0  → https://pub-893b4a6a607b4221a894bf861da7914e.r2.dev/1566072955175639.mp4
carried-forward  1407795181150871 c0  → https://pub-893b4a6a607b4221a894bf861da7914e.r2.dev/1407795181150871.mp4
carried-forward  999500705960297 c0  → https://pub-893b4a6a607b4221a894bf861da7914e.r2.dev/999500705960297.mp4
carried-forward  1363154838960011 c0  → https://pub-893b4a6a607b4221a894bf861da7914e.r2.dev/1363154838960011.mp4
carried-forward  1523349322733546 c0  → https://pub-893b4a6a607b4221a894bf861da7914e.r2.dev/1523349322733546.mp4
carried-forward  2069097620613888 c0  → https://pub-893b4a6a607b4221a894bf861da7914e.r2.dev/2069097620613888.mp4
carried-forward  1246315007578917 c0  → https://pub-893b4a6a607b4221a894bf861da7914e.r2.dev/1246315007578917.mp4
carried-forward  2019647642315445 c0  → https://pub-893b4a6a607b4221a894bf861da7914e.r2.dev/2019647642315445.mp4
carried-forward  1690865141916250 c0  → https://pub-893b4a6a607b4221a894bf861da7914e.r2.dev/1690865141916250.mp4
carried-forward  2047736779171870 c0  → https://pub-893b4a6a607b4221a894bf861da7914e.r2.dev/2047736779171870.mp4
carried-forward  1706068323752314 c0  → https://pub-893b4a6a607b4221a894bf861da7914e.r2.dev/1706068323752314.mp4
carried-forward  1295675962756393 c0  → https://pub-893b4a6a607b4221a894bf861da7914e.r2.dev/1295675962756393.mp4
carried-forward  1495976748935879 c0  → https://pub-893b4a6a607b4221a894bf861da7914e.r2.dev/1495976748935879.mp4
carried-forward  1000897915789500 c0  → https://pub-893b4a6a607b4221a894bf861da7914e.r2.dev/1000897915789500.mp4
carried-forward  1926566638060333 c0  → https://pub-893b4a6a607b4221a894bf861da7914e.r2.dev/1926566638060333.mp4
carried-forward  922682520699920 c0  → https://pub-893b4a6a607b4221a894bf861da7914e.r2.dev/922682520699920.mp4
carried-forward  1479670906926896 c0  → https://pub-893b4a6a607b4221a894bf861da7914e.r2.dev/1479670906926896.mp4
carried-forward  1544558360369298 c0  → https://pub-893b4a6a607b4221a894bf861da7914e.r2.dev/1544558360369298.mp4
carried-forward  1536550541426561 c0  → https://pub-893b4a6a607b4221a894bf861da7914e.r2.dev/1536550541426561.mp4
carried-forward  1908450636707359 c0  → https://pub-893b4a6a607b4221a894bf861da7914e.r2.dev/1908450636707359.mp4
carried-forward  835839852482522 c0  → https://pub-893b4a6a607b4221a894bf861da7914e.r2.dev/835839852482522.mp4
carried-forward  767456879118205 c0  → https://pub-893b4a6a607b4221a894bf861da7914e.r2.dev/767456879118205.mp4
carried-forward  2143425226449818 c0  → https://pub-893b4a6a607b4221a894bf861da7914e.r2.dev/2143425226449818.mp4
carried-forward  1639481830496403 c0  → https://pub-893b4a6a607b4221a894bf861da7914e.r2.dev/1639481830496403.mp4
carried-forward  1268899174805199 c0  → https://pub-893b4a6a607b4221a894bf861da7914e.r2.dev/1268899174805199.mp4
carried-forward  1019667247166100 c0  → https://pub-893b4a6a607b4221a894bf861da7914e.r2.dev/1019667247166100.mp4
carried-forward  2738800799813855 c0  → https://pub-893b4a6a607b4221a894bf861da7914e.r2.dev/2738800799813855.mp4
carried-forward  2076256199945064 c0  → https://pub-893b4a6a607b4221a894bf861da7914e.r2.dev/2076256199945064.mp4
carried-forward  977895658536429 c0  → https://pub-893b4a6a607b4221a894bf861da7914e.r2.dev/977895658536429.mp4
carried-forward  1691560568696606 c0  → https://pub-893b4a6a607b4221a894bf861da7914e.r2.dev/1691560568696606.mp4
carried-forward  1463686805063835 c0  → https://pub-893b4a6a607b4221a894bf861da7914e.r2.dev/1463686805063835.mp4
carried-forward  1340160141368459 c0  → https://pub-893b4a6a607b4221a894bf861da7914e.r2.dev/1340160141368459.mp4
carried-forward  952034237314249 c0  → https://pub-893b4a6a607b4221a894bf861da7914e.r2.dev/952034237314249.mp4
carried-forward  2260888907981138 c0  → https://pub-893b4a6a607b4221a894bf861da7914e.r2.dev/2260888907981138.mp4
carried-forward  999972472416365 c0  → https://pub-893b4a6a607b4221a894bf861da7914e.r2.dev/999972472416365.mp4
carried-forward  2674686452896226 c0  → https://pub-893b4a6a607b4221a894bf861da7914e.r2.dev/2674686452896226.mp4
carried-forward  27731974399736672 c0  → https://pub-893b4a6a607b4221a894bf861da7914e.r2.dev/27731974399736672.mp4
carried-forward  1292543595710795 c0  → https://pub-893b4a6a607b4221a894bf861da7914e.r2.dev/1292543595710795.mp4
carried-forward  1244507290916309 c0  → https://pub-893b4a6a607b4221a894bf861da7914e.r2.dev/1244507290916309.mp4
carried-forward  1338646038115560 c0  → https://pub-893b4a6a607b4221a894bf861da7914e.r2.dev/1338646038115560.mp4
carried-forward  4379825375635044 c0  → https://pub-893b4a6a607b4221a894bf861da7914e.r2.dev/4379825375635044.mp4
carried-forward  26917959184530707 c0  → https://pub-893b4a6a607b4221a894bf861da7914e.r2.dev/26917959184530707.mp4
carried-forward  1798711957512384 c0  → https://pub-893b4a6a607b4221a894bf861da7914e.r2.dev/1798711957512384.mp4
carried-forward  1476645587385501 c0  → https://pub-893b4a6a607b4221a894bf861da7914e.r2.dev/1476645587385501.mp4
carried-forward  1201805335291194 c0  → https://pub-893b4a6a607b4221a894bf861da7914e.r2.dev/1201805335291194.mp4
carried-forward  4555657601319784 c0  → https://pub-893b4a6a607b4221a894bf861da7914e.r2.dev/4555657601319784.mp4
carried-forward  1501154984318432 c0  → https://pub-893b4a6a607b4221a894bf861da7914e.r2.dev/1501154984318432.mp4
carried-forward  866621743146367 c0  → https://pub-893b4a6a607b4221a894bf861da7914e.r2.dev/866621743146367.mp4
carried-forward  2254681505359291 c0  → https://pub-893b4a6a607b4221a894bf861da7914e.r2.dev/2254681505359291.mp4
carried-forward  2705348466532489 c0  → https://pub-893b4a6a607b4221a894bf861da7914e.r2.dev/2705348466532489.mp4
carried-forward  1538663697864452 c0  → https://pub-893b4a6a607b4221a894bf861da7914e.r2.dev/1538663697864452.mp4
carried-forward  1514033473586244 c0  → https://pub-893b4a6a607b4221a894bf861da7914e.r2.dev/1514033473586244.mp4
carried-forward  1628567501680633 c0  → https://pub-893b4a6a607b4221a894bf861da7914e.r2.dev/1628567501680633.mp4
carried-forward  4296427323911265 c0  → https://pub-893b4a6a607b4221a894bf861da7914e.r2.dev/4296427323911265.mp4
carried-forward  1483706739708125 c0  → https://pub-893b4a6a607b4221a894bf861da7914e.r2.dev/1483706739708125.mp4
carried-forward  1706800790737031 c0  → https://pub-893b4a6a607b4221a894bf861da7914e.r2.dev/1706800790737031.mp4
carried-forward  1750797312575013 c0  → https://pub-893b4a6a607b4221a894bf861da7914e.r2.dev/1750797312575013.mp4
carried-forward  985323620546558 c0  → https://pub-893b4a6a607b4221a894bf861da7914e.r2.dev/985323620546558.mp4
carried-forward  1719939115662673 c0  → https://pub-893b4a6a607b4221a894bf861da7914e.r2.dev/1719939115662673.mp4
carried-forward  1552343953110699 c0  → https://pub-893b4a6a607b4221a894bf861da7914e.r2.dev/1552343953110699.mp4
carried-forward  2176910723137201 c0  → https://pub-893b4a6a607b4221a894bf861da7914e.r2.dev/2176910723137201.mp4
carried-forward  1312728620827992 c0  → https://pub-893b4a6a607b4221a894bf861da7914e.r2.dev/1312728620827992.mp4
carried-forward  1865027414184541 c0  → https://pub-893b4a6a607b4221a894bf861da7914e.r2.dev/1865027414184541.mp4
carried-forward  3406444152844333 c0  → https://pub-893b4a6a607b4221a894bf861da7914e.r2.dev/3406444152844333.mp4
carried-forward  3311359495704979 c0  → https://pub-893b4a6a607b4221a894bf861da7914e.r2.dev/3311359495704979.mp4
carried-forward  1449399177216557 c0  → https://pub-893b4a6a607b4221a894bf861da7914e.r2.dev/1449399177216557.mp4
carried-forward  2142526359928741 c0  → https://pub-893b4a6a607b4221a894bf861da7914e.r2.dev/2142526359928741.mp4
carried-forward  1217329830515440 c0  → https://pub-893b4a6a607b4221a894bf861da7914e.r2.dev/1217329830515440.mp4
carried-forward  2009747782982014 c0  → https://pub-893b4a6a607b4221a894bf861da7914e.r2.dev/2009747782982014.mp4
carried-forward  2231678437667984 c0  → https://pub-893b4a6a607b4221a894bf861da7914e.r2.dev/2231678437667984.mp4
carried-forward  981094987898584 c0  → https://pub-893b4a6a607b4221a894bf861da7914e.r2.dev/981094987898584.mp4
carried-forward  26794618746814367 c0  → https://pub-893b4a6a607b4221a894bf861da7914e.r2.dev/26794618746814367.mp4
carried-forward  2383163125525808 c0  → https://pub-893b4a6a607b4221a894bf861da7914e.r2.dev/2383163125525808.mp4
carried-forward  2015119902365104 c0  → https://pub-893b4a6a607b4221a894bf861da7914e.r2.dev/2015119902365104.mp4
carried-forward  1631458994582084 c0  → https://pub-893b4a6a607b4221a894bf861da7914e.r2.dev/1631458994582084.mp4
carried-forward  1502392968556177 c0  → https://pub-893b4a6a607b4221a894bf861da7914e.r2.dev/1502392968556177.mp4
carried-forward  1054948106795031 c0  → https://pub-893b4a6a607b4221a894bf861da7914e.r2.dev/1054948106795031.mp4
carried-forward  1210251577301882 c0  → https://pub-893b4a6a607b4221a894bf861da7914e.r2.dev/1210251577301882.mp4
carried-forward  1028046746241190 c0  → https://pub-893b4a6a607b4221a894bf861da7914e.r2.dev/1028046746241190.mp4
carried-forward  1229348518532340 c0  → https://pub-893b4a6a607b4221a894bf861da7914e.r2.dev/1229348518532340.mp4
carried-forward  823601950362227 c0  → https://pub-893b4a6a607b4221a894bf861da7914e.r2.dev/823601950362227.mp4
carried-forward  977319668615660 c0  → https://pub-893b4a6a607b4221a894bf861da7914e.r2.dev/977319668615660.mp4
carried-forward  1753074432553235 c0  → https://pub-893b4a6a607b4221a894bf861da7914e.r2.dev/1753074432553235.mp4
carried-forward  941526071921361 c0  → https://pub-893b4a6a607b4221a894bf861da7914e.r2.dev/941526071921361.mp4
carried-forward  2591689004608802 c0  → https://pub-893b4a6a607b4221a894bf861da7914e.r2.dev/2591689004608802.mp4
carried-forward  1013595614333515 c0  → https://pub-893b4a6a607b4221a894bf861da7914e.r2.dev/1013595614333515.mp4
carried-forward  1646472486644290 c0  → https://pub-893b4a6a607b4221a894bf861da7914e.r2.dev/1646472486644290.mp4
carried-forward  25537890735891271 c0  → https://pub-893b4a6a607b4221a894bf861da7914e.r2.dev/25537890735891271.mp4
carried-forward  3930958850532394 c0  → https://pub-893b4a6a607b4221a894bf861da7914e.r2.dev/3930958850532394.mp4
carried-forward  1905133330090659 c0  → https://pub-893b4a6a607b4221a894bf861da7914e.r2.dev/1905133330090659.mp4
carried-forward  1188460143323551 c0  → https://pub-893b4a6a607b4221a894bf861da7914e.r2.dev/1188460143323551.mp4
carried-forward  608640915677208 c0  → https://pub-893b4a6a607b4221a894bf861da7914e.r2.dev/608640915677208.mp4
carried-forward  769511858914323 c0  → https://pub-893b4a6a607b4221a894bf861da7914e.r2.dev/769511858914323.mp4
carried-forward  1868096310508725 c0  → https://pub-893b4a6a607b4221a894bf861da7914e.r2.dev/1868096310508725.mp4
carried-forward  1649960252894658 c0  → https://pub-893b4a6a607b4221a894bf861da7914e.r2.dev/1649960252894658.mp4
carried-forward  1224227439081919 c0  → https://pub-893b4a6a607b4221a894bf861da7914e.r2.dev/1224227439081919.mp4
carried-forward  840752642285554 c0  → https://pub-893b4a6a607b4221a894bf861da7914e.r2.dev/840752642285554.mp4
carried-forward  35457089847239841 c0  → https://pub-893b4a6a607b4221a894bf861da7914e.r2.dev/35457089847239841.mp4
carried-forward  1559841751931772 c0  → https://pub-893b4a6a607b4221a894bf861da7914e.r2.dev/1559841751931772.mp4
carried-forward  993724173607458 c0  → https://pub-893b4a6a607b4221a894bf861da7914e.r2.dev/993724173607458.mp4
carried-forward  865821879200159 c0  → https://pub-893b4a6a607b4221a894bf861da7914e.r2.dev/865821879200159.mp4
carried-forward  1509527853448376 c0  → https://pub-893b4a6a607b4221a894bf861da7914e.r2.dev/1509527853448376.mp4
carried-forward  26372603382322992 c0  → https://pub-893b4a6a607b4221a894bf861da7914e.r2.dev/26372603382322992.mp4
carried-forward  1330805262348986 c0  → https://pub-893b4a6a607b4221a894bf861da7914e.r2.dev/1330805262348986.mp4
carried-forward  841014529015757 c0  → https://pub-893b4a6a607b4221a894bf861da7914e.r2.dev/841014529015757.mp4
carried-forward  4685315905087654 c0  → https://pub-893b4a6a607b4221a894bf861da7914e.r2.dev/4685315905087654.mp4
carried-forward  1251191153618197 c0  → https://pub-893b4a6a607b4221a894bf861da7914e.r2.dev/1251191153618197.mp4
carried-forward  1701299787729897 c0  → https://pub-893b4a6a607b4221a894bf861da7914e.r2.dev/1701299787729897.mp4
carried-forward  1637911940656686 c0  → https://pub-893b4a6a607b4221a894bf861da7914e.r2.dev/1637911940656686.mp4
carried-forward  914184308326307 c0  → https://pub-893b4a6a607b4221a894bf861da7914e.r2.dev/914184308326307.mp4
carried-forward  890589943792591 c0  → https://pub-893b4a6a607b4221a894bf861da7914e.r2.dev/890589943792591.mp4
carried-forward  874940122070171 c0  → https://pub-893b4a6a607b4221a894bf861da7914e.r2.dev/874940122070171.mp4
carried-forward  1722743238888620 c0  → https://pub-893b4a6a607b4221a894bf861da7914e.r2.dev/1722743238888620.mp4
carried-forward  1116123194536720 c0  → https://pub-893b4a6a607b4221a894bf861da7914e.r2.dev/1116123194536720.mp4
carried-forward  1339144911424810 c0  → https://pub-893b4a6a607b4221a894bf861da7914e.r2.dev/1339144911424810.mp4
carried-forward  5195950473963815 c0  → https://pub-893b4a6a607b4221a894bf861da7914e.r2.dev/5195950473963815.mp4
carried-forward  1945996112929486 c0  → https://pub-893b4a6a607b4221a894bf861da7914e.r2.dev/1945996112929486.mp4
carried-forward  2342191226288310 c0  → https://pub-893b4a6a607b4221a894bf861da7914e.r2.dev/2342191226288310.mp4
carried-forward  1419054459866080 c0  → https://pub-893b4a6a607b4221a894bf861da7914e.r2.dev/1419054459866080.mp4
carried-forward  1499968041505818 c0  → https://pub-893b4a6a607b4221a894bf861da7914e.r2.dev/1499968041505818.mp4
carried-forward  1711078123666484 c0  → https://pub-893b4a6a607b4221a894bf861da7914e.r2.dev/1711078123666484.mp4
carried-forward  1126978040496998 c0  → https://pub-893b4a6a607b4221a894bf861da7914e.r2.dev/1126978040496998.mp4
carried-forward  1924755088213891 c0  → https://pub-893b4a6a607b4221a894bf861da7914e.r2.dev/1924755088213891.mp4
carried-forward  1736747117292615 c0  → https://pub-893b4a6a607b4221a894bf861da7914e.r2.dev/1736747117292615.mp4
carried-forward  1523983375767554 c0  → https://pub-893b4a6a607b4221a894bf861da7914e.r2.dev/1523983375767554.mp4
carried-forward  1427103212256894 c0  → https://pub-893b4a6a607b4221a894bf861da7914e.r2.dev/1427103212256894.mp4
carried-forward  1756116462230470 c0  → https://pub-893b4a6a607b4221a894bf861da7914e.r2.dev/1756116462230470.mp4
carried-forward  35629835543327836 c0  → https://pub-893b4a6a607b4221a894bf861da7914e.r2.dev/35629835543327836.mp4
carried-forward  2253030498553449 c0  → https://pub-893b4a6a607b4221a894bf861da7914e.r2.dev/2253030498553449.mp4
carried-forward  861154453569534 c0  → https://pub-893b4a6a607b4221a894bf861da7914e.r2.dev/861154453569534.mp4
carried-forward  1841182893505052 c0  → https://pub-893b4a6a607b4221a894bf861da7914e.r2.dev/1841182893505052.mp4
carried-forward  1708177286868160 c0  → https://pub-893b4a6a607b4221a894bf861da7914e.r2.dev/1708177286868160.mp4
carried-forward  902496572123981 c0  → https://pub-893b4a6a607b4221a894bf861da7914e.r2.dev/902496572123981.mp4
carried-forward  2446213659535926 c0  → https://pub-893b4a6a607b4221a894bf861da7914e.r2.dev/2446213659535926.mp4
carried-forward  1525833275872737 c0  → https://pub-893b4a6a607b4221a894bf861da7914e.r2.dev/1525833275872737.mp4
carried-forward  1873195333560021 c0  → https://pub-893b4a6a607b4221a894bf861da7914e.r2.dev/1873195333560021.mp4
uploaded         2573304183110934 c0  ← 2573304183110934.mp4  → https://pub-893b4a6a607b4221a894bf861da7914e.r2.dev/2573304183110934.mp4
uploaded         2045983655982810 c0  ← 2045983655982810.mp4  → https://pub-893b4a6a607b4221a894bf861da7914e.r2.dev/2045983655982810.mp4
uploaded         1626553531732571 c0  ← 1626553531732571.mp4  → https://pub-893b4a6a607b4221a894bf861da7914e.r2.dev/1626553531732571.mp4
uploaded         1302125191954780 c0  ← 1302125191954780.mp4  → https://pub-893b4a6a607b4221a894bf861da7914e.r2.dev/1302125191954780.mp4
uploaded         1436524178516846 c0  ← 1436524178516846.mp4  → https://pub-893b4a6a607b4221a894bf861da7914e.r2.dev/1436524178516846.mp4
uploaded         3524825214333769 c0  ← 3524825214333769.mp4  → https://pub-893b4a6a607b4221a894bf861da7914e.r2.dev/3524825214333769.mp4
uploaded         1984337915507800 c0  ← 1984337915507800.mp4  → https://pub-893b4a6a607b4221a894bf861da7914e.r2.dev/1984337915507800.mp4
uploaded         941734938861838 c0  ← 941734938861838.mp4  → https://pub-893b4a6a607b4221a894bf861da7914e.r2.dev/941734938861838.mp4
