# Step 3 run log
# competitor : english-seekho
# started_at : 2026-06-12T08:48:54
# input      : facebook/inputs/fb-ads-english-seekho-2026-06-12-0829.csv
# videos     : facebook/videos/english-seekho-2026-06-12
# master     : facebook/master/english-seekho.csv  (updated)
# enriched   : facebook/inputs/fb-ads-english-seekho-2026-06-12-0829_enriched.csv
# bucket     : video-ads
# public_base: https://dcfd27564ef899969db9a562c7e1945f.r2.cloudflarestorage.com
# dry_run    : False
#
# counts     : {'uploaded': 175, 'carried-forward': 103, 'image-pending': 0, 'video-missing': 16, 'no-creative': 0, 'error': 0}
#
carried-forward  1503697738097799 c0  → https://pub-893b4a6a607b4221a894bf861da7914e.r2.dev/1503697738097799.mp4
carried-forward  1271047411639492 c0  → https://pub-893b4a6a607b4221a894bf861da7914e.r2.dev/1271047411639492.mp4
uploaded         990018286870707 c0  (video) ← 990018286870707.mp4  → https://dcfd27564ef899969db9a562c7e1945f.r2.cloudflarestorage.com/990018286870707.mp4
carried-forward  1513255320189298 c0  → https://pub-893b4a6a607b4221a894bf861da7914e.r2.dev/1513255320189298.mp4
carried-forward  1304663088473953 c0  → https://pub-893b4a6a607b4221a894bf861da7914e.r2.dev/1304663088473953.mp4
carried-forward  882040494892409 c0  → https://pub-893b4a6a607b4221a894bf861da7914e.r2.dev/882040494892409.mp4
uploaded         1603965631335488 c0  (video) ← 1603965631335488.mp4  → https://dcfd27564ef899969db9a562c7e1945f.r2.cloudflarestorage.com/1603965631335488.mp4
carried-forward  859593329883730 c0  → https://pub-893b4a6a607b4221a894bf861da7914e.r2.dev/859593329883730.mp4
carried-forward  1961301468092363 c0  → https://pub-893b4a6a607b4221a894bf861da7914e.r2.dev/1961301468092363.mp4
carried-forward  1008376008280324 c0  → https://pub-893b4a6a607b4221a894bf861da7914e.r2.dev/1008376008280324.mp4
carried-forward  1343543300957920 c0  → https://pub-893b4a6a607b4221a894bf861da7914e.r2.dev/1343543300957920.mp4
carried-forward  845261814500751 c0  → https://pub-893b4a6a607b4221a894bf861da7914e.r2.dev/845261814500751.mp4
carried-forward  1022674277084766 c0  → https://pub-893b4a6a607b4221a894bf861da7914e.r2.dev/1022674277084766.mp4
video-missing    1022674277084766 c0  (expected file not found in facebook/videos/english-seekho-2026-06-12)
carried-forward  2157206811736735 c0  → https://pub-893b4a6a607b4221a894bf861da7914e.r2.dev/2157206811736735.mp4
uploaded         2483997988715225 c0  (video) ← 2483997988715225.mp4  → https://dcfd27564ef899969db9a562c7e1945f.r2.cloudflarestorage.com/2483997988715225.mp4
carried-forward  1445447133927643 c0  → https://pub-893b4a6a607b4221a894bf861da7914e.r2.dev/1445447133927643.mp4
carried-forward  1525891568990663 c0  → https://pub-893b4a6a607b4221a894bf861da7914e.r2.dev/1525891568990663.mp4
video-missing    1525891568990663 c0  (expected file not found in facebook/videos/english-seekho-2026-06-12)
carried-forward  998909686118850 c0  → https://pub-893b4a6a607b4221a894bf861da7914e.r2.dev/998909686118850.mp4
carried-forward  2388747072037615 c0  → https://pub-893b4a6a607b4221a894bf861da7914e.r2.dev/2388747072037615.mp4
carried-forward  941734938861838 c0  → https://pub-893b4a6a607b4221a894bf861da7914e.r2.dev/941734938861838.mp4
carried-forward  999972472416365 c0  → https://pub-893b4a6a607b4221a894bf861da7914e.r2.dev/999972472416365.mp4
video-missing    999972472416365 c0  (expected file not found in facebook/videos/english-seekho-2026-06-12)
uploaded         2023887941855843 c0  (video) ← 2023887941855843.mp4  → https://dcfd27564ef899969db9a562c7e1945f.r2.cloudflarestorage.com/2023887941855843.mp4
video-missing    2023887941855843 c0  (expected file not found in facebook/videos/english-seekho-2026-06-12)
carried-forward  1195431255950589 c0  → https://pub-893b4a6a607b4221a894bf861da7914e.r2.dev/1195431255950589.mp4
carried-forward  923485210505551 c0  → https://pub-893b4a6a607b4221a894bf861da7914e.r2.dev/923485210505551.mp4
carried-forward  835603072955889 c0  → https://pub-893b4a6a607b4221a894bf861da7914e.r2.dev/835603072955889.mp4
carried-forward  1719939115662673 c0  → https://pub-893b4a6a607b4221a894bf861da7914e.r2.dev/1719939115662673.mp4
carried-forward  858733843910538 c0  → https://pub-893b4a6a607b4221a894bf861da7914e.r2.dev/858733843910538.mp4
carried-forward  1363154838960011 c0  → https://pub-893b4a6a607b4221a894bf861da7914e.r2.dev/1363154838960011.mp4
carried-forward  883414924661759 c0  → https://pub-893b4a6a607b4221a894bf861da7914e.r2.dev/883414924661759.mp4
carried-forward  1019378727292833 c0  → https://pub-893b4a6a607b4221a894bf861da7914e.r2.dev/1019378727292833.mp4
carried-forward  1018262830627096 c0  → https://pub-893b4a6a607b4221a894bf861da7914e.r2.dev/1018262830627096.mp4
uploaded         1003049005798358 c0  (video) ← 1003049005798358.mp4  → https://dcfd27564ef899969db9a562c7e1945f.r2.cloudflarestorage.com/1003049005798358.mp4
carried-forward  2152508018617561 c0  → https://pub-893b4a6a607b4221a894bf861da7914e.r2.dev/2152508018617561.mp4
uploaded         1328633246049728 c0  (video) ← 1328633246049728.mp4  → https://dcfd27564ef899969db9a562c7e1945f.r2.cloudflarestorage.com/1328633246049728.mp4
video-missing    1328633246049728 c0  (expected file not found in facebook/videos/english-seekho-2026-06-12)
uploaded         983636504265617 c0  (video) ← 983636504265617.mp4  → https://dcfd27564ef899969db9a562c7e1945f.r2.cloudflarestorage.com/983636504265617.mp4
uploaded         1543346810477427 c0  (video) ← 1543346810477427.mp4  → https://dcfd27564ef899969db9a562c7e1945f.r2.cloudflarestorage.com/1543346810477427.mp4
video-missing    1543346810477427 c0  (expected file not found in facebook/videos/english-seekho-2026-06-12)
carried-forward  2078950623024665 c0  → https://pub-893b4a6a607b4221a894bf861da7914e.r2.dev/2078950623024665.mp4
carried-forward  1504011217832296 c0  → https://pub-893b4a6a607b4221a894bf861da7914e.r2.dev/1504011217832296.mp4
carried-forward  1223700476600723 c0  → https://pub-893b4a6a607b4221a894bf861da7914e.r2.dev/1223700476600723.mp4
carried-forward  1487410989520803 c0  → https://pub-893b4a6a607b4221a894bf861da7914e.r2.dev/1487410989520803.mp4
uploaded         1011300708130761 c0  (video) ← 1011300708130761.mp4  → https://dcfd27564ef899969db9a562c7e1945f.r2.cloudflarestorage.com/1011300708130761.mp4
video-missing    1011300708130761 c0  (expected file not found in facebook/videos/english-seekho-2026-06-12)
carried-forward  2505471363291833 c0  → https://pub-893b4a6a607b4221a894bf861da7914e.r2.dev/2505471363291833.mp4
carried-forward  2537354666679942 c0  → https://pub-893b4a6a607b4221a894bf861da7914e.r2.dev/2537354666679942.mp4
carried-forward  944481151793509 c0  → https://pub-893b4a6a607b4221a894bf861da7914e.r2.dev/944481151793509.mp4
uploaded         2220792195401762 c0  (video) ← 2220792195401762.mp4  → https://dcfd27564ef899969db9a562c7e1945f.r2.cloudflarestorage.com/2220792195401762.mp4
uploaded         2033177030607948 c0  (video) ← 2033177030607948.mp4  → https://dcfd27564ef899969db9a562c7e1945f.r2.cloudflarestorage.com/2033177030607948.mp4
video-missing    2033177030607948 c0  (expected file not found in facebook/videos/english-seekho-2026-06-12)
carried-forward  1492356832542306 c0  → https://pub-893b4a6a607b4221a894bf861da7914e.r2.dev/1492356832542306.mp4
carried-forward  1852368735445229 c0  → https://pub-893b4a6a607b4221a894bf861da7914e.r2.dev/1852368735445229.mp4
carried-forward  960519010069920 c0  → https://pub-893b4a6a607b4221a894bf861da7914e.r2.dev/960519010069920.mp4
carried-forward  984431433971622 c0  → https://pub-893b4a6a607b4221a894bf861da7914e.r2.dev/984431433971622.mp4
video-missing    984431433971622 c0  (expected file not found in facebook/videos/english-seekho-2026-06-12)
uploaded         1399469045648797 c0  (video) ← 1399469045648797.mp4  → https://dcfd27564ef899969db9a562c7e1945f.r2.cloudflarestorage.com/1399469045648797.mp4
uploaded         1665314457865218 c0  (video) ← 1665314457865218.mp4  → https://dcfd27564ef899969db9a562c7e1945f.r2.cloudflarestorage.com/1665314457865218.mp4
uploaded         1536594971183889 c0  (video) ← 1536594971183889.mp4  → https://dcfd27564ef899969db9a562c7e1945f.r2.cloudflarestorage.com/1536594971183889.mp4
carried-forward  1447369716630978 c0  → https://pub-893b4a6a607b4221a894bf861da7914e.r2.dev/1447369716630978.mp4
uploaded         3903564523285126 c0  (video) ← 3903564523285126.mp4  → https://dcfd27564ef899969db9a562c7e1945f.r2.cloudflarestorage.com/3903564523285126.mp4
uploaded         1759319031903180 c0  (video) ← 1759319031903180.mp4  → https://dcfd27564ef899969db9a562c7e1945f.r2.cloudflarestorage.com/1759319031903180.mp4
carried-forward  1961729674555213 c0  → https://pub-893b4a6a607b4221a894bf861da7914e.r2.dev/1961729674555213.mp4
carried-forward  1540174657524420 c0  → https://pub-893b4a6a607b4221a894bf861da7914e.r2.dev/1540174657524420.mp4
video-missing    1540174657524420 c0  (expected file not found in facebook/videos/english-seekho-2026-06-12)
uploaded         971792018958076 c0  (video) ← 971792018958076.mp4  → https://dcfd27564ef899969db9a562c7e1945f.r2.cloudflarestorage.com/971792018958076.mp4
uploaded         2111199859425572 c0  (video) ← 2111199859425572.mp4  → https://dcfd27564ef899969db9a562c7e1945f.r2.cloudflarestorage.com/2111199859425572.mp4
uploaded         1731321081212871 c0  (video) ← 1731321081212871.mp4  → https://dcfd27564ef899969db9a562c7e1945f.r2.cloudflarestorage.com/1731321081212871.mp4
carried-forward  1965576304350514 c0  → https://pub-893b4a6a607b4221a894bf861da7914e.r2.dev/1965576304350514.mp4
uploaded         2020700811987683 c0  (video) ← 2020700811987683.mp4  → https://dcfd27564ef899969db9a562c7e1945f.r2.cloudflarestorage.com/2020700811987683.mp4
uploaded         1371188878397753 c0  (video) ← 1371188878397753.mp4  → https://dcfd27564ef899969db9a562c7e1945f.r2.cloudflarestorage.com/1371188878397753.mp4
carried-forward  812140348389276 c0  → https://pub-893b4a6a607b4221a894bf861da7914e.r2.dev/812140348389276.mp4
uploaded         36197580316553106 c0  (video) ← 36197580316553106.mp4  → https://dcfd27564ef899969db9a562c7e1945f.r2.cloudflarestorage.com/36197580316553106.mp4
uploaded         1755584038966985 c0  (video) ← 1755584038966985.mp4  → https://dcfd27564ef899969db9a562c7e1945f.r2.cloudflarestorage.com/1755584038966985.mp4
carried-forward  1708177286868160 c0  → https://pub-893b4a6a607b4221a894bf861da7914e.r2.dev/1708177286868160.mp4
uploaded         1758258622222070 c0  (video) ← 1758258622222070.mp4  → https://dcfd27564ef899969db9a562c7e1945f.r2.cloudflarestorage.com/1758258622222070.mp4
carried-forward  1808954107158548 c0  → https://pub-893b4a6a607b4221a894bf861da7914e.r2.dev/1808954107158548.mp4
carried-forward  1481600617048122 c0  → https://pub-893b4a6a607b4221a894bf861da7914e.r2.dev/1481600617048122.mp4
carried-forward  1232439765357445 c0  → https://pub-893b4a6a607b4221a894bf861da7914e.r2.dev/1232439765357445.mp4
uploaded         1698443078167513 c0  (video) ← 1698443078167513.mp4  → https://dcfd27564ef899969db9a562c7e1945f.r2.cloudflarestorage.com/1698443078167513.mp4
carried-forward  2230315987725301 c0  → https://pub-893b4a6a607b4221a894bf861da7914e.r2.dev/2230315987725301.mp4
video-missing    2230315987725301 c0  (expected file not found in facebook/videos/english-seekho-2026-06-12)
uploaded         1356697299666743 c0  (video) ← 1356697299666743.mp4  → https://dcfd27564ef899969db9a562c7e1945f.r2.cloudflarestorage.com/1356697299666743.mp4
video-missing    1356697299666743 c0  (expected file not found in facebook/videos/english-seekho-2026-06-12)
carried-forward  999500705960297 c0  → https://pub-893b4a6a607b4221a894bf861da7914e.r2.dev/999500705960297.mp4
uploaded         4214577932098383 c0  (video) ← 4214577932098383.mp4  → https://dcfd27564ef899969db9a562c7e1945f.r2.cloudflarestorage.com/4214577932098383.mp4
uploaded         983743594412724 c0  (video) ← 983743594412724.mp4  → https://dcfd27564ef899969db9a562c7e1945f.r2.cloudflarestorage.com/983743594412724.mp4
uploaded         1625019875269302 c0  (video) ← 1625019875269302.mp4  → https://dcfd27564ef899969db9a562c7e1945f.r2.cloudflarestorage.com/1625019875269302.mp4
carried-forward  1295675962756393 c0  → https://pub-893b4a6a607b4221a894bf861da7914e.r2.dev/1295675962756393.mp4
uploaded         883032468164104 c0  (video) ← 883032468164104.mp4  → https://dcfd27564ef899969db9a562c7e1945f.r2.cloudflarestorage.com/883032468164104.mp4
uploaded         1568452348192437 c0  (video) ← 1568452348192437.mp4  → https://dcfd27564ef899969db9a562c7e1945f.r2.cloudflarestorage.com/1568452348192437.mp4
uploaded         2281482145591769 c0  (video) ← 2281482145591769.mp4  → https://dcfd27564ef899969db9a562c7e1945f.r2.cloudflarestorage.com/2281482145591769.mp4
carried-forward  1526957075637460 c0  → https://pub-893b4a6a607b4221a894bf861da7914e.r2.dev/1526957075637460.mp4
uploaded         1214709560683717 c0  (video) ← 1214709560683717.mp4  → https://dcfd27564ef899969db9a562c7e1945f.r2.cloudflarestorage.com/1214709560683717.mp4
carried-forward  1360549895753796 c0  → https://pub-893b4a6a607b4221a894bf861da7914e.r2.dev/1360549895753796.mp4
uploaded         1535469484629346 c0  (video) ← 1535469484629346.mp4  → https://dcfd27564ef899969db9a562c7e1945f.r2.cloudflarestorage.com/1535469484629346.mp4
carried-forward  3098326293684794 c0  → https://pub-893b4a6a607b4221a894bf861da7914e.r2.dev/3098326293684794.mp4
uploaded         1882615675746221 c0  (video) ← 1882615675746221.mp4  → https://dcfd27564ef899969db9a562c7e1945f.r2.cloudflarestorage.com/1882615675746221.mp4
uploaded         1705246027426025 c0  (video) ← 1705246027426025.mp4  → https://dcfd27564ef899969db9a562c7e1945f.r2.cloudflarestorage.com/1705246027426025.mp4
carried-forward  985323620546558 c0  → https://pub-893b4a6a607b4221a894bf861da7914e.r2.dev/985323620546558.mp4
uploaded         1003514292166877 c0  (video) ← 1003514292166877.mp4  → https://dcfd27564ef899969db9a562c7e1945f.r2.cloudflarestorage.com/1003514292166877.mp4
carried-forward  1701299787729897 c0  → https://pub-893b4a6a607b4221a894bf861da7914e.r2.dev/1701299787729897.mp4
uploaded         1365203578997397 c0  (video) ← 1365203578997397.mp4  → https://dcfd27564ef899969db9a562c7e1945f.r2.cloudflarestorage.com/1365203578997397.mp4
uploaded         761260850409527 c0  (video) ← 761260850409527.mp4  → https://dcfd27564ef899969db9a562c7e1945f.r2.cloudflarestorage.com/761260850409527.mp4
uploaded         2057079731903565 c0  (video) ← 2057079731903565.mp4  → https://dcfd27564ef899969db9a562c7e1945f.r2.cloudflarestorage.com/2057079731903565.mp4
uploaded         978155708541589 c0  (video) ← 978155708541589.mp4  → https://dcfd27564ef899969db9a562c7e1945f.r2.cloudflarestorage.com/978155708541589.mp4
video-missing    978155708541589 c0  (expected file not found in facebook/videos/english-seekho-2026-06-12)
carried-forward  2738800799813855 c0  → https://pub-893b4a6a607b4221a894bf861da7914e.r2.dev/2738800799813855.mp4
uploaded         1285550063658875 c0  (video) ← 1285550063658875.mp4  → https://dcfd27564ef899969db9a562c7e1945f.r2.cloudflarestorage.com/1285550063658875.mp4
carried-forward  1544558360369298 c0  → https://pub-893b4a6a607b4221a894bf861da7914e.r2.dev/1544558360369298.mp4
video-missing    1544558360369298 c0  (expected file not found in facebook/videos/english-seekho-2026-06-12)
carried-forward  922682520699920 c0  → https://pub-893b4a6a607b4221a894bf861da7914e.r2.dev/922682520699920.mp4
uploaded         1465022205637019 c0  (video) ← 1465022205637019.mp4  → https://dcfd27564ef899969db9a562c7e1945f.r2.cloudflarestorage.com/1465022205637019.mp4
carried-forward  767456879118205 c0  → https://pub-893b4a6a607b4221a894bf861da7914e.r2.dev/767456879118205.mp4
carried-forward  1908450636707359 c0  → https://pub-893b4a6a607b4221a894bf861da7914e.r2.dev/1908450636707359.mp4
uploaded         882523394183938 c0  (video) ← 882523394183938.mp4  → https://dcfd27564ef899969db9a562c7e1945f.r2.cloudflarestorage.com/882523394183938.mp4
uploaded         1024125033893330 c0  (video) ← 1024125033893330.mp4  → https://dcfd27564ef899969db9a562c7e1945f.r2.cloudflarestorage.com/1024125033893330.mp4
uploaded         861399523217538 c0  (video) ← 861399523217538.mp4  → https://dcfd27564ef899969db9a562c7e1945f.r2.cloudflarestorage.com/861399523217538.mp4
uploaded         899891885965557 c0  (video) ← 899891885965557.mp4  → https://dcfd27564ef899969db9a562c7e1945f.r2.cloudflarestorage.com/899891885965557.mp4
video-missing    899891885965557 c0  (expected file not found in facebook/videos/english-seekho-2026-06-12)
uploaded         1879311179400835 c0  (video) ← 1879311179400835.mp4  → https://dcfd27564ef899969db9a562c7e1945f.r2.cloudflarestorage.com/1879311179400835.mp4
carried-forward  2674686452896226 c0  → https://pub-893b4a6a607b4221a894bf861da7914e.r2.dev/2674686452896226.mp4
uploaded         1013965144742380 c0  (video) ← 1013965144742380.mp4  → https://dcfd27564ef899969db9a562c7e1945f.r2.cloudflarestorage.com/1013965144742380.mp4
carried-forward  1501154984318432 c0  → https://pub-893b4a6a607b4221a894bf861da7914e.r2.dev/1501154984318432.mp4
uploaded         2106465080285398 c0  (video) ← 2106465080285398.mp4  → https://dcfd27564ef899969db9a562c7e1945f.r2.cloudflarestorage.com/2106465080285398.mp4
uploaded         1699878214534257 c0  (video) ← 1699878214534257.mp4  → https://dcfd27564ef899969db9a562c7e1945f.r2.cloudflarestorage.com/1699878214534257.mp4
uploaded         1528298082022266 c0  (video) ← 1528298082022266.mp4  → https://dcfd27564ef899969db9a562c7e1945f.r2.cloudflarestorage.com/1528298082022266.mp4
carried-forward  993724173607458 c0  → https://pub-893b4a6a607b4221a894bf861da7914e.r2.dev/993724173607458.mp4
carried-forward  1476645587385501 c0  → https://pub-893b4a6a607b4221a894bf861da7914e.r2.dev/1476645587385501.mp4
carried-forward  4379825375635044 c0  → https://pub-893b4a6a607b4221a894bf861da7914e.r2.dev/4379825375635044.mp4
carried-forward  1244507290916309 c0  → https://pub-893b4a6a607b4221a894bf861da7914e.r2.dev/1244507290916309.mp4
carried-forward  1798711957512384 c0  → https://pub-893b4a6a607b4221a894bf861da7914e.r2.dev/1798711957512384.mp4
uploaded         1591331855655826 c0  (video) ← 1591331855655826.mp4  → https://dcfd27564ef899969db9a562c7e1945f.r2.cloudflarestorage.com/1591331855655826.mp4
uploaded         1000086685840067 c0  (video) ← 1000086685840067.mp4  → https://dcfd27564ef899969db9a562c7e1945f.r2.cloudflarestorage.com/1000086685840067.mp4
carried-forward  1217329830515440 c0  → https://pub-893b4a6a607b4221a894bf861da7914e.r2.dev/1217329830515440.mp4
uploaded         27790818957191525 c0  (video) ← 27790818957191525.mp4  → https://dcfd27564ef899969db9a562c7e1945f.r2.cloudflarestorage.com/27790818957191525.mp4
uploaded         1000523962730989 c0  (video) ← 1000523962730989.mp4  → https://dcfd27564ef899969db9a562c7e1945f.r2.cloudflarestorage.com/1000523962730989.mp4
carried-forward  1868096310508725 c0  → https://pub-893b4a6a607b4221a894bf861da7914e.r2.dev/1868096310508725.mp4
uploaded         2335189793892390 c0  (video) ← 2335189793892390.mp4  → https://dcfd27564ef899969db9a562c7e1945f.r2.cloudflarestorage.com/2335189793892390.mp4
carried-forward  1116123194536720 c0  → https://pub-893b4a6a607b4221a894bf861da7914e.r2.dev/1116123194536720.mp4
carried-forward  1210251577301882 c0  → https://pub-893b4a6a607b4221a894bf861da7914e.r2.dev/1210251577301882.mp4
uploaded         876390288191197 c0  (video) ← 876390288191197.mp4  → https://dcfd27564ef899969db9a562c7e1945f.r2.cloudflarestorage.com/876390288191197.mp4
carried-forward  2176910723137201 c0  → https://pub-893b4a6a607b4221a894bf861da7914e.r2.dev/2176910723137201.mp4
carried-forward  769511858914323 c0  → https://pub-893b4a6a607b4221a894bf861da7914e.r2.dev/769511858914323.mp4
carried-forward  980972577867560 c0  → https://pub-893b4a6a607b4221a894bf861da7914e.r2.dev/980972577867560.mp4
uploaded         886940311119425 c0  (video) ← 886940311119425.mp4  → https://dcfd27564ef899969db9a562c7e1945f.r2.cloudflarestorage.com/886940311119425.mp4
uploaded         1513521240502710 c0  (video) ← 1513521240502710.mp4  → https://dcfd27564ef899969db9a562c7e1945f.r2.cloudflarestorage.com/1513521240502710.mp4
carried-forward  1905133330090659 c0  → https://pub-893b4a6a607b4221a894bf861da7914e.r2.dev/1905133330090659.mp4
uploaded         1270824095218870 c0  (video) ← 1270824095218870.mp4  → https://dcfd27564ef899969db9a562c7e1945f.r2.cloudflarestorage.com/1270824095218870.mp4
carried-forward  1251191153618197 c0  → https://pub-893b4a6a607b4221a894bf861da7914e.r2.dev/1251191153618197.mp4
uploaded         1311613457830080 c0  (video) ← 1311613457830080.mp4  → https://dcfd27564ef899969db9a562c7e1945f.r2.cloudflarestorage.com/1311613457830080.mp4
uploaded         1638340080555107 c0  (video) ← 1638340080555107.mp4  → https://dcfd27564ef899969db9a562c7e1945f.r2.cloudflarestorage.com/1638340080555107.mp4
uploaded         2895749224102167 c0  (video) ← 2895749224102167.mp4  → https://dcfd27564ef899969db9a562c7e1945f.r2.cloudflarestorage.com/2895749224102167.mp4
uploaded         1673868487068872 c0  (video) ← 1673868487068872.mp4  → https://dcfd27564ef899969db9a562c7e1945f.r2.cloudflarestorage.com/1673868487068872.mp4
carried-forward  1419054459866080 c0  → https://pub-893b4a6a607b4221a894bf861da7914e.r2.dev/1419054459866080.mp4
uploaded         2819779755048437 c0  (video) ← 2819779755048437.mp4  → https://dcfd27564ef899969db9a562c7e1945f.r2.cloudflarestorage.com/2819779755048437.mp4
carried-forward  1502392968556177 c0  → https://pub-893b4a6a607b4221a894bf861da7914e.r2.dev/1502392968556177.mp4
uploaded         1518923866338730 c0  (video) ← 1518923866338730.mp4  → https://dcfd27564ef899969db9a562c7e1945f.r2.cloudflarestorage.com/1518923866338730.mp4
carried-forward  2015119902365104 c0  → https://pub-893b4a6a607b4221a894bf861da7914e.r2.dev/2015119902365104.mp4
carried-forward  1054948106795031 c0  → https://pub-893b4a6a607b4221a894bf861da7914e.r2.dev/1054948106795031.mp4
carried-forward  608640915677208 c0  → https://pub-893b4a6a607b4221a894bf861da7914e.r2.dev/608640915677208.mp4
uploaded         2745159825869186 c0  (video) ← 2745159825869186.mp4  → https://dcfd27564ef899969db9a562c7e1945f.r2.cloudflarestorage.com/2745159825869186.mp4
carried-forward  25537890735891271 c0  → https://pub-893b4a6a607b4221a894bf861da7914e.r2.dev/25537890735891271.mp4
carried-forward  1229348518532340 c0  → https://pub-893b4a6a607b4221a894bf861da7914e.r2.dev/1229348518532340.mp4
uploaded         745415861983514 c0  (video) ← 745415861983514.mp4  → https://dcfd27564ef899969db9a562c7e1945f.r2.cloudflarestorage.com/745415861983514.mp4
uploaded         874526275698683 c0  (video) ← 874526275698683.mp4  → https://dcfd27564ef899969db9a562c7e1945f.r2.cloudflarestorage.com/874526275698683.mp4
uploaded         1445227317366557 c0  (video) ← 1445227317366557.mp4  → https://dcfd27564ef899969db9a562c7e1945f.r2.cloudflarestorage.com/1445227317366557.mp4
uploaded         2180465996082123 c0  (video) ← 2180465996082123.mp4  → https://dcfd27564ef899969db9a562c7e1945f.r2.cloudflarestorage.com/2180465996082123.mp4
uploaded         2385924875234524 c0  (video) ← 2385924875234524.mp4  → https://dcfd27564ef899969db9a562c7e1945f.r2.cloudflarestorage.com/2385924875234524.mp4
carried-forward  1224227439081919 c0  → https://pub-893b4a6a607b4221a894bf861da7914e.r2.dev/1224227439081919.mp4
carried-forward  941526071921361 c0  → https://pub-893b4a6a607b4221a894bf861da7914e.r2.dev/941526071921361.mp4
uploaded         1536553451211941 c0  (video) ← 1536553451211941.mp4  → https://dcfd27564ef899969db9a562c7e1945f.r2.cloudflarestorage.com/1536553451211941.mp4
carried-forward  4685315905087654 c0  → https://pub-893b4a6a607b4221a894bf861da7914e.r2.dev/4685315905087654.mp4
uploaded         2033105254259013 c0  (video) ← 2033105254259013.mp4  → https://dcfd27564ef899969db9a562c7e1945f.r2.cloudflarestorage.com/2033105254259013.mp4
uploaded         881691660937503 c0  (video) ← 881691660937503.mp4  → https://dcfd27564ef899969db9a562c7e1945f.r2.cloudflarestorage.com/881691660937503.mp4
uploaded         1006661035243431 c0  (video) ← 1006661035243431.mp4  → https://dcfd27564ef899969db9a562c7e1945f.r2.cloudflarestorage.com/1006661035243431.mp4
uploaded         802553552808088 c0  (video) ← 802553552808088.mp4  → https://dcfd27564ef899969db9a562c7e1945f.r2.cloudflarestorage.com/802553552808088.mp4
carried-forward  1559841751931772 c0  → https://pub-893b4a6a607b4221a894bf861da7914e.r2.dev/1559841751931772.mp4
carried-forward  840752642285554 c0  → https://pub-893b4a6a607b4221a894bf861da7914e.r2.dev/840752642285554.mp4
uploaded         991338363868372 c0  (video) ← 991338363868372.mp4  → https://dcfd27564ef899969db9a562c7e1945f.r2.cloudflarestorage.com/991338363868372.mp4
carried-forward  890589943792591 c0  → https://pub-893b4a6a607b4221a894bf861da7914e.r2.dev/890589943792591.mp4
uploaded         1316284770675915 c0  (video) ← 1316284770675915.mp4  → https://dcfd27564ef899969db9a562c7e1945f.r2.cloudflarestorage.com/1316284770675915.mp4
uploaded         1541923423962810 c0  (video) ← 1541923423962810.mp4  → https://dcfd27564ef899969db9a562c7e1945f.r2.cloudflarestorage.com/1541923423962810.mp4
uploaded         1698112201434588 c0  (video) ← 1698112201434588.mp4  → https://dcfd27564ef899969db9a562c7e1945f.r2.cloudflarestorage.com/1698112201434588.mp4
uploaded         2075965949653375 c0  (video) ← 2075965949653375.mp4  → https://dcfd27564ef899969db9a562c7e1945f.r2.cloudflarestorage.com/2075965949653375.mp4
uploaded         1003100012713926 c0  (video) ← 1003100012713926.mp4  → https://dcfd27564ef899969db9a562c7e1945f.r2.cloudflarestorage.com/1003100012713926.mp4
uploaded         2104226480129193 c0  (video) ← 2104226480129193.mp4  → https://dcfd27564ef899969db9a562c7e1945f.r2.cloudflarestorage.com/2104226480129193.mp4
carried-forward  1509527853448376 c0  → https://pub-893b4a6a607b4221a894bf861da7914e.r2.dev/1509527853448376.mp4
uploaded         1016959647699492 c0  (video) ← 1016959647699492.mp4  → https://dcfd27564ef899969db9a562c7e1945f.r2.cloudflarestorage.com/1016959647699492.mp4
carried-forward  874940122070171 c0  → https://pub-893b4a6a607b4221a894bf861da7914e.r2.dev/874940122070171.mp4
uploaded         1491518059125575 c0  (video) ← 1491518059125575.mp4  → https://dcfd27564ef899969db9a562c7e1945f.r2.cloudflarestorage.com/1491518059125575.mp4
uploaded         998462612671160 c0  (video) ← 998462612671160.mp4  → https://dcfd27564ef899969db9a562c7e1945f.r2.cloudflarestorage.com/998462612671160.mp4
uploaded         1930209284313419 c0  (video) ← 1930209284313419.mp4  → https://dcfd27564ef899969db9a562c7e1945f.r2.cloudflarestorage.com/1930209284313419.mp4
carried-forward  26372603382322992 c0  → https://pub-893b4a6a607b4221a894bf861da7914e.r2.dev/26372603382322992.mp4
uploaded         2076854146593087 c0  (video) ← 2076854146593087.mp4  → https://dcfd27564ef899969db9a562c7e1945f.r2.cloudflarestorage.com/2076854146593087.mp4
uploaded         1547106290447968 c0  (video) ← 1547106290447968.mp4  → https://dcfd27564ef899969db9a562c7e1945f.r2.cloudflarestorage.com/1547106290447968.mp4
uploaded         1488947212361508 c0  (video) ← 1488947212361508.mp4  → https://dcfd27564ef899969db9a562c7e1945f.r2.cloudflarestorage.com/1488947212361508.mp4
uploaded         1540800061031893 c0  (video) ← 1540800061031893.mp4  → https://dcfd27564ef899969db9a562c7e1945f.r2.cloudflarestorage.com/1540800061031893.mp4
uploaded         1549719940113225 c0  (video) ← 1549719940113225.mp4  → https://dcfd27564ef899969db9a562c7e1945f.r2.cloudflarestorage.com/1549719940113225.mp4
uploaded         1015926377610393 c0  (video) ← 1015926377610393.mp4  → https://dcfd27564ef899969db9a562c7e1945f.r2.cloudflarestorage.com/1015926377610393.mp4
carried-forward  5195950473963815 c0  → https://pub-893b4a6a607b4221a894bf861da7914e.r2.dev/5195950473963815.mp4
carried-forward  906890209075307 c0  → https://pub-893b4a6a607b4221a894bf861da7914e.r2.dev/906890209075307.mp4
uploaded         4369675073304342 c0  (video) ← 4369675073304342.mp4  → https://dcfd27564ef899969db9a562c7e1945f.r2.cloudflarestorage.com/4369675073304342.mp4
uploaded         1316270936725599 c0  (video) ← 1316270936725599.mp4  → https://dcfd27564ef899969db9a562c7e1945f.r2.cloudflarestorage.com/1316270936725599.mp4
uploaded         1522677949449657 c0  (video) ← 1522677949449657.mp4  → https://dcfd27564ef899969db9a562c7e1945f.r2.cloudflarestorage.com/1522677949449657.mp4
uploaded         1033915609199890 c0  (video) ← 1033915609199890.mp4  → https://dcfd27564ef899969db9a562c7e1945f.r2.cloudflarestorage.com/1033915609199890.mp4
uploaded         2854190348276214 c0  (video) ← 2854190348276214.mp4  → https://dcfd27564ef899969db9a562c7e1945f.r2.cloudflarestorage.com/2854190348276214.mp4
uploaded         1720610582305471 c0  (video) ← 1720610582305471.mp4  → https://dcfd27564ef899969db9a562c7e1945f.r2.cloudflarestorage.com/1720610582305471.mp4
carried-forward  1945996112929486 c0  → https://pub-893b4a6a607b4221a894bf861da7914e.r2.dev/1945996112929486.mp4
carried-forward  1427103212256894 c0  → https://pub-893b4a6a607b4221a894bf861da7914e.r2.dev/1427103212256894.mp4
uploaded         2329391687589156 c0  (video) ← 2329391687589156.mp4  → https://dcfd27564ef899969db9a562c7e1945f.r2.cloudflarestorage.com/2329391687589156.mp4
uploaded         980416391523222 c0  (video) ← 980416391523222.mp4  → https://dcfd27564ef899969db9a562c7e1945f.r2.cloudflarestorage.com/980416391523222.mp4
uploaded         1041203921585031 c0  (video) ← 1041203921585031.mp4  → https://dcfd27564ef899969db9a562c7e1945f.r2.cloudflarestorage.com/1041203921585031.mp4
uploaded         1004806355238570 c0  (video) ← 1004806355238570.mp4  → https://dcfd27564ef899969db9a562c7e1945f.r2.cloudflarestorage.com/1004806355238570.mp4
uploaded         1711642266633519 c0  (video) ← 1711642266633519.mp4  → https://dcfd27564ef899969db9a562c7e1945f.r2.cloudflarestorage.com/1711642266633519.mp4
carried-forward  1525833275872737 c0  → https://pub-893b4a6a607b4221a894bf861da7914e.r2.dev/1525833275872737.mp4
uploaded         2787851868238534 c0  (video) ← 2787851868238534.mp4  → https://dcfd27564ef899969db9a562c7e1945f.r2.cloudflarestorage.com/2787851868238534.mp4
uploaded         2417649142056962 c0  (video) ← 2417649142056962.mp4  → https://dcfd27564ef899969db9a562c7e1945f.r2.cloudflarestorage.com/2417649142056962.mp4
uploaded         2174193026691981 c0  (video) ← 2174193026691981.mp4  → https://dcfd27564ef899969db9a562c7e1945f.r2.cloudflarestorage.com/2174193026691981.mp4
uploaded         1720271139155250 c0  (video) ← 1720271139155250.mp4  → https://dcfd27564ef899969db9a562c7e1945f.r2.cloudflarestorage.com/1720271139155250.mp4
uploaded         2300890010448306 c0  (video) ← 2300890010448306.mp4  → https://dcfd27564ef899969db9a562c7e1945f.r2.cloudflarestorage.com/2300890010448306.mp4
uploaded         966723416201096 c0  (video) ← 966723416201096.mp4  → https://dcfd27564ef899969db9a562c7e1945f.r2.cloudflarestorage.com/966723416201096.mp4
uploaded         1915038892527417 c0  (video) ← 1915038892527417.mp4  → https://dcfd27564ef899969db9a562c7e1945f.r2.cloudflarestorage.com/1915038892527417.mp4
uploaded         954032054280252 c0  (video) ← 954032054280252.mp4  → https://dcfd27564ef899969db9a562c7e1945f.r2.cloudflarestorage.com/954032054280252.mp4
uploaded         2058357901722473 c0  (video) ← 2058357901722473.mp4  → https://dcfd27564ef899969db9a562c7e1945f.r2.cloudflarestorage.com/2058357901722473.mp4
uploaded         990254637064965 c0  (video) ← 990254637064965.mp4  → https://dcfd27564ef899969db9a562c7e1945f.r2.cloudflarestorage.com/990254637064965.mp4
uploaded         881346784311029 c0  (video) ← 881346784311029.mp4  → https://dcfd27564ef899969db9a562c7e1945f.r2.cloudflarestorage.com/881346784311029.mp4
uploaded         1371263345064271 c0  (video) ← 1371263345064271.mp4  → https://dcfd27564ef899969db9a562c7e1945f.r2.cloudflarestorage.com/1371263345064271.mp4
uploaded         1389914442975371 c0  (video) ← 1389914442975371.mp4  → https://dcfd27564ef899969db9a562c7e1945f.r2.cloudflarestorage.com/1389914442975371.mp4
uploaded         2242764483134829 c0  (video) ← 2242764483134829.mp4  → https://dcfd27564ef899969db9a562c7e1945f.r2.cloudflarestorage.com/2242764483134829.mp4
uploaded         1161138129534140 c0  (video) ← 1161138129534140.mp4  → https://dcfd27564ef899969db9a562c7e1945f.r2.cloudflarestorage.com/1161138129534140.mp4
uploaded         1701580634319194 c0  (video) ← 1701580634319194.mp4  → https://dcfd27564ef899969db9a562c7e1945f.r2.cloudflarestorage.com/1701580634319194.mp4
uploaded         2042615336642783 c0  (video) ← 2042615336642783.mp4  → https://dcfd27564ef899969db9a562c7e1945f.r2.cloudflarestorage.com/2042615336642783.mp4
uploaded         990597490610841 c0  (video) ← 990597490610841.mp4  → https://dcfd27564ef899969db9a562c7e1945f.r2.cloudflarestorage.com/990597490610841.mp4
uploaded         2221899985277011 c0  (video) ← 2221899985277011.mp4  → https://dcfd27564ef899969db9a562c7e1945f.r2.cloudflarestorage.com/2221899985277011.mp4
uploaded         883554291455242 c0  (video) ← 883554291455242.mp4  → https://dcfd27564ef899969db9a562c7e1945f.r2.cloudflarestorage.com/883554291455242.mp4
carried-forward  1873195333560021 c0  → https://pub-893b4a6a607b4221a894bf861da7914e.r2.dev/1873195333560021.mp4
uploaded         1187405566846547 c0  (video) ← 1187405566846547.mp4  → https://dcfd27564ef899969db9a562c7e1945f.r2.cloudflarestorage.com/1187405566846547.mp4
uploaded         1628464242612514 c0  (video) ← 1628464242612514.mp4  → https://dcfd27564ef899969db9a562c7e1945f.r2.cloudflarestorage.com/1628464242612514.mp4
uploaded         1733841918042744 c0  (video) ← 1733841918042744.mp4  → https://dcfd27564ef899969db9a562c7e1945f.r2.cloudflarestorage.com/1733841918042744.mp4
carried-forward  2253030498553449 c0  → https://pub-893b4a6a607b4221a894bf861da7914e.r2.dev/2253030498553449.mp4
carried-forward  861154453569534 c0  → https://pub-893b4a6a607b4221a894bf861da7914e.r2.dev/861154453569534.mp4
uploaded         1530668092181879 c0  (video) ← 1530668092181879.mp4  → https://dcfd27564ef899969db9a562c7e1945f.r2.cloudflarestorage.com/1530668092181879.mp4
uploaded         1780057300029947 c0  (video) ← 1780057300029947.mp4  → https://dcfd27564ef899969db9a562c7e1945f.r2.cloudflarestorage.com/1780057300029947.mp4
uploaded         1784669902694989 c0  (video) ← 1784669902694989.mp4  → https://dcfd27564ef899969db9a562c7e1945f.r2.cloudflarestorage.com/1784669902694989.mp4
uploaded         907474865691545 c0  (video) ← 907474865691545.mp4  → https://dcfd27564ef899969db9a562c7e1945f.r2.cloudflarestorage.com/907474865691545.mp4
uploaded         983643497710063 c0  (video) ← 983643497710063.mp4  → https://dcfd27564ef899969db9a562c7e1945f.r2.cloudflarestorage.com/983643497710063.mp4
uploaded         2005881986683407 c0  (video) ← 2005881986683407.mp4  → https://dcfd27564ef899969db9a562c7e1945f.r2.cloudflarestorage.com/2005881986683407.mp4
carried-forward  902496572123981 c0  → https://pub-893b4a6a607b4221a894bf861da7914e.r2.dev/902496572123981.mp4
uploaded         954483154257513 c0  (video) ← 954483154257513.mp4  → https://dcfd27564ef899969db9a562c7e1945f.r2.cloudflarestorage.com/954483154257513.mp4
uploaded         1395351685758863 c0  (video) ← 1395351685758863.mp4  → https://dcfd27564ef899969db9a562c7e1945f.r2.cloudflarestorage.com/1395351685758863.mp4
uploaded         1019346871031325 c0  (video) ← 1019346871031325.mp4  → https://dcfd27564ef899969db9a562c7e1945f.r2.cloudflarestorage.com/1019346871031325.mp4
uploaded         1366851648954243 c0  (video) ← 1366851648954243.mp4  → https://dcfd27564ef899969db9a562c7e1945f.r2.cloudflarestorage.com/1366851648954243.mp4
uploaded         4539332442969258 c0  (video) ← 4539332442969258.mp4  → https://dcfd27564ef899969db9a562c7e1945f.r2.cloudflarestorage.com/4539332442969258.mp4
uploaded         1329558305906208 c0  (video) ← 1329558305906208.mp4  → https://dcfd27564ef899969db9a562c7e1945f.r2.cloudflarestorage.com/1329558305906208.mp4
uploaded         1329344752489006 c0  (video) ← 1329344752489006.mp4  → https://dcfd27564ef899969db9a562c7e1945f.r2.cloudflarestorage.com/1329344752489006.mp4
uploaded         1642769457026334 c0  (video) ← 1642769457026334.mp4  → https://dcfd27564ef899969db9a562c7e1945f.r2.cloudflarestorage.com/1642769457026334.mp4
uploaded         1632229781167786 c0  (video) ← 1632229781167786.mp4  → https://dcfd27564ef899969db9a562c7e1945f.r2.cloudflarestorage.com/1632229781167786.mp4
uploaded         884539008014653 c0  (video) ← 884539008014653.mp4  → https://dcfd27564ef899969db9a562c7e1945f.r2.cloudflarestorage.com/884539008014653.mp4
uploaded         1715606886123446 c0  (video) ← 1715606886123446.mp4  → https://dcfd27564ef899969db9a562c7e1945f.r2.cloudflarestorage.com/1715606886123446.mp4
uploaded         1877811350272054 c0  (video) ← 1877811350272054.mp4  → https://dcfd27564ef899969db9a562c7e1945f.r2.cloudflarestorage.com/1877811350272054.mp4
uploaded         1542340673957916 c0  (video) ← 1542340673957916.mp4  → https://dcfd27564ef899969db9a562c7e1945f.r2.cloudflarestorage.com/1542340673957916.mp4
uploaded         873092048567708 c0  (video) ← 873092048567708.mp4  → https://dcfd27564ef899969db9a562c7e1945f.r2.cloudflarestorage.com/873092048567708.mp4
uploaded         4343062242600010 c0  (video) ← 4343062242600010.mp4  → https://dcfd27564ef899969db9a562c7e1945f.r2.cloudflarestorage.com/4343062242600010.mp4
uploaded         1000814619513542 c0  (video) ← 1000814619513542.mp4  → https://dcfd27564ef899969db9a562c7e1945f.r2.cloudflarestorage.com/1000814619513542.mp4
carried-forward  1302125191954780 c0  → https://pub-893b4a6a607b4221a894bf861da7914e.r2.dev/1302125191954780.mp4
uploaded         2456598014858856 c0  (video) ← 2456598014858856.mp4  → https://dcfd27564ef899969db9a562c7e1945f.r2.cloudflarestorage.com/2456598014858856.mp4
uploaded         897772403335650 c0  (video) ← 897772403335650.mp4  → https://dcfd27564ef899969db9a562c7e1945f.r2.cloudflarestorage.com/897772403335650.mp4
uploaded         4112442375720100 c0  (video) ← 4112442375720100.mp4  → https://dcfd27564ef899969db9a562c7e1945f.r2.cloudflarestorage.com/4112442375720100.mp4
video-missing    4112442375720100 c0  (expected file not found in facebook/videos/english-seekho-2026-06-12)
uploaded         2056676595197357 c0  (video) ← 2056676595197357.mp4  → https://dcfd27564ef899969db9a562c7e1945f.r2.cloudflarestorage.com/2056676595197357.mp4
uploaded         1608575014603598 c0  (video) ← 1608575014603598.mp4  → https://dcfd27564ef899969db9a562c7e1945f.r2.cloudflarestorage.com/1608575014603598.mp4
uploaded         1000927905811536 c0  (video) ← 1000927905811536.mp4  → https://dcfd27564ef899969db9a562c7e1945f.r2.cloudflarestorage.com/1000927905811536.mp4
uploaded         2055782472016906 c0  (video) ← 2055782472016906.mp4  → https://dcfd27564ef899969db9a562c7e1945f.r2.cloudflarestorage.com/2055782472016906.mp4
uploaded         1004112128872943 c0  (video) ← 1004112128872943.mp4  → https://dcfd27564ef899969db9a562c7e1945f.r2.cloudflarestorage.com/1004112128872943.mp4
uploaded         2750157982023151 c0  (video) ← 2750157982023151.mp4  → https://dcfd27564ef899969db9a562c7e1945f.r2.cloudflarestorage.com/2750157982023151.mp4
uploaded         1620402635724438 c0  (video) ← 1620402635724438.mp4  → https://dcfd27564ef899969db9a562c7e1945f.r2.cloudflarestorage.com/1620402635724438.mp4
uploaded         976998408541407 c0  (video) ← 976998408541407.mp4  → https://dcfd27564ef899969db9a562c7e1945f.r2.cloudflarestorage.com/976998408541407.mp4
uploaded         985627677720732 c0  (video) ← 985627677720732.mp4  → https://dcfd27564ef899969db9a562c7e1945f.r2.cloudflarestorage.com/985627677720732.mp4
uploaded         1713250286381290 c0  (video) ← 1713250286381290.mp4  → https://dcfd27564ef899969db9a562c7e1945f.r2.cloudflarestorage.com/1713250286381290.mp4
uploaded         1669005917711876 c0  (video) ← 1669005917711876.mp4  → https://dcfd27564ef899969db9a562c7e1945f.r2.cloudflarestorage.com/1669005917711876.mp4
uploaded         986194637611101 c0  (video) ← 986194637611101.mp4  → https://dcfd27564ef899969db9a562c7e1945f.r2.cloudflarestorage.com/986194637611101.mp4
uploaded         2225673594942685 c0  (video) ← 2225673594942685.mp4  → https://dcfd27564ef899969db9a562c7e1945f.r2.cloudflarestorage.com/2225673594942685.mp4
uploaded         1008058698299539 c0  (video) ← 1008058698299539.mp4  → https://dcfd27564ef899969db9a562c7e1945f.r2.cloudflarestorage.com/1008058698299539.mp4
uploaded         1691683045480256 c0  (video) ← 1691683045480256.mp4  → https://dcfd27564ef899969db9a562c7e1945f.r2.cloudflarestorage.com/1691683045480256.mp4
uploaded         2455706111536072 c0  (video) ← 2455706111536072.mp4  → https://dcfd27564ef899969db9a562c7e1945f.r2.cloudflarestorage.com/2455706111536072.mp4
uploaded         2061280504770026 c0  (video) ← 2061280504770026.mp4  → https://dcfd27564ef899969db9a562c7e1945f.r2.cloudflarestorage.com/2061280504770026.mp4
uploaded         4045096479121226 c0  (video) ← 4045096479121226.mp4  → https://dcfd27564ef899969db9a562c7e1945f.r2.cloudflarestorage.com/4045096479121226.mp4
uploaded         27684869524439116 c0  (video) ← 27684869524439116.mp4  → https://dcfd27564ef899969db9a562c7e1945f.r2.cloudflarestorage.com/27684869524439116.mp4
uploaded         2188364915349910 c0  (video) ← 2188364915349910.mp4  → https://dcfd27564ef899969db9a562c7e1945f.r2.cloudflarestorage.com/2188364915349910.mp4
uploaded         1005257525198925 c0  (video) ← 1005257525198925.mp4  → https://dcfd27564ef899969db9a562c7e1945f.r2.cloudflarestorage.com/1005257525198925.mp4
