# Step 3 run log
# competitor : fluently
# started_at : 2026-06-04T15:58:46
# input      : inputs/fb-ads-fluently-2026-06-04-1545_pipeline.csv
# videos     : videos/fluently-2026-06-04
# master     : master/fluently.csv  (unchanged (dry-run))
# enriched   : inputs/fb-ads-fluently-2026-06-04-1545_pipeline_enriched.csv
# bucket     : video-ads
# public_base: https://pub-893b4a6a607b4221a894bf861da7914e.r2.dev
# dry_run    : True
#
# counts     : {'uploaded': 295, 'carried-forward': 102, 'image-pending': 0, 'video-missing': 10, 'no-creative': 0, 'error': 0}
#
carried-forward  973909435205486 c0  → https://pub-893b4a6a607b4221a894bf861da7914e.r2.dev/973909435205486.mp4
carried-forward  987587470425976 c0  → https://pub-893b4a6a607b4221a894bf861da7914e.r2.dev/987587470425976.mp4
carried-forward  1503537474699018 c0  → https://pub-893b4a6a607b4221a894bf861da7914e.r2.dev/1503537474699018.mp4
carried-forward  2066294067499861 c0  → https://pub-893b4a6a607b4221a894bf861da7914e.r2.dev/2066294067499861.mp4
carried-forward  1596212348295807 c0  → https://pub-893b4a6a607b4221a894bf861da7914e.r2.dev/1596212348295807.mp4
carried-forward  1292435579738797 c0  → https://pub-893b4a6a607b4221a894bf861da7914e.r2.dev/1292435579738797.mp4
carried-forward  2687096741625217 c0  → https://pub-893b4a6a607b4221a894bf861da7914e.r2.dev/2687096741625217.mp4
carried-forward  1532487928294222 c0  → https://pub-893b4a6a607b4221a894bf861da7914e.r2.dev/1532487928294222.mp4
carried-forward  946896624496219 c0  → https://pub-893b4a6a607b4221a894bf861da7914e.r2.dev/946896624496219.mp4
carried-forward  3732962946851690 c0  → https://pub-893b4a6a607b4221a894bf861da7914e.r2.dev/3732962946851690.mp4
carried-forward  1453674708938235 c0  → https://pub-893b4a6a607b4221a894bf861da7914e.r2.dev/1453674708938235.mp4
would-upload     1525932622525969 c0  (video) ← 1525932622525969.mp4  → https://pub-893b4a6a607b4221a894bf861da7914e.r2.dev/1525932622525969.mp4  [DRY-RUN]
would-upload     1648861252832983 c0  (video) ← 1648861252832983.mp4  → https://pub-893b4a6a607b4221a894bf861da7914e.r2.dev/1648861252832983.mp4  [DRY-RUN]
would-upload     1566170465021717 c0  (video) ← 1566170465021717.mp4  → https://pub-893b4a6a607b4221a894bf861da7914e.r2.dev/1566170465021717.mp4  [DRY-RUN]
carried-forward  1907692803263129 c0  → https://pub-893b4a6a607b4221a894bf861da7914e.r2.dev/1907692803263129.mp4
carried-forward  786925484481205 c0  → https://pub-893b4a6a607b4221a894bf861da7914e.r2.dev/786925484481205.mp4
would-upload     852215417441942 c0  (video) ← 852215417441942.mp4  → https://pub-893b4a6a607b4221a894bf861da7914e.r2.dev/852215417441942.mp4  [DRY-RUN]
would-upload     1686652102647476 c0  (image) ← 1686652102647476.jpg  → https://pub-893b4a6a607b4221a894bf861da7914e.r2.dev/1686652102647476.jpg  [DRY-RUN]
carried-forward  1750507892780237 c0  → https://pub-893b4a6a607b4221a894bf861da7914e.r2.dev/1750507892780237.mp4
would-upload     4534743323518937 c0  (video) ← 4534743323518937.mp4  → https://pub-893b4a6a607b4221a894bf861da7914e.r2.dev/4534743323518937.mp4  [DRY-RUN]
carried-forward  1937653870479131 c0  → https://pub-893b4a6a607b4221a894bf861da7914e.r2.dev/1937653870479131.mp4
carried-forward  1279692024323121 c0  → https://pub-893b4a6a607b4221a894bf861da7914e.r2.dev/1279692024323121.mp4
would-upload     1478445913403572 c0  (video) ← 1478445913403572.mp4  → https://pub-893b4a6a607b4221a894bf861da7914e.r2.dev/1478445913403572.mp4  [DRY-RUN]
would-upload     2010956703629858 c0  (video) ← 2010956703629858.mp4  → https://pub-893b4a6a607b4221a894bf861da7914e.r2.dev/2010956703629858.mp4  [DRY-RUN]
carried-forward  1015307027514637 c0  → https://pub-893b4a6a607b4221a894bf861da7914e.r2.dev/1015307027514637.mp4
would-upload     973178348965797 c0  (image) ← 973178348965797.jpg  → https://pub-893b4a6a607b4221a894bf861da7914e.r2.dev/973178348965797.jpg  [DRY-RUN]
carried-forward  1493594428943023 c0  → https://pub-893b4a6a607b4221a894bf861da7914e.r2.dev/1493594428943023.mp4
carried-forward  3047784098945729 c0  → https://pub-893b4a6a607b4221a894bf861da7914e.r2.dev/3047784098945729.mp4
would-upload     25897103439947895 c0  (video) ← 25897103439947895.mp4  → https://pub-893b4a6a607b4221a894bf861da7914e.r2.dev/25897103439947895.mp4  [DRY-RUN]
would-upload     1201357198700139 c0  (image) ← 1201357198700139.jpg  → https://pub-893b4a6a607b4221a894bf861da7914e.r2.dev/1201357198700139.jpg  [DRY-RUN]
carried-forward  936824896024768 c0  → https://pub-893b4a6a607b4221a894bf861da7914e.r2.dev/936824896024768.mp4
would-upload     973070502004047 c0  (video) ← 973070502004047.mp4  → https://pub-893b4a6a607b4221a894bf861da7914e.r2.dev/973070502004047.mp4  [DRY-RUN]
would-upload     1535621011638603 c0  (image) ← 1535621011638603.jpg  → https://pub-893b4a6a607b4221a894bf861da7914e.r2.dev/1535621011638603.jpg  [DRY-RUN]
carried-forward  978778331307767 c0  → https://pub-893b4a6a607b4221a894bf861da7914e.r2.dev/978778331307767.mp4
would-upload     4344384189223627 c0  (image) ← 4344384189223627.jpg  → https://pub-893b4a6a607b4221a894bf861da7914e.r2.dev/4344384189223627.jpg  [DRY-RUN]
carried-forward  1302724048425748 c0  → https://pub-893b4a6a607b4221a894bf861da7914e.r2.dev/1302724048425748.mp4
would-upload     986806427380113 c0  (video) ← 986806427380113.mp4  → https://pub-893b4a6a607b4221a894bf861da7914e.r2.dev/986806427380113.mp4  [DRY-RUN]
carried-forward  1697122355069948 c0  → https://pub-893b4a6a607b4221a894bf861da7914e.r2.dev/1697122355069948.mp4
would-upload     1629474414794954 c0  (video) ← 1629474414794954.mp4  → https://pub-893b4a6a607b4221a894bf861da7914e.r2.dev/1629474414794954.mp4  [DRY-RUN]
would-upload     1765739784401842 c0  (video) ← 1765739784401842.mp4  → https://pub-893b4a6a607b4221a894bf861da7914e.r2.dev/1765739784401842.mp4  [DRY-RUN]
would-upload     902446955587388 c0  (video) ← 902446955587388.mp4  → https://pub-893b4a6a607b4221a894bf861da7914e.r2.dev/902446955587388.mp4  [DRY-RUN]
carried-forward  981029757807921 c0  → https://pub-893b4a6a607b4221a894bf861da7914e.r2.dev/981029757807921.mp4
would-upload     1692623152063556 c0  (image) ← 1692623152063556.jpg  → https://pub-893b4a6a607b4221a894bf861da7914e.r2.dev/1692623152063556.jpg  [DRY-RUN]
carried-forward  1943214016562781 c0  → https://pub-893b4a6a607b4221a894bf861da7914e.r2.dev/1943214016562781.mp4
would-upload     1412745020878115 c0  (video) ← 1412745020878115.mp4  → https://pub-893b4a6a607b4221a894bf861da7914e.r2.dev/1412745020878115.mp4  [DRY-RUN]
carried-forward  1729948211698327 c0  → https://pub-893b4a6a607b4221a894bf861da7914e.r2.dev/1729948211698327.mp4
would-upload     1476642980592268 c0  (video) ← 1476642980592268.mp4  → https://pub-893b4a6a607b4221a894bf861da7914e.r2.dev/1476642980592268.mp4  [DRY-RUN]
would-upload     1302051502105492 c0  (video) ← 1302051502105492.mp4  → https://pub-893b4a6a607b4221a894bf861da7914e.r2.dev/1302051502105492.mp4  [DRY-RUN]
would-upload     1505901601137252 c0  (video) ← 1505901601137252.mp4  → https://pub-893b4a6a607b4221a894bf861da7914e.r2.dev/1505901601137252.mp4  [DRY-RUN]
carried-forward  767866562957511 c0  → https://pub-893b4a6a607b4221a894bf861da7914e.r2.dev/767866562957511.mp4
carried-forward  1547364546982534 c0  → https://pub-893b4a6a607b4221a894bf861da7914e.r2.dev/1547364546982534.mp4
would-upload     3244372495769338 c0  (image) ← 3244372495769338.jpg  → https://pub-893b4a6a607b4221a894bf861da7914e.r2.dev/3244372495769338.jpg  [DRY-RUN]
carried-forward  1364247162228311 c0  → https://pub-893b4a6a607b4221a894bf861da7914e.r2.dev/1364247162228311.mp4
would-upload     884198978047331 c0  (video) ← 884198978047331.mp4  → https://pub-893b4a6a607b4221a894bf861da7914e.r2.dev/884198978047331.mp4  [DRY-RUN]
would-upload     26971419622543462 c0  (video) ← 26971419622543462.mp4  → https://pub-893b4a6a607b4221a894bf861da7914e.r2.dev/26971419622543462.mp4  [DRY-RUN]
carried-forward  976693208634666 c0  → https://pub-893b4a6a607b4221a894bf861da7914e.r2.dev/976693208634666.mp4
would-upload     2407272863129572 c0  (video) ← 2407272863129572.mp4  → https://pub-893b4a6a607b4221a894bf861da7914e.r2.dev/2407272863129572.mp4  [DRY-RUN]
would-upload     1703292870746926 c0  (video) ← 1703292870746926.mp4  → https://pub-893b4a6a607b4221a894bf861da7914e.r2.dev/1703292870746926.mp4  [DRY-RUN]
carried-forward  1338541331672499 c0  → https://pub-893b4a6a607b4221a894bf861da7914e.r2.dev/1338541331672499.mp4
would-upload     858238234003844 c0  (video) ← 858238234003844.mp4  → https://pub-893b4a6a607b4221a894bf861da7914e.r2.dev/858238234003844.mp4  [DRY-RUN]
carried-forward  1652674219399230 c0  → https://pub-893b4a6a607b4221a894bf861da7914e.r2.dev/1652674219399230.mp4
would-upload     872578091851777 c0  (video) ← 872578091851777.mp4  → https://pub-893b4a6a607b4221a894bf861da7914e.r2.dev/872578091851777.mp4  [DRY-RUN]
would-upload     1743452100343105 c0  (video) ← 1743452100343105.mp4  → https://pub-893b4a6a607b4221a894bf861da7914e.r2.dev/1743452100343105.mp4  [DRY-RUN]
carried-forward  1025344233281993 c0  → https://pub-893b4a6a607b4221a894bf861da7914e.r2.dev/1025344233281993.mp4
carried-forward  25559854913694286 c0  → https://pub-893b4a6a607b4221a894bf861da7914e.r2.dev/25559854913694286.mp4
carried-forward  2545884555826778 c0  → https://pub-893b4a6a607b4221a894bf861da7914e.r2.dev/2545884555826778.mp4
carried-forward  2880719965605739 c0  → https://pub-893b4a6a607b4221a894bf861da7914e.r2.dev/2880719965605739.mp4
would-upload     1718812699304770 c0  (video) ← 1718812699304770.mp4  → https://pub-893b4a6a607b4221a894bf861da7914e.r2.dev/1718812699304770.mp4  [DRY-RUN]
would-upload     1521149756065112 c0  (video) ← 1521149756065112.mp4  → https://pub-893b4a6a607b4221a894bf861da7914e.r2.dev/1521149756065112.mp4  [DRY-RUN]
would-upload     2134375920478194 c0  (video) ← 2134375920478194.mp4  → https://pub-893b4a6a607b4221a894bf861da7914e.r2.dev/2134375920478194.mp4  [DRY-RUN]
would-upload     990550117061190 c0  (video) ← 990550117061190.mp4  → https://pub-893b4a6a607b4221a894bf861da7914e.r2.dev/990550117061190.mp4  [DRY-RUN]
carried-forward  1468323011201688 c0  → https://pub-893b4a6a607b4221a894bf861da7914e.r2.dev/1468323011201688.mp4
would-upload     2272505506489461 c0  (video) ← 2272505506489461.mp4  → https://pub-893b4a6a607b4221a894bf861da7914e.r2.dev/2272505506489461.mp4  [DRY-RUN]
carried-forward  1316772493884853 c0  → https://pub-893b4a6a607b4221a894bf861da7914e.r2.dev/1316772493884853.mp4
would-upload     1533842661664876 c0  (video) ← 1533842661664876.mp4  → https://pub-893b4a6a607b4221a894bf861da7914e.r2.dev/1533842661664876.mp4  [DRY-RUN]
would-upload     870879999375741 c0  (video) ← 870879999375741.mp4  → https://pub-893b4a6a607b4221a894bf861da7914e.r2.dev/870879999375741.mp4  [DRY-RUN]
would-upload     1449564913881730 c0  (video) ← 1449564913881730.mp4  → https://pub-893b4a6a607b4221a894bf861da7914e.r2.dev/1449564913881730.mp4  [DRY-RUN]
would-upload     1873645569876505 c0  (video) ← 1873645569876505.mp4  → https://pub-893b4a6a607b4221a894bf861da7914e.r2.dev/1873645569876505.mp4  [DRY-RUN]
carried-forward  996757443295479 c0  → https://pub-893b4a6a607b4221a894bf861da7914e.r2.dev/996757443295479.mp4
carried-forward  26752186127781346 c0  → https://pub-893b4a6a607b4221a894bf861da7914e.r2.dev/26752186127781346.mp4
would-upload     2016511375903572 c0  (video) ← 2016511375903572.mp4  → https://pub-893b4a6a607b4221a894bf861da7914e.r2.dev/2016511375903572.mp4  [DRY-RUN]
would-upload     1676354213471815 c0  (video) ← 1676354213471815.mp4  → https://pub-893b4a6a607b4221a894bf861da7914e.r2.dev/1676354213471815.mp4  [DRY-RUN]
would-upload     3187231508131916 c0  (video) ← 3187231508131916.mp4  → https://pub-893b4a6a607b4221a894bf861da7914e.r2.dev/3187231508131916.mp4  [DRY-RUN]
would-upload     1970705996897998 c0  (image) ← 1970705996897998.jpg  → https://pub-893b4a6a607b4221a894bf861da7914e.r2.dev/1970705996897998.jpg  [DRY-RUN]
would-upload     2674500989688459 c0  (video) ← 2674500989688459.mp4  → https://pub-893b4a6a607b4221a894bf861da7914e.r2.dev/2674500989688459.mp4  [DRY-RUN]
carried-forward  1349444276998116 c0  → https://pub-893b4a6a607b4221a894bf861da7914e.r2.dev/1349444276998116.mp4
carried-forward  4411659769109545 c0  → https://pub-893b4a6a607b4221a894bf861da7914e.r2.dev/4411659769109545.mp4
would-upload     1704595734060685 c0  (video) ← 1704595734060685.mp4  → https://pub-893b4a6a607b4221a894bf861da7914e.r2.dev/1704595734060685.mp4  [DRY-RUN]
carried-forward  1016708307457346 c0  → https://pub-893b4a6a607b4221a894bf861da7914e.r2.dev/1016708307457346.mp4
would-upload     1902223587106403 c0  (video) ← 1902223587106403.mp4  → https://pub-893b4a6a607b4221a894bf861da7914e.r2.dev/1902223587106403.mp4  [DRY-RUN]
carried-forward  1286194853171985 c0  → https://pub-893b4a6a607b4221a894bf861da7914e.r2.dev/1286194853171985.mp4
would-upload     3578109689018154 c0  (video) ← 3578109689018154.mp4  → https://pub-893b4a6a607b4221a894bf861da7914e.r2.dev/3578109689018154.mp4  [DRY-RUN]
carried-forward  1691748101862477 c0  → https://pub-893b4a6a607b4221a894bf861da7914e.r2.dev/1691748101862477.mp4
carried-forward  1139271334991602 c0  → https://pub-893b4a6a607b4221a894bf861da7914e.r2.dev/1139271334991602.mp4
would-upload     860195583797253 c0  (video) ← 860195583797253.mp4  → https://pub-893b4a6a607b4221a894bf861da7914e.r2.dev/860195583797253.mp4  [DRY-RUN]
carried-forward  2803002696720726 c0  → https://pub-893b4a6a607b4221a894bf861da7914e.r2.dev/2803002696720726.mp4
would-upload     998435739226469 c0  (video) ← 998435739226469.mp4  → https://pub-893b4a6a607b4221a894bf861da7914e.r2.dev/998435739226469.mp4  [DRY-RUN]
would-upload     978126005116523 c0  (video) ← 978126005116523.mp4  → https://pub-893b4a6a607b4221a894bf861da7914e.r2.dev/978126005116523.mp4  [DRY-RUN]
carried-forward  2429765667497468 c0  → https://pub-893b4a6a607b4221a894bf861da7914e.r2.dev/2429765667497468.mp4
would-upload     27509994948607414 c0  (video) ← 27509994948607414.mp4  → https://pub-893b4a6a607b4221a894bf861da7914e.r2.dev/27509994948607414.mp4  [DRY-RUN]
would-upload     1366876448704069 c0  (image) ← 1366876448704069.jpg  → https://pub-893b4a6a607b4221a894bf861da7914e.r2.dev/1366876448704069.jpg  [DRY-RUN]
would-upload     1386547953284755 c0  (video) ← 1386547953284755.mp4  → https://pub-893b4a6a607b4221a894bf861da7914e.r2.dev/1386547953284755.mp4  [DRY-RUN]
would-upload     978782341613642 c0  (video) ← 978782341613642.mp4  → https://pub-893b4a6a607b4221a894bf861da7914e.r2.dev/978782341613642.mp4  [DRY-RUN]
carried-forward  1288852016425881 c0  → https://pub-893b4a6a607b4221a894bf861da7914e.r2.dev/1288852016425881.mp4
carried-forward  1337386238509852 c0  → https://pub-893b4a6a607b4221a894bf861da7914e.r2.dev/1337386238509852.mp4
carried-forward  2266060624183425 c0  → https://pub-893b4a6a607b4221a894bf861da7914e.r2.dev/2266060624183425.mp4
would-upload     805044645879564 c0  (video) ← 805044645879564.mp4  → https://pub-893b4a6a607b4221a894bf861da7914e.r2.dev/805044645879564.mp4  [DRY-RUN]
carried-forward  1535297444857772 c0  → https://pub-893b4a6a607b4221a894bf861da7914e.r2.dev/1535297444857772.mp4
carried-forward  1490504596050649 c0  → https://pub-893b4a6a607b4221a894bf861da7914e.r2.dev/1490504596050649.mp4
would-upload     866576172544581 c0  (image) ← 866576172544581.jpg  → https://pub-893b4a6a607b4221a894bf861da7914e.r2.dev/866576172544581.jpg  [DRY-RUN]
would-upload     914806534950092 c0  (image) ← 914806534950092.jpg  → https://pub-893b4a6a607b4221a894bf861da7914e.r2.dev/914806534950092.jpg  [DRY-RUN]
would-upload     2236800623522121 c0  (video) ← 2236800623522121.mp4  → https://pub-893b4a6a607b4221a894bf861da7914e.r2.dev/2236800623522121.mp4  [DRY-RUN]
would-upload     1677504736798962 c0  (video) ← 1677504736798962.mp4  → https://pub-893b4a6a607b4221a894bf861da7914e.r2.dev/1677504736798962.mp4  [DRY-RUN]
would-upload     1546436690525533 c0  (video) ← 1546436690525533.mp4  → https://pub-893b4a6a607b4221a894bf861da7914e.r2.dev/1546436690525533.mp4  [DRY-RUN]
would-upload     931212993295065 c0  (video) ← 931212993295065.mp4  → https://pub-893b4a6a607b4221a894bf861da7914e.r2.dev/931212993295065.mp4  [DRY-RUN]
carried-forward  1597343211358525 c0  → https://pub-893b4a6a607b4221a894bf861da7914e.r2.dev/1597343211358525.mp4
would-upload     1001772245764900 c0  (image) ← 1001772245764900.jpg  → https://pub-893b4a6a607b4221a894bf861da7914e.r2.dev/1001772245764900.jpg  [DRY-RUN]
would-upload     1705418207259446 c0  (video) ← 1705418207259446.mp4  → https://pub-893b4a6a607b4221a894bf861da7914e.r2.dev/1705418207259446.mp4  [DRY-RUN]
would-upload     2070150843858870 c0  (video) ← 2070150843858870.mp4  → https://pub-893b4a6a607b4221a894bf861da7914e.r2.dev/2070150843858870.mp4  [DRY-RUN]
carried-forward  2119591065489329 c0  → https://pub-893b4a6a607b4221a894bf861da7914e.r2.dev/2119591065489329.mp4
carried-forward  2223596324843130 c0  → https://pub-893b4a6a607b4221a894bf861da7914e.r2.dev/2223596324843130.mp4
carried-forward  1540664921179799 c0  → https://pub-893b4a6a607b4221a894bf861da7914e.r2.dev/1540664921179799.mp4
video-missing    1466956688065049 c0  (expected file not found in videos/fluently-2026-06-04)
carried-forward  994369686298555 c0  → https://pub-893b4a6a607b4221a894bf861da7914e.r2.dev/994369686298555.mp4
carried-forward  947423118066705 c0  → https://pub-893b4a6a607b4221a894bf861da7914e.r2.dev/947423118066705.mp4
carried-forward  956978253617028 c0  → https://pub-893b4a6a607b4221a894bf861da7914e.r2.dev/956978253617028.mp4
would-upload     2264426287634593 c0  (video) ← 2264426287634593.mp4  → https://pub-893b4a6a607b4221a894bf861da7914e.r2.dev/2264426287634593.mp4  [DRY-RUN]
carried-forward  1271657265174452 c0  → https://pub-893b4a6a607b4221a894bf861da7914e.r2.dev/1271657265174452.mp4
carried-forward  26910854201881469 c0  → https://pub-893b4a6a607b4221a894bf861da7914e.r2.dev/26910854201881469.mp4
would-upload     971710252160035 c0  (video) ← 971710252160035.mp4  → https://pub-893b4a6a607b4221a894bf861da7914e.r2.dev/971710252160035.mp4  [DRY-RUN]
would-upload     1029769792910510 c0  (video) ← 1029769792910510.mp4  → https://pub-893b4a6a607b4221a894bf861da7914e.r2.dev/1029769792910510.mp4  [DRY-RUN]
carried-forward  994667936253068 c0  → https://pub-893b4a6a607b4221a894bf861da7914e.r2.dev/994667936253068.mp4
carried-forward  846064361877319 c0  → https://pub-893b4a6a607b4221a894bf861da7914e.r2.dev/846064361877319.mp4
carried-forward  1692079168484436 c0  → https://pub-893b4a6a607b4221a894bf861da7914e.r2.dev/1692079168484436.mp4
would-upload     1638933411572284 c0  (video) ← 1638933411572284.mp4  → https://pub-893b4a6a607b4221a894bf861da7914e.r2.dev/1638933411572284.mp4  [DRY-RUN]
carried-forward  1776386416865471 c0  → https://pub-893b4a6a607b4221a894bf861da7914e.r2.dev/1776386416865471.mp4
carried-forward  1764494921182505 c0  → https://pub-893b4a6a607b4221a894bf861da7914e.r2.dev/1764494921182505.mp4
would-upload     27599315086344355 c0  (video) ← 27599315086344355.mp4  → https://pub-893b4a6a607b4221a894bf861da7914e.r2.dev/27599315086344355.mp4  [DRY-RUN]
would-upload     825026813710020 c0  (video) ← 825026813710020.mp4  → https://pub-893b4a6a607b4221a894bf861da7914e.r2.dev/825026813710020.mp4  [DRY-RUN]
carried-forward  894326296782168 c0  → https://pub-893b4a6a607b4221a894bf861da7914e.r2.dev/894326296782168.mp4
carried-forward  26211486145190366 c0  → https://pub-893b4a6a607b4221a894bf861da7914e.r2.dev/26211486145190366.mp4
carried-forward  1670637027506272 c0  → https://pub-893b4a6a607b4221a894bf861da7914e.r2.dev/1670637027506272.mp4
would-upload     2555723354885036 c0  (video) ← 2555723354885036.mp4  → https://pub-893b4a6a607b4221a894bf861da7914e.r2.dev/2555723354885036.mp4  [DRY-RUN]
carried-forward  3950554915241347 c0  → https://pub-893b4a6a607b4221a894bf861da7914e.r2.dev/3950554915241347.mp4
carried-forward  4316931545226608 c0  → https://pub-893b4a6a607b4221a894bf861da7914e.r2.dev/4316931545226608.mp4
carried-forward  2745591762489561 c0  → https://pub-893b4a6a607b4221a894bf861da7914e.r2.dev/2745591762489561.mp4
carried-forward  1641684153612039 c0  → https://pub-893b4a6a607b4221a894bf861da7914e.r2.dev/1641684153612039.mp4
would-upload     1553798179658712 c0  (video) ← 1553798179658712.mp4  → https://pub-893b4a6a607b4221a894bf861da7914e.r2.dev/1553798179658712.mp4  [DRY-RUN]
carried-forward  1474626214362398 c0  → https://pub-893b4a6a607b4221a894bf861da7914e.r2.dev/1474626214362398.mp4
carried-forward  3404018196421587 c0  → https://pub-893b4a6a607b4221a894bf861da7914e.r2.dev/3404018196421587.mp4
carried-forward  1404658491423990 c0  → https://pub-893b4a6a607b4221a894bf861da7914e.r2.dev/1404658491423990.mp4
carried-forward  990565640499953 c0  → https://pub-893b4a6a607b4221a894bf861da7914e.r2.dev/990565640499953.mp4
carried-forward  2571287406626032 c0  → https://pub-893b4a6a607b4221a894bf861da7914e.r2.dev/2571287406626032.mp4
would-upload     1419569539977869 c0  (video) ← 1419569539977869.mp4  → https://pub-893b4a6a607b4221a894bf861da7914e.r2.dev/1419569539977869.mp4  [DRY-RUN]
carried-forward  943784891536762 c0  → https://pub-893b4a6a607b4221a894bf861da7914e.r2.dev/943784891536762.jpg
would-upload     1536509631465732 c0  (video) ← 1536509631465732.mp4  → https://pub-893b4a6a607b4221a894bf861da7914e.r2.dev/1536509631465732.mp4  [DRY-RUN]
would-upload     1362059939121721 c0  (video) ← 1362059939121721.mp4  → https://pub-893b4a6a607b4221a894bf861da7914e.r2.dev/1362059939121721.mp4  [DRY-RUN]
would-upload     2411965229269407 c0  (video) ← 2411965229269407.mp4  → https://pub-893b4a6a607b4221a894bf861da7914e.r2.dev/2411965229269407.mp4  [DRY-RUN]
carried-forward  1086180324581744 c0  → https://pub-893b4a6a607b4221a894bf861da7914e.r2.dev/1086180324581744.mp4
carried-forward  1296447932556001 c0  → https://pub-893b4a6a607b4221a894bf861da7914e.r2.dev/1296447932556001.mp4
carried-forward  1875297020113945 c0  → https://pub-893b4a6a607b4221a894bf861da7914e.r2.dev/1875297020113945.mp4
would-upload     1727287705155672 c0  (video) ← 1727287705155672.mp4  → https://pub-893b4a6a607b4221a894bf861da7914e.r2.dev/1727287705155672.mp4  [DRY-RUN]
would-upload     1353987866595629 c0  (image) ← 1353987866595629.jpg  → https://pub-893b4a6a607b4221a894bf861da7914e.r2.dev/1353987866595629.jpg  [DRY-RUN]
carried-forward  1412891103975756 c0  → https://pub-893b4a6a607b4221a894bf861da7914e.r2.dev/1412891103975756.mp4
carried-forward  2170767423719620 c0  → https://pub-893b4a6a607b4221a894bf861da7914e.r2.dev/2170767423719620.mp4
would-upload     840115108744483 c0  (video) ← 840115108744483.mp4  → https://pub-893b4a6a607b4221a894bf861da7914e.r2.dev/840115108744483.mp4  [DRY-RUN]
carried-forward  1342352331105356 c0  → https://pub-893b4a6a607b4221a894bf861da7914e.r2.dev/1342352331105356.mp4
would-upload     2529084674210896 c0  (video) ← 2529084674210896.mp4  → https://pub-893b4a6a607b4221a894bf861da7914e.r2.dev/2529084674210896.mp4  [DRY-RUN]
would-upload     1527634662106060 c0  (video) ← 1527634662106060.mp4  → https://pub-893b4a6a607b4221a894bf861da7914e.r2.dev/1527634662106060.mp4  [DRY-RUN]
carried-forward  1008824371481933 c0  → https://pub-893b4a6a607b4221a894bf861da7914e.r2.dev/1008824371481933.mp4
would-upload     1272476381326736 c0  (video) ← 1272476381326736.mp4  → https://pub-893b4a6a607b4221a894bf861da7914e.r2.dev/1272476381326736.mp4  [DRY-RUN]
would-upload     1009063144902047 c0  (video) ← 1009063144902047.mp4  → https://pub-893b4a6a607b4221a894bf861da7914e.r2.dev/1009063144902047.mp4  [DRY-RUN]
would-upload     1769199741156269 c0  (video) ← 1769199741156269.mp4  → https://pub-893b4a6a607b4221a894bf861da7914e.r2.dev/1769199741156269.mp4  [DRY-RUN]
would-upload     1597057398657127 c0  (video) ← 1597057398657127.mp4  → https://pub-893b4a6a607b4221a894bf861da7914e.r2.dev/1597057398657127.mp4  [DRY-RUN]
would-upload     1275992594290754 c0  (video) ← 1275992594290754.mp4  → https://pub-893b4a6a607b4221a894bf861da7914e.r2.dev/1275992594290754.mp4  [DRY-RUN]
would-upload     1469790461084949 c0  (video) ← 1469790461084949.mp4  → https://pub-893b4a6a607b4221a894bf861da7914e.r2.dev/1469790461084949.mp4  [DRY-RUN]
carried-forward  983026750996677 c0  → https://pub-893b4a6a607b4221a894bf861da7914e.r2.dev/983026750996677.mp4
would-upload     1243818601016271 c0  (video) ← 1243818601016271.mp4  → https://pub-893b4a6a607b4221a894bf861da7914e.r2.dev/1243818601016271.mp4  [DRY-RUN]
would-upload     1466883488086218 c0  (video) ← 1466883488086218.mp4  → https://pub-893b4a6a607b4221a894bf861da7914e.r2.dev/1466883488086218.mp4  [DRY-RUN]
would-upload     976374185131649 c0  (video) ← 976374185131649.mp4  → https://pub-893b4a6a607b4221a894bf861da7914e.r2.dev/976374185131649.mp4  [DRY-RUN]
carried-forward  1473538260893921 c0  → https://pub-893b4a6a607b4221a894bf861da7914e.r2.dev/1473538260893921.mp4
would-upload     1474276433845828 c0  (video) ← 1474276433845828.mp4  → https://pub-893b4a6a607b4221a894bf861da7914e.r2.dev/1474276433845828.mp4  [DRY-RUN]
would-upload     1192815579578614 c0  (video) ← 1192815579578614.mp4  → https://pub-893b4a6a607b4221a894bf861da7914e.r2.dev/1192815579578614.mp4  [DRY-RUN]
would-upload     1476748666997217 c0  (image) ← 1476748666997217.jpg  → https://pub-893b4a6a607b4221a894bf861da7914e.r2.dev/1476748666997217.jpg  [DRY-RUN]
video-missing    931215219962785 c0  (expected file not found in videos/fluently-2026-06-04)
would-upload     1654924069077455 c0  (video) ← 1654924069077455.mp4  → https://pub-893b4a6a607b4221a894bf861da7914e.r2.dev/1654924069077455.mp4  [DRY-RUN]
would-upload     884520778001668 c0  (video) ← 884520778001668.mp4  → https://pub-893b4a6a607b4221a894bf861da7914e.r2.dev/884520778001668.mp4  [DRY-RUN]
would-upload     992628116514320 c0  (image) ← 992628116514320.jpg  → https://pub-893b4a6a607b4221a894bf861da7914e.r2.dev/992628116514320.jpg  [DRY-RUN]
would-upload     1326852002227077 c0  (video) ← 1326852002227077.mp4  → https://pub-893b4a6a607b4221a894bf861da7914e.r2.dev/1326852002227077.mp4  [DRY-RUN]
carried-forward  1363600028979566 c0  → https://pub-893b4a6a607b4221a894bf861da7914e.r2.dev/1363600028979566.mp4
would-upload     1302403008770155 c0  (video) ← 1302403008770155.mp4  → https://pub-893b4a6a607b4221a894bf861da7914e.r2.dev/1302403008770155.mp4  [DRY-RUN]
would-upload     831485389693624 c0  (video) ← 831485389693624.mp4  → https://pub-893b4a6a607b4221a894bf861da7914e.r2.dev/831485389693624.mp4  [DRY-RUN]
carried-forward  962764766398694 c0  → https://pub-893b4a6a607b4221a894bf861da7914e.r2.dev/962764766398694.mp4
would-upload     1063390030201758 c0  (video) ← 1063390030201758.mp4  → https://pub-893b4a6a607b4221a894bf861da7914e.r2.dev/1063390030201758.mp4  [DRY-RUN]
would-upload     3090679181129437 c0  (video) ← 3090679181129437.mp4  → https://pub-893b4a6a607b4221a894bf861da7914e.r2.dev/3090679181129437.mp4  [DRY-RUN]
carried-forward  1351076676944480 c0  → https://pub-893b4a6a607b4221a894bf861da7914e.r2.dev/1351076676944480.mp4
would-upload     1147843284172103 c0  (video) ← 1147843284172103.mp4  → https://pub-893b4a6a607b4221a894bf861da7914e.r2.dev/1147843284172103.mp4  [DRY-RUN]
carried-forward  2246272446177529 c0  → https://pub-893b4a6a607b4221a894bf861da7914e.r2.dev/2246272446177529.mp4
carried-forward  1786349826082499 c0  → https://pub-893b4a6a607b4221a894bf861da7914e.r2.dev/1786349826082499.mp4
would-upload     1023578440110051 c0  (video) ← 1023578440110051.mp4  → https://pub-893b4a6a607b4221a894bf861da7914e.r2.dev/1023578440110051.mp4  [DRY-RUN]
would-upload     890540614066428 c0  (video) ← 890540614066428.mp4  → https://pub-893b4a6a607b4221a894bf861da7914e.r2.dev/890540614066428.mp4  [DRY-RUN]
would-upload     1618238962599630 c0  (video) ← 1618238962599630.mp4  → https://pub-893b4a6a607b4221a894bf861da7914e.r2.dev/1618238962599630.mp4  [DRY-RUN]
would-upload     2219948182081566 c0  (image) ← 2219948182081566.jpg  → https://pub-893b4a6a607b4221a894bf861da7914e.r2.dev/2219948182081566.jpg  [DRY-RUN]
would-upload     1366113515428440 c0  (video) ← 1366113515428440.mp4  → https://pub-893b4a6a607b4221a894bf861da7914e.r2.dev/1366113515428440.mp4  [DRY-RUN]
would-upload     1944207456286476 c0  (video) ← 1944207456286476.mp4  → https://pub-893b4a6a607b4221a894bf861da7914e.r2.dev/1944207456286476.mp4  [DRY-RUN]
carried-forward  2100879250473786 c0  → https://pub-893b4a6a607b4221a894bf861da7914e.r2.dev/2100879250473786.mp4
would-upload     2515076775599834 c0  (image) ← 2515076775599834.jpg  → https://pub-893b4a6a607b4221a894bf861da7914e.r2.dev/2515076775599834.jpg  [DRY-RUN]
carried-forward  2355254531663268 c0  → https://pub-893b4a6a607b4221a894bf861da7914e.r2.dev/2355254531663268.mp4
carried-forward  1744921586670250 c0  → https://pub-893b4a6a607b4221a894bf861da7914e.r2.dev/1744921586670250.mp4
would-upload     2036417623979847 c0  (video) ← 2036417623979847.mp4  → https://pub-893b4a6a607b4221a894bf861da7914e.r2.dev/2036417623979847.mp4  [DRY-RUN]
would-upload     930065040059260 c0  (image) ← 930065040059260.jpg  → https://pub-893b4a6a607b4221a894bf861da7914e.r2.dev/930065040059260.jpg  [DRY-RUN]
would-upload     1037207118735836 c0  (video) ← 1037207118735836.mp4  → https://pub-893b4a6a607b4221a894bf861da7914e.r2.dev/1037207118735836.mp4  [DRY-RUN]
would-upload     2225733364933582 c0  (video) ← 2225733364933582.mp4  → https://pub-893b4a6a607b4221a894bf861da7914e.r2.dev/2225733364933582.mp4  [DRY-RUN]
would-upload     4537537439824076 c0  (video) ← 4537537439824076.mp4  → https://pub-893b4a6a607b4221a894bf861da7914e.r2.dev/4537537439824076.mp4  [DRY-RUN]
would-upload     2146624585903654 c0  (image) ← 2146624585903654.jpg  → https://pub-893b4a6a607b4221a894bf861da7914e.r2.dev/2146624585903654.jpg  [DRY-RUN]
carried-forward  1469786657599093 c0  → https://pub-893b4a6a607b4221a894bf861da7914e.r2.dev/1469786657599093.mp4
would-upload     850850820918539 c0  (video) ← 850850820918539.mp4  → https://pub-893b4a6a607b4221a894bf861da7914e.r2.dev/850850820918539.mp4  [DRY-RUN]
would-upload     857395080747962 c0  (video) ← 857395080747962.mp4  → https://pub-893b4a6a607b4221a894bf861da7914e.r2.dev/857395080747962.mp4  [DRY-RUN]
would-upload     2170558900150829 c0  (video) ← 2170558900150829.mp4  → https://pub-893b4a6a607b4221a894bf861da7914e.r2.dev/2170558900150829.mp4  [DRY-RUN]
would-upload     1564552042042732 c0  (video) ← 1564552042042732.mp4  → https://pub-893b4a6a607b4221a894bf861da7914e.r2.dev/1564552042042732.mp4  [DRY-RUN]
would-upload     907497592349498 c0  (image) ← 907497592349498.jpg  → https://pub-893b4a6a607b4221a894bf861da7914e.r2.dev/907497592349498.jpg  [DRY-RUN]
would-upload     826846680225824 c0  (video) ← 826846680225824.mp4  → https://pub-893b4a6a607b4221a894bf861da7914e.r2.dev/826846680225824.mp4  [DRY-RUN]
would-upload     1697591934899419 c0  (image) ← 1697591934899419.jpg  → https://pub-893b4a6a607b4221a894bf861da7914e.r2.dev/1697591934899419.jpg  [DRY-RUN]
would-upload     1657176355506788 c0  (video) ← 1657176355506788.mp4  → https://pub-893b4a6a607b4221a894bf861da7914e.r2.dev/1657176355506788.mp4  [DRY-RUN]
would-upload     27159069677060285 c0  (video) ← 27159069677060285.mp4  → https://pub-893b4a6a607b4221a894bf861da7914e.r2.dev/27159069677060285.mp4  [DRY-RUN]
would-upload     2035043983773758 c0  (video) ← 2035043983773758.mp4  → https://pub-893b4a6a607b4221a894bf861da7914e.r2.dev/2035043983773758.mp4  [DRY-RUN]
would-upload     1717747876075753 c0  (video) ← 1717747876075753.mp4  → https://pub-893b4a6a607b4221a894bf861da7914e.r2.dev/1717747876075753.mp4  [DRY-RUN]
would-upload     4221071111464651 c0  (video) ← 4221071111464651.mp4  → https://pub-893b4a6a607b4221a894bf861da7914e.r2.dev/4221071111464651.mp4  [DRY-RUN]
would-upload     987002557418570 c0  (video) ← 987002557418570.mp4  → https://pub-893b4a6a607b4221a894bf861da7914e.r2.dev/987002557418570.mp4  [DRY-RUN]
carried-forward  1572685083996377 c0  → https://pub-893b4a6a607b4221a894bf861da7914e.r2.dev/1572685083996377.mp4
would-upload     1739107210782701 c0  (video) ← 1739107210782701.mp4  → https://pub-893b4a6a607b4221a894bf861da7914e.r2.dev/1739107210782701.mp4  [DRY-RUN]
would-upload     1704497244004865 c0  (video) ← 1704497244004865.mp4  → https://pub-893b4a6a607b4221a894bf861da7914e.r2.dev/1704497244004865.mp4  [DRY-RUN]
would-upload     3019407634923052 c0  (video) ← 3019407634923052.mp4  → https://pub-893b4a6a607b4221a894bf861da7914e.r2.dev/3019407634923052.mp4  [DRY-RUN]
would-upload     1512175847119025 c0  (video) ← 1512175847119025.mp4  → https://pub-893b4a6a607b4221a894bf861da7914e.r2.dev/1512175847119025.mp4  [DRY-RUN]
would-upload     2383534748812873 c0  (image) ← 2383534748812873.jpg  → https://pub-893b4a6a607b4221a894bf861da7914e.r2.dev/2383534748812873.jpg  [DRY-RUN]
would-upload     4377991762528920 c0  (video) ← 4377991762528920.mp4  → https://pub-893b4a6a607b4221a894bf861da7914e.r2.dev/4377991762528920.mp4  [DRY-RUN]
would-upload     2563455520775053 c0  (image) ← 2563455520775053.jpg  → https://pub-893b4a6a607b4221a894bf861da7914e.r2.dev/2563455520775053.jpg  [DRY-RUN]
would-upload     994125403102698 c0  (image) ← 994125403102698.jpg  → https://pub-893b4a6a607b4221a894bf861da7914e.r2.dev/994125403102698.jpg  [DRY-RUN]
would-upload     997149373247065 c0  (video) ← 997149373247065.mp4  → https://pub-893b4a6a607b4221a894bf861da7914e.r2.dev/997149373247065.mp4  [DRY-RUN]
would-upload     856647783561372 c0  (video) ← 856647783561372.mp4  → https://pub-893b4a6a607b4221a894bf861da7914e.r2.dev/856647783561372.mp4  [DRY-RUN]
would-upload     1283210063795720 c0  (video) ← 1283210063795720.mp4  → https://pub-893b4a6a607b4221a894bf861da7914e.r2.dev/1283210063795720.mp4  [DRY-RUN]
would-upload     4289105571418246 c0  (video) ← 4289105571418246.mp4  → https://pub-893b4a6a607b4221a894bf861da7914e.r2.dev/4289105571418246.mp4  [DRY-RUN]
would-upload     1007079948441506 c0  (video) ← 1007079948441506.mp4  → https://pub-893b4a6a607b4221a894bf861da7914e.r2.dev/1007079948441506.mp4  [DRY-RUN]
carried-forward  2502969223495975 c0  → https://pub-893b4a6a607b4221a894bf861da7914e.r2.dev/2502969223495975.mp4
would-upload     1969373117052808 c0  (video) ← 1969373117052808.mp4  → https://pub-893b4a6a607b4221a894bf861da7914e.r2.dev/1969373117052808.mp4  [DRY-RUN]
would-upload     1915825979128079 c0  (video) ← 1915825979128079.mp4  → https://pub-893b4a6a607b4221a894bf861da7914e.r2.dev/1915825979128079.mp4  [DRY-RUN]
would-upload     2136859963555693 c0  (image) ← 2136859963555693.jpg  → https://pub-893b4a6a607b4221a894bf861da7914e.r2.dev/2136859963555693.jpg  [DRY-RUN]
would-upload     992107079978574 c0  (image) ← 992107079978574.jpg  → https://pub-893b4a6a607b4221a894bf861da7914e.r2.dev/992107079978574.jpg  [DRY-RUN]
would-upload     2011276050264475 c0  (video) ← 2011276050264475.mp4  → https://pub-893b4a6a607b4221a894bf861da7914e.r2.dev/2011276050264475.mp4  [DRY-RUN]
would-upload     2413720105721178 c0  (video) ← 2413720105721178.mp4  → https://pub-893b4a6a607b4221a894bf861da7914e.r2.dev/2413720105721178.mp4  [DRY-RUN]
video-missing    4514394385464800 c0  (expected file not found in videos/fluently-2026-06-04)
would-upload     26792731053702605 c0  (video) ← 26792731053702605.mp4  → https://pub-893b4a6a607b4221a894bf861da7914e.r2.dev/26792731053702605.mp4  [DRY-RUN]
would-upload     964601592980049 c0  (video) ← 964601592980049.mp4  → https://pub-893b4a6a607b4221a894bf861da7914e.r2.dev/964601592980049.mp4  [DRY-RUN]
would-upload     4340378199537687 c0  (video) ← 4340378199537687.mp4  → https://pub-893b4a6a607b4221a894bf861da7914e.r2.dev/4340378199537687.mp4  [DRY-RUN]
would-upload     1900461081049978 c0  (video) ← 1900461081049978.mp4  → https://pub-893b4a6a607b4221a894bf861da7914e.r2.dev/1900461081049978.mp4  [DRY-RUN]
would-upload     1311633153748400 c0  (video) ← 1311633153748400.mp4  → https://pub-893b4a6a607b4221a894bf861da7914e.r2.dev/1311633153748400.mp4  [DRY-RUN]
carried-forward  1631913738022819 c0  → https://pub-893b4a6a607b4221a894bf861da7914e.r2.dev/1631913738022819.jpg
would-upload     1881570082799735 c0  (video) ← 1881570082799735.mp4  → https://pub-893b4a6a607b4221a894bf861da7914e.r2.dev/1881570082799735.mp4  [DRY-RUN]
would-upload     1325657506234630 c0  (video) ← 1325657506234630.mp4  → https://pub-893b4a6a607b4221a894bf861da7914e.r2.dev/1325657506234630.mp4  [DRY-RUN]
would-upload     971760079033952 c0  (video) ← 971760079033952.mp4  → https://pub-893b4a6a607b4221a894bf861da7914e.r2.dev/971760079033952.mp4  [DRY-RUN]
would-upload     1169633338625559 c0  (video) ← 1169633338625559.mp4  → https://pub-893b4a6a607b4221a894bf861da7914e.r2.dev/1169633338625559.mp4  [DRY-RUN]
would-upload     2397643017413412 c0  (video) ← 2397643017413412.mp4  → https://pub-893b4a6a607b4221a894bf861da7914e.r2.dev/2397643017413412.mp4  [DRY-RUN]
video-missing    1610742826676636 c0  (expected file not found in videos/fluently-2026-06-04)
would-upload     2069848293874005 c0  (video) ← 2069848293874005.mp4  → https://pub-893b4a6a607b4221a894bf861da7914e.r2.dev/2069848293874005.mp4  [DRY-RUN]
would-upload     2176911659771815 c0  (video) ← 2176911659771815.mp4  → https://pub-893b4a6a607b4221a894bf861da7914e.r2.dev/2176911659771815.mp4  [DRY-RUN]
would-upload     1036371912156605 c0  (image) ← 1036371912156605.jpg  → https://pub-893b4a6a607b4221a894bf861da7914e.r2.dev/1036371912156605.jpg  [DRY-RUN]
would-upload     1177015688819591 c0  (video) ← 1177015688819591.mp4  → https://pub-893b4a6a607b4221a894bf861da7914e.r2.dev/1177015688819591.mp4  [DRY-RUN]
would-upload     963893779812958 c0  (video) ← 963893779812958.mp4  → https://pub-893b4a6a607b4221a894bf861da7914e.r2.dev/963893779812958.mp4  [DRY-RUN]
would-upload     1551513086632787 c0  (video) ← 1551513086632787.mp4  → https://pub-893b4a6a607b4221a894bf861da7914e.r2.dev/1551513086632787.mp4  [DRY-RUN]
would-upload     1987290168824404 c0  (image) ← 1987290168824404.jpg  → https://pub-893b4a6a607b4221a894bf861da7914e.r2.dev/1987290168824404.jpg  [DRY-RUN]
would-upload     1339355528120140 c0  (video) ← 1339355528120140.mp4  → https://pub-893b4a6a607b4221a894bf861da7914e.r2.dev/1339355528120140.mp4  [DRY-RUN]
would-upload     2027645117960536 c0  (image) ← 2027645117960536.jpg  → https://pub-893b4a6a607b4221a894bf861da7914e.r2.dev/2027645117960536.jpg  [DRY-RUN]
would-upload     1544457450623834 c0  (image) ← 1544457450623834.jpg  → https://pub-893b4a6a607b4221a894bf861da7914e.r2.dev/1544457450623834.jpg  [DRY-RUN]
would-upload     913824748344590 c0  (video) ← 913824748344590.mp4  → https://pub-893b4a6a607b4221a894bf861da7914e.r2.dev/913824748344590.mp4  [DRY-RUN]
would-upload     838177452306333 c0  (image) ← 838177452306333.jpg  → https://pub-893b4a6a607b4221a894bf861da7914e.r2.dev/838177452306333.jpg  [DRY-RUN]
would-upload     938820589112358 c0  (video) ← 938820589112358.mp4  → https://pub-893b4a6a607b4221a894bf861da7914e.r2.dev/938820589112358.mp4  [DRY-RUN]
would-upload     1540024657780072 c0  (video) ← 1540024657780072.mp4  → https://pub-893b4a6a607b4221a894bf861da7914e.r2.dev/1540024657780072.mp4  [DRY-RUN]
carried-forward  1105687455962806 c0  → https://pub-893b4a6a607b4221a894bf861da7914e.r2.dev/1105687455962806.mp4
would-upload     2273079120163743 c0  (video) ← 2273079120163743.mp4  → https://pub-893b4a6a607b4221a894bf861da7914e.r2.dev/2273079120163743.mp4  [DRY-RUN]
would-upload     1301110755419281 c0  (image) ← 1301110755419281.jpg  → https://pub-893b4a6a607b4221a894bf861da7914e.r2.dev/1301110755419281.jpg  [DRY-RUN]
would-upload     1760588034929565 c0  (image) ← 1760588034929565.jpg  → https://pub-893b4a6a607b4221a894bf861da7914e.r2.dev/1760588034929565.jpg  [DRY-RUN]
would-upload     887256521093949 c0  (video) ← 887256521093949.mp4  → https://pub-893b4a6a607b4221a894bf861da7914e.r2.dev/887256521093949.mp4  [DRY-RUN]
would-upload     989924380290877 c0  (video) ← 989924380290877.mp4  → https://pub-893b4a6a607b4221a894bf861da7914e.r2.dev/989924380290877.mp4  [DRY-RUN]
would-upload     981424934533124 c0  (video) ← 981424934533124.mp4  → https://pub-893b4a6a607b4221a894bf861da7914e.r2.dev/981424934533124.mp4  [DRY-RUN]
would-upload     2084079872178287 c0  (video) ← 2084079872178287.mp4  → https://pub-893b4a6a607b4221a894bf861da7914e.r2.dev/2084079872178287.mp4  [DRY-RUN]
would-upload     4005876853051468 c0  (video) ← 4005876853051468.mp4  → https://pub-893b4a6a607b4221a894bf861da7914e.r2.dev/4005876853051468.mp4  [DRY-RUN]
video-missing    1777897813589572 c0  (expected file not found in videos/fluently-2026-06-04)
would-upload     1537727191086196 c0  (image) ← 1537727191086196.jpg  → https://pub-893b4a6a607b4221a894bf861da7914e.r2.dev/1537727191086196.jpg  [DRY-RUN]
would-upload     1322366250024042 c0  (image) ← 1322366250024042.jpg  → https://pub-893b4a6a607b4221a894bf861da7914e.r2.dev/1322366250024042.jpg  [DRY-RUN]
would-upload     3143746479350455 c0  (video) ← 3143746479350455.mp4  → https://pub-893b4a6a607b4221a894bf861da7914e.r2.dev/3143746479350455.mp4  [DRY-RUN]
would-upload     1549057073504795 c0  (video) ← 1549057073504795.mp4  → https://pub-893b4a6a607b4221a894bf861da7914e.r2.dev/1549057073504795.mp4  [DRY-RUN]
would-upload     1694727374991260 c0  (video) ← 1694727374991260.mp4  → https://pub-893b4a6a607b4221a894bf861da7914e.r2.dev/1694727374991260.mp4  [DRY-RUN]
would-upload     1508691547564629 c0  (video) ← 1508691547564629.mp4  → https://pub-893b4a6a607b4221a894bf861da7914e.r2.dev/1508691547564629.mp4  [DRY-RUN]
would-upload     1528877695453020 c0  (image) ← 1528877695453020.jpg  → https://pub-893b4a6a607b4221a894bf861da7914e.r2.dev/1528877695453020.jpg  [DRY-RUN]
would-upload     1374698214470965 c0  (video) ← 1374698214470965.mp4  → https://pub-893b4a6a607b4221a894bf861da7914e.r2.dev/1374698214470965.mp4  [DRY-RUN]
would-upload     2961845040837259 c0  (video) ← 2961845040837259.mp4  → https://pub-893b4a6a607b4221a894bf861da7914e.r2.dev/2961845040837259.mp4  [DRY-RUN]
would-upload     970927852588409 c0  (video) ← 970927852588409.mp4  → https://pub-893b4a6a607b4221a894bf861da7914e.r2.dev/970927852588409.mp4  [DRY-RUN]
would-upload     2008755536420113 c0  (video) ← 2008755536420113.mp4  → https://pub-893b4a6a607b4221a894bf861da7914e.r2.dev/2008755536420113.mp4  [DRY-RUN]
would-upload     878906027853695 c0  (video) ← 878906027853695.mp4  → https://pub-893b4a6a607b4221a894bf861da7914e.r2.dev/878906027853695.mp4  [DRY-RUN]
would-upload     1356434543113400 c0  (video) ← 1356434543113400.mp4  → https://pub-893b4a6a607b4221a894bf861da7914e.r2.dev/1356434543113400.mp4  [DRY-RUN]
would-upload     1535946118082306 c0  (video) ← 1535946118082306.mp4  → https://pub-893b4a6a607b4221a894bf861da7914e.r2.dev/1535946118082306.mp4  [DRY-RUN]
would-upload     1693736375086614 c0  (video) ← 1693736375086614.mp4  → https://pub-893b4a6a607b4221a894bf861da7914e.r2.dev/1693736375086614.mp4  [DRY-RUN]
would-upload     1863836530958752 c0  (video) ← 1863836530958752.mp4  → https://pub-893b4a6a607b4221a894bf861da7914e.r2.dev/1863836530958752.mp4  [DRY-RUN]
would-upload     1310524131209607 c0  (image) ← 1310524131209607.jpg  → https://pub-893b4a6a607b4221a894bf861da7914e.r2.dev/1310524131209607.jpg  [DRY-RUN]
would-upload     1515587683365394 c0  (video) ← 1515587683365394.mp4  → https://pub-893b4a6a607b4221a894bf861da7914e.r2.dev/1515587683365394.mp4  [DRY-RUN]
would-upload     1608299986931776 c0  (video) ← 1608299986931776.mp4  → https://pub-893b4a6a607b4221a894bf861da7914e.r2.dev/1608299986931776.mp4  [DRY-RUN]
would-upload     1001467029059401 c0  (video) ← 1001467029059401.mp4  → https://pub-893b4a6a607b4221a894bf861da7914e.r2.dev/1001467029059401.mp4  [DRY-RUN]
would-upload     1924372051615560 c0  (video) ← 1924372051615560.mp4  → https://pub-893b4a6a607b4221a894bf861da7914e.r2.dev/1924372051615560.mp4  [DRY-RUN]
would-upload     1642043817019147 c0  (video) ← 1642043817019147.mp4  → https://pub-893b4a6a607b4221a894bf861da7914e.r2.dev/1642043817019147.mp4  [DRY-RUN]
would-upload     1017773134529289 c0  (video) ← 1017773134529289.mp4  → https://pub-893b4a6a607b4221a894bf861da7914e.r2.dev/1017773134529289.mp4  [DRY-RUN]
would-upload     2144232733027837 c0  (video) ← 2144232733027837.mp4  → https://pub-893b4a6a607b4221a894bf861da7914e.r2.dev/2144232733027837.mp4  [DRY-RUN]
video-missing    2209564273158582 c0  (expected file not found in videos/fluently-2026-06-04)
would-upload     949243898118132 c0  (video) ← 949243898118132.mp4  → https://pub-893b4a6a607b4221a894bf861da7914e.r2.dev/949243898118132.mp4  [DRY-RUN]
would-upload     972578412336748 c0  (video) ← 972578412336748.mp4  → https://pub-893b4a6a607b4221a894bf861da7914e.r2.dev/972578412336748.mp4  [DRY-RUN]
would-upload     1517797906362819 c0  (video) ← 1517797906362819.mp4  → https://pub-893b4a6a607b4221a894bf861da7914e.r2.dev/1517797906362819.mp4  [DRY-RUN]
would-upload     915024264926345 c0  (image) ← 915024264926345.jpg  → https://pub-893b4a6a607b4221a894bf861da7914e.r2.dev/915024264926345.jpg  [DRY-RUN]
would-upload     4548129975510284 c0  (image) ← 4548129975510284.jpg  → https://pub-893b4a6a607b4221a894bf861da7914e.r2.dev/4548129975510284.jpg  [DRY-RUN]
video-missing    974727855160123 c0  (expected file not found in videos/fluently-2026-06-04)
would-upload     3613840952115133 c0  (image) ← 3613840952115133.jpg  → https://pub-893b4a6a607b4221a894bf861da7914e.r2.dev/3613840952115133.jpg  [DRY-RUN]
would-upload     36936992915887663 c0  (video) ← 36936992915887663.mp4  → https://pub-893b4a6a607b4221a894bf861da7914e.r2.dev/36936992915887663.mp4  [DRY-RUN]
would-upload     966056609528149 c0  (image) ← 966056609528149.jpg  → https://pub-893b4a6a607b4221a894bf861da7914e.r2.dev/966056609528149.jpg  [DRY-RUN]
would-upload     27086920107627337 c0  (video) ← 27086920107627337.mp4  → https://pub-893b4a6a607b4221a894bf861da7914e.r2.dev/27086920107627337.mp4  [DRY-RUN]
would-upload     1524001969318535 c0  (video) ← 1524001969318535.mp4  → https://pub-893b4a6a607b4221a894bf861da7914e.r2.dev/1524001969318535.mp4  [DRY-RUN]
would-upload     2393309327845118 c0  (image) ← 2393309327845118.jpg  → https://pub-893b4a6a607b4221a894bf861da7914e.r2.dev/2393309327845118.jpg  [DRY-RUN]
would-upload     1520657146511710 c0  (video) ← 1520657146511710.mp4  → https://pub-893b4a6a607b4221a894bf861da7914e.r2.dev/1520657146511710.mp4  [DRY-RUN]
would-upload     1663160528238342 c0  (video) ← 1663160528238342.mp4  → https://pub-893b4a6a607b4221a894bf861da7914e.r2.dev/1663160528238342.mp4  [DRY-RUN]
would-upload     2121551921738404 c0  (image) ← 2121551921738404.jpg  → https://pub-893b4a6a607b4221a894bf861da7914e.r2.dev/2121551921738404.jpg  [DRY-RUN]
would-upload     1009918258638914 c0  (video) ← 1009918258638914.mp4  → https://pub-893b4a6a607b4221a894bf861da7914e.r2.dev/1009918258638914.mp4  [DRY-RUN]
would-upload     2363740690780592 c0  (video) ← 2363740690780592.mp4  → https://pub-893b4a6a607b4221a894bf861da7914e.r2.dev/2363740690780592.mp4  [DRY-RUN]
would-upload     1362433179072292 c0  (video) ← 1362433179072292.mp4  → https://pub-893b4a6a607b4221a894bf861da7914e.r2.dev/1362433179072292.mp4  [DRY-RUN]
would-upload     1863702964323620 c0  (video) ← 1863702964323620.mp4  → https://pub-893b4a6a607b4221a894bf861da7914e.r2.dev/1863702964323620.mp4  [DRY-RUN]
would-upload     1391888119656368 c0  (image) ← 1391888119656368.jpg  → https://pub-893b4a6a607b4221a894bf861da7914e.r2.dev/1391888119656368.jpg  [DRY-RUN]
would-upload     27068418359459325 c0  (image) ← 27068418359459325.jpg  → https://pub-893b4a6a607b4221a894bf861da7914e.r2.dev/27068418359459325.jpg  [DRY-RUN]
would-upload     1374931317846624 c0  (video) ← 1374931317846624.mp4  → https://pub-893b4a6a607b4221a894bf861da7914e.r2.dev/1374931317846624.mp4  [DRY-RUN]
would-upload     1511467060431588 c0  (video) ← 1511467060431588.mp4  → https://pub-893b4a6a607b4221a894bf861da7914e.r2.dev/1511467060431588.mp4  [DRY-RUN]
would-upload     1611285419975086 c0  (image) ← 1611285419975086.jpg  → https://pub-893b4a6a607b4221a894bf861da7914e.r2.dev/1611285419975086.jpg  [DRY-RUN]
would-upload     1994071174828988 c0  (video) ← 1994071174828988.mp4  → https://pub-893b4a6a607b4221a894bf861da7914e.r2.dev/1994071174828988.mp4  [DRY-RUN]
would-upload     957401637131756 c0  (video) ← 957401637131756.mp4  → https://pub-893b4a6a607b4221a894bf861da7914e.r2.dev/957401637131756.mp4  [DRY-RUN]
would-upload     2058015711414884 c0  (video) ← 2058015711414884.mp4  → https://pub-893b4a6a607b4221a894bf861da7914e.r2.dev/2058015711414884.mp4  [DRY-RUN]
would-upload     1547837986857954 c0  (video) ← 1547837986857954.mp4  → https://pub-893b4a6a607b4221a894bf861da7914e.r2.dev/1547837986857954.mp4  [DRY-RUN]
would-upload     957242107180115 c0  (video) ← 957242107180115.mp4  → https://pub-893b4a6a607b4221a894bf861da7914e.r2.dev/957242107180115.mp4  [DRY-RUN]
would-upload     2164429157462491 c0  (video) ← 2164429157462491.mp4  → https://pub-893b4a6a607b4221a894bf861da7914e.r2.dev/2164429157462491.mp4  [DRY-RUN]
would-upload     1011808124882589 c0  (image) ← 1011808124882589.jpg  → https://pub-893b4a6a607b4221a894bf861da7914e.r2.dev/1011808124882589.jpg  [DRY-RUN]
would-upload     1000640349331243 c0  (image) ← 1000640349331243.jpg  → https://pub-893b4a6a607b4221a894bf861da7914e.r2.dev/1000640349331243.jpg  [DRY-RUN]
would-upload     2911849869179732 c0  (video) ← 2911849869179732.mp4  → https://pub-893b4a6a607b4221a894bf861da7914e.r2.dev/2911849869179732.mp4  [DRY-RUN]
would-upload     987448390839108 c0  (video) ← 987448390839108.mp4  → https://pub-893b4a6a607b4221a894bf861da7914e.r2.dev/987448390839108.mp4  [DRY-RUN]
would-upload     867663539076353 c0  (video) ← 867663539076353.mp4  → https://pub-893b4a6a607b4221a894bf861da7914e.r2.dev/867663539076353.mp4  [DRY-RUN]
would-upload     1323211939962232 c0  (video) ← 1323211939962232.mp4  → https://pub-893b4a6a607b4221a894bf861da7914e.r2.dev/1323211939962232.mp4  [DRY-RUN]
would-upload     1460992792439510 c0  (image) ← 1460992792439510.jpg  → https://pub-893b4a6a607b4221a894bf861da7914e.r2.dev/1460992792439510.jpg  [DRY-RUN]
would-upload     1904947386833069 c0  (video) ← 1904947386833069.mp4  → https://pub-893b4a6a607b4221a894bf861da7914e.r2.dev/1904947386833069.mp4  [DRY-RUN]
would-upload     1471211810860131 c0  (video) ← 1471211810860131.mp4  → https://pub-893b4a6a607b4221a894bf861da7914e.r2.dev/1471211810860131.mp4  [DRY-RUN]
would-upload     1535978051415627 c0  (image) ← 1535978051415627.jpg  → https://pub-893b4a6a607b4221a894bf861da7914e.r2.dev/1535978051415627.jpg  [DRY-RUN]
would-upload     1721417302606368 c0  (image) ← 1721417302606368.jpg  → https://pub-893b4a6a607b4221a894bf861da7914e.r2.dev/1721417302606368.jpg  [DRY-RUN]
video-missing    3111229192407717 c0  (expected file not found in videos/fluently-2026-06-04)
would-upload     967792182767285 c0  (video) ← 967792182767285.mp4  → https://pub-893b4a6a607b4221a894bf861da7914e.r2.dev/967792182767285.mp4  [DRY-RUN]
video-missing    1587913393313742 c0  (expected file not found in videos/fluently-2026-06-04)
would-upload     1908853146439254 c0  (video) ← 1908853146439254.mp4  → https://pub-893b4a6a607b4221a894bf861da7914e.r2.dev/1908853146439254.mp4  [DRY-RUN]
would-upload     2170518363745902 c0  (video) ← 2170518363745902.mp4  → https://pub-893b4a6a607b4221a894bf861da7914e.r2.dev/2170518363745902.mp4  [DRY-RUN]
would-upload     4608908556048766 c0  (image) ← 4608908556048766.jpg  → https://pub-893b4a6a607b4221a894bf861da7914e.r2.dev/4608908556048766.jpg  [DRY-RUN]
would-upload     966982052903893 c0  (video) ← 966982052903893.mp4  → https://pub-893b4a6a607b4221a894bf861da7914e.r2.dev/966982052903893.mp4  [DRY-RUN]
would-upload     1583717093175886 c0  (video) ← 1583717093175886.mp4  → https://pub-893b4a6a607b4221a894bf861da7914e.r2.dev/1583717093175886.mp4  [DRY-RUN]
would-upload     1726442415190398 c0  (video) ← 1726442415190398.mp4  → https://pub-893b4a6a607b4221a894bf861da7914e.r2.dev/1726442415190398.mp4  [DRY-RUN]
would-upload     26036743272668079 c0  (video) ← 26036743272668079.mp4  → https://pub-893b4a6a607b4221a894bf861da7914e.r2.dev/26036743272668079.mp4  [DRY-RUN]
would-upload     1288251929699387 c0  (image) ← 1288251929699387.jpg  → https://pub-893b4a6a607b4221a894bf861da7914e.r2.dev/1288251929699387.jpg  [DRY-RUN]
would-upload     1374478314519392 c0  (video) ← 1374478314519392.mp4  → https://pub-893b4a6a607b4221a894bf861da7914e.r2.dev/1374478314519392.mp4  [DRY-RUN]
would-upload     980894424810218 c0  (image) ← 980894424810218.jpg  → https://pub-893b4a6a607b4221a894bf861da7914e.r2.dev/980894424810218.jpg  [DRY-RUN]
would-upload     993266709854361 c0  (video) ← 993266709854361.mp4  → https://pub-893b4a6a607b4221a894bf861da7914e.r2.dev/993266709854361.mp4  [DRY-RUN]
would-upload     2256607801813515 c0  (image) ← 2256607801813515.jpg  → https://pub-893b4a6a607b4221a894bf861da7914e.r2.dev/2256607801813515.jpg  [DRY-RUN]
would-upload     847446654645862 c0  (image) ← 847446654645862.jpg  → https://pub-893b4a6a607b4221a894bf861da7914e.r2.dev/847446654645862.jpg  [DRY-RUN]
would-upload     1363272655643037 c0  (video) ← 1363272655643037.mp4  → https://pub-893b4a6a607b4221a894bf861da7914e.r2.dev/1363272655643037.mp4  [DRY-RUN]
would-upload     1491037112489320 c0  (video) ← 1491037112489320.mp4  → https://pub-893b4a6a607b4221a894bf861da7914e.r2.dev/1491037112489320.mp4  [DRY-RUN]
would-upload     863151719673610 c0  (video) ← 863151719673610.mp4  → https://pub-893b4a6a607b4221a894bf861da7914e.r2.dev/863151719673610.mp4  [DRY-RUN]
would-upload     1661580315118938 c0  (image) ← 1661580315118938.jpg  → https://pub-893b4a6a607b4221a894bf861da7914e.r2.dev/1661580315118938.jpg  [DRY-RUN]
would-upload     1033694575663029 c0  (video) ← 1033694575663029.mp4  → https://pub-893b4a6a607b4221a894bf861da7914e.r2.dev/1033694575663029.mp4  [DRY-RUN]
would-upload     1407327797819961 c0  (video) ← 1407327797819961.mp4  → https://pub-893b4a6a607b4221a894bf861da7914e.r2.dev/1407327797819961.mp4  [DRY-RUN]
would-upload     824677800454105 c0  (image) ← 824677800454105.jpg  → https://pub-893b4a6a607b4221a894bf861da7914e.r2.dev/824677800454105.jpg  [DRY-RUN]
would-upload     1302148178744378 c0  (image) ← 1302148178744378.jpg  → https://pub-893b4a6a607b4221a894bf861da7914e.r2.dev/1302148178744378.jpg  [DRY-RUN]
would-upload     1540636854309949 c0  (video) ← 1540636854309949.mp4  → https://pub-893b4a6a607b4221a894bf861da7914e.r2.dev/1540636854309949.mp4  [DRY-RUN]
would-upload     1335350981836810 c0  (video) ← 1335350981836810.mp4  → https://pub-893b4a6a607b4221a894bf861da7914e.r2.dev/1335350981836810.mp4  [DRY-RUN]
would-upload     2386303251862413 c0  (image) ← 2386303251862413.jpg  → https://pub-893b4a6a607b4221a894bf861da7914e.r2.dev/2386303251862413.jpg  [DRY-RUN]
would-upload     4013631278767675 c0  (video) ← 4013631278767675.mp4  → https://pub-893b4a6a607b4221a894bf861da7914e.r2.dev/4013631278767675.mp4  [DRY-RUN]
would-upload     834188789394205 c0  (video) ← 834188789394205.mp4  → https://pub-893b4a6a607b4221a894bf861da7914e.r2.dev/834188789394205.mp4  [DRY-RUN]
would-upload     1537515901049765 c0  (video) ← 1537515901049765.mp4  → https://pub-893b4a6a607b4221a894bf861da7914e.r2.dev/1537515901049765.mp4  [DRY-RUN]
would-upload     2029104057976595 c0  (video) ← 2029104057976595.mp4  → https://pub-893b4a6a607b4221a894bf861da7914e.r2.dev/2029104057976595.mp4  [DRY-RUN]
would-upload     1350981576904603 c0  (video) ← 1350981576904603.mp4  → https://pub-893b4a6a607b4221a894bf861da7914e.r2.dev/1350981576904603.mp4  [DRY-RUN]
would-upload     2072003130023586 c0  (video) ← 2072003130023586.mp4  → https://pub-893b4a6a607b4221a894bf861da7914e.r2.dev/2072003130023586.mp4  [DRY-RUN]
would-upload     1349687097027682 c0  (image) ← 1349687097027682.jpg  → https://pub-893b4a6a607b4221a894bf861da7914e.r2.dev/1349687097027682.jpg  [DRY-RUN]
would-upload     1739543820501302 c0  (video) ← 1739543820501302.mp4  → https://pub-893b4a6a607b4221a894bf861da7914e.r2.dev/1739543820501302.mp4  [DRY-RUN]
would-upload     2101088863771742 c0  (image) ← 2101088863771742.jpg  → https://pub-893b4a6a607b4221a894bf861da7914e.r2.dev/2101088863771742.jpg  [DRY-RUN]
would-upload     993611546740014 c0  (image) ← 993611546740014.jpg  → https://pub-893b4a6a607b4221a894bf861da7914e.r2.dev/993611546740014.jpg  [DRY-RUN]
would-upload     1593352865558593 c0  (video) ← 1593352865558593.mp4  → https://pub-893b4a6a607b4221a894bf861da7914e.r2.dev/1593352865558593.mp4  [DRY-RUN]
video-missing    2063798834172660 c0  (expected file not found in videos/fluently-2026-06-04)
would-upload     1601678534648515 c0  (image) ← 1601678534648515.jpg  → https://pub-893b4a6a607b4221a894bf861da7914e.r2.dev/1601678534648515.jpg  [DRY-RUN]
would-upload     1272388321725497 c0  (video) ← 1272388321725497.mp4  → https://pub-893b4a6a607b4221a894bf861da7914e.r2.dev/1272388321725497.mp4  [DRY-RUN]
would-upload     1322950675863245 c0  (video) ← 1322950675863245.mp4  → https://pub-893b4a6a607b4221a894bf861da7914e.r2.dev/1322950675863245.mp4  [DRY-RUN]
would-upload     4095825797216614 c0  (video) ← 4095825797216614.mp4  → https://pub-893b4a6a607b4221a894bf861da7914e.r2.dev/4095825797216614.mp4  [DRY-RUN]
would-upload     1057087750178029 c0  (image) ← 1057087750178029.jpg  → https://pub-893b4a6a607b4221a894bf861da7914e.r2.dev/1057087750178029.jpg  [DRY-RUN]
would-upload     1970282610278138 c0  (video) ← 1970282610278138.mp4  → https://pub-893b4a6a607b4221a894bf861da7914e.r2.dev/1970282610278138.mp4  [DRY-RUN]
would-upload     1713118536533310 c0  (video) ← 1713118536533310.mp4  → https://pub-893b4a6a607b4221a894bf861da7914e.r2.dev/1713118536533310.mp4  [DRY-RUN]
would-upload     2275177589953261 c0  (image) ← 2275177589953261.jpg  → https://pub-893b4a6a607b4221a894bf861da7914e.r2.dev/2275177589953261.jpg  [DRY-RUN]
would-upload     3844037135732725 c0  (video) ← 3844037135732725.mp4  → https://pub-893b4a6a607b4221a894bf861da7914e.r2.dev/3844037135732725.mp4  [DRY-RUN]
would-upload     981876874544113 c0  (video) ← 981876874544113.mp4  → https://pub-893b4a6a607b4221a894bf861da7914e.r2.dev/981876874544113.mp4  [DRY-RUN]
would-upload     997602449297587 c0  (video) ← 997602449297587.mp4  → https://pub-893b4a6a607b4221a894bf861da7914e.r2.dev/997602449297587.mp4  [DRY-RUN]
would-upload     1484045156170968 c0  (video) ← 1484045156170968.mp4  → https://pub-893b4a6a607b4221a894bf861da7914e.r2.dev/1484045156170968.mp4  [DRY-RUN]
would-upload     2000451191347870 c0  (video) ← 2000451191347870.mp4  → https://pub-893b4a6a607b4221a894bf861da7914e.r2.dev/2000451191347870.mp4  [DRY-RUN]
would-upload     4430877593899750 c0  (video) ← 4430877593899750.mp4  → https://pub-893b4a6a607b4221a894bf861da7914e.r2.dev/4430877593899750.mp4  [DRY-RUN]
would-upload     1287042866745219 c0  (video) ← 1287042866745219.mp4  → https://pub-893b4a6a607b4221a894bf861da7914e.r2.dev/1287042866745219.mp4  [DRY-RUN]
