# Step 3 run log
# competitor : fluently
# started_at : 2026-05-28T12:51:43
# input      : inputs/fb-ads-fluently-2026-05-28-1239.csv
# videos     : videos/fluently-2026-05-28
# master     : master/fluently.csv  (unchanged (dry-run))
# enriched   : inputs/fb-ads-fluently-2026-05-28-1239_enriched.csv
# bucket     : video-ads
# public_base: https://pub-893b4a6a607b4221a894bf861da7914e.r2.dev
# dry_run    : True
#
# counts     : {'uploaded': 298, 'carried-forward': 0, 'image-pending': 0, 'video-missing': 3, 'no-creative': 0, 'error': 0}
#
would-upload     2020774215463610 c0  (image) ← 2020774215463610.jpg  → https://pub-893b4a6a607b4221a894bf861da7914e.r2.dev/2020774215463610.jpg  [DRY-RUN]
would-upload     973909435205486 c0  (video) ← 973909435205486.mp4  → https://pub-893b4a6a607b4221a894bf861da7914e.r2.dev/973909435205486.mp4  [DRY-RUN]
would-upload     1861692997873496 c0  (video) ← 1861692997873496.mp4  → https://pub-893b4a6a607b4221a894bf861da7914e.r2.dev/1861692997873496.mp4  [DRY-RUN]
video-missing    953163657608580 c0  (expected file not found in videos/fluently-2026-05-28)
would-upload     987587470425976 c0  (video) ← 987587470425976.mp4  → https://pub-893b4a6a607b4221a894bf861da7914e.r2.dev/987587470425976.mp4  [DRY-RUN]
would-upload     1724170535252280 c0  (video) ← 1724170535252280.mp4  → https://pub-893b4a6a607b4221a894bf861da7914e.r2.dev/1724170535252280.mp4  [DRY-RUN]
would-upload     1503537474699018 c0  (video) ← 1503537474699018.mp4  → https://pub-893b4a6a607b4221a894bf861da7914e.r2.dev/1503537474699018.mp4  [DRY-RUN]
would-upload     1489436636187003 c0  (image) ← 1489436636187003.jpg  → https://pub-893b4a6a607b4221a894bf861da7914e.r2.dev/1489436636187003.jpg  [DRY-RUN]
would-upload     2066294067499861 c0  (video) ← 2066294067499861.mp4  → https://pub-893b4a6a607b4221a894bf861da7914e.r2.dev/2066294067499861.mp4  [DRY-RUN]
video-missing    1340773944905289 c0  (expected file not found in videos/fluently-2026-05-28)
would-upload     1596212348295807 c0  (video) ← 1596212348295807.mp4  → https://pub-893b4a6a607b4221a894bf861da7914e.r2.dev/1596212348295807.mp4  [DRY-RUN]
would-upload     834462509182127 c0  (video) ← 834462509182127.mp4  → https://pub-893b4a6a607b4221a894bf861da7914e.r2.dev/834462509182127.mp4  [DRY-RUN]
would-upload     872598712508701 c0  (video) ← 872598712508701.mp4  → https://pub-893b4a6a607b4221a894bf861da7914e.r2.dev/872598712508701.mp4  [DRY-RUN]
would-upload     1486129556426991 c0  (video) ← 1486129556426991.mp4  → https://pub-893b4a6a607b4221a894bf861da7914e.r2.dev/1486129556426991.mp4  [DRY-RUN]
would-upload     1292435579738797 c0  (video) ← 1292435579738797.mp4  → https://pub-893b4a6a607b4221a894bf861da7914e.r2.dev/1292435579738797.mp4  [DRY-RUN]
would-upload     946645067989939 c0  (video) ← 946645067989939.mp4  → https://pub-893b4a6a607b4221a894bf861da7914e.r2.dev/946645067989939.mp4  [DRY-RUN]
would-upload     977432371543196 c0  (image) ← 977432371543196.jpg  → https://pub-893b4a6a607b4221a894bf861da7914e.r2.dev/977432371543196.jpg  [DRY-RUN]
would-upload     987333757125660 c0  (video) ← 987333757125660.mp4  → https://pub-893b4a6a607b4221a894bf861da7914e.r2.dev/987333757125660.mp4  [DRY-RUN]
video-missing    1328531299168220 c0  (expected file not found in videos/fluently-2026-05-28)
would-upload     2687096741625217 c0  (video) ← 2687096741625217.mp4  → https://pub-893b4a6a607b4221a894bf861da7914e.r2.dev/2687096741625217.mp4  [DRY-RUN]
would-upload     1492697022391467 c0  (video) ← 1492697022391467.mp4  → https://pub-893b4a6a607b4221a894bf861da7914e.r2.dev/1492697022391467.mp4  [DRY-RUN]
would-upload     1363585002493940 c0  (video) ← 1363585002493940.mp4  → https://pub-893b4a6a607b4221a894bf861da7914e.r2.dev/1363585002493940.mp4  [DRY-RUN]
would-upload     946896624496219 c0  (video) ← 946896624496219.mp4  → https://pub-893b4a6a607b4221a894bf861da7914e.r2.dev/946896624496219.mp4  [DRY-RUN]
would-upload     1532487928294222 c0  (video) ← 1532487928294222.mp4  → https://pub-893b4a6a607b4221a894bf861da7914e.r2.dev/1532487928294222.mp4  [DRY-RUN]
would-upload     1511027407290127 c0  (video) ← 1511027407290127.mp4  → https://pub-893b4a6a607b4221a894bf861da7914e.r2.dev/1511027407290127.mp4  [DRY-RUN]
would-upload     2051670485763027 c0  (video) ← 2051670485763027.mp4  → https://pub-893b4a6a607b4221a894bf861da7914e.r2.dev/2051670485763027.mp4  [DRY-RUN]
would-upload     840344659107771 c0  (video) ← 840344659107771.mp4  → https://pub-893b4a6a607b4221a894bf861da7914e.r2.dev/840344659107771.mp4  [DRY-RUN]
would-upload     1453674708938235 c0  (video) ← 1453674708938235.mp4  → https://pub-893b4a6a607b4221a894bf861da7914e.r2.dev/1453674708938235.mp4  [DRY-RUN]
would-upload     846517477821055 c0  (video) ← 846517477821055.mp4  → https://pub-893b4a6a607b4221a894bf861da7914e.r2.dev/846517477821055.mp4  [DRY-RUN]
would-upload     1010232058002100 c0  (video) ← 1010232058002100.mp4  → https://pub-893b4a6a607b4221a894bf861da7914e.r2.dev/1010232058002100.mp4  [DRY-RUN]
would-upload     3732962946851690 c0  (video) ← 3732962946851690.mp4  → https://pub-893b4a6a607b4221a894bf861da7914e.r2.dev/3732962946851690.mp4  [DRY-RUN]
would-upload     992638133228487 c0  (video) ← 992638133228487.mp4  → https://pub-893b4a6a607b4221a894bf861da7914e.r2.dev/992638133228487.mp4  [DRY-RUN]
would-upload     4024987867794618 c0  (video) ← 4024987867794618.mp4  → https://pub-893b4a6a607b4221a894bf861da7914e.r2.dev/4024987867794618.mp4  [DRY-RUN]
would-upload     1297096962618071 c0  (video) ← 1297096962618071.mp4  → https://pub-893b4a6a607b4221a894bf861da7914e.r2.dev/1297096962618071.mp4  [DRY-RUN]
would-upload     1735163424274440 c0  (video) ← 1735163424274440.mp4  → https://pub-893b4a6a607b4221a894bf861da7914e.r2.dev/1735163424274440.mp4  [DRY-RUN]
would-upload     1562610171953055 c0  (video) ← 1562610171953055.mp4  → https://pub-893b4a6a607b4221a894bf861da7914e.r2.dev/1562610171953055.mp4  [DRY-RUN]
would-upload     960482803404131 c0  (image) ← 960482803404131.jpg  → https://pub-893b4a6a607b4221a894bf861da7914e.r2.dev/960482803404131.jpg  [DRY-RUN]
would-upload     2000511357505408 c0  (video) ← 2000511357505408.mp4  → https://pub-893b4a6a607b4221a894bf861da7914e.r2.dev/2000511357505408.mp4  [DRY-RUN]
would-upload     1663540364912978 c0  (video) ← 1663540364912978.mp4  → https://pub-893b4a6a607b4221a894bf861da7914e.r2.dev/1663540364912978.mp4  [DRY-RUN]
would-upload     27123614913947532 c0  (video) ← 27123614913947532.mp4  → https://pub-893b4a6a607b4221a894bf861da7914e.r2.dev/27123614913947532.mp4  [DRY-RUN]
would-upload     1942335666411931 c0  (video) ← 1942335666411931.mp4  → https://pub-893b4a6a607b4221a894bf861da7914e.r2.dev/1942335666411931.mp4  [DRY-RUN]
would-upload     1907692803263129 c0  (video) ← 1907692803263129.mp4  → https://pub-893b4a6a607b4221a894bf861da7914e.r2.dev/1907692803263129.mp4  [DRY-RUN]
would-upload     1455681216239827 c0  (image) ← 1455681216239827.jpg  → https://pub-893b4a6a607b4221a894bf861da7914e.r2.dev/1455681216239827.jpg  [DRY-RUN]
would-upload     786925484481205 c0  (video) ← 786925484481205.mp4  → https://pub-893b4a6a607b4221a894bf861da7914e.r2.dev/786925484481205.mp4  [DRY-RUN]
would-upload     1690887282330021 c0  (video) ← 1690887282330021.mp4  → https://pub-893b4a6a607b4221a894bf861da7914e.r2.dev/1690887282330021.mp4  [DRY-RUN]
would-upload     965711952912693 c0  (video) ← 965711952912693.mp4  → https://pub-893b4a6a607b4221a894bf861da7914e.r2.dev/965711952912693.mp4  [DRY-RUN]
would-upload     1514952856756932 c0  (video) ← 1514952856756932.mp4  → https://pub-893b4a6a607b4221a894bf861da7914e.r2.dev/1514952856756932.mp4  [DRY-RUN]
would-upload     983269830731403 c0  (video) ← 983269830731403.mp4  → https://pub-893b4a6a607b4221a894bf861da7914e.r2.dev/983269830731403.mp4  [DRY-RUN]
would-upload     1937653870479131 c0  (video) ← 1937653870479131.mp4  → https://pub-893b4a6a607b4221a894bf861da7914e.r2.dev/1937653870479131.mp4  [DRY-RUN]
would-upload     972308295523636 c0  (video) ← 972308295523636.mp4  → https://pub-893b4a6a607b4221a894bf861da7914e.r2.dev/972308295523636.mp4  [DRY-RUN]
would-upload     1279692024323121 c0  (video) ← 1279692024323121.mp4  → https://pub-893b4a6a607b4221a894bf861da7914e.r2.dev/1279692024323121.mp4  [DRY-RUN]
would-upload     1750507892780237 c0  (video) ← 1750507892780237.mp4  → https://pub-893b4a6a607b4221a894bf861da7914e.r2.dev/1750507892780237.mp4  [DRY-RUN]
would-upload     1299445691763126 c0  (video) ← 1299445691763126.mp4  → https://pub-893b4a6a607b4221a894bf861da7914e.r2.dev/1299445691763126.mp4  [DRY-RUN]
would-upload     1015605524755238 c0  (video) ← 1015605524755238.mp4  → https://pub-893b4a6a607b4221a894bf861da7914e.r2.dev/1015605524755238.mp4  [DRY-RUN]
would-upload     1702102564152104 c0  (video) ← 1702102564152104.mp4  → https://pub-893b4a6a607b4221a894bf861da7914e.r2.dev/1702102564152104.mp4  [DRY-RUN]
would-upload     971085298837160 c0  (video) ← 971085298837160.mp4  → https://pub-893b4a6a607b4221a894bf861da7914e.r2.dev/971085298837160.mp4  [DRY-RUN]
would-upload     1023548333576180 c0  (video) ← 1023548333576180.mp4  → https://pub-893b4a6a607b4221a894bf861da7914e.r2.dev/1023548333576180.mp4  [DRY-RUN]
would-upload     2147520036091010 c0  (video) ← 2147520036091010.mp4  → https://pub-893b4a6a607b4221a894bf861da7914e.r2.dev/2147520036091010.mp4  [DRY-RUN]
would-upload     2162654357864302 c0  (video) ← 2162654357864302.mp4  → https://pub-893b4a6a607b4221a894bf861da7914e.r2.dev/2162654357864302.mp4  [DRY-RUN]
would-upload     968477852806577 c0  (video) ← 968477852806577.mp4  → https://pub-893b4a6a607b4221a894bf861da7914e.r2.dev/968477852806577.mp4  [DRY-RUN]
would-upload     905262505892624 c0  (video) ← 905262505892624.mp4  → https://pub-893b4a6a607b4221a894bf861da7914e.r2.dev/905262505892624.mp4  [DRY-RUN]
would-upload     808337915339210 c0  (video) ← 808337915339210.mp4  → https://pub-893b4a6a607b4221a894bf861da7914e.r2.dev/808337915339210.mp4  [DRY-RUN]
would-upload     26682208958128398 c0  (video) ← 26682208958128398.mp4  → https://pub-893b4a6a607b4221a894bf861da7914e.r2.dev/26682208958128398.mp4  [DRY-RUN]
would-upload     911427705253678 c0  (video) ← 911427705253678.mp4  → https://pub-893b4a6a607b4221a894bf861da7914e.r2.dev/911427705253678.mp4  [DRY-RUN]
would-upload     1493594428943023 c0  (video) ← 1493594428943023.mp4  → https://pub-893b4a6a607b4221a894bf861da7914e.r2.dev/1493594428943023.mp4  [DRY-RUN]
would-upload     1356833606500577 c0  (video) ← 1356833606500577.mp4  → https://pub-893b4a6a607b4221a894bf861da7914e.r2.dev/1356833606500577.mp4  [DRY-RUN]
would-upload     3047784098945729 c0  (video) ← 3047784098945729.mp4  → https://pub-893b4a6a607b4221a894bf861da7914e.r2.dev/3047784098945729.mp4  [DRY-RUN]
would-upload     931493059941920 c0  (video) ← 931493059941920.mp4  → https://pub-893b4a6a607b4221a894bf861da7914e.r2.dev/931493059941920.mp4  [DRY-RUN]
would-upload     1769302684480133 c0  (video) ← 1769302684480133.mp4  → https://pub-893b4a6a607b4221a894bf861da7914e.r2.dev/1769302684480133.mp4  [DRY-RUN]
would-upload     2470652146730619 c0  (image) ← 2470652146730619.jpg  → https://pub-893b4a6a607b4221a894bf861da7914e.r2.dev/2470652146730619.jpg  [DRY-RUN]
would-upload     1389441239673389 c0  (video) ← 1389441239673389.mp4  → https://pub-893b4a6a607b4221a894bf861da7914e.r2.dev/1389441239673389.mp4  [DRY-RUN]
would-upload     929434719958783 c0  (video) ← 929434719958783.mp4  → https://pub-893b4a6a607b4221a894bf861da7914e.r2.dev/929434719958783.mp4  [DRY-RUN]
would-upload     977376024992828 c0  (video) ← 977376024992828.mp4  → https://pub-893b4a6a607b4221a894bf861da7914e.r2.dev/977376024992828.mp4  [DRY-RUN]
would-upload     2535757416881395 c0  (video) ← 2535757416881395.mp4  → https://pub-893b4a6a607b4221a894bf861da7914e.r2.dev/2535757416881395.mp4  [DRY-RUN]
would-upload     1302724048425748 c0  (video) ← 1302724048425748.mp4  → https://pub-893b4a6a607b4221a894bf861da7914e.r2.dev/1302724048425748.mp4  [DRY-RUN]
would-upload     1338830018293737 c0  (video) ← 1338830018293737.mp4  → https://pub-893b4a6a607b4221a894bf861da7914e.r2.dev/1338830018293737.mp4  [DRY-RUN]
would-upload     945822484996000 c0  (video) ← 945822484996000.mp4  → https://pub-893b4a6a607b4221a894bf861da7914e.r2.dev/945822484996000.mp4  [DRY-RUN]
would-upload     3244995115680126 c0  (video) ← 3244995115680126.mp4  → https://pub-893b4a6a607b4221a894bf861da7914e.r2.dev/3244995115680126.mp4  [DRY-RUN]
would-upload     26804678605849234 c0  (video) ← 26804678605849234.mp4  → https://pub-893b4a6a607b4221a894bf861da7914e.r2.dev/26804678605849234.mp4  [DRY-RUN]
would-upload     981029757807921 c0  (video) ← 981029757807921.mp4  → https://pub-893b4a6a607b4221a894bf861da7914e.r2.dev/981029757807921.mp4  [DRY-RUN]
would-upload     936824896024768 c0  (video) ← 936824896024768.mp4  → https://pub-893b4a6a607b4221a894bf861da7914e.r2.dev/936824896024768.mp4  [DRY-RUN]
would-upload     832175706291815 c0  (video) ← 832175706291815.mp4  → https://pub-893b4a6a607b4221a894bf861da7914e.r2.dev/832175706291815.mp4  [DRY-RUN]
would-upload     978778331307767 c0  (video) ← 978778331307767.mp4  → https://pub-893b4a6a607b4221a894bf861da7914e.r2.dev/978778331307767.mp4  [DRY-RUN]
would-upload     1286875983640106 c0  (video) ← 1286875983640106.mp4  → https://pub-893b4a6a607b4221a894bf861da7914e.r2.dev/1286875983640106.mp4  [DRY-RUN]
would-upload     2275561466186575 c0  (video) ← 2275561466186575.mp4  → https://pub-893b4a6a607b4221a894bf861da7914e.r2.dev/2275561466186575.mp4  [DRY-RUN]
would-upload     967702965644287 c0  (video) ← 967702965644287.mp4  → https://pub-893b4a6a607b4221a894bf861da7914e.r2.dev/967702965644287.mp4  [DRY-RUN]
would-upload     1729948211698327 c0  (video) ← 1729948211698327.mp4  → https://pub-893b4a6a607b4221a894bf861da7914e.r2.dev/1729948211698327.mp4  [DRY-RUN]
would-upload     1943214016562781 c0  (video) ← 1943214016562781.mp4  → https://pub-893b4a6a607b4221a894bf861da7914e.r2.dev/1943214016562781.mp4  [DRY-RUN]
would-upload     1787255249264281 c0  (video) ← 1787255249264281.mp4  → https://pub-893b4a6a607b4221a894bf861da7914e.r2.dev/1787255249264281.mp4  [DRY-RUN]
would-upload     1753541802748287 c0  (image) ← 1753541802748287.jpg  → https://pub-893b4a6a607b4221a894bf861da7914e.r2.dev/1753541802748287.jpg  [DRY-RUN]
would-upload     1697122355069948 c0  (video) ← 1697122355069948.mp4  → https://pub-893b4a6a607b4221a894bf861da7914e.r2.dev/1697122355069948.mp4  [DRY-RUN]
would-upload     2502301553514259 c0  (image) ← 2502301553514259.jpg  → https://pub-893b4a6a607b4221a894bf861da7914e.r2.dev/2502301553514259.jpg  [DRY-RUN]
would-upload     4495895804032020 c0  (video) ← 4495895804032020.mp4  → https://pub-893b4a6a607b4221a894bf861da7914e.r2.dev/4495895804032020.mp4  [DRY-RUN]
would-upload     1547364546982534 c0  (video) ← 1547364546982534.mp4  → https://pub-893b4a6a607b4221a894bf861da7914e.r2.dev/1547364546982534.mp4  [DRY-RUN]
would-upload     1316807057257230 c0  (image) ← 1316807057257230.jpg  → https://pub-893b4a6a607b4221a894bf861da7914e.r2.dev/1316807057257230.jpg  [DRY-RUN]
would-upload     767866562957511 c0  (video) ← 767866562957511.mp4  → https://pub-893b4a6a607b4221a894bf861da7914e.r2.dev/767866562957511.mp4  [DRY-RUN]
would-upload     1460687765334223 c0  (video) ← 1460687765334223.mp4  → https://pub-893b4a6a607b4221a894bf861da7914e.r2.dev/1460687765334223.mp4  [DRY-RUN]
would-upload     1025344233281993 c0  (video) ← 1025344233281993.mp4  → https://pub-893b4a6a607b4221a894bf861da7914e.r2.dev/1025344233281993.mp4  [DRY-RUN]
would-upload     25559854913694286 c0  (video) ← 25559854913694286.mp4  → https://pub-893b4a6a607b4221a894bf861da7914e.r2.dev/25559854913694286.mp4  [DRY-RUN]
would-upload     1660583218318782 c0  (image) ← 1660583218318782.jpg  → https://pub-893b4a6a607b4221a894bf861da7914e.r2.dev/1660583218318782.jpg  [DRY-RUN]
would-upload     1338541331672499 c0  (video) ← 1338541331672499.mp4  → https://pub-893b4a6a607b4221a894bf861da7914e.r2.dev/1338541331672499.mp4  [DRY-RUN]
would-upload     1262878749257651 c0  (video) ← 1262878749257651.mp4  → https://pub-893b4a6a607b4221a894bf861da7914e.r2.dev/1262878749257651.mp4  [DRY-RUN]
would-upload     820526234441671 c0  (video) ← 820526234441671.mp4  → https://pub-893b4a6a607b4221a894bf861da7914e.r2.dev/820526234441671.mp4  [DRY-RUN]
would-upload     976693208634666 c0  (video) ← 976693208634666.mp4  → https://pub-893b4a6a607b4221a894bf861da7914e.r2.dev/976693208634666.mp4  [DRY-RUN]
would-upload     2545884555826778 c0  (video) ← 2545884555826778.mp4  → https://pub-893b4a6a607b4221a894bf861da7914e.r2.dev/2545884555826778.mp4  [DRY-RUN]
would-upload     2225802101158174 c0  (video) ← 2225802101158174.mp4  → https://pub-893b4a6a607b4221a894bf861da7914e.r2.dev/2225802101158174.mp4  [DRY-RUN]
would-upload     1357795976367757 c0  (video) ← 1357795976367757.mp4  → https://pub-893b4a6a607b4221a894bf861da7914e.r2.dev/1357795976367757.mp4  [DRY-RUN]
would-upload     909955515402365 c0  (video) ← 909955515402365.mp4  → https://pub-893b4a6a607b4221a894bf861da7914e.r2.dev/909955515402365.mp4  [DRY-RUN]
would-upload     1746592633389862 c0  (video) ← 1746592633389862.mp4  → https://pub-893b4a6a607b4221a894bf861da7914e.r2.dev/1746592633389862.mp4  [DRY-RUN]
would-upload     1316772493884853 c0  (video) ← 1316772493884853.mp4  → https://pub-893b4a6a607b4221a894bf861da7914e.r2.dev/1316772493884853.mp4  [DRY-RUN]
would-upload     1652674219399230 c0  (video) ← 1652674219399230.mp4  → https://pub-893b4a6a607b4221a894bf861da7914e.r2.dev/1652674219399230.mp4  [DRY-RUN]
would-upload     2880719965605739 c0  (video) ← 2880719965605739.mp4  → https://pub-893b4a6a607b4221a894bf861da7914e.r2.dev/2880719965605739.mp4  [DRY-RUN]
would-upload     1470437827635066 c0  (video) ← 1470437827635066.mp4  → https://pub-893b4a6a607b4221a894bf861da7914e.r2.dev/1470437827635066.mp4  [DRY-RUN]
would-upload     966951652714059 c0  (video) ← 966951652714059.mp4  → https://pub-893b4a6a607b4221a894bf861da7914e.r2.dev/966951652714059.mp4  [DRY-RUN]
would-upload     2480759662350209 c0  (video) ← 2480759662350209.mp4  → https://pub-893b4a6a607b4221a894bf861da7914e.r2.dev/2480759662350209.mp4  [DRY-RUN]
would-upload     1270330515297140 c0  (video) ← 1270330515297140.mp4  → https://pub-893b4a6a607b4221a894bf861da7914e.r2.dev/1270330515297140.mp4  [DRY-RUN]
would-upload     1668879657864920 c0  (video) ← 1668879657864920.mp4  → https://pub-893b4a6a607b4221a894bf861da7914e.r2.dev/1668879657864920.mp4  [DRY-RUN]
would-upload     26752186127781346 c0  (video) ← 26752186127781346.mp4  → https://pub-893b4a6a607b4221a894bf861da7914e.r2.dev/26752186127781346.mp4  [DRY-RUN]
would-upload     1604858730616806 c0  (video) ← 1604858730616806.mp4  → https://pub-893b4a6a607b4221a894bf861da7914e.r2.dev/1604858730616806.mp4  [DRY-RUN]
would-upload     1607484760312118 c0  (image) ← 1607484760312118.jpg  → https://pub-893b4a6a607b4221a894bf861da7914e.r2.dev/1607484760312118.jpg  [DRY-RUN]
would-upload     1900987807250132 c0  (video) ← 1900987807250132.mp4  → https://pub-893b4a6a607b4221a894bf861da7914e.r2.dev/1900987807250132.mp4  [DRY-RUN]
would-upload     1468323011201688 c0  (video) ← 1468323011201688.mp4  → https://pub-893b4a6a607b4221a894bf861da7914e.r2.dev/1468323011201688.mp4  [DRY-RUN]
would-upload     1021500813566874 c0  (image) ← 1021500813566874.jpg  → https://pub-893b4a6a607b4221a894bf861da7914e.r2.dev/1021500813566874.jpg  [DRY-RUN]
would-upload     996757443295479 c0  (video) ← 996757443295479.mp4  → https://pub-893b4a6a607b4221a894bf861da7914e.r2.dev/996757443295479.mp4  [DRY-RUN]
would-upload     1286194853171985 c0  (video) ← 1286194853171985.mp4  → https://pub-893b4a6a607b4221a894bf861da7914e.r2.dev/1286194853171985.mp4  [DRY-RUN]
would-upload     1367112621909638 c0  (video) ← 1367112621909638.mp4  → https://pub-893b4a6a607b4221a894bf861da7914e.r2.dev/1367112621909638.mp4  [DRY-RUN]
would-upload     868737919572399 c0  (video) ← 868737919572399.mp4  → https://pub-893b4a6a607b4221a894bf861da7914e.r2.dev/868737919572399.mp4  [DRY-RUN]
would-upload     1691748101862477 c0  (video) ← 1691748101862477.mp4  → https://pub-893b4a6a607b4221a894bf861da7914e.r2.dev/1691748101862477.mp4  [DRY-RUN]
would-upload     1349444276998116 c0  (video) ← 1349444276998116.mp4  → https://pub-893b4a6a607b4221a894bf861da7914e.r2.dev/1349444276998116.mp4  [DRY-RUN]
would-upload     1684322732578194 c0  (image) ← 1684322732578194.jpg  → https://pub-893b4a6a607b4221a894bf861da7914e.r2.dev/1684322732578194.jpg  [DRY-RUN]
would-upload     1016708307457346 c0  (video) ← 1016708307457346.mp4  → https://pub-893b4a6a607b4221a894bf861da7914e.r2.dev/1016708307457346.mp4  [DRY-RUN]
would-upload     4411659769109545 c0  (video) ← 4411659769109545.mp4  → https://pub-893b4a6a607b4221a894bf861da7914e.r2.dev/4411659769109545.mp4  [DRY-RUN]
would-upload     1015307027514637 c0  (video) ← 1015307027514637.mp4  → https://pub-893b4a6a607b4221a894bf861da7914e.r2.dev/1015307027514637.mp4  [DRY-RUN]
would-upload     1471202787436477 c0  (video) ← 1471202787436477.mp4  → https://pub-893b4a6a607b4221a894bf861da7914e.r2.dev/1471202787436477.mp4  [DRY-RUN]
would-upload     1637853090829959 c0  (image) ← 1637853090829959.jpg  → https://pub-893b4a6a607b4221a894bf861da7914e.r2.dev/1637853090829959.jpg  [DRY-RUN]
would-upload     1139271334991602 c0  (video) ← 1139271334991602.mp4  → https://pub-893b4a6a607b4221a894bf861da7914e.r2.dev/1139271334991602.mp4  [DRY-RUN]
would-upload     4297411840505645 c0  (video) ← 4297411840505645.mp4  → https://pub-893b4a6a607b4221a894bf861da7914e.r2.dev/4297411840505645.mp4  [DRY-RUN]
would-upload     1477205346828591 c0  (video) ← 1477205346828591.mp4  → https://pub-893b4a6a607b4221a894bf861da7914e.r2.dev/1477205346828591.mp4  [DRY-RUN]
would-upload     1299132671665931 c0  (video) ← 1299132671665931.mp4  → https://pub-893b4a6a607b4221a894bf861da7914e.r2.dev/1299132671665931.mp4  [DRY-RUN]
would-upload     1001039822400253 c0  (video) ← 1001039822400253.mp4  → https://pub-893b4a6a607b4221a894bf861da7914e.r2.dev/1001039822400253.mp4  [DRY-RUN]
would-upload     1971082027101812 c0  (video) ← 1971082027101812.mp4  → https://pub-893b4a6a607b4221a894bf861da7914e.r2.dev/1971082027101812.mp4  [DRY-RUN]
would-upload     26592847203702424 c0  (video) ← 26592847203702424.mp4  → https://pub-893b4a6a607b4221a894bf861da7914e.r2.dev/26592847203702424.mp4  [DRY-RUN]
would-upload     1549189193210127 c0  (video) ← 1549189193210127.mp4  → https://pub-893b4a6a607b4221a894bf861da7914e.r2.dev/1549189193210127.mp4  [DRY-RUN]
would-upload     927118840227873 c0  (video) ← 927118840227873.mp4  → https://pub-893b4a6a607b4221a894bf861da7914e.r2.dev/927118840227873.mp4  [DRY-RUN]
would-upload     1288852016425881 c0  (video) ← 1288852016425881.mp4  → https://pub-893b4a6a607b4221a894bf861da7914e.r2.dev/1288852016425881.mp4  [DRY-RUN]
would-upload     1954519611855156 c0  (image) ← 1954519611855156.jpg  → https://pub-893b4a6a607b4221a894bf861da7914e.r2.dev/1954519611855156.jpg  [DRY-RUN]
would-upload     1490504596050649 c0  (video) ← 1490504596050649.mp4  → https://pub-893b4a6a607b4221a894bf861da7914e.r2.dev/1490504596050649.mp4  [DRY-RUN]
would-upload     4515947865340832 c0  (video) ← 4515947865340832.mp4  → https://pub-893b4a6a607b4221a894bf861da7914e.r2.dev/4515947865340832.mp4  [DRY-RUN]
would-upload     1867436397284947 c0  (video) ← 1867436397284947.mp4  → https://pub-893b4a6a607b4221a894bf861da7914e.r2.dev/1867436397284947.mp4  [DRY-RUN]
would-upload     1311585240437558 c0  (video) ← 1311585240437558.mp4  → https://pub-893b4a6a607b4221a894bf861da7914e.r2.dev/1311585240437558.mp4  [DRY-RUN]
would-upload     1265988418855967 c0  (image) ← 1265988418855967.jpg  → https://pub-893b4a6a607b4221a894bf861da7914e.r2.dev/1265988418855967.jpg  [DRY-RUN]
would-upload     1466171898069540 c0  (image) ← 1466171898069540.jpg  → https://pub-893b4a6a607b4221a894bf861da7914e.r2.dev/1466171898069540.jpg  [DRY-RUN]
would-upload     2803002696720726 c0  (video) ← 2803002696720726.mp4  → https://pub-893b4a6a607b4221a894bf861da7914e.r2.dev/2803002696720726.mp4  [DRY-RUN]
would-upload     1294556712864709 c0  (video) ← 1294556712864709.mp4  → https://pub-893b4a6a607b4221a894bf861da7914e.r2.dev/1294556712864709.mp4  [DRY-RUN]
would-upload     1777858313182852 c0  (video) ← 1777858313182852.mp4  → https://pub-893b4a6a607b4221a894bf861da7914e.r2.dev/1777858313182852.mp4  [DRY-RUN]
would-upload     1541633190947656 c0  (video) ← 1541633190947656.mp4  → https://pub-893b4a6a607b4221a894bf861da7914e.r2.dev/1541633190947656.mp4  [DRY-RUN]
would-upload     962213939779030 c0  (video) ← 962213939779030.mp4  → https://pub-893b4a6a607b4221a894bf861da7914e.r2.dev/962213939779030.mp4  [DRY-RUN]
would-upload     27467426639549195 c0  (video) ← 27467426639549195.mp4  → https://pub-893b4a6a607b4221a894bf861da7914e.r2.dev/27467426639549195.mp4  [DRY-RUN]
would-upload     1535297444857772 c0  (video) ← 1535297444857772.mp4  → https://pub-893b4a6a607b4221a894bf861da7914e.r2.dev/1535297444857772.mp4  [DRY-RUN]
would-upload     2429765667497468 c0  (video) ← 2429765667497468.mp4  → https://pub-893b4a6a607b4221a894bf861da7914e.r2.dev/2429765667497468.mp4  [DRY-RUN]
would-upload     1468698568069830 c0  (image) ← 1468698568069830.jpg  → https://pub-893b4a6a607b4221a894bf861da7914e.r2.dev/1468698568069830.jpg  [DRY-RUN]
would-upload     1271657265174452 c0  (video) ← 1271657265174452.mp4  → https://pub-893b4a6a607b4221a894bf861da7914e.r2.dev/1271657265174452.mp4  [DRY-RUN]
would-upload     1309358647193636 c0  (video) ← 1309358647193636.mp4  → https://pub-893b4a6a607b4221a894bf861da7914e.r2.dev/1309358647193636.mp4  [DRY-RUN]
would-upload     1505068210807802 c0  (video) ← 1505068210807802.mp4  → https://pub-893b4a6a607b4221a894bf861da7914e.r2.dev/1505068210807802.mp4  [DRY-RUN]
would-upload     1377137267568274 c0  (video) ← 1377137267568274.mp4  → https://pub-893b4a6a607b4221a894bf861da7914e.r2.dev/1377137267568274.mp4  [DRY-RUN]
would-upload     967991695636456 c0  (video) ← 967991695636456.mp4  → https://pub-893b4a6a607b4221a894bf861da7914e.r2.dev/967991695636456.mp4  [DRY-RUN]
would-upload     4225050071139644 c0  (video) ← 4225050071139644.mp4  → https://pub-893b4a6a607b4221a894bf861da7914e.r2.dev/4225050071139644.mp4  [DRY-RUN]
would-upload     994369686298555 c0  (video) ← 994369686298555.mp4  → https://pub-893b4a6a607b4221a894bf861da7914e.r2.dev/994369686298555.mp4  [DRY-RUN]
would-upload     2223596324843130 c0  (video) ← 2223596324843130.mp4  → https://pub-893b4a6a607b4221a894bf861da7914e.r2.dev/2223596324843130.mp4  [DRY-RUN]
would-upload     1734753177515931 c0  (video) ← 1734753177515931.mp4  → https://pub-893b4a6a607b4221a894bf861da7914e.r2.dev/1734753177515931.mp4  [DRY-RUN]
would-upload     1337386238509852 c0  (video) ← 1337386238509852.mp4  → https://pub-893b4a6a607b4221a894bf861da7914e.r2.dev/1337386238509852.mp4  [DRY-RUN]
would-upload     2856113094728031 c0  (image) ← 2856113094728031.jpg  → https://pub-893b4a6a607b4221a894bf861da7914e.r2.dev/2856113094728031.jpg  [DRY-RUN]
would-upload     1670158180978417 c0  (video) ← 1670158180978417.mp4  → https://pub-893b4a6a607b4221a894bf861da7914e.r2.dev/1670158180978417.mp4  [DRY-RUN]
would-upload     1491189829224163 c0  (image) ← 1491189829224163.jpg  → https://pub-893b4a6a607b4221a894bf861da7914e.r2.dev/1491189829224163.jpg  [DRY-RUN]
would-upload     894326296782168 c0  (video) ← 894326296782168.mp4  → https://pub-893b4a6a607b4221a894bf861da7914e.r2.dev/894326296782168.mp4  [DRY-RUN]
would-upload     1764494921182505 c0  (video) ← 1764494921182505.mp4  → https://pub-893b4a6a607b4221a894bf861da7914e.r2.dev/1764494921182505.mp4  [DRY-RUN]
would-upload     1318035546903372 c0  (video) ← 1318035546903372.mp4  → https://pub-893b4a6a607b4221a894bf861da7914e.r2.dev/1318035546903372.mp4  [DRY-RUN]
would-upload     956978253617028 c0  (video) ← 956978253617028.mp4  → https://pub-893b4a6a607b4221a894bf861da7914e.r2.dev/956978253617028.mp4  [DRY-RUN]
would-upload     4469021566652851 c0  (video) ← 4469021566652851.mp4  → https://pub-893b4a6a607b4221a894bf861da7914e.r2.dev/4469021566652851.mp4  [DRY-RUN]
would-upload     2266060624183425 c0  (video) ← 2266060624183425.mp4  → https://pub-893b4a6a607b4221a894bf861da7914e.r2.dev/2266060624183425.mp4  [DRY-RUN]
would-upload     1597343211358525 c0  (video) ← 1597343211358525.mp4  → https://pub-893b4a6a607b4221a894bf861da7914e.r2.dev/1597343211358525.mp4  [DRY-RUN]
would-upload     26910854201881469 c0  (video) ← 26910854201881469.mp4  → https://pub-893b4a6a607b4221a894bf861da7914e.r2.dev/26910854201881469.mp4  [DRY-RUN]
would-upload     1676364780236357 c0  (image) ← 1676364780236357.jpg  → https://pub-893b4a6a607b4221a894bf861da7914e.r2.dev/1676364780236357.jpg  [DRY-RUN]
would-upload     1776386416865471 c0  (video) ← 1776386416865471.mp4  → https://pub-893b4a6a607b4221a894bf861da7914e.r2.dev/1776386416865471.mp4  [DRY-RUN]
would-upload     4316931545226608 c0  (video) ← 4316931545226608.mp4  → https://pub-893b4a6a607b4221a894bf861da7914e.r2.dev/4316931545226608.mp4  [DRY-RUN]
would-upload     1304860501173749 c0  (video) ← 1304860501173749.mp4  → https://pub-893b4a6a607b4221a894bf861da7914e.r2.dev/1304860501173749.mp4  [DRY-RUN]
would-upload     2212286832855115 c0  (video) ← 2212286832855115.mp4  → https://pub-893b4a6a607b4221a894bf861da7914e.r2.dev/2212286832855115.mp4  [DRY-RUN]
would-upload     2119591065489329 c0  (video) ← 2119591065489329.mp4  → https://pub-893b4a6a607b4221a894bf861da7914e.r2.dev/2119591065489329.mp4  [DRY-RUN]
would-upload     846064361877319 c0  (video) ← 846064361877319.mp4  → https://pub-893b4a6a607b4221a894bf861da7914e.r2.dev/846064361877319.mp4  [DRY-RUN]
would-upload     1266666768505975 c0  (video) ← 1266666768505975.mp4  → https://pub-893b4a6a607b4221a894bf861da7914e.r2.dev/1266666768505975.mp4  [DRY-RUN]
would-upload     947423118066705 c0  (video) ← 947423118066705.mp4  → https://pub-893b4a6a607b4221a894bf861da7914e.r2.dev/947423118066705.mp4  [DRY-RUN]
would-upload     722376590932759 c0  (video) ← 722376590932759.mp4  → https://pub-893b4a6a607b4221a894bf861da7914e.r2.dev/722376590932759.mp4  [DRY-RUN]
would-upload     1692430318606061 c0  (video) ← 1692430318606061.mp4  → https://pub-893b4a6a607b4221a894bf861da7914e.r2.dev/1692430318606061.mp4  [DRY-RUN]
would-upload     3404018196421587 c0  (video) ← 3404018196421587.mp4  → https://pub-893b4a6a607b4221a894bf861da7914e.r2.dev/3404018196421587.mp4  [DRY-RUN]
would-upload     3950554915241347 c0  (video) ← 3950554915241347.mp4  → https://pub-893b4a6a607b4221a894bf861da7914e.r2.dev/3950554915241347.mp4  [DRY-RUN]
would-upload     1450411109725022 c0  (video) ← 1450411109725022.mp4  → https://pub-893b4a6a607b4221a894bf861da7914e.r2.dev/1450411109725022.mp4  [DRY-RUN]
would-upload     943784891536762 c0  (image) ← 943784891536762.jpg  → https://pub-893b4a6a607b4221a894bf861da7914e.r2.dev/943784891536762.jpg  [DRY-RUN]
would-upload     1404658491423990 c0  (video) ← 1404658491423990.mp4  → https://pub-893b4a6a607b4221a894bf861da7914e.r2.dev/1404658491423990.mp4  [DRY-RUN]
would-upload     26211486145190366 c0  (video) ← 26211486145190366.mp4  → https://pub-893b4a6a607b4221a894bf861da7914e.r2.dev/26211486145190366.mp4  [DRY-RUN]
would-upload     2877266969299615 c0  (video) ← 2877266969299615.mp4  → https://pub-893b4a6a607b4221a894bf861da7914e.r2.dev/2877266969299615.mp4  [DRY-RUN]
would-upload     1670637027506272 c0  (video) ← 1670637027506272.mp4  → https://pub-893b4a6a607b4221a894bf861da7914e.r2.dev/1670637027506272.mp4  [DRY-RUN]
would-upload     1461785379318878 c0  (image) ← 1461785379318878.jpg  → https://pub-893b4a6a607b4221a894bf861da7914e.r2.dev/1461785379318878.jpg  [DRY-RUN]
would-upload     1875297020113945 c0  (video) ← 1875297020113945.mp4  → https://pub-893b4a6a607b4221a894bf861da7914e.r2.dev/1875297020113945.mp4  [DRY-RUN]
would-upload     1692079168484436 c0  (video) ← 1692079168484436.mp4  → https://pub-893b4a6a607b4221a894bf861da7914e.r2.dev/1692079168484436.mp4  [DRY-RUN]
would-upload     1296447932556001 c0  (video) ← 1296447932556001.mp4  → https://pub-893b4a6a607b4221a894bf861da7914e.r2.dev/1296447932556001.mp4  [DRY-RUN]
would-upload     1504948594346181 c0  (image) ← 1504948594346181.jpg  → https://pub-893b4a6a607b4221a894bf861da7914e.r2.dev/1504948594346181.jpg  [DRY-RUN]
would-upload     1010061478363990 c0  (video) ← 1010061478363990.mp4  → https://pub-893b4a6a607b4221a894bf861da7914e.r2.dev/1010061478363990.mp4  [DRY-RUN]
would-upload     2296831341121900 c0  (video) ← 2296831341121900.mp4  → https://pub-893b4a6a607b4221a894bf861da7914e.r2.dev/2296831341121900.mp4  [DRY-RUN]
would-upload     1669623957628580 c0  (video) ← 1669623957628580.mp4  → https://pub-893b4a6a607b4221a894bf861da7914e.r2.dev/1669623957628580.mp4  [DRY-RUN]
would-upload     2170767423719620 c0  (video) ← 2170767423719620.mp4  → https://pub-893b4a6a607b4221a894bf861da7914e.r2.dev/2170767423719620.mp4  [DRY-RUN]
would-upload     1086180324581744 c0  (video) ← 1086180324581744.mp4  → https://pub-893b4a6a607b4221a894bf861da7914e.r2.dev/1086180324581744.mp4  [DRY-RUN]
would-upload     1342352331105356 c0  (video) ← 1342352331105356.mp4  → https://pub-893b4a6a607b4221a894bf861da7914e.r2.dev/1342352331105356.mp4  [DRY-RUN]
would-upload     834050996055932 c0  (video) ← 834050996055932.mp4  → https://pub-893b4a6a607b4221a894bf861da7914e.r2.dev/834050996055932.mp4  [DRY-RUN]
would-upload     2571287406626032 c0  (video) ← 2571287406626032.mp4  → https://pub-893b4a6a607b4221a894bf861da7914e.r2.dev/2571287406626032.mp4  [DRY-RUN]
would-upload     1709487437134948 c0  (video) ← 1709487437134948.mp4  → https://pub-893b4a6a607b4221a894bf861da7914e.r2.dev/1709487437134948.mp4  [DRY-RUN]
would-upload     1473538260893921 c0  (video) ← 1473538260893921.mp4  → https://pub-893b4a6a607b4221a894bf861da7914e.r2.dev/1473538260893921.mp4  [DRY-RUN]
would-upload     1474626214362398 c0  (video) ← 1474626214362398.mp4  → https://pub-893b4a6a607b4221a894bf861da7914e.r2.dev/1474626214362398.mp4  [DRY-RUN]
would-upload     999560929137496 c0  (image) ← 999560929137496.jpg  → https://pub-893b4a6a607b4221a894bf861da7914e.r2.dev/999560929137496.jpg  [DRY-RUN]
would-upload     1403079465191002 c0  (video) ← 1403079465191002.mp4  → https://pub-893b4a6a607b4221a894bf861da7914e.r2.dev/1403079465191002.mp4  [DRY-RUN]
would-upload     1008824371481933 c0  (video) ← 1008824371481933.mp4  → https://pub-893b4a6a607b4221a894bf861da7914e.r2.dev/1008824371481933.mp4  [DRY-RUN]
would-upload     949509951420685 c0  (image) ← 949509951420685.jpg  → https://pub-893b4a6a607b4221a894bf861da7914e.r2.dev/949509951420685.jpg  [DRY-RUN]
would-upload     990565640499953 c0  (video) ← 990565640499953.mp4  → https://pub-893b4a6a607b4221a894bf861da7914e.r2.dev/990565640499953.mp4  [DRY-RUN]
would-upload     2210920809657897 c0  (image) ← 2210920809657897.jpg  → https://pub-893b4a6a607b4221a894bf861da7914e.r2.dev/2210920809657897.jpg  [DRY-RUN]
would-upload     987646197186558 c0  (image) ← 987646197186558.jpg  → https://pub-893b4a6a607b4221a894bf861da7914e.r2.dev/987646197186558.jpg  [DRY-RUN]
would-upload     2745591762489561 c0  (video) ← 2745591762489561.mp4  → https://pub-893b4a6a607b4221a894bf861da7914e.r2.dev/2745591762489561.mp4  [DRY-RUN]
would-upload     1688695569045148 c0  (image) ← 1688695569045148.jpg  → https://pub-893b4a6a607b4221a894bf861da7914e.r2.dev/1688695569045148.jpg  [DRY-RUN]
would-upload     946270218192390 c0  (video) ← 946270218192390.mp4  → https://pub-893b4a6a607b4221a894bf861da7914e.r2.dev/946270218192390.mp4  [DRY-RUN]
would-upload     1363600028979566 c0  (video) ← 1363600028979566.mp4  → https://pub-893b4a6a607b4221a894bf861da7914e.r2.dev/1363600028979566.mp4  [DRY-RUN]
would-upload     1641684153612039 c0  (video) ← 1641684153612039.mp4  → https://pub-893b4a6a607b4221a894bf861da7914e.r2.dev/1641684153612039.mp4  [DRY-RUN]
would-upload     1504011784427216 c0  (video) ← 1504011784427216.mp4  → https://pub-893b4a6a607b4221a894bf861da7914e.r2.dev/1504011784427216.mp4  [DRY-RUN]
would-upload     994667936253068 c0  (video) ← 994667936253068.mp4  → https://pub-893b4a6a607b4221a894bf861da7914e.r2.dev/994667936253068.mp4  [DRY-RUN]
would-upload     962764766398694 c0  (video) ← 962764766398694.mp4  → https://pub-893b4a6a607b4221a894bf861da7914e.r2.dev/962764766398694.mp4  [DRY-RUN]
would-upload     813729801596695 c0  (video) ← 813729801596695.mp4  → https://pub-893b4a6a607b4221a894bf861da7914e.r2.dev/813729801596695.mp4  [DRY-RUN]
would-upload     1724990638700748 c0  (video) ← 1724990638700748.mp4  → https://pub-893b4a6a607b4221a894bf861da7914e.r2.dev/1724990638700748.mp4  [DRY-RUN]
would-upload     972657012289687 c0  (video) ← 972657012289687.mp4  → https://pub-893b4a6a607b4221a894bf861da7914e.r2.dev/972657012289687.mp4  [DRY-RUN]
would-upload     1531071961700338 c0  (video) ← 1531071961700338.mp4  → https://pub-893b4a6a607b4221a894bf861da7914e.r2.dev/1531071961700338.mp4  [DRY-RUN]
would-upload     1595471674852681 c0  (video) ← 1595471674852681.mp4  → https://pub-893b4a6a607b4221a894bf861da7914e.r2.dev/1595471674852681.mp4  [DRY-RUN]
would-upload     1298850081841879 c0  (video) ← 1298850081841879.mp4  → https://pub-893b4a6a607b4221a894bf861da7914e.r2.dev/1298850081841879.mp4  [DRY-RUN]
would-upload     983026750996677 c0  (video) ← 983026750996677.mp4  → https://pub-893b4a6a607b4221a894bf861da7914e.r2.dev/983026750996677.mp4  [DRY-RUN]
would-upload     999426759509694 c0  (image) ← 999426759509694.jpg  → https://pub-893b4a6a607b4221a894bf861da7914e.r2.dev/999426759509694.jpg  [DRY-RUN]
would-upload     2753142328419305 c0  (image) ← 2753142328419305.jpg  → https://pub-893b4a6a607b4221a894bf861da7914e.r2.dev/2753142328419305.jpg  [DRY-RUN]
would-upload     3555179161308816 c0  (image) ← 3555179161308816.jpg  → https://pub-893b4a6a607b4221a894bf861da7914e.r2.dev/3555179161308816.jpg  [DRY-RUN]
would-upload     1370491928447492 c0  (video) ← 1370491928447492.mp4  → https://pub-893b4a6a607b4221a894bf861da7914e.r2.dev/1370491928447492.mp4  [DRY-RUN]
would-upload     1786349826082499 c0  (video) ← 1786349826082499.mp4  → https://pub-893b4a6a607b4221a894bf861da7914e.r2.dev/1786349826082499.mp4  [DRY-RUN]
would-upload     817441777842183 c0  (video) ← 817441777842183.mp4  → https://pub-893b4a6a607b4221a894bf861da7914e.r2.dev/817441777842183.mp4  [DRY-RUN]
would-upload     971673682497459 c0  (video) ← 971673682497459.mp4  → https://pub-893b4a6a607b4221a894bf861da7914e.r2.dev/971673682497459.mp4  [DRY-RUN]
would-upload     1631192571326449 c0  (image) ← 1631192571326449.jpg  → https://pub-893b4a6a607b4221a894bf861da7914e.r2.dev/1631192571326449.jpg  [DRY-RUN]
would-upload     1412891103975756 c0  (video) ← 1412891103975756.mp4  → https://pub-893b4a6a607b4221a894bf861da7914e.r2.dev/1412891103975756.mp4  [DRY-RUN]
would-upload     1469786657599093 c0  (video) ← 1469786657599093.mp4  → https://pub-893b4a6a607b4221a894bf861da7914e.r2.dev/1469786657599093.mp4  [DRY-RUN]
would-upload     1540664921179799 c0  (video) ← 1540664921179799.mp4  → https://pub-893b4a6a607b4221a894bf861da7914e.r2.dev/1540664921179799.mp4  [DRY-RUN]
would-upload     1004122992558661 c0  (image) ← 1004122992558661.jpg  → https://pub-893b4a6a607b4221a894bf861da7914e.r2.dev/1004122992558661.jpg  [DRY-RUN]
would-upload     2146928282833091 c0  (video) ← 2146928282833091.mp4  → https://pub-893b4a6a607b4221a894bf861da7914e.r2.dev/2146928282833091.mp4  [DRY-RUN]
would-upload     2355254531663268 c0  (video) ← 2355254531663268.mp4  → https://pub-893b4a6a607b4221a894bf861da7914e.r2.dev/2355254531663268.mp4  [DRY-RUN]
would-upload     869333712162304 c0  (video) ← 869333712162304.mp4  → https://pub-893b4a6a607b4221a894bf861da7914e.r2.dev/869333712162304.mp4  [DRY-RUN]
would-upload     1274174244928992 c0  (image) ← 1274174244928992.jpg  → https://pub-893b4a6a607b4221a894bf861da7914e.r2.dev/1274174244928992.jpg  [DRY-RUN]
would-upload     1744921586670250 c0  (video) ← 1744921586670250.mp4  → https://pub-893b4a6a607b4221a894bf861da7914e.r2.dev/1744921586670250.mp4  [DRY-RUN]
would-upload     2044296946121587 c0  (video) ← 2044296946121587.mp4  → https://pub-893b4a6a607b4221a894bf861da7914e.r2.dev/2044296946121587.mp4  [DRY-RUN]
would-upload     2100879250473786 c0  (video) ← 2100879250473786.mp4  → https://pub-893b4a6a607b4221a894bf861da7914e.r2.dev/2100879250473786.mp4  [DRY-RUN]
would-upload     1349020287120657 c0  (image) ← 1349020287120657.jpg  → https://pub-893b4a6a607b4221a894bf861da7914e.r2.dev/1349020287120657.jpg  [DRY-RUN]
would-upload     1483102533363974 c0  (video) ← 1483102533363974.mp4  → https://pub-893b4a6a607b4221a894bf861da7914e.r2.dev/1483102533363974.mp4  [DRY-RUN]
would-upload     27442660585326941 c0  (video) ← 27442660585326941.mp4  → https://pub-893b4a6a607b4221a894bf861da7914e.r2.dev/27442660585326941.mp4  [DRY-RUN]
would-upload     806651908905562 c0  (video) ← 806651908905562.mp4  → https://pub-893b4a6a607b4221a894bf861da7914e.r2.dev/806651908905562.mp4  [DRY-RUN]
would-upload     1003870132453265 c0  (video) ← 1003870132453265.mp4  → https://pub-893b4a6a607b4221a894bf861da7914e.r2.dev/1003870132453265.mp4  [DRY-RUN]
would-upload     1300098978359414 c0  (video) ← 1300098978359414.mp4  → https://pub-893b4a6a607b4221a894bf861da7914e.r2.dev/1300098978359414.mp4  [DRY-RUN]
would-upload     2092038688037330 c0  (video) ← 2092038688037330.mp4  → https://pub-893b4a6a607b4221a894bf861da7914e.r2.dev/2092038688037330.mp4  [DRY-RUN]
would-upload     1364247162228311 c0  (video) ← 1364247162228311.mp4  → https://pub-893b4a6a607b4221a894bf861da7914e.r2.dev/1364247162228311.mp4  [DRY-RUN]
would-upload     909364355449911 c0  (video) ← 909364355449911.mp4  → https://pub-893b4a6a607b4221a894bf861da7914e.r2.dev/909364355449911.mp4  [DRY-RUN]
would-upload     4933512000252771 c0  (video) ← 4933512000252771.mp4  → https://pub-893b4a6a607b4221a894bf861da7914e.r2.dev/4933512000252771.mp4  [DRY-RUN]
would-upload     1572685083996377 c0  (video) ← 1572685083996377.mp4  → https://pub-893b4a6a607b4221a894bf861da7914e.r2.dev/1572685083996377.mp4  [DRY-RUN]
would-upload     2891636894513709 c0  (video) ← 2891636894513709.mp4  → https://pub-893b4a6a607b4221a894bf861da7914e.r2.dev/2891636894513709.mp4  [DRY-RUN]
would-upload     885117431315348 c0  (video) ← 885117431315348.mp4  → https://pub-893b4a6a607b4221a894bf861da7914e.r2.dev/885117431315348.mp4  [DRY-RUN]
would-upload     1301070998114979 c0  (video) ← 1301070998114979.mp4  → https://pub-893b4a6a607b4221a894bf861da7914e.r2.dev/1301070998114979.mp4  [DRY-RUN]
would-upload     1317959656361226 c0  (video) ← 1317959656361226.mp4  → https://pub-893b4a6a607b4221a894bf861da7914e.r2.dev/1317959656361226.mp4  [DRY-RUN]
would-upload     1351076676944480 c0  (video) ← 1351076676944480.mp4  → https://pub-893b4a6a607b4221a894bf861da7914e.r2.dev/1351076676944480.mp4  [DRY-RUN]
would-upload     1296044412653935 c0  (image) ← 1296044412653935.jpg  → https://pub-893b4a6a607b4221a894bf861da7914e.r2.dev/1296044412653935.jpg  [DRY-RUN]
would-upload     1631913738022819 c0  (image) ← 1631913738022819.jpg  → https://pub-893b4a6a607b4221a894bf861da7914e.r2.dev/1631913738022819.jpg  [DRY-RUN]
would-upload     1269974315305027 c0  (image) ← 1269974315305027.jpg  → https://pub-893b4a6a607b4221a894bf861da7914e.r2.dev/1269974315305027.jpg  [DRY-RUN]
would-upload     997298192783264 c0  (video) ← 997298192783264.mp4  → https://pub-893b4a6a607b4221a894bf861da7914e.r2.dev/997298192783264.mp4  [DRY-RUN]
would-upload     1658491111940914 c0  (image) ← 1658491111940914.jpg  → https://pub-893b4a6a607b4221a894bf861da7914e.r2.dev/1658491111940914.jpg  [DRY-RUN]
would-upload     2178790986027383 c0  (video) ← 2178790986027383.mp4  → https://pub-893b4a6a607b4221a894bf861da7914e.r2.dev/2178790986027383.mp4  [DRY-RUN]
would-upload     4427923970783720 c0  (video) ← 4427923970783720.mp4  → https://pub-893b4a6a607b4221a894bf861da7914e.r2.dev/4427923970783720.mp4  [DRY-RUN]
would-upload     939080955797406 c0  (video) ← 939080955797406.mp4  → https://pub-893b4a6a607b4221a894bf861da7914e.r2.dev/939080955797406.mp4  [DRY-RUN]
would-upload     1320273479436217 c0  (video) ← 1320273479436217.mp4  → https://pub-893b4a6a607b4221a894bf861da7914e.r2.dev/1320273479436217.mp4  [DRY-RUN]
would-upload     1105687455962806 c0  (video) ← 1105687455962806.mp4  → https://pub-893b4a6a607b4221a894bf861da7914e.r2.dev/1105687455962806.mp4  [DRY-RUN]
would-upload     1485460723055130 c0  (image) ← 1485460723055130.jpg  → https://pub-893b4a6a607b4221a894bf861da7914e.r2.dev/1485460723055130.jpg  [DRY-RUN]
would-upload     870533795380347 c0  (video) ← 870533795380347.mp4  → https://pub-893b4a6a607b4221a894bf861da7914e.r2.dev/870533795380347.mp4  [DRY-RUN]
would-upload     2852072905125475 c0  (video) ← 2852072905125475.mp4  → https://pub-893b4a6a607b4221a894bf861da7914e.r2.dev/2852072905125475.mp4  [DRY-RUN]
would-upload     956402847028233 c0  (video) ← 956402847028233.mp4  → https://pub-893b4a6a607b4221a894bf861da7914e.r2.dev/956402847028233.mp4  [DRY-RUN]
would-upload     1895722207806856 c0  (video) ← 1895722207806856.mp4  → https://pub-893b4a6a607b4221a894bf861da7914e.r2.dev/1895722207806856.mp4  [DRY-RUN]
would-upload     2739664883077929 c0  (image) ← 2739664883077929.jpg  → https://pub-893b4a6a607b4221a894bf861da7914e.r2.dev/2739664883077929.jpg  [DRY-RUN]
would-upload     2552275531896961 c0  (video) ← 2552275531896961.mp4  → https://pub-893b4a6a607b4221a894bf861da7914e.r2.dev/2552275531896961.mp4  [DRY-RUN]
would-upload     1282921197244711 c0  (video) ← 1282921197244711.mp4  → https://pub-893b4a6a607b4221a894bf861da7914e.r2.dev/1282921197244711.mp4  [DRY-RUN]
would-upload     2021667431766535 c0  (image) ← 2021667431766535.jpg  → https://pub-893b4a6a607b4221a894bf861da7914e.r2.dev/2021667431766535.jpg  [DRY-RUN]
would-upload     1905091626869372 c0  (video) ← 1905091626869372.mp4  → https://pub-893b4a6a607b4221a894bf861da7914e.r2.dev/1905091626869372.mp4  [DRY-RUN]
would-upload     2502969223495975 c0  (video) ← 2502969223495975.mp4  → https://pub-893b4a6a607b4221a894bf861da7914e.r2.dev/2502969223495975.mp4  [DRY-RUN]
would-upload     1514434863794016 c0  (video) ← 1514434863794016.mp4  → https://pub-893b4a6a607b4221a894bf861da7914e.r2.dev/1514434863794016.mp4  [DRY-RUN]
would-upload     1311986160373577 c0  (video) ← 1311986160373577.mp4  → https://pub-893b4a6a607b4221a894bf861da7914e.r2.dev/1311986160373577.mp4  [DRY-RUN]
would-upload     2246272446177529 c0  (video) ← 2246272446177529.mp4  → https://pub-893b4a6a607b4221a894bf861da7914e.r2.dev/2246272446177529.mp4  [DRY-RUN]
would-upload     1928029807874266 c0  (video) ← 1928029807874266.mp4  → https://pub-893b4a6a607b4221a894bf861da7914e.r2.dev/1928029807874266.mp4  [DRY-RUN]
would-upload     1027104996554340 c0  (video) ← 1027104996554340.mp4  → https://pub-893b4a6a607b4221a894bf861da7914e.r2.dev/1027104996554340.mp4  [DRY-RUN]
would-upload     850467628119189 c0  (image) ← 850467628119189.jpg  → https://pub-893b4a6a607b4221a894bf861da7914e.r2.dev/850467628119189.jpg  [DRY-RUN]
