# Step 3 run log
# competitor : fluently
# started_at : 2026-05-28T12:58:47
# input      : inputs/fb-ads-fluently-2026-05-28-1239.csv
# videos     : videos/fluently-2026-05-28
# master     : master/fluently.csv  (updated)
# enriched   : inputs/fb-ads-fluently-2026-05-28-1239_enriched.csv
# bucket     : video-ads
# public_base: https://pub-893b4a6a607b4221a894bf861da7914e.r2.dev
# dry_run    : False
#
# counts     : {'uploaded': 20, 'carried-forward': 278, 'image-pending': 0, 'video-missing': 3, 'no-creative': 0, 'error': 0}
#
carried-forward  2020774215463610 c0  → https://pub-893b4a6a607b4221a894bf861da7914e.r2.dev/2020774215463610.jpg
carried-forward  973909435205486 c0  → https://pub-893b4a6a607b4221a894bf861da7914e.r2.dev/973909435205486.mp4
carried-forward  1861692997873496 c0  → https://pub-893b4a6a607b4221a894bf861da7914e.r2.dev/1861692997873496.mp4
video-missing    953163657608580 c0  (expected file not found in videos/fluently-2026-05-28)
carried-forward  987587470425976 c0  → https://pub-893b4a6a607b4221a894bf861da7914e.r2.dev/987587470425976.mp4
carried-forward  1724170535252280 c0  → https://pub-893b4a6a607b4221a894bf861da7914e.r2.dev/1724170535252280.mp4
carried-forward  1503537474699018 c0  → https://pub-893b4a6a607b4221a894bf861da7914e.r2.dev/1503537474699018.mp4
carried-forward  1489436636187003 c0  → https://pub-893b4a6a607b4221a894bf861da7914e.r2.dev/1489436636187003.jpg
carried-forward  2066294067499861 c0  → https://pub-893b4a6a607b4221a894bf861da7914e.r2.dev/2066294067499861.mp4
video-missing    1340773944905289 c0  (expected file not found in videos/fluently-2026-05-28)
carried-forward  1596212348295807 c0  → https://pub-893b4a6a607b4221a894bf861da7914e.r2.dev/1596212348295807.mp4
carried-forward  834462509182127 c0  → https://pub-893b4a6a607b4221a894bf861da7914e.r2.dev/834462509182127.mp4
carried-forward  872598712508701 c0  → https://pub-893b4a6a607b4221a894bf861da7914e.r2.dev/872598712508701.mp4
carried-forward  1486129556426991 c0  → https://pub-893b4a6a607b4221a894bf861da7914e.r2.dev/1486129556426991.mp4
carried-forward  1292435579738797 c0  → https://pub-893b4a6a607b4221a894bf861da7914e.r2.dev/1292435579738797.mp4
carried-forward  946645067989939 c0  → https://pub-893b4a6a607b4221a894bf861da7914e.r2.dev/946645067989939.mp4
carried-forward  977432371543196 c0  → https://pub-893b4a6a607b4221a894bf861da7914e.r2.dev/977432371543196.jpg
carried-forward  987333757125660 c0  → https://pub-893b4a6a607b4221a894bf861da7914e.r2.dev/987333757125660.mp4
video-missing    1328531299168220 c0  (expected file not found in videos/fluently-2026-05-28)
carried-forward  2687096741625217 c0  → https://pub-893b4a6a607b4221a894bf861da7914e.r2.dev/2687096741625217.mp4
carried-forward  1492697022391467 c0  → https://pub-893b4a6a607b4221a894bf861da7914e.r2.dev/1492697022391467.mp4
carried-forward  1363585002493940 c0  → https://pub-893b4a6a607b4221a894bf861da7914e.r2.dev/1363585002493940.mp4
carried-forward  946896624496219 c0  → https://pub-893b4a6a607b4221a894bf861da7914e.r2.dev/946896624496219.mp4
carried-forward  1532487928294222 c0  → https://pub-893b4a6a607b4221a894bf861da7914e.r2.dev/1532487928294222.mp4
carried-forward  1511027407290127 c0  → https://pub-893b4a6a607b4221a894bf861da7914e.r2.dev/1511027407290127.mp4
carried-forward  2051670485763027 c0  → https://pub-893b4a6a607b4221a894bf861da7914e.r2.dev/2051670485763027.mp4
carried-forward  840344659107771 c0  → https://pub-893b4a6a607b4221a894bf861da7914e.r2.dev/840344659107771.mp4
carried-forward  1453674708938235 c0  → https://pub-893b4a6a607b4221a894bf861da7914e.r2.dev/1453674708938235.mp4
carried-forward  846517477821055 c0  → https://pub-893b4a6a607b4221a894bf861da7914e.r2.dev/846517477821055.mp4
carried-forward  1010232058002100 c0  → https://pub-893b4a6a607b4221a894bf861da7914e.r2.dev/1010232058002100.mp4
carried-forward  3732962946851690 c0  → https://pub-893b4a6a607b4221a894bf861da7914e.r2.dev/3732962946851690.mp4
carried-forward  992638133228487 c0  → https://pub-893b4a6a607b4221a894bf861da7914e.r2.dev/992638133228487.mp4
carried-forward  4024987867794618 c0  → https://pub-893b4a6a607b4221a894bf861da7914e.r2.dev/4024987867794618.mp4
carried-forward  1297096962618071 c0  → https://pub-893b4a6a607b4221a894bf861da7914e.r2.dev/1297096962618071.mp4
carried-forward  1735163424274440 c0  → https://pub-893b4a6a607b4221a894bf861da7914e.r2.dev/1735163424274440.mp4
carried-forward  1562610171953055 c0  → https://pub-893b4a6a607b4221a894bf861da7914e.r2.dev/1562610171953055.mp4
carried-forward  960482803404131 c0  → https://pub-893b4a6a607b4221a894bf861da7914e.r2.dev/960482803404131.jpg
carried-forward  2000511357505408 c0  → https://pub-893b4a6a607b4221a894bf861da7914e.r2.dev/2000511357505408.mp4
carried-forward  1663540364912978 c0  → https://pub-893b4a6a607b4221a894bf861da7914e.r2.dev/1663540364912978.mp4
carried-forward  27123614913947532 c0  → https://pub-893b4a6a607b4221a894bf861da7914e.r2.dev/27123614913947532.mp4
carried-forward  1942335666411931 c0  → https://pub-893b4a6a607b4221a894bf861da7914e.r2.dev/1942335666411931.mp4
carried-forward  1907692803263129 c0  → https://pub-893b4a6a607b4221a894bf861da7914e.r2.dev/1907692803263129.mp4
carried-forward  1455681216239827 c0  → https://pub-893b4a6a607b4221a894bf861da7914e.r2.dev/1455681216239827.jpg
carried-forward  786925484481205 c0  → https://pub-893b4a6a607b4221a894bf861da7914e.r2.dev/786925484481205.mp4
carried-forward  1690887282330021 c0  → https://pub-893b4a6a607b4221a894bf861da7914e.r2.dev/1690887282330021.mp4
carried-forward  965711952912693 c0  → https://pub-893b4a6a607b4221a894bf861da7914e.r2.dev/965711952912693.mp4
carried-forward  1514952856756932 c0  → https://pub-893b4a6a607b4221a894bf861da7914e.r2.dev/1514952856756932.mp4
carried-forward  983269830731403 c0  → https://pub-893b4a6a607b4221a894bf861da7914e.r2.dev/983269830731403.mp4
carried-forward  1937653870479131 c0  → https://pub-893b4a6a607b4221a894bf861da7914e.r2.dev/1937653870479131.mp4
carried-forward  972308295523636 c0  → https://pub-893b4a6a607b4221a894bf861da7914e.r2.dev/972308295523636.mp4
carried-forward  1279692024323121 c0  → https://pub-893b4a6a607b4221a894bf861da7914e.r2.dev/1279692024323121.mp4
carried-forward  1750507892780237 c0  → https://pub-893b4a6a607b4221a894bf861da7914e.r2.dev/1750507892780237.mp4
carried-forward  1299445691763126 c0  → https://pub-893b4a6a607b4221a894bf861da7914e.r2.dev/1299445691763126.mp4
carried-forward  1015605524755238 c0  → https://pub-893b4a6a607b4221a894bf861da7914e.r2.dev/1015605524755238.mp4
carried-forward  1702102564152104 c0  → https://pub-893b4a6a607b4221a894bf861da7914e.r2.dev/1702102564152104.mp4
carried-forward  971085298837160 c0  → https://pub-893b4a6a607b4221a894bf861da7914e.r2.dev/971085298837160.mp4
carried-forward  1023548333576180 c0  → https://pub-893b4a6a607b4221a894bf861da7914e.r2.dev/1023548333576180.mp4
carried-forward  2147520036091010 c0  → https://pub-893b4a6a607b4221a894bf861da7914e.r2.dev/2147520036091010.mp4
carried-forward  2162654357864302 c0  → https://pub-893b4a6a607b4221a894bf861da7914e.r2.dev/2162654357864302.mp4
carried-forward  968477852806577 c0  → https://pub-893b4a6a607b4221a894bf861da7914e.r2.dev/968477852806577.mp4
carried-forward  905262505892624 c0  → https://pub-893b4a6a607b4221a894bf861da7914e.r2.dev/905262505892624.mp4
carried-forward  808337915339210 c0  → https://pub-893b4a6a607b4221a894bf861da7914e.r2.dev/808337915339210.mp4
carried-forward  26682208958128398 c0  → https://pub-893b4a6a607b4221a894bf861da7914e.r2.dev/26682208958128398.mp4
carried-forward  911427705253678 c0  → https://pub-893b4a6a607b4221a894bf861da7914e.r2.dev/911427705253678.mp4
carried-forward  1493594428943023 c0  → https://pub-893b4a6a607b4221a894bf861da7914e.r2.dev/1493594428943023.mp4
carried-forward  1356833606500577 c0  → https://pub-893b4a6a607b4221a894bf861da7914e.r2.dev/1356833606500577.mp4
carried-forward  3047784098945729 c0  → https://pub-893b4a6a607b4221a894bf861da7914e.r2.dev/3047784098945729.mp4
carried-forward  931493059941920 c0  → https://pub-893b4a6a607b4221a894bf861da7914e.r2.dev/931493059941920.mp4
carried-forward  1769302684480133 c0  → https://pub-893b4a6a607b4221a894bf861da7914e.r2.dev/1769302684480133.mp4
carried-forward  2470652146730619 c0  → https://pub-893b4a6a607b4221a894bf861da7914e.r2.dev/2470652146730619.jpg
carried-forward  1389441239673389 c0  → https://pub-893b4a6a607b4221a894bf861da7914e.r2.dev/1389441239673389.mp4
carried-forward  929434719958783 c0  → https://pub-893b4a6a607b4221a894bf861da7914e.r2.dev/929434719958783.mp4
carried-forward  977376024992828 c0  → https://pub-893b4a6a607b4221a894bf861da7914e.r2.dev/977376024992828.mp4
carried-forward  2535757416881395 c0  → https://pub-893b4a6a607b4221a894bf861da7914e.r2.dev/2535757416881395.mp4
carried-forward  1302724048425748 c0  → https://pub-893b4a6a607b4221a894bf861da7914e.r2.dev/1302724048425748.mp4
carried-forward  1338830018293737 c0  → https://pub-893b4a6a607b4221a894bf861da7914e.r2.dev/1338830018293737.mp4
carried-forward  945822484996000 c0  → https://pub-893b4a6a607b4221a894bf861da7914e.r2.dev/945822484996000.mp4
carried-forward  3244995115680126 c0  → https://pub-893b4a6a607b4221a894bf861da7914e.r2.dev/3244995115680126.mp4
carried-forward  26804678605849234 c0  → https://pub-893b4a6a607b4221a894bf861da7914e.r2.dev/26804678605849234.mp4
carried-forward  981029757807921 c0  → https://pub-893b4a6a607b4221a894bf861da7914e.r2.dev/981029757807921.mp4
carried-forward  936824896024768 c0  → https://pub-893b4a6a607b4221a894bf861da7914e.r2.dev/936824896024768.mp4
carried-forward  832175706291815 c0  → https://pub-893b4a6a607b4221a894bf861da7914e.r2.dev/832175706291815.mp4
carried-forward  978778331307767 c0  → https://pub-893b4a6a607b4221a894bf861da7914e.r2.dev/978778331307767.mp4
carried-forward  1286875983640106 c0  → https://pub-893b4a6a607b4221a894bf861da7914e.r2.dev/1286875983640106.mp4
carried-forward  2275561466186575 c0  → https://pub-893b4a6a607b4221a894bf861da7914e.r2.dev/2275561466186575.mp4
carried-forward  967702965644287 c0  → https://pub-893b4a6a607b4221a894bf861da7914e.r2.dev/967702965644287.mp4
carried-forward  1729948211698327 c0  → https://pub-893b4a6a607b4221a894bf861da7914e.r2.dev/1729948211698327.mp4
carried-forward  1943214016562781 c0  → https://pub-893b4a6a607b4221a894bf861da7914e.r2.dev/1943214016562781.mp4
carried-forward  1787255249264281 c0  → https://pub-893b4a6a607b4221a894bf861da7914e.r2.dev/1787255249264281.mp4
carried-forward  1753541802748287 c0  → https://pub-893b4a6a607b4221a894bf861da7914e.r2.dev/1753541802748287.jpg
carried-forward  1697122355069948 c0  → https://pub-893b4a6a607b4221a894bf861da7914e.r2.dev/1697122355069948.mp4
carried-forward  2502301553514259 c0  → https://pub-893b4a6a607b4221a894bf861da7914e.r2.dev/2502301553514259.jpg
carried-forward  4495895804032020 c0  → https://pub-893b4a6a607b4221a894bf861da7914e.r2.dev/4495895804032020.mp4
carried-forward  1547364546982534 c0  → https://pub-893b4a6a607b4221a894bf861da7914e.r2.dev/1547364546982534.mp4
carried-forward  1316807057257230 c0  → https://pub-893b4a6a607b4221a894bf861da7914e.r2.dev/1316807057257230.jpg
carried-forward  767866562957511 c0  → https://pub-893b4a6a607b4221a894bf861da7914e.r2.dev/767866562957511.mp4
carried-forward  1460687765334223 c0  → https://pub-893b4a6a607b4221a894bf861da7914e.r2.dev/1460687765334223.mp4
carried-forward  1025344233281993 c0  → https://pub-893b4a6a607b4221a894bf861da7914e.r2.dev/1025344233281993.mp4
carried-forward  25559854913694286 c0  → https://pub-893b4a6a607b4221a894bf861da7914e.r2.dev/25559854913694286.mp4
carried-forward  1660583218318782 c0  → https://pub-893b4a6a607b4221a894bf861da7914e.r2.dev/1660583218318782.jpg
carried-forward  1338541331672499 c0  → https://pub-893b4a6a607b4221a894bf861da7914e.r2.dev/1338541331672499.mp4
carried-forward  1262878749257651 c0  → https://pub-893b4a6a607b4221a894bf861da7914e.r2.dev/1262878749257651.mp4
carried-forward  820526234441671 c0  → https://pub-893b4a6a607b4221a894bf861da7914e.r2.dev/820526234441671.mp4
carried-forward  976693208634666 c0  → https://pub-893b4a6a607b4221a894bf861da7914e.r2.dev/976693208634666.mp4
carried-forward  2545884555826778 c0  → https://pub-893b4a6a607b4221a894bf861da7914e.r2.dev/2545884555826778.mp4
carried-forward  2225802101158174 c0  → https://pub-893b4a6a607b4221a894bf861da7914e.r2.dev/2225802101158174.mp4
carried-forward  1357795976367757 c0  → https://pub-893b4a6a607b4221a894bf861da7914e.r2.dev/1357795976367757.mp4
carried-forward  909955515402365 c0  → https://pub-893b4a6a607b4221a894bf861da7914e.r2.dev/909955515402365.mp4
carried-forward  1746592633389862 c0  → https://pub-893b4a6a607b4221a894bf861da7914e.r2.dev/1746592633389862.mp4
carried-forward  1316772493884853 c0  → https://pub-893b4a6a607b4221a894bf861da7914e.r2.dev/1316772493884853.mp4
carried-forward  1652674219399230 c0  → https://pub-893b4a6a607b4221a894bf861da7914e.r2.dev/1652674219399230.mp4
carried-forward  2880719965605739 c0  → https://pub-893b4a6a607b4221a894bf861da7914e.r2.dev/2880719965605739.mp4
carried-forward  1470437827635066 c0  → https://pub-893b4a6a607b4221a894bf861da7914e.r2.dev/1470437827635066.mp4
carried-forward  966951652714059 c0  → https://pub-893b4a6a607b4221a894bf861da7914e.r2.dev/966951652714059.mp4
carried-forward  2480759662350209 c0  → https://pub-893b4a6a607b4221a894bf861da7914e.r2.dev/2480759662350209.mp4
carried-forward  1270330515297140 c0  → https://pub-893b4a6a607b4221a894bf861da7914e.r2.dev/1270330515297140.mp4
carried-forward  1668879657864920 c0  → https://pub-893b4a6a607b4221a894bf861da7914e.r2.dev/1668879657864920.mp4
carried-forward  26752186127781346 c0  → https://pub-893b4a6a607b4221a894bf861da7914e.r2.dev/26752186127781346.mp4
carried-forward  1604858730616806 c0  → https://pub-893b4a6a607b4221a894bf861da7914e.r2.dev/1604858730616806.mp4
carried-forward  1607484760312118 c0  → https://pub-893b4a6a607b4221a894bf861da7914e.r2.dev/1607484760312118.jpg
carried-forward  1900987807250132 c0  → https://pub-893b4a6a607b4221a894bf861da7914e.r2.dev/1900987807250132.mp4
carried-forward  1468323011201688 c0  → https://pub-893b4a6a607b4221a894bf861da7914e.r2.dev/1468323011201688.mp4
carried-forward  1021500813566874 c0  → https://pub-893b4a6a607b4221a894bf861da7914e.r2.dev/1021500813566874.jpg
carried-forward  996757443295479 c0  → https://pub-893b4a6a607b4221a894bf861da7914e.r2.dev/996757443295479.mp4
carried-forward  1286194853171985 c0  → https://pub-893b4a6a607b4221a894bf861da7914e.r2.dev/1286194853171985.mp4
carried-forward  1367112621909638 c0  → https://pub-893b4a6a607b4221a894bf861da7914e.r2.dev/1367112621909638.mp4
carried-forward  868737919572399 c0  → https://pub-893b4a6a607b4221a894bf861da7914e.r2.dev/868737919572399.mp4
carried-forward  1691748101862477 c0  → https://pub-893b4a6a607b4221a894bf861da7914e.r2.dev/1691748101862477.mp4
carried-forward  1349444276998116 c0  → https://pub-893b4a6a607b4221a894bf861da7914e.r2.dev/1349444276998116.mp4
carried-forward  1684322732578194 c0  → https://pub-893b4a6a607b4221a894bf861da7914e.r2.dev/1684322732578194.jpg
carried-forward  1016708307457346 c0  → https://pub-893b4a6a607b4221a894bf861da7914e.r2.dev/1016708307457346.mp4
carried-forward  4411659769109545 c0  → https://pub-893b4a6a607b4221a894bf861da7914e.r2.dev/4411659769109545.mp4
carried-forward  1015307027514637 c0  → https://pub-893b4a6a607b4221a894bf861da7914e.r2.dev/1015307027514637.mp4
carried-forward  1471202787436477 c0  → https://pub-893b4a6a607b4221a894bf861da7914e.r2.dev/1471202787436477.mp4
carried-forward  1637853090829959 c0  → https://pub-893b4a6a607b4221a894bf861da7914e.r2.dev/1637853090829959.jpg
carried-forward  1139271334991602 c0  → https://pub-893b4a6a607b4221a894bf861da7914e.r2.dev/1139271334991602.mp4
carried-forward  4297411840505645 c0  → https://pub-893b4a6a607b4221a894bf861da7914e.r2.dev/4297411840505645.mp4
carried-forward  1477205346828591 c0  → https://pub-893b4a6a607b4221a894bf861da7914e.r2.dev/1477205346828591.mp4
carried-forward  1299132671665931 c0  → https://pub-893b4a6a607b4221a894bf861da7914e.r2.dev/1299132671665931.mp4
carried-forward  1001039822400253 c0  → https://pub-893b4a6a607b4221a894bf861da7914e.r2.dev/1001039822400253.mp4
carried-forward  1971082027101812 c0  → https://pub-893b4a6a607b4221a894bf861da7914e.r2.dev/1971082027101812.mp4
carried-forward  26592847203702424 c0  → https://pub-893b4a6a607b4221a894bf861da7914e.r2.dev/26592847203702424.mp4
carried-forward  1549189193210127 c0  → https://pub-893b4a6a607b4221a894bf861da7914e.r2.dev/1549189193210127.mp4
carried-forward  927118840227873 c0  → https://pub-893b4a6a607b4221a894bf861da7914e.r2.dev/927118840227873.mp4
carried-forward  1288852016425881 c0  → https://pub-893b4a6a607b4221a894bf861da7914e.r2.dev/1288852016425881.mp4
carried-forward  1954519611855156 c0  → https://pub-893b4a6a607b4221a894bf861da7914e.r2.dev/1954519611855156.jpg
carried-forward  1490504596050649 c0  → https://pub-893b4a6a607b4221a894bf861da7914e.r2.dev/1490504596050649.mp4
carried-forward  4515947865340832 c0  → https://pub-893b4a6a607b4221a894bf861da7914e.r2.dev/4515947865340832.mp4
carried-forward  1867436397284947 c0  → https://pub-893b4a6a607b4221a894bf861da7914e.r2.dev/1867436397284947.mp4
carried-forward  1311585240437558 c0  → https://pub-893b4a6a607b4221a894bf861da7914e.r2.dev/1311585240437558.mp4
carried-forward  1265988418855967 c0  → https://pub-893b4a6a607b4221a894bf861da7914e.r2.dev/1265988418855967.jpg
carried-forward  1466171898069540 c0  → https://pub-893b4a6a607b4221a894bf861da7914e.r2.dev/1466171898069540.jpg
carried-forward  2803002696720726 c0  → https://pub-893b4a6a607b4221a894bf861da7914e.r2.dev/2803002696720726.mp4
carried-forward  1294556712864709 c0  → https://pub-893b4a6a607b4221a894bf861da7914e.r2.dev/1294556712864709.mp4
carried-forward  1777858313182852 c0  → https://pub-893b4a6a607b4221a894bf861da7914e.r2.dev/1777858313182852.mp4
carried-forward  1541633190947656 c0  → https://pub-893b4a6a607b4221a894bf861da7914e.r2.dev/1541633190947656.mp4
carried-forward  962213939779030 c0  → https://pub-893b4a6a607b4221a894bf861da7914e.r2.dev/962213939779030.mp4
carried-forward  27467426639549195 c0  → https://pub-893b4a6a607b4221a894bf861da7914e.r2.dev/27467426639549195.mp4
carried-forward  1535297444857772 c0  → https://pub-893b4a6a607b4221a894bf861da7914e.r2.dev/1535297444857772.mp4
carried-forward  2429765667497468 c0  → https://pub-893b4a6a607b4221a894bf861da7914e.r2.dev/2429765667497468.mp4
carried-forward  1468698568069830 c0  → https://pub-893b4a6a607b4221a894bf861da7914e.r2.dev/1468698568069830.jpg
carried-forward  1271657265174452 c0  → https://pub-893b4a6a607b4221a894bf861da7914e.r2.dev/1271657265174452.mp4
carried-forward  1309358647193636 c0  → https://pub-893b4a6a607b4221a894bf861da7914e.r2.dev/1309358647193636.mp4
carried-forward  1505068210807802 c0  → https://pub-893b4a6a607b4221a894bf861da7914e.r2.dev/1505068210807802.mp4
carried-forward  1377137267568274 c0  → https://pub-893b4a6a607b4221a894bf861da7914e.r2.dev/1377137267568274.mp4
carried-forward  967991695636456 c0  → https://pub-893b4a6a607b4221a894bf861da7914e.r2.dev/967991695636456.mp4
carried-forward  4225050071139644 c0  → https://pub-893b4a6a607b4221a894bf861da7914e.r2.dev/4225050071139644.mp4
carried-forward  994369686298555 c0  → https://pub-893b4a6a607b4221a894bf861da7914e.r2.dev/994369686298555.mp4
carried-forward  2223596324843130 c0  → https://pub-893b4a6a607b4221a894bf861da7914e.r2.dev/2223596324843130.mp4
carried-forward  1734753177515931 c0  → https://pub-893b4a6a607b4221a894bf861da7914e.r2.dev/1734753177515931.mp4
carried-forward  1337386238509852 c0  → https://pub-893b4a6a607b4221a894bf861da7914e.r2.dev/1337386238509852.mp4
carried-forward  2856113094728031 c0  → https://pub-893b4a6a607b4221a894bf861da7914e.r2.dev/2856113094728031.jpg
carried-forward  1670158180978417 c0  → https://pub-893b4a6a607b4221a894bf861da7914e.r2.dev/1670158180978417.mp4
carried-forward  1491189829224163 c0  → https://pub-893b4a6a607b4221a894bf861da7914e.r2.dev/1491189829224163.jpg
carried-forward  894326296782168 c0  → https://pub-893b4a6a607b4221a894bf861da7914e.r2.dev/894326296782168.mp4
carried-forward  1764494921182505 c0  → https://pub-893b4a6a607b4221a894bf861da7914e.r2.dev/1764494921182505.mp4
carried-forward  1318035546903372 c0  → https://pub-893b4a6a607b4221a894bf861da7914e.r2.dev/1318035546903372.mp4
carried-forward  956978253617028 c0  → https://pub-893b4a6a607b4221a894bf861da7914e.r2.dev/956978253617028.mp4
carried-forward  4469021566652851 c0  → https://pub-893b4a6a607b4221a894bf861da7914e.r2.dev/4469021566652851.mp4
carried-forward  2266060624183425 c0  → https://pub-893b4a6a607b4221a894bf861da7914e.r2.dev/2266060624183425.mp4
carried-forward  1597343211358525 c0  → https://pub-893b4a6a607b4221a894bf861da7914e.r2.dev/1597343211358525.mp4
carried-forward  26910854201881469 c0  → https://pub-893b4a6a607b4221a894bf861da7914e.r2.dev/26910854201881469.mp4
carried-forward  1676364780236357 c0  → https://pub-893b4a6a607b4221a894bf861da7914e.r2.dev/1676364780236357.jpg
carried-forward  1776386416865471 c0  → https://pub-893b4a6a607b4221a894bf861da7914e.r2.dev/1776386416865471.mp4
carried-forward  4316931545226608 c0  → https://pub-893b4a6a607b4221a894bf861da7914e.r2.dev/4316931545226608.mp4
carried-forward  1304860501173749 c0  → https://pub-893b4a6a607b4221a894bf861da7914e.r2.dev/1304860501173749.mp4
carried-forward  2212286832855115 c0  → https://pub-893b4a6a607b4221a894bf861da7914e.r2.dev/2212286832855115.mp4
carried-forward  2119591065489329 c0  → https://pub-893b4a6a607b4221a894bf861da7914e.r2.dev/2119591065489329.mp4
carried-forward  846064361877319 c0  → https://pub-893b4a6a607b4221a894bf861da7914e.r2.dev/846064361877319.mp4
carried-forward  1266666768505975 c0  → https://pub-893b4a6a607b4221a894bf861da7914e.r2.dev/1266666768505975.mp4
carried-forward  947423118066705 c0  → https://pub-893b4a6a607b4221a894bf861da7914e.r2.dev/947423118066705.mp4
carried-forward  722376590932759 c0  → https://pub-893b4a6a607b4221a894bf861da7914e.r2.dev/722376590932759.mp4
carried-forward  1692430318606061 c0  → https://pub-893b4a6a607b4221a894bf861da7914e.r2.dev/1692430318606061.mp4
carried-forward  3404018196421587 c0  → https://pub-893b4a6a607b4221a894bf861da7914e.r2.dev/3404018196421587.mp4
carried-forward  3950554915241347 c0  → https://pub-893b4a6a607b4221a894bf861da7914e.r2.dev/3950554915241347.mp4
carried-forward  1450411109725022 c0  → https://pub-893b4a6a607b4221a894bf861da7914e.r2.dev/1450411109725022.mp4
carried-forward  943784891536762 c0  → https://pub-893b4a6a607b4221a894bf861da7914e.r2.dev/943784891536762.jpg
carried-forward  1404658491423990 c0  → https://pub-893b4a6a607b4221a894bf861da7914e.r2.dev/1404658491423990.mp4
carried-forward  26211486145190366 c0  → https://pub-893b4a6a607b4221a894bf861da7914e.r2.dev/26211486145190366.mp4
carried-forward  2877266969299615 c0  → https://pub-893b4a6a607b4221a894bf861da7914e.r2.dev/2877266969299615.mp4
carried-forward  1670637027506272 c0  → https://pub-893b4a6a607b4221a894bf861da7914e.r2.dev/1670637027506272.mp4
carried-forward  1461785379318878 c0  → https://pub-893b4a6a607b4221a894bf861da7914e.r2.dev/1461785379318878.jpg
carried-forward  1875297020113945 c0  → https://pub-893b4a6a607b4221a894bf861da7914e.r2.dev/1875297020113945.mp4
carried-forward  1692079168484436 c0  → https://pub-893b4a6a607b4221a894bf861da7914e.r2.dev/1692079168484436.mp4
carried-forward  1296447932556001 c0  → https://pub-893b4a6a607b4221a894bf861da7914e.r2.dev/1296447932556001.mp4
carried-forward  1504948594346181 c0  → https://pub-893b4a6a607b4221a894bf861da7914e.r2.dev/1504948594346181.jpg
carried-forward  1010061478363990 c0  → https://pub-893b4a6a607b4221a894bf861da7914e.r2.dev/1010061478363990.mp4
carried-forward  2296831341121900 c0  → https://pub-893b4a6a607b4221a894bf861da7914e.r2.dev/2296831341121900.mp4
carried-forward  1669623957628580 c0  → https://pub-893b4a6a607b4221a894bf861da7914e.r2.dev/1669623957628580.mp4
carried-forward  2170767423719620 c0  → https://pub-893b4a6a607b4221a894bf861da7914e.r2.dev/2170767423719620.mp4
carried-forward  1086180324581744 c0  → https://pub-893b4a6a607b4221a894bf861da7914e.r2.dev/1086180324581744.mp4
carried-forward  1342352331105356 c0  → https://pub-893b4a6a607b4221a894bf861da7914e.r2.dev/1342352331105356.mp4
carried-forward  834050996055932 c0  → https://pub-893b4a6a607b4221a894bf861da7914e.r2.dev/834050996055932.mp4
carried-forward  2571287406626032 c0  → https://pub-893b4a6a607b4221a894bf861da7914e.r2.dev/2571287406626032.mp4
carried-forward  1709487437134948 c0  → https://pub-893b4a6a607b4221a894bf861da7914e.r2.dev/1709487437134948.mp4
carried-forward  1473538260893921 c0  → https://pub-893b4a6a607b4221a894bf861da7914e.r2.dev/1473538260893921.mp4
carried-forward  1474626214362398 c0  → https://pub-893b4a6a607b4221a894bf861da7914e.r2.dev/1474626214362398.mp4
carried-forward  999560929137496 c0  → https://pub-893b4a6a607b4221a894bf861da7914e.r2.dev/999560929137496.jpg
carried-forward  1403079465191002 c0  → https://pub-893b4a6a607b4221a894bf861da7914e.r2.dev/1403079465191002.mp4
carried-forward  1008824371481933 c0  → https://pub-893b4a6a607b4221a894bf861da7914e.r2.dev/1008824371481933.mp4
carried-forward  949509951420685 c0  → https://pub-893b4a6a607b4221a894bf861da7914e.r2.dev/949509951420685.jpg
carried-forward  990565640499953 c0  → https://pub-893b4a6a607b4221a894bf861da7914e.r2.dev/990565640499953.mp4
carried-forward  2210920809657897 c0  → https://pub-893b4a6a607b4221a894bf861da7914e.r2.dev/2210920809657897.jpg
carried-forward  987646197186558 c0  → https://pub-893b4a6a607b4221a894bf861da7914e.r2.dev/987646197186558.jpg
carried-forward  2745591762489561 c0  → https://pub-893b4a6a607b4221a894bf861da7914e.r2.dev/2745591762489561.mp4
carried-forward  1688695569045148 c0  → https://pub-893b4a6a607b4221a894bf861da7914e.r2.dev/1688695569045148.jpg
carried-forward  946270218192390 c0  → https://pub-893b4a6a607b4221a894bf861da7914e.r2.dev/946270218192390.mp4
carried-forward  1363600028979566 c0  → https://pub-893b4a6a607b4221a894bf861da7914e.r2.dev/1363600028979566.mp4
carried-forward  1641684153612039 c0  → https://pub-893b4a6a607b4221a894bf861da7914e.r2.dev/1641684153612039.mp4
carried-forward  1504011784427216 c0  → https://pub-893b4a6a607b4221a894bf861da7914e.r2.dev/1504011784427216.mp4
carried-forward  994667936253068 c0  → https://pub-893b4a6a607b4221a894bf861da7914e.r2.dev/994667936253068.mp4
carried-forward  962764766398694 c0  → https://pub-893b4a6a607b4221a894bf861da7914e.r2.dev/962764766398694.mp4
carried-forward  813729801596695 c0  → https://pub-893b4a6a607b4221a894bf861da7914e.r2.dev/813729801596695.mp4
carried-forward  1724990638700748 c0  → https://pub-893b4a6a607b4221a894bf861da7914e.r2.dev/1724990638700748.mp4
carried-forward  972657012289687 c0  → https://pub-893b4a6a607b4221a894bf861da7914e.r2.dev/972657012289687.mp4
carried-forward  1531071961700338 c0  → https://pub-893b4a6a607b4221a894bf861da7914e.r2.dev/1531071961700338.mp4
carried-forward  1595471674852681 c0  → https://pub-893b4a6a607b4221a894bf861da7914e.r2.dev/1595471674852681.mp4
carried-forward  1298850081841879 c0  → https://pub-893b4a6a607b4221a894bf861da7914e.r2.dev/1298850081841879.mp4
carried-forward  983026750996677 c0  → https://pub-893b4a6a607b4221a894bf861da7914e.r2.dev/983026750996677.mp4
carried-forward  999426759509694 c0  → https://pub-893b4a6a607b4221a894bf861da7914e.r2.dev/999426759509694.jpg
carried-forward  2753142328419305 c0  → https://pub-893b4a6a607b4221a894bf861da7914e.r2.dev/2753142328419305.jpg
carried-forward  3555179161308816 c0  → https://pub-893b4a6a607b4221a894bf861da7914e.r2.dev/3555179161308816.jpg
carried-forward  1370491928447492 c0  → https://pub-893b4a6a607b4221a894bf861da7914e.r2.dev/1370491928447492.mp4
carried-forward  1786349826082499 c0  → https://pub-893b4a6a607b4221a894bf861da7914e.r2.dev/1786349826082499.mp4
carried-forward  817441777842183 c0  → https://pub-893b4a6a607b4221a894bf861da7914e.r2.dev/817441777842183.mp4
carried-forward  971673682497459 c0  → https://pub-893b4a6a607b4221a894bf861da7914e.r2.dev/971673682497459.mp4
carried-forward  1631192571326449 c0  → https://pub-893b4a6a607b4221a894bf861da7914e.r2.dev/1631192571326449.jpg
carried-forward  1412891103975756 c0  → https://pub-893b4a6a607b4221a894bf861da7914e.r2.dev/1412891103975756.mp4
carried-forward  1469786657599093 c0  → https://pub-893b4a6a607b4221a894bf861da7914e.r2.dev/1469786657599093.mp4
carried-forward  1540664921179799 c0  → https://pub-893b4a6a607b4221a894bf861da7914e.r2.dev/1540664921179799.mp4
carried-forward  1004122992558661 c0  → https://pub-893b4a6a607b4221a894bf861da7914e.r2.dev/1004122992558661.jpg
carried-forward  2146928282833091 c0  → https://pub-893b4a6a607b4221a894bf861da7914e.r2.dev/2146928282833091.mp4
carried-forward  2355254531663268 c0  → https://pub-893b4a6a607b4221a894bf861da7914e.r2.dev/2355254531663268.mp4
carried-forward  869333712162304 c0  → https://pub-893b4a6a607b4221a894bf861da7914e.r2.dev/869333712162304.mp4
carried-forward  1274174244928992 c0  → https://pub-893b4a6a607b4221a894bf861da7914e.r2.dev/1274174244928992.jpg
carried-forward  1744921586670250 c0  → https://pub-893b4a6a607b4221a894bf861da7914e.r2.dev/1744921586670250.mp4
carried-forward  2044296946121587 c0  → https://pub-893b4a6a607b4221a894bf861da7914e.r2.dev/2044296946121587.mp4
carried-forward  2100879250473786 c0  → https://pub-893b4a6a607b4221a894bf861da7914e.r2.dev/2100879250473786.mp4
carried-forward  1349020287120657 c0  → https://pub-893b4a6a607b4221a894bf861da7914e.r2.dev/1349020287120657.jpg
carried-forward  1483102533363974 c0  → https://pub-893b4a6a607b4221a894bf861da7914e.r2.dev/1483102533363974.mp4
carried-forward  27442660585326941 c0  → https://pub-893b4a6a607b4221a894bf861da7914e.r2.dev/27442660585326941.mp4
carried-forward  806651908905562 c0  → https://pub-893b4a6a607b4221a894bf861da7914e.r2.dev/806651908905562.mp4
carried-forward  1003870132453265 c0  → https://pub-893b4a6a607b4221a894bf861da7914e.r2.dev/1003870132453265.mp4
carried-forward  1300098978359414 c0  → https://pub-893b4a6a607b4221a894bf861da7914e.r2.dev/1300098978359414.mp4
carried-forward  2092038688037330 c0  → https://pub-893b4a6a607b4221a894bf861da7914e.r2.dev/2092038688037330.mp4
carried-forward  1364247162228311 c0  → https://pub-893b4a6a607b4221a894bf861da7914e.r2.dev/1364247162228311.mp4
carried-forward  909364355449911 c0  → https://pub-893b4a6a607b4221a894bf861da7914e.r2.dev/909364355449911.mp4
carried-forward  4933512000252771 c0  → https://pub-893b4a6a607b4221a894bf861da7914e.r2.dev/4933512000252771.mp4
carried-forward  1572685083996377 c0  → https://pub-893b4a6a607b4221a894bf861da7914e.r2.dev/1572685083996377.mp4
carried-forward  2891636894513709 c0  → https://pub-893b4a6a607b4221a894bf861da7914e.r2.dev/2891636894513709.mp4
carried-forward  885117431315348 c0  → https://pub-893b4a6a607b4221a894bf861da7914e.r2.dev/885117431315348.mp4
carried-forward  1301070998114979 c0  → https://pub-893b4a6a607b4221a894bf861da7914e.r2.dev/1301070998114979.mp4
carried-forward  1317959656361226 c0  → https://pub-893b4a6a607b4221a894bf861da7914e.r2.dev/1317959656361226.mp4
carried-forward  1351076676944480 c0  → https://pub-893b4a6a607b4221a894bf861da7914e.r2.dev/1351076676944480.mp4
carried-forward  1296044412653935 c0  → https://pub-893b4a6a607b4221a894bf861da7914e.r2.dev/1296044412653935.jpg
carried-forward  1631913738022819 c0  → https://pub-893b4a6a607b4221a894bf861da7914e.r2.dev/1631913738022819.jpg
carried-forward  1269974315305027 c0  → https://pub-893b4a6a607b4221a894bf861da7914e.r2.dev/1269974315305027.jpg
carried-forward  997298192783264 c0  → https://pub-893b4a6a607b4221a894bf861da7914e.r2.dev/997298192783264.mp4
carried-forward  1658491111940914 c0  → https://pub-893b4a6a607b4221a894bf861da7914e.r2.dev/1658491111940914.jpg
carried-forward  2178790986027383 c0  → https://pub-893b4a6a607b4221a894bf861da7914e.r2.dev/2178790986027383.mp4
carried-forward  4427923970783720 c0  → https://pub-893b4a6a607b4221a894bf861da7914e.r2.dev/4427923970783720.mp4
uploaded         939080955797406 c0  (video) ← 939080955797406.mp4  → https://pub-893b4a6a607b4221a894bf861da7914e.r2.dev/939080955797406.mp4
uploaded         1320273479436217 c0  (video) ← 1320273479436217.mp4  → https://pub-893b4a6a607b4221a894bf861da7914e.r2.dev/1320273479436217.mp4
uploaded         1105687455962806 c0  (video) ← 1105687455962806.mp4  → https://pub-893b4a6a607b4221a894bf861da7914e.r2.dev/1105687455962806.mp4
uploaded         1485460723055130 c0  (image) ← 1485460723055130.jpg  → https://pub-893b4a6a607b4221a894bf861da7914e.r2.dev/1485460723055130.jpg
uploaded         870533795380347 c0  (video) ← 870533795380347.mp4  → https://pub-893b4a6a607b4221a894bf861da7914e.r2.dev/870533795380347.mp4
uploaded         2852072905125475 c0  (video) ← 2852072905125475.mp4  → https://pub-893b4a6a607b4221a894bf861da7914e.r2.dev/2852072905125475.mp4
uploaded         956402847028233 c0  (video) ← 956402847028233.mp4  → https://pub-893b4a6a607b4221a894bf861da7914e.r2.dev/956402847028233.mp4
uploaded         1895722207806856 c0  (video) ← 1895722207806856.mp4  → https://pub-893b4a6a607b4221a894bf861da7914e.r2.dev/1895722207806856.mp4
uploaded         2739664883077929 c0  (image) ← 2739664883077929.jpg  → https://pub-893b4a6a607b4221a894bf861da7914e.r2.dev/2739664883077929.jpg
uploaded         2552275531896961 c0  (video) ← 2552275531896961.mp4  → https://pub-893b4a6a607b4221a894bf861da7914e.r2.dev/2552275531896961.mp4
uploaded         1282921197244711 c0  (video) ← 1282921197244711.mp4  → https://pub-893b4a6a607b4221a894bf861da7914e.r2.dev/1282921197244711.mp4
uploaded         2021667431766535 c0  (image) ← 2021667431766535.jpg  → https://pub-893b4a6a607b4221a894bf861da7914e.r2.dev/2021667431766535.jpg
uploaded         1905091626869372 c0  (video) ← 1905091626869372.mp4  → https://pub-893b4a6a607b4221a894bf861da7914e.r2.dev/1905091626869372.mp4
uploaded         2502969223495975 c0  (video) ← 2502969223495975.mp4  → https://pub-893b4a6a607b4221a894bf861da7914e.r2.dev/2502969223495975.mp4
uploaded         1514434863794016 c0  (video) ← 1514434863794016.mp4  → https://pub-893b4a6a607b4221a894bf861da7914e.r2.dev/1514434863794016.mp4
uploaded         1311986160373577 c0  (video) ← 1311986160373577.mp4  → https://pub-893b4a6a607b4221a894bf861da7914e.r2.dev/1311986160373577.mp4
uploaded         2246272446177529 c0  (video) ← 2246272446177529.mp4  → https://pub-893b4a6a607b4221a894bf861da7914e.r2.dev/2246272446177529.mp4
uploaded         1928029807874266 c0  (video) ← 1928029807874266.mp4  → https://pub-893b4a6a607b4221a894bf861da7914e.r2.dev/1928029807874266.mp4
uploaded         1027104996554340 c0  (video) ← 1027104996554340.mp4  → https://pub-893b4a6a607b4221a894bf861da7914e.r2.dev/1027104996554340.mp4
uploaded         850467628119189 c0  (image) ← 850467628119189.jpg  → https://pub-893b4a6a607b4221a894bf861da7914e.r2.dev/850467628119189.jpg
