# Step 3 run log
# competitor : learna-ai
# started_at : 2026-05-30T11:44:11
# input      : inputs/fb-ads-learna-ai-2026-05-28-1230.csv
# videos     : videos/learna-ai-2026-05-28
# master     : master/learna-ai.csv  (unchanged (dry-run))
# enriched   : inputs/fb-ads-learna-ai-2026-05-28-1230_enriched.csv
# bucket     : video-ads
# public_base: https://pub-893b4a6a607b4221a894bf861da7914e.r2.dev
# dry_run    : True
#
# counts     : {'uploaded': 479, 'carried-forward': 0, 'image-pending': 0, 'video-missing': 11, 'no-creative': 0, 'error': 0}
#
would-upload     1305320435143159 c0  (video) ← 1305320435143159.mp4  → https://pub-893b4a6a607b4221a894bf861da7914e.r2.dev/1305320435143159.mp4  [DRY-RUN]
would-upload     1331000942346730 c0  (video) ← 1331000942346730.mp4  → https://pub-893b4a6a607b4221a894bf861da7914e.r2.dev/1331000942346730.mp4  [DRY-RUN]
would-upload     1561946748353523 c0  (video) ← 1561946748353523.mp4  → https://pub-893b4a6a607b4221a894bf861da7914e.r2.dev/1561946748353523.mp4  [DRY-RUN]
would-upload     919639600763237 c0  (video) ← 919639600763237.mp4  → https://pub-893b4a6a607b4221a894bf861da7914e.r2.dev/919639600763237.mp4  [DRY-RUN]
would-upload     1223854759864038 c0  (video) ← 1223854759864038.mp4  → https://pub-893b4a6a607b4221a894bf861da7914e.r2.dev/1223854759864038.mp4  [DRY-RUN]
would-upload     941670845124918 c0  (video) ← 941670845124918.mp4  → https://pub-893b4a6a607b4221a894bf861da7914e.r2.dev/941670845124918.mp4  [DRY-RUN]
would-upload     3350647341767877 c0  (video) ← 3350647341767877.mp4  → https://pub-893b4a6a607b4221a894bf861da7914e.r2.dev/3350647341767877.mp4  [DRY-RUN]
would-upload     2696378104080682 c0  (video) ← 2696378104080682.mp4  → https://pub-893b4a6a607b4221a894bf861da7914e.r2.dev/2696378104080682.mp4  [DRY-RUN]
would-upload     1688507795702436 c0  (video) ← 1688507795702436.mp4  → https://pub-893b4a6a607b4221a894bf861da7914e.r2.dev/1688507795702436.mp4  [DRY-RUN]
would-upload     4091989534424274 c0  (video) ← 4091989534424274.mp4  → https://pub-893b4a6a607b4221a894bf861da7914e.r2.dev/4091989534424274.mp4  [DRY-RUN]
would-upload     4339287476329546 c0  (video) ← 4339287476329546.mp4  → https://pub-893b4a6a607b4221a894bf861da7914e.r2.dev/4339287476329546.mp4  [DRY-RUN]
would-upload     1867248917309068 c0  (video) ← 1867248917309068.mp4  → https://pub-893b4a6a607b4221a894bf861da7914e.r2.dev/1867248917309068.mp4  [DRY-RUN]
would-upload     2233023087508211 c0  (video) ← 2233023087508211.mp4  → https://pub-893b4a6a607b4221a894bf861da7914e.r2.dev/2233023087508211.mp4  [DRY-RUN]
would-upload     1272799508356017 c0  (video) ← 1272799508356017.mp4  → https://pub-893b4a6a607b4221a894bf861da7914e.r2.dev/1272799508356017.mp4  [DRY-RUN]
would-upload     1818618209105079 c0  (video) ← 1818618209105079.mp4  → https://pub-893b4a6a607b4221a894bf861da7914e.r2.dev/1818618209105079.mp4  [DRY-RUN]
would-upload     2956993031298495 c0  (video) ← 2956993031298495.mp4  → https://pub-893b4a6a607b4221a894bf861da7914e.r2.dev/2956993031298495.mp4  [DRY-RUN]
would-upload     1732276511091533 c0  (video) ← 1732276511091533.mp4  → https://pub-893b4a6a607b4221a894bf861da7914e.r2.dev/1732276511091533.mp4  [DRY-RUN]
would-upload     1282726410490010 c0  (video) ← 1282726410490010.mp4  → https://pub-893b4a6a607b4221a894bf861da7914e.r2.dev/1282726410490010.mp4  [DRY-RUN]
would-upload     816518274603313 c0  (video) ← 816518274603313.mp4  → https://pub-893b4a6a607b4221a894bf861da7914e.r2.dev/816518274603313.mp4  [DRY-RUN]
would-upload     920285514395314 c0  (video) ← 920285514395314.mp4  → https://pub-893b4a6a607b4221a894bf861da7914e.r2.dev/920285514395314.mp4  [DRY-RUN]
would-upload     2824660604557876 c0  (video) ← 2824660604557876.mp4  → https://pub-893b4a6a607b4221a894bf861da7914e.r2.dev/2824660604557876.mp4  [DRY-RUN]
would-upload     1231133571849012 c0  (video) ← 1231133571849012.mp4  → https://pub-893b4a6a607b4221a894bf861da7914e.r2.dev/1231133571849012.mp4  [DRY-RUN]
would-upload     1470990821024117 c0  (video) ← 1470990821024117.mp4  → https://pub-893b4a6a607b4221a894bf861da7914e.r2.dev/1470990821024117.mp4  [DRY-RUN]
would-upload     1344215707542169 c0  (video) ← 1344215707542169.mp4  → https://pub-893b4a6a607b4221a894bf861da7914e.r2.dev/1344215707542169.mp4  [DRY-RUN]
would-upload     2304935636581504 c0  (video) ← 2304935636581504.mp4  → https://pub-893b4a6a607b4221a894bf861da7914e.r2.dev/2304935636581504.mp4  [DRY-RUN]
would-upload     1612039283458902 c0  (video) ← 1612039283458902.mp4  → https://pub-893b4a6a607b4221a894bf861da7914e.r2.dev/1612039283458902.mp4  [DRY-RUN]
would-upload     942533155345913 c0  (video) ← 942533155345913.mp4  → https://pub-893b4a6a607b4221a894bf861da7914e.r2.dev/942533155345913.mp4  [DRY-RUN]
would-upload     1410548130867123 c0  (video) ← 1410548130867123.mp4  → https://pub-893b4a6a607b4221a894bf861da7914e.r2.dev/1410548130867123.mp4  [DRY-RUN]
would-upload     2018586982340086 c0  (video) ← 2018586982340086.mp4  → https://pub-893b4a6a607b4221a894bf861da7914e.r2.dev/2018586982340086.mp4  [DRY-RUN]
would-upload     2399819793864244 c0  (video) ← 2399819793864244.mp4  → https://pub-893b4a6a607b4221a894bf861da7914e.r2.dev/2399819793864244.mp4  [DRY-RUN]
would-upload     26475924438767754 c0  (video) ← 26475924438767754.mp4  → https://pub-893b4a6a607b4221a894bf861da7914e.r2.dev/26475924438767754.mp4  [DRY-RUN]
would-upload     1289099280053178 c0  (video) ← 1289099280053178.mp4  → https://pub-893b4a6a607b4221a894bf861da7914e.r2.dev/1289099280053178.mp4  [DRY-RUN]
would-upload     881817237987628 c0  (video) ← 881817237987628.mp4  → https://pub-893b4a6a607b4221a894bf861da7914e.r2.dev/881817237987628.mp4  [DRY-RUN]
would-upload     1555601166570968 c0  (video) ← 1555601166570968.mp4  → https://pub-893b4a6a607b4221a894bf861da7914e.r2.dev/1555601166570968.mp4  [DRY-RUN]
would-upload     1645668849988230 c0  (video) ← 1645668849988230.mp4  → https://pub-893b4a6a607b4221a894bf861da7914e.r2.dev/1645668849988230.mp4  [DRY-RUN]
would-upload     2468922803581230 c0  (video) ← 2468922803581230.mp4  → https://pub-893b4a6a607b4221a894bf861da7914e.r2.dev/2468922803581230.mp4  [DRY-RUN]
would-upload     1557395759143424 c0  (video) ← 1557395759143424.mp4  → https://pub-893b4a6a607b4221a894bf861da7914e.r2.dev/1557395759143424.mp4  [DRY-RUN]
would-upload     1660283655107406 c0  (video) ← 1660283655107406.mp4  → https://pub-893b4a6a607b4221a894bf861da7914e.r2.dev/1660283655107406.mp4  [DRY-RUN]
would-upload     1737025754334784 c0  (video) ← 1737025754334784.mp4  → https://pub-893b4a6a607b4221a894bf861da7914e.r2.dev/1737025754334784.mp4  [DRY-RUN]
would-upload     1794301804862965 c0  (video) ← 1794301804862965.mp4  → https://pub-893b4a6a607b4221a894bf861da7914e.r2.dev/1794301804862965.mp4  [DRY-RUN]
would-upload     1911186572877665 c0  (video) ← 1911186572877665.mp4  → https://pub-893b4a6a607b4221a894bf861da7914e.r2.dev/1911186572877665.mp4  [DRY-RUN]
would-upload     2132871510820927 c0  (video) ← 2132871510820927.mp4  → https://pub-893b4a6a607b4221a894bf861da7914e.r2.dev/2132871510820927.mp4  [DRY-RUN]
would-upload     972325635505423 c0  (video) ← 972325635505423.mp4  → https://pub-893b4a6a607b4221a894bf861da7914e.r2.dev/972325635505423.mp4  [DRY-RUN]
would-upload     4379728835589035 c0  (video) ← 4379728835589035.mp4  → https://pub-893b4a6a607b4221a894bf861da7914e.r2.dev/4379728835589035.mp4  [DRY-RUN]
would-upload     1293563612743010 c0  (video) ← 1293563612743010.mp4  → https://pub-893b4a6a607b4221a894bf861da7914e.r2.dev/1293563612743010.mp4  [DRY-RUN]
would-upload     2156906855072326 c0  (video) ← 2156906855072326.mp4  → https://pub-893b4a6a607b4221a894bf861da7914e.r2.dev/2156906855072326.mp4  [DRY-RUN]
would-upload     1479963970269316 c0  (video) ← 1479963970269316.mp4  → https://pub-893b4a6a607b4221a894bf861da7914e.r2.dev/1479963970269316.mp4  [DRY-RUN]
would-upload     1522322439295178 c0  (video) ← 1522322439295178.mp4  → https://pub-893b4a6a607b4221a894bf861da7914e.r2.dev/1522322439295178.mp4  [DRY-RUN]
would-upload     27035503606138580 c0  (video) ← 27035503606138580.mp4  → https://pub-893b4a6a607b4221a894bf861da7914e.r2.dev/27035503606138580.mp4  [DRY-RUN]
would-upload     1897215130977975 c0  (video) ← 1897215130977975.mp4  → https://pub-893b4a6a607b4221a894bf861da7914e.r2.dev/1897215130977975.mp4  [DRY-RUN]
would-upload     919279241050207 c0  (video) ← 919279241050207.mp4  → https://pub-893b4a6a607b4221a894bf861da7914e.r2.dev/919279241050207.mp4  [DRY-RUN]
would-upload     1640622540290249 c0  (video) ← 1640622540290249.mp4  → https://pub-893b4a6a607b4221a894bf861da7914e.r2.dev/1640622540290249.mp4  [DRY-RUN]
would-upload     1104775251773949 c0  (video) ← 1104775251773949.mp4  → https://pub-893b4a6a607b4221a894bf861da7914e.r2.dev/1104775251773949.mp4  [DRY-RUN]
would-upload     3303859329783856 c0  (video) ← 3303859329783856.mp4  → https://pub-893b4a6a607b4221a894bf861da7914e.r2.dev/3303859329783856.mp4  [DRY-RUN]
would-upload     2060053594866255 c0  (video) ← 2060053594866255.mp4  → https://pub-893b4a6a607b4221a894bf861da7914e.r2.dev/2060053594866255.mp4  [DRY-RUN]
would-upload     952116941152129 c0  (video) ← 952116941152129.mp4  → https://pub-893b4a6a607b4221a894bf861da7914e.r2.dev/952116941152129.mp4  [DRY-RUN]
would-upload     1699031641273438 c0  (video) ← 1699031641273438.mp4  → https://pub-893b4a6a607b4221a894bf861da7914e.r2.dev/1699031641273438.mp4  [DRY-RUN]
would-upload     935319826158529 c0  (video) ← 935319826158529.mp4  → https://pub-893b4a6a607b4221a894bf861da7914e.r2.dev/935319826158529.mp4  [DRY-RUN]
would-upload     1273882494644292 c0  (video) ← 1273882494644292.mp4  → https://pub-893b4a6a607b4221a894bf861da7914e.r2.dev/1273882494644292.mp4  [DRY-RUN]
would-upload     1432655954799589 c0  (video) ← 1432655954799589.mp4  → https://pub-893b4a6a607b4221a894bf861da7914e.r2.dev/1432655954799589.mp4  [DRY-RUN]
would-upload     947598457724065 c0  (video) ← 947598457724065.mp4  → https://pub-893b4a6a607b4221a894bf861da7914e.r2.dev/947598457724065.mp4  [DRY-RUN]
would-upload     27349853437973816 c0  (video) ← 27349853437973816.mp4  → https://pub-893b4a6a607b4221a894bf861da7914e.r2.dev/27349853437973816.mp4  [DRY-RUN]
would-upload     1894117404606399 c0  (video) ← 1894117404606399.mp4  → https://pub-893b4a6a607b4221a894bf861da7914e.r2.dev/1894117404606399.mp4  [DRY-RUN]
would-upload     2373390343141976 c0  (video) ← 2373390343141976.mp4  → https://pub-893b4a6a607b4221a894bf861da7914e.r2.dev/2373390343141976.mp4  [DRY-RUN]
would-upload     1334074268638995 c0  (video) ← 1334074268638995.mp4  → https://pub-893b4a6a607b4221a894bf861da7914e.r2.dev/1334074268638995.mp4  [DRY-RUN]
would-upload     1506447984521382 c0  (video) ← 1506447984521382.mp4  → https://pub-893b4a6a607b4221a894bf861da7914e.r2.dev/1506447984521382.mp4  [DRY-RUN]
would-upload     2486162491822745 c0  (video) ← 2486162491822745.mp4  → https://pub-893b4a6a607b4221a894bf861da7914e.r2.dev/2486162491822745.mp4  [DRY-RUN]
would-upload     1644515546602115 c0  (video) ← 1644515546602115.mp4  → https://pub-893b4a6a607b4221a894bf861da7914e.r2.dev/1644515546602115.mp4  [DRY-RUN]
would-upload     1245860717381059 c0  (video) ← 1245860717381059.mp4  → https://pub-893b4a6a607b4221a894bf861da7914e.r2.dev/1245860717381059.mp4  [DRY-RUN]
would-upload     863745163146178 c0  (video) ← 863745163146178.mp4  → https://pub-893b4a6a607b4221a894bf861da7914e.r2.dev/863745163146178.mp4  [DRY-RUN]
would-upload     2036883420577860 c0  (video) ← 2036883420577860.mp4  → https://pub-893b4a6a607b4221a894bf861da7914e.r2.dev/2036883420577860.mp4  [DRY-RUN]
would-upload     1700044607813309 c0  (video) ← 1700044607813309.mp4  → https://pub-893b4a6a607b4221a894bf861da7914e.r2.dev/1700044607813309.mp4  [DRY-RUN]
would-upload     1442768157567736 c0  (video) ← 1442768157567736.mp4  → https://pub-893b4a6a607b4221a894bf861da7914e.r2.dev/1442768157567736.mp4  [DRY-RUN]
would-upload     3142599012606454 c0  (video) ← 3142599012606454.mp4  → https://pub-893b4a6a607b4221a894bf861da7914e.r2.dev/3142599012606454.mp4  [DRY-RUN]
would-upload     923983944002990 c0  (video) ← 923983944002990.mp4  → https://pub-893b4a6a607b4221a894bf861da7914e.r2.dev/923983944002990.mp4  [DRY-RUN]
would-upload     27137285392577305 c0  (video) ← 27137285392577305.mp4  → https://pub-893b4a6a607b4221a894bf861da7914e.r2.dev/27137285392577305.mp4  [DRY-RUN]
would-upload     1285866380138419 c0  (video) ← 1285866380138419.mp4  → https://pub-893b4a6a607b4221a894bf861da7914e.r2.dev/1285866380138419.mp4  [DRY-RUN]
would-upload     1735802181134375 c0  (video) ← 1735802181134375.mp4  → https://pub-893b4a6a607b4221a894bf861da7914e.r2.dev/1735802181134375.mp4  [DRY-RUN]
would-upload     1489974835882084 c0  (video) ← 1489974835882084.mp4  → https://pub-893b4a6a607b4221a894bf861da7914e.r2.dev/1489974835882084.mp4  [DRY-RUN]
would-upload     1283027306822102 c0  (video) ← 1283027306822102.mp4  → https://pub-893b4a6a607b4221a894bf861da7914e.r2.dev/1283027306822102.mp4  [DRY-RUN]
would-upload     947692961456169 c0  (video) ← 947692961456169.mp4  → https://pub-893b4a6a607b4221a894bf861da7914e.r2.dev/947692961456169.mp4  [DRY-RUN]
would-upload     1245633887659799 c0  (video) ← 1245633887659799.mp4  → https://pub-893b4a6a607b4221a894bf861da7914e.r2.dev/1245633887659799.mp4  [DRY-RUN]
would-upload     1526911728921242 c0  (video) ← 1526911728921242.mp4  → https://pub-893b4a6a607b4221a894bf861da7914e.r2.dev/1526911728921242.mp4  [DRY-RUN]
would-upload     1865988867407968 c0  (video) ← 1865988867407968.mp4  → https://pub-893b4a6a607b4221a894bf861da7914e.r2.dev/1865988867407968.mp4  [DRY-RUN]
would-upload     918298067514670 c0  (video) ← 918298067514670.mp4  → https://pub-893b4a6a607b4221a894bf861da7914e.r2.dev/918298067514670.mp4  [DRY-RUN]
would-upload     1409993600815393 c0  (video) ← 1409993600815393.mp4  → https://pub-893b4a6a607b4221a894bf861da7914e.r2.dev/1409993600815393.mp4  [DRY-RUN]
would-upload     889146000772319 c0  (video) ← 889146000772319.mp4  → https://pub-893b4a6a607b4221a894bf861da7914e.r2.dev/889146000772319.mp4  [DRY-RUN]
would-upload     1250020174008699 c0  (video) ← 1250020174008699.mp4  → https://pub-893b4a6a607b4221a894bf861da7914e.r2.dev/1250020174008699.mp4  [DRY-RUN]
would-upload     2374491389721559 c0  (video) ← 2374491389721559.mp4  → https://pub-893b4a6a607b4221a894bf861da7914e.r2.dev/2374491389721559.mp4  [DRY-RUN]
would-upload     1641514293570212 c0  (video) ← 1641514293570212.mp4  → https://pub-893b4a6a607b4221a894bf861da7914e.r2.dev/1641514293570212.mp4  [DRY-RUN]
would-upload     26753707587612895 c0  (video) ← 26753707587612895.mp4  → https://pub-893b4a6a607b4221a894bf861da7914e.r2.dev/26753707587612895.mp4  [DRY-RUN]
would-upload     977984152075379 c0  (video) ← 977984152075379.mp4  → https://pub-893b4a6a607b4221a894bf861da7914e.r2.dev/977984152075379.mp4  [DRY-RUN]
would-upload     1229251508754292 c0  (video) ← 1229251508754292.mp4  → https://pub-893b4a6a607b4221a894bf861da7914e.r2.dev/1229251508754292.mp4  [DRY-RUN]
would-upload     2313249902503002 c0  (video) ← 2313249902503002.mp4  → https://pub-893b4a6a607b4221a894bf861da7914e.r2.dev/2313249902503002.mp4  [DRY-RUN]
would-upload     1520521489465500 c0  (video) ← 1520521489465500.mp4  → https://pub-893b4a6a607b4221a894bf861da7914e.r2.dev/1520521489465500.mp4  [DRY-RUN]
would-upload     1567625242036208 c0  (video) ← 1567625242036208.mp4  → https://pub-893b4a6a607b4221a894bf861da7914e.r2.dev/1567625242036208.mp4  [DRY-RUN]
would-upload     2063449040869993 c0  (video) ← 2063449040869993.mp4  → https://pub-893b4a6a607b4221a894bf861da7914e.r2.dev/2063449040869993.mp4  [DRY-RUN]
would-upload     991226483647106 c0  (video) ← 991226483647106.mp4  → https://pub-893b4a6a607b4221a894bf861da7914e.r2.dev/991226483647106.mp4  [DRY-RUN]
would-upload     1103486149518097 c0  (video) ← 1103486149518097.mp4  → https://pub-893b4a6a607b4221a894bf861da7914e.r2.dev/1103486149518097.mp4  [DRY-RUN]
would-upload     2158140585003590 c0  (video) ← 2158140585003590.mp4  → https://pub-893b4a6a607b4221a894bf861da7914e.r2.dev/2158140585003590.mp4  [DRY-RUN]
would-upload     2103747700418813 c0  (video) ← 2103747700418813.mp4  → https://pub-893b4a6a607b4221a894bf861da7914e.r2.dev/2103747700418813.mp4  [DRY-RUN]
would-upload     960011053409166 c0  (video) ← 960011053409166.mp4  → https://pub-893b4a6a607b4221a894bf861da7914e.r2.dev/960011053409166.mp4  [DRY-RUN]
would-upload     1875180546510172 c0  (video) ← 1875180546510172.mp4  → https://pub-893b4a6a607b4221a894bf861da7914e.r2.dev/1875180546510172.mp4  [DRY-RUN]
would-upload     2075317517198854 c0  (video) ← 2075317517198854.mp4  → https://pub-893b4a6a607b4221a894bf861da7914e.r2.dev/2075317517198854.mp4  [DRY-RUN]
would-upload     2222013085235421 c0  (video) ← 2222013085235421.mp4  → https://pub-893b4a6a607b4221a894bf861da7914e.r2.dev/2222013085235421.mp4  [DRY-RUN]
would-upload     854539977667898 c0  (video) ← 854539977667898.mp4  → https://pub-893b4a6a607b4221a894bf861da7914e.r2.dev/854539977667898.mp4  [DRY-RUN]
video-missing    2716240538769244 c0  (expected file not found in videos/learna-ai-2026-05-28)
would-upload     1627628311861757 c0  (video) ← 1627628311861757.mp4  → https://pub-893b4a6a607b4221a894bf861da7914e.r2.dev/1627628311861757.mp4  [DRY-RUN]
would-upload     1529479088804917 c0  (video) ← 1529479088804917.mp4  → https://pub-893b4a6a607b4221a894bf861da7914e.r2.dev/1529479088804917.mp4  [DRY-RUN]
would-upload     1632738154477661 c0  (video) ← 1632738154477661.mp4  → https://pub-893b4a6a607b4221a894bf861da7914e.r2.dev/1632738154477661.mp4  [DRY-RUN]
would-upload     2249537795873776 c0  (video) ← 2249537795873776.mp4  → https://pub-893b4a6a607b4221a894bf861da7914e.r2.dev/2249537795873776.mp4  [DRY-RUN]
would-upload     793531833823677 c0  (video) ← 793531833823677.mp4  → https://pub-893b4a6a607b4221a894bf861da7914e.r2.dev/793531833823677.mp4  [DRY-RUN]
would-upload     1420830305656072 c0  (video) ← 1420830305656072.mp4  → https://pub-893b4a6a607b4221a894bf861da7914e.r2.dev/1420830305656072.mp4  [DRY-RUN]
would-upload     1475927237239709 c0  (video) ← 1475927237239709.mp4  → https://pub-893b4a6a607b4221a894bf861da7914e.r2.dev/1475927237239709.mp4  [DRY-RUN]
would-upload     1211130981207772 c0  (video) ← 1211130981207772.mp4  → https://pub-893b4a6a607b4221a894bf861da7914e.r2.dev/1211130981207772.mp4  [DRY-RUN]
would-upload     1575300457934073 c0  (video) ← 1575300457934073.mp4  → https://pub-893b4a6a607b4221a894bf861da7914e.r2.dev/1575300457934073.mp4  [DRY-RUN]
video-missing    1768757357822308 c0  (expected file not found in videos/learna-ai-2026-05-28)
would-upload     1804911150891859 c0  (video) ← 1804911150891859.mp4  → https://pub-893b4a6a607b4221a894bf861da7914e.r2.dev/1804911150891859.mp4  [DRY-RUN]
would-upload     1827719697891761 c0  (video) ← 1827719697891761.mp4  → https://pub-893b4a6a607b4221a894bf861da7914e.r2.dev/1827719697891761.mp4  [DRY-RUN]
would-upload     1055344283603056 c0  (video) ← 1055344283603056.mp4  → https://pub-893b4a6a607b4221a894bf861da7914e.r2.dev/1055344283603056.mp4  [DRY-RUN]
would-upload     868525589613826 c0  (video) ← 868525589613826.mp4  → https://pub-893b4a6a607b4221a894bf861da7914e.r2.dev/868525589613826.mp4  [DRY-RUN]
would-upload     818156687755792 c0  (video) ← 818156687755792.mp4  → https://pub-893b4a6a607b4221a894bf861da7914e.r2.dev/818156687755792.mp4  [DRY-RUN]
would-upload     1807327340230438 c0  (video) ← 1807327340230438.mp4  → https://pub-893b4a6a607b4221a894bf861da7914e.r2.dev/1807327340230438.mp4  [DRY-RUN]
would-upload     1333012338877817 c0  (video) ← 1333012338877817.mp4  → https://pub-893b4a6a607b4221a894bf861da7914e.r2.dev/1333012338877817.mp4  [DRY-RUN]
would-upload     2206701326770136 c0  (video) ← 2206701326770136.mp4  → https://pub-893b4a6a607b4221a894bf861da7914e.r2.dev/2206701326770136.mp4  [DRY-RUN]
would-upload     978077018486878 c0  (video) ← 978077018486878.mp4  → https://pub-893b4a6a607b4221a894bf861da7914e.r2.dev/978077018486878.mp4  [DRY-RUN]
would-upload     1606357907319160 c0  (video) ← 1606357907319160.mp4  → https://pub-893b4a6a607b4221a894bf861da7914e.r2.dev/1606357907319160.mp4  [DRY-RUN]
would-upload     1338942941433488 c0  (video) ← 1338942941433488.mp4  → https://pub-893b4a6a607b4221a894bf861da7914e.r2.dev/1338942941433488.mp4  [DRY-RUN]
would-upload     1508056587652048 c0  (video) ← 1508056587652048.mp4  → https://pub-893b4a6a607b4221a894bf861da7914e.r2.dev/1508056587652048.mp4  [DRY-RUN]
would-upload     1455915192510316 c0  (video) ← 1455915192510316.mp4  → https://pub-893b4a6a607b4221a894bf861da7914e.r2.dev/1455915192510316.mp4  [DRY-RUN]
would-upload     2780272292365631 c0  (video) ← 2780272292365631.mp4  → https://pub-893b4a6a607b4221a894bf861da7914e.r2.dev/2780272292365631.mp4  [DRY-RUN]
would-upload     1693272128369212 c0  (video) ← 1693272128369212.mp4  → https://pub-893b4a6a607b4221a894bf861da7914e.r2.dev/1693272128369212.mp4  [DRY-RUN]
would-upload     1991194838457428 c0  (video) ← 1991194838457428.mp4  → https://pub-893b4a6a607b4221a894bf861da7914e.r2.dev/1991194838457428.mp4  [DRY-RUN]
would-upload     779934641442026 c0  (video) ← 779934641442026.mp4  → https://pub-893b4a6a607b4221a894bf861da7914e.r2.dev/779934641442026.mp4  [DRY-RUN]
would-upload     2144735312980587 c0  (video) ← 2144735312980587.mp4  → https://pub-893b4a6a607b4221a894bf861da7914e.r2.dev/2144735312980587.mp4  [DRY-RUN]
would-upload     2392565571241752 c0  (video) ← 2392565571241752.mp4  → https://pub-893b4a6a607b4221a894bf861da7914e.r2.dev/2392565571241752.mp4  [DRY-RUN]
would-upload     1848657349135306 c0  (video) ← 1848657349135306.mp4  → https://pub-893b4a6a607b4221a894bf861da7914e.r2.dev/1848657349135306.mp4  [DRY-RUN]
would-upload     2221940701670625 c0  (video) ← 2221940701670625.mp4  → https://pub-893b4a6a607b4221a894bf861da7914e.r2.dev/2221940701670625.mp4  [DRY-RUN]
would-upload     1313957967544089 c0  (video) ← 1313957967544089.mp4  → https://pub-893b4a6a607b4221a894bf861da7914e.r2.dev/1313957967544089.mp4  [DRY-RUN]
would-upload     1821872582132277 c0  (video) ← 1821872582132277.mp4  → https://pub-893b4a6a607b4221a894bf861da7914e.r2.dev/1821872582132277.mp4  [DRY-RUN]
would-upload     1654095172593612 c0  (video) ← 1654095172593612.mp4  → https://pub-893b4a6a607b4221a894bf861da7914e.r2.dev/1654095172593612.mp4  [DRY-RUN]
would-upload     1741096123979946 c0  (video) ← 1741096123979946.mp4  → https://pub-893b4a6a607b4221a894bf861da7914e.r2.dev/1741096123979946.mp4  [DRY-RUN]
would-upload     1671558224024424 c0  (video) ← 1671558224024424.mp4  → https://pub-893b4a6a607b4221a894bf861da7914e.r2.dev/1671558224024424.mp4  [DRY-RUN]
would-upload     4540183359603117 c0  (video) ← 4540183359603117.mp4  → https://pub-893b4a6a607b4221a894bf861da7914e.r2.dev/4540183359603117.mp4  [DRY-RUN]
would-upload     966911813063953 c0  (video) ← 966911813063953.mp4  → https://pub-893b4a6a607b4221a894bf861da7914e.r2.dev/966911813063953.mp4  [DRY-RUN]
would-upload     1514068243411441 c0  (video) ← 1514068243411441.mp4  → https://pub-893b4a6a607b4221a894bf861da7914e.r2.dev/1514068243411441.mp4  [DRY-RUN]
would-upload     2501024687007117 c0  (video) ← 2501024687007117.mp4  → https://pub-893b4a6a607b4221a894bf861da7914e.r2.dev/2501024687007117.mp4  [DRY-RUN]
would-upload     3485337691632140 c0  (video) ← 3485337691632140.mp4  → https://pub-893b4a6a607b4221a894bf861da7914e.r2.dev/3485337691632140.mp4  [DRY-RUN]
would-upload     1054578564415071 c0  (video) ← 1054578564415071.mp4  → https://pub-893b4a6a607b4221a894bf861da7914e.r2.dev/1054578564415071.mp4  [DRY-RUN]
would-upload     1965202884093713 c0  (video) ← 1965202884093713.mp4  → https://pub-893b4a6a607b4221a894bf861da7914e.r2.dev/1965202884093713.mp4  [DRY-RUN]
would-upload     1271532098297720 c0  (video) ← 1271532098297720.mp4  → https://pub-893b4a6a607b4221a894bf861da7914e.r2.dev/1271532098297720.mp4  [DRY-RUN]
would-upload     1926642771308403 c0  (video) ← 1926642771308403.mp4  → https://pub-893b4a6a607b4221a894bf861da7914e.r2.dev/1926642771308403.mp4  [DRY-RUN]
would-upload     868944338881931 c0  (video) ← 868944338881931.mp4  → https://pub-893b4a6a607b4221a894bf861da7914e.r2.dev/868944338881931.mp4  [DRY-RUN]
would-upload     1001042789123219 c0  (video) ← 1001042789123219.mp4  → https://pub-893b4a6a607b4221a894bf861da7914e.r2.dev/1001042789123219.mp4  [DRY-RUN]
would-upload     1666548014665342 c0  (video) ← 1666548014665342.mp4  → https://pub-893b4a6a607b4221a894bf861da7914e.r2.dev/1666548014665342.mp4  [DRY-RUN]
would-upload     3126822650852109 c0  (video) ← 3126822650852109.mp4  → https://pub-893b4a6a607b4221a894bf861da7914e.r2.dev/3126822650852109.mp4  [DRY-RUN]
would-upload     1476627103972243 c0  (video) ← 1476627103972243.mp4  → https://pub-893b4a6a607b4221a894bf861da7914e.r2.dev/1476627103972243.mp4  [DRY-RUN]
would-upload     2146938309462431 c0  (video) ← 2146938309462431.mp4  → https://pub-893b4a6a607b4221a894bf861da7914e.r2.dev/2146938309462431.mp4  [DRY-RUN]
would-upload     996211356202159 c0  (video) ← 996211356202159.mp4  → https://pub-893b4a6a607b4221a894bf861da7914e.r2.dev/996211356202159.mp4  [DRY-RUN]
would-upload     1363042932311563 c0  (video) ← 1363042932311563.mp4  → https://pub-893b4a6a607b4221a894bf861da7914e.r2.dev/1363042932311563.mp4  [DRY-RUN]
would-upload     954393050746866 c0  (video) ← 954393050746866.mp4  → https://pub-893b4a6a607b4221a894bf861da7914e.r2.dev/954393050746866.mp4  [DRY-RUN]
would-upload     1018236867230257 c0  (video) ← 1018236867230257.mp4  → https://pub-893b4a6a607b4221a894bf861da7914e.r2.dev/1018236867230257.mp4  [DRY-RUN]
would-upload     1338842641465163 c0  (video) ← 1338842641465163.mp4  → https://pub-893b4a6a607b4221a894bf861da7914e.r2.dev/1338842641465163.mp4  [DRY-RUN]
would-upload     885258224378825 c0  (video) ← 885258224378825.mp4  → https://pub-893b4a6a607b4221a894bf861da7914e.r2.dev/885258224378825.mp4  [DRY-RUN]
would-upload     1342382754414385 c0  (video) ← 1342382754414385.mp4  → https://pub-893b4a6a607b4221a894bf861da7914e.r2.dev/1342382754414385.mp4  [DRY-RUN]
would-upload     1540221827661229 c0  (video) ← 1540221827661229.mp4  → https://pub-893b4a6a607b4221a894bf861da7914e.r2.dev/1540221827661229.mp4  [DRY-RUN]
would-upload     975957768558035 c0  (video) ← 975957768558035.mp4  → https://pub-893b4a6a607b4221a894bf861da7914e.r2.dev/975957768558035.mp4  [DRY-RUN]
would-upload     1910580456255091 c0  (video) ← 1910580456255091.mp4  → https://pub-893b4a6a607b4221a894bf861da7914e.r2.dev/1910580456255091.mp4  [DRY-RUN]
would-upload     1522487359402152 c0  (video) ← 1522487359402152.mp4  → https://pub-893b4a6a607b4221a894bf861da7914e.r2.dev/1522487359402152.mp4  [DRY-RUN]
would-upload     1330767692270633 c0  (video) ← 1330767692270633.mp4  → https://pub-893b4a6a607b4221a894bf861da7914e.r2.dev/1330767692270633.mp4  [DRY-RUN]
would-upload     837350262293792 c0  (video) ← 837350262293792.mp4  → https://pub-893b4a6a607b4221a894bf861da7914e.r2.dev/837350262293792.mp4  [DRY-RUN]
would-upload     1251612453722653 c0  (video) ← 1251612453722653.mp4  → https://pub-893b4a6a607b4221a894bf861da7914e.r2.dev/1251612453722653.mp4  [DRY-RUN]
would-upload     1457959762768330 c0  (video) ← 1457959762768330.mp4  → https://pub-893b4a6a607b4221a894bf861da7914e.r2.dev/1457959762768330.mp4  [DRY-RUN]
would-upload     958341103289613 c0  (video) ← 958341103289613.mp4  → https://pub-893b4a6a607b4221a894bf861da7914e.r2.dev/958341103289613.mp4  [DRY-RUN]
would-upload     1503189567968591 c0  (video) ← 1503189567968591.mp4  → https://pub-893b4a6a607b4221a894bf861da7914e.r2.dev/1503189567968591.mp4  [DRY-RUN]
would-upload     1543203390649865 c0  (video) ← 1543203390649865.mp4  → https://pub-893b4a6a607b4221a894bf861da7914e.r2.dev/1543203390649865.mp4  [DRY-RUN]
would-upload     2169965917121590 c0  (video) ← 2169965917121590.mp4  → https://pub-893b4a6a607b4221a894bf861da7914e.r2.dev/2169965917121590.mp4  [DRY-RUN]
would-upload     846788691309766 c0  (video) ← 846788691309766.mp4  → https://pub-893b4a6a607b4221a894bf861da7914e.r2.dev/846788691309766.mp4  [DRY-RUN]
would-upload     1500637091756947 c0  (video) ← 1500637091756947.mp4  → https://pub-893b4a6a607b4221a894bf861da7914e.r2.dev/1500637091756947.mp4  [DRY-RUN]
would-upload     1581324732932560 c0  (video) ← 1581324732932560.mp4  → https://pub-893b4a6a607b4221a894bf861da7914e.r2.dev/1581324732932560.mp4  [DRY-RUN]
would-upload     1893245948060899 c0  (video) ← 1893245948060899.mp4  → https://pub-893b4a6a607b4221a894bf861da7914e.r2.dev/1893245948060899.mp4  [DRY-RUN]
would-upload     36880572181541504 c0  (video) ← 36880572181541504.mp4  → https://pub-893b4a6a607b4221a894bf861da7914e.r2.dev/36880572181541504.mp4  [DRY-RUN]
would-upload     1521837452697043 c0  (video) ← 1521837452697043.mp4  → https://pub-893b4a6a607b4221a894bf861da7914e.r2.dev/1521837452697043.mp4  [DRY-RUN]
would-upload     1587102653011899 c0  (video) ← 1587102653011899.mp4  → https://pub-893b4a6a607b4221a894bf861da7914e.r2.dev/1587102653011899.mp4  [DRY-RUN]
would-upload     1541679123564908 c0  (video) ← 1541679123564908.mp4  → https://pub-893b4a6a607b4221a894bf861da7914e.r2.dev/1541679123564908.mp4  [DRY-RUN]
would-upload     1013365624374157 c0  (video) ← 1013365624374157.mp4  → https://pub-893b4a6a607b4221a894bf861da7914e.r2.dev/1013365624374157.mp4  [DRY-RUN]
would-upload     1890152275029480 c0  (video) ← 1890152275029480.mp4  → https://pub-893b4a6a607b4221a894bf861da7914e.r2.dev/1890152275029480.mp4  [DRY-RUN]
would-upload     1285326387122552 c0  (video) ← 1285326387122552.mp4  → https://pub-893b4a6a607b4221a894bf861da7914e.r2.dev/1285326387122552.mp4  [DRY-RUN]
would-upload     1670849824356340 c0  (video) ← 1670849824356340.mp4  → https://pub-893b4a6a607b4221a894bf861da7914e.r2.dev/1670849824356340.mp4  [DRY-RUN]
would-upload     1630887101331922 c0  (video) ← 1630887101331922.mp4  → https://pub-893b4a6a607b4221a894bf861da7914e.r2.dev/1630887101331922.mp4  [DRY-RUN]
would-upload     1286915963596954 c0  (video) ← 1286915963596954.mp4  → https://pub-893b4a6a607b4221a894bf861da7914e.r2.dev/1286915963596954.mp4  [DRY-RUN]
would-upload     1989819861903156 c0  (video) ← 1989819861903156.mp4  → https://pub-893b4a6a607b4221a894bf861da7914e.r2.dev/1989819861903156.mp4  [DRY-RUN]
would-upload     2064170941198122 c0  (video) ← 2064170941198122.mp4  → https://pub-893b4a6a607b4221a894bf861da7914e.r2.dev/2064170941198122.mp4  [DRY-RUN]
would-upload     2089450765784944 c0  (video) ← 2089450765784944.mp4  → https://pub-893b4a6a607b4221a894bf861da7914e.r2.dev/2089450765784944.mp4  [DRY-RUN]
would-upload     3543351422487177 c0  (video) ← 3543351422487177.mp4  → https://pub-893b4a6a607b4221a894bf861da7914e.r2.dev/3543351422487177.mp4  [DRY-RUN]
would-upload     1926668814647456 c0  (video) ← 1926668814647456.mp4  → https://pub-893b4a6a607b4221a894bf861da7914e.r2.dev/1926668814647456.mp4  [DRY-RUN]
would-upload     1257374982563478 c0  (video) ← 1257374982563478.mp4  → https://pub-893b4a6a607b4221a894bf861da7914e.r2.dev/1257374982563478.mp4  [DRY-RUN]
would-upload     918241314345252 c0  (video) ← 918241314345252.mp4  → https://pub-893b4a6a607b4221a894bf861da7914e.r2.dev/918241314345252.mp4  [DRY-RUN]
would-upload     989096050185583 c0  (video) ← 989096050185583.mp4  → https://pub-893b4a6a607b4221a894bf861da7914e.r2.dev/989096050185583.mp4  [DRY-RUN]
would-upload     1438577047554181 c0  (video) ← 1438577047554181.mp4  → https://pub-893b4a6a607b4221a894bf861da7914e.r2.dev/1438577047554181.mp4  [DRY-RUN]
would-upload     1528447215609070 c0  (video) ← 1528447215609070.mp4  → https://pub-893b4a6a607b4221a894bf861da7914e.r2.dev/1528447215609070.mp4  [DRY-RUN]
would-upload     1306990348075702 c0  (video) ← 1306990348075702.mp4  → https://pub-893b4a6a607b4221a894bf861da7914e.r2.dev/1306990348075702.mp4  [DRY-RUN]
would-upload     956491790377504 c0  (video) ← 956491790377504.mp4  → https://pub-893b4a6a607b4221a894bf861da7914e.r2.dev/956491790377504.mp4  [DRY-RUN]
would-upload     929666053414186 c0  (video) ← 929666053414186.mp4  → https://pub-893b4a6a607b4221a894bf861da7914e.r2.dev/929666053414186.mp4  [DRY-RUN]
would-upload     920985884303047 c0  (video) ← 920985884303047.mp4  → https://pub-893b4a6a607b4221a894bf861da7914e.r2.dev/920985884303047.mp4  [DRY-RUN]
would-upload     1001123389070218 c0  (video) ← 1001123389070218.mp4  → https://pub-893b4a6a607b4221a894bf861da7914e.r2.dev/1001123389070218.mp4  [DRY-RUN]
would-upload     1231573972491609 c0  (video) ← 1231573972491609.mp4  → https://pub-893b4a6a607b4221a894bf861da7914e.r2.dev/1231573972491609.mp4  [DRY-RUN]
would-upload     2384322885404007 c0  (video) ← 2384322885404007.mp4  → https://pub-893b4a6a607b4221a894bf861da7914e.r2.dev/2384322885404007.mp4  [DRY-RUN]
would-upload     1531788542114648 c0  (video) ← 1531788542114648.mp4  → https://pub-893b4a6a607b4221a894bf861da7914e.r2.dev/1531788542114648.mp4  [DRY-RUN]
would-upload     1511332340454824 c0  (video) ← 1511332340454824.mp4  → https://pub-893b4a6a607b4221a894bf861da7914e.r2.dev/1511332340454824.mp4  [DRY-RUN]
would-upload     1282256593361255 c0  (video) ← 1282256593361255.mp4  → https://pub-893b4a6a607b4221a894bf861da7914e.r2.dev/1282256593361255.mp4  [DRY-RUN]
would-upload     1305159194495432 c0  (video) ← 1305159194495432.mp4  → https://pub-893b4a6a607b4221a894bf861da7914e.r2.dev/1305159194495432.mp4  [DRY-RUN]
would-upload     2053874015554589 c0  (video) ← 2053874015554589.mp4  → https://pub-893b4a6a607b4221a894bf861da7914e.r2.dev/2053874015554589.mp4  [DRY-RUN]
would-upload     869714889495949 c0  (video) ← 869714889495949.mp4  → https://pub-893b4a6a607b4221a894bf861da7914e.r2.dev/869714889495949.mp4  [DRY-RUN]
would-upload     1436769334440831 c0  (video) ← 1436769334440831.mp4  → https://pub-893b4a6a607b4221a894bf861da7914e.r2.dev/1436769334440831.mp4  [DRY-RUN]
would-upload     1006462178403388 c0  (video) ← 1006462178403388.mp4  → https://pub-893b4a6a607b4221a894bf861da7914e.r2.dev/1006462178403388.mp4  [DRY-RUN]
would-upload     26015946144745880 c0  (video) ← 26015946144745880.mp4  → https://pub-893b4a6a607b4221a894bf861da7914e.r2.dev/26015946144745880.mp4  [DRY-RUN]
would-upload     2793580380979785 c0  (video) ← 2793580380979785.mp4  → https://pub-893b4a6a607b4221a894bf861da7914e.r2.dev/2793580380979785.mp4  [DRY-RUN]
would-upload     1333282655343861 c0  (video) ← 1333282655343861.mp4  → https://pub-893b4a6a607b4221a894bf861da7914e.r2.dev/1333282655343861.mp4  [DRY-RUN]
would-upload     27360427763592983 c0  (video) ← 27360427763592983.mp4  → https://pub-893b4a6a607b4221a894bf861da7914e.r2.dev/27360427763592983.mp4  [DRY-RUN]
would-upload     1544459170518390 c0  (video) ← 1544459170518390.mp4  → https://pub-893b4a6a607b4221a894bf861da7914e.r2.dev/1544459170518390.mp4  [DRY-RUN]
would-upload     1299931205039185 c0  (video) ← 1299931205039185.mp4  → https://pub-893b4a6a607b4221a894bf861da7914e.r2.dev/1299931205039185.mp4  [DRY-RUN]
would-upload     913135261752285 c0  (video) ← 913135261752285.mp4  → https://pub-893b4a6a607b4221a894bf861da7914e.r2.dev/913135261752285.mp4  [DRY-RUN]
would-upload     1922124065113843 c0  (video) ← 1922124065113843.mp4  → https://pub-893b4a6a607b4221a894bf861da7914e.r2.dev/1922124065113843.mp4  [DRY-RUN]
would-upload     3159478097589445 c0  (video) ← 3159478097589445.mp4  → https://pub-893b4a6a607b4221a894bf861da7914e.r2.dev/3159478097589445.mp4  [DRY-RUN]
would-upload     4013753118914636 c0  (video) ← 4013753118914636.mp4  → https://pub-893b4a6a607b4221a894bf861da7914e.r2.dev/4013753118914636.mp4  [DRY-RUN]
would-upload     984889853999304 c0  (video) ← 984889853999304.mp4  → https://pub-893b4a6a607b4221a894bf861da7914e.r2.dev/984889853999304.mp4  [DRY-RUN]
would-upload     2161837981240930 c0  (video) ← 2161837981240930.mp4  → https://pub-893b4a6a607b4221a894bf861da7914e.r2.dev/2161837981240930.mp4  [DRY-RUN]
would-upload     1007165265101226 c0  (video) ← 1007165265101226.mp4  → https://pub-893b4a6a607b4221a894bf861da7914e.r2.dev/1007165265101226.mp4  [DRY-RUN]
would-upload     1652507045902710 c0  (video) ← 1652507045902710.mp4  → https://pub-893b4a6a607b4221a894bf861da7914e.r2.dev/1652507045902710.mp4  [DRY-RUN]
would-upload     771233905978774 c0  (video) ← 771233905978774.mp4  → https://pub-893b4a6a607b4221a894bf861da7914e.r2.dev/771233905978774.mp4  [DRY-RUN]
would-upload     857027970161819 c0  (video) ← 857027970161819.mp4  → https://pub-893b4a6a607b4221a894bf861da7914e.r2.dev/857027970161819.mp4  [DRY-RUN]
would-upload     36138082715834990 c0  (video) ← 36138082715834990.mp4  → https://pub-893b4a6a607b4221a894bf861da7914e.r2.dev/36138082715834990.mp4  [DRY-RUN]
would-upload     1505501211278055 c0  (video) ← 1505501211278055.mp4  → https://pub-893b4a6a607b4221a894bf861da7914e.r2.dev/1505501211278055.mp4  [DRY-RUN]
would-upload     968918869077619 c0  (video) ← 968918869077619.mp4  → https://pub-893b4a6a607b4221a894bf861da7914e.r2.dev/968918869077619.mp4  [DRY-RUN]
would-upload     903387165781890 c0  (video) ← 903387165781890.mp4  → https://pub-893b4a6a607b4221a894bf861da7914e.r2.dev/903387165781890.mp4  [DRY-RUN]
would-upload     1533925424913709 c0  (video) ← 1533925424913709.mp4  → https://pub-893b4a6a607b4221a894bf861da7914e.r2.dev/1533925424913709.mp4  [DRY-RUN]
would-upload     1860061837995333 c0  (video) ← 1860061837995333.mp4  → https://pub-893b4a6a607b4221a894bf861da7914e.r2.dev/1860061837995333.mp4  [DRY-RUN]
would-upload     2411502939313698 c0  (video) ← 2411502939313698.mp4  → https://pub-893b4a6a607b4221a894bf861da7914e.r2.dev/2411502939313698.mp4  [DRY-RUN]
video-missing    975250021879390 c0  (expected file not found in videos/learna-ai-2026-05-28)
would-upload     947776001473114 c0  (video) ← 947776001473114.mp4  → https://pub-893b4a6a607b4221a894bf861da7914e.r2.dev/947776001473114.mp4  [DRY-RUN]
would-upload     1992611814976394 c0  (video) ← 1992611814976394.mp4  → https://pub-893b4a6a607b4221a894bf861da7914e.r2.dev/1992611814976394.mp4  [DRY-RUN]
would-upload     1516439480052778 c0  (video) ← 1516439480052778.mp4  → https://pub-893b4a6a607b4221a894bf861da7914e.r2.dev/1516439480052778.mp4  [DRY-RUN]
would-upload     27013295951657119 c0  (video) ← 27013295951657119.mp4  → https://pub-893b4a6a607b4221a894bf861da7914e.r2.dev/27013295951657119.mp4  [DRY-RUN]
would-upload     1474052413933743 c0  (video) ← 1474052413933743.mp4  → https://pub-893b4a6a607b4221a894bf861da7914e.r2.dev/1474052413933743.mp4  [DRY-RUN]
would-upload     1522186919305438 c0  (video) ← 1522186919305438.mp4  → https://pub-893b4a6a607b4221a894bf861da7914e.r2.dev/1522186919305438.mp4  [DRY-RUN]
would-upload     2733992923651674 c0  (video) ← 2733992923651674.mp4  → https://pub-893b4a6a607b4221a894bf861da7914e.r2.dev/2733992923651674.mp4  [DRY-RUN]
would-upload     1983743652536295 c0  (video) ← 1983743652536295.mp4  → https://pub-893b4a6a607b4221a894bf861da7914e.r2.dev/1983743652536295.mp4  [DRY-RUN]
would-upload     1003839482082853 c0  (video) ← 1003839482082853.mp4  → https://pub-893b4a6a607b4221a894bf861da7914e.r2.dev/1003839482082853.mp4  [DRY-RUN]
would-upload     2497290757351759 c0  (video) ← 2497290757351759.mp4  → https://pub-893b4a6a607b4221a894bf861da7914e.r2.dev/2497290757351759.mp4  [DRY-RUN]
would-upload     1914829569448855 c0  (video) ← 1914829569448855.mp4  → https://pub-893b4a6a607b4221a894bf861da7914e.r2.dev/1914829569448855.mp4  [DRY-RUN]
would-upload     26819788527716440 c0  (video) ← 26819788527716440.mp4  → https://pub-893b4a6a607b4221a894bf861da7914e.r2.dev/26819788527716440.mp4  [DRY-RUN]
would-upload     1332257368773756 c0  (video) ← 1332257368773756.mp4  → https://pub-893b4a6a607b4221a894bf861da7914e.r2.dev/1332257368773756.mp4  [DRY-RUN]
would-upload     919237191136956 c0  (video) ← 919237191136956.mp4  → https://pub-893b4a6a607b4221a894bf861da7914e.r2.dev/919237191136956.mp4  [DRY-RUN]
would-upload     1504165701135248 c0  (video) ← 1504165701135248.mp4  → https://pub-893b4a6a607b4221a894bf861da7914e.r2.dev/1504165701135248.mp4  [DRY-RUN]
would-upload     843174628846907 c0  (video) ← 843174628846907.mp4  → https://pub-893b4a6a607b4221a894bf861da7914e.r2.dev/843174628846907.mp4  [DRY-RUN]
would-upload     1334770775258487 c0  (video) ← 1334770775258487.mp4  → https://pub-893b4a6a607b4221a894bf861da7914e.r2.dev/1334770775258487.mp4  [DRY-RUN]
would-upload     1211378320781167 c0  (video) ← 1211378320781167.mp4  → https://pub-893b4a6a607b4221a894bf861da7914e.r2.dev/1211378320781167.mp4  [DRY-RUN]
would-upload     1861982427806067 c0  (video) ← 1861982427806067.mp4  → https://pub-893b4a6a607b4221a894bf861da7914e.r2.dev/1861982427806067.mp4  [DRY-RUN]
would-upload     1743380783630577 c0  (video) ← 1743380783630577.mp4  → https://pub-893b4a6a607b4221a894bf861da7914e.r2.dev/1743380783630577.mp4  [DRY-RUN]
would-upload     1454568965960990 c0  (video) ← 1454568965960990.mp4  → https://pub-893b4a6a607b4221a894bf861da7914e.r2.dev/1454568965960990.mp4  [DRY-RUN]
would-upload     1281787160786280 c0  (video) ← 1281787160786280.mp4  → https://pub-893b4a6a607b4221a894bf861da7914e.r2.dev/1281787160786280.mp4  [DRY-RUN]
would-upload     1309019357816762 c0  (video) ← 1309019357816762.mp4  → https://pub-893b4a6a607b4221a894bf861da7914e.r2.dev/1309019357816762.mp4  [DRY-RUN]
would-upload     3103061863238327 c0  (video) ← 3103061863238327.mp4  → https://pub-893b4a6a607b4221a894bf861da7914e.r2.dev/3103061863238327.mp4  [DRY-RUN]
would-upload     1988567758696745 c0  (video) ← 1988567758696745.mp4  → https://pub-893b4a6a607b4221a894bf861da7914e.r2.dev/1988567758696745.mp4  [DRY-RUN]
would-upload     974512262157692 c0  (video) ← 974512262157692.mp4  → https://pub-893b4a6a607b4221a894bf861da7914e.r2.dev/974512262157692.mp4  [DRY-RUN]
would-upload     813130871655502 c0  (video) ← 813130871655502.mp4  → https://pub-893b4a6a607b4221a894bf861da7914e.r2.dev/813130871655502.mp4  [DRY-RUN]
would-upload     973288042313785 c0  (video) ← 973288042313785.mp4  → https://pub-893b4a6a607b4221a894bf861da7914e.r2.dev/973288042313785.mp4  [DRY-RUN]
would-upload     2094756681085122 c0  (video) ← 2094756681085122.mp4  → https://pub-893b4a6a607b4221a894bf861da7914e.r2.dev/2094756681085122.mp4  [DRY-RUN]
would-upload     932743099790835 c0  (video) ← 932743099790835.mp4  → https://pub-893b4a6a607b4221a894bf861da7914e.r2.dev/932743099790835.mp4  [DRY-RUN]
video-missing    2073720333500213 c0  (expected file not found in videos/learna-ai-2026-05-28)
would-upload     1287534243094026 c0  (video) ← 1287534243094026.mp4  → https://pub-893b4a6a607b4221a894bf861da7914e.r2.dev/1287534243094026.mp4  [DRY-RUN]
would-upload     1506760824158903 c0  (video) ← 1506760824158903.mp4  → https://pub-893b4a6a607b4221a894bf861da7914e.r2.dev/1506760824158903.mp4  [DRY-RUN]
would-upload     1508694944289529 c0  (video) ← 1508694944289529.mp4  → https://pub-893b4a6a607b4221a894bf861da7914e.r2.dev/1508694944289529.mp4  [DRY-RUN]
would-upload     1528436515307497 c0  (video) ← 1528436515307497.mp4  → https://pub-893b4a6a607b4221a894bf861da7914e.r2.dev/1528436515307497.mp4  [DRY-RUN]
video-missing    937942962608068 c0  (expected file not found in videos/learna-ai-2026-05-28)
would-upload     3753329418142254 c0  (video) ← 3753329418142254.mp4  → https://pub-893b4a6a607b4221a894bf861da7914e.r2.dev/3753329418142254.mp4  [DRY-RUN]
would-upload     957236723801049 c0  (video) ← 957236723801049.mp4  → https://pub-893b4a6a607b4221a894bf861da7914e.r2.dev/957236723801049.mp4  [DRY-RUN]
would-upload     979794634734877 c0  (video) ← 979794634734877.mp4  → https://pub-893b4a6a607b4221a894bf861da7914e.r2.dev/979794634734877.mp4  [DRY-RUN]
would-upload     1986868145264769 c0  (video) ← 1986868145264769.mp4  → https://pub-893b4a6a607b4221a894bf861da7914e.r2.dev/1986868145264769.mp4  [DRY-RUN]
would-upload     992808219792009 c0  (video) ← 992808219792009.mp4  → https://pub-893b4a6a607b4221a894bf861da7914e.r2.dev/992808219792009.mp4  [DRY-RUN]
would-upload     26964316446532030 c0  (video) ← 26964316446532030.mp4  → https://pub-893b4a6a607b4221a894bf861da7914e.r2.dev/26964316446532030.mp4  [DRY-RUN]
would-upload     1884156628918986 c0  (video) ← 1884156628918986.mp4  → https://pub-893b4a6a607b4221a894bf861da7914e.r2.dev/1884156628918986.mp4  [DRY-RUN]
would-upload     2190086095075069 c0  (video) ← 2190086095075069.mp4  → https://pub-893b4a6a607b4221a894bf861da7914e.r2.dev/2190086095075069.mp4  [DRY-RUN]
would-upload     1504041727947808 c0  (video) ← 1504041727947808.mp4  → https://pub-893b4a6a607b4221a894bf861da7914e.r2.dev/1504041727947808.mp4  [DRY-RUN]
would-upload     2533351703749642 c0  (video) ← 2533351703749642.mp4  → https://pub-893b4a6a607b4221a894bf861da7914e.r2.dev/2533351703749642.mp4  [DRY-RUN]
would-upload     1665794894464315 c0  (video) ← 1665794894464315.mp4  → https://pub-893b4a6a607b4221a894bf861da7914e.r2.dev/1665794894464315.mp4  [DRY-RUN]
video-missing    963589456484792 c0  (expected file not found in videos/learna-ai-2026-05-28)
would-upload     1231338935649602 c0  (video) ← 1231338935649602.mp4  → https://pub-893b4a6a607b4221a894bf861da7914e.r2.dev/1231338935649602.mp4  [DRY-RUN]
would-upload     1670807700860717 c0  (video) ← 1670807700860717.mp4  → https://pub-893b4a6a607b4221a894bf861da7914e.r2.dev/1670807700860717.mp4  [DRY-RUN]
would-upload     1251093243811903 c0  (video) ← 1251093243811903.mp4  → https://pub-893b4a6a607b4221a894bf861da7914e.r2.dev/1251093243811903.mp4  [DRY-RUN]
would-upload     4279350529046375 c0  (video) ← 4279350529046375.mp4  → https://pub-893b4a6a607b4221a894bf861da7914e.r2.dev/4279350529046375.mp4  [DRY-RUN]
would-upload     1299536511705937 c0  (video) ← 1299536511705937.mp4  → https://pub-893b4a6a607b4221a894bf861da7914e.r2.dev/1299536511705937.mp4  [DRY-RUN]
would-upload     1553208609753126 c0  (video) ← 1553208609753126.mp4  → https://pub-893b4a6a607b4221a894bf861da7914e.r2.dev/1553208609753126.mp4  [DRY-RUN]
would-upload     1391867242698102 c0  (video) ← 1391867242698102.mp4  → https://pub-893b4a6a607b4221a894bf861da7914e.r2.dev/1391867242698102.mp4  [DRY-RUN]
would-upload     1040698378646288 c0  (video) ← 1040698378646288.mp4  → https://pub-893b4a6a607b4221a894bf861da7914e.r2.dev/1040698378646288.mp4  [DRY-RUN]
would-upload     1552765726407799 c0  (video) ← 1552765726407799.mp4  → https://pub-893b4a6a607b4221a894bf861da7914e.r2.dev/1552765726407799.mp4  [DRY-RUN]
would-upload     2557656544735485 c0  (video) ← 2557656544735485.mp4  → https://pub-893b4a6a607b4221a894bf861da7914e.r2.dev/2557656544735485.mp4  [DRY-RUN]
would-upload     1283260733728631 c0  (video) ← 1283260733728631.mp4  → https://pub-893b4a6a607b4221a894bf861da7914e.r2.dev/1283260733728631.mp4  [DRY-RUN]
would-upload     1534684418258951 c0  (video) ← 1534684418258951.mp4  → https://pub-893b4a6a607b4221a894bf861da7914e.r2.dev/1534684418258951.mp4  [DRY-RUN]
would-upload     799963116289101 c0  (video) ← 799963116289101.mp4  → https://pub-893b4a6a607b4221a894bf861da7914e.r2.dev/799963116289101.mp4  [DRY-RUN]
would-upload     1896655781039980 c0  (video) ← 1896655781039980.mp4  → https://pub-893b4a6a607b4221a894bf861da7914e.r2.dev/1896655781039980.mp4  [DRY-RUN]
would-upload     2414917132348696 c0  (video) ← 2414917132348696.mp4  → https://pub-893b4a6a607b4221a894bf861da7914e.r2.dev/2414917132348696.mp4  [DRY-RUN]
would-upload     1997848500819202 c0  (video) ← 1997848500819202.mp4  → https://pub-893b4a6a607b4221a894bf861da7914e.r2.dev/1997848500819202.mp4  [DRY-RUN]
would-upload     2025898204678628 c0  (video) ← 2025898204678628.mp4  → https://pub-893b4a6a607b4221a894bf861da7914e.r2.dev/2025898204678628.mp4  [DRY-RUN]
would-upload     2066221748106515 c0  (video) ← 2066221748106515.mp4  → https://pub-893b4a6a607b4221a894bf861da7914e.r2.dev/2066221748106515.mp4  [DRY-RUN]
would-upload     1996119874631770 c0  (video) ← 1996119874631770.mp4  → https://pub-893b4a6a607b4221a894bf861da7914e.r2.dev/1996119874631770.mp4  [DRY-RUN]
would-upload     1310012447939801 c0  (video) ← 1310012447939801.mp4  → https://pub-893b4a6a607b4221a894bf861da7914e.r2.dev/1310012447939801.mp4  [DRY-RUN]
would-upload     1039601721829767 c0  (video) ← 1039601721829767.mp4  → https://pub-893b4a6a607b4221a894bf861da7914e.r2.dev/1039601721829767.mp4  [DRY-RUN]
would-upload     1701846417933255 c0  (video) ← 1701846417933255.mp4  → https://pub-893b4a6a607b4221a894bf861da7914e.r2.dev/1701846417933255.mp4  [DRY-RUN]
would-upload     2846193625713210 c0  (video) ← 2846193625713210.mp4  → https://pub-893b4a6a607b4221a894bf861da7914e.r2.dev/2846193625713210.mp4  [DRY-RUN]
would-upload     1486169956569255 c0  (video) ← 1486169956569255.mp4  → https://pub-893b4a6a607b4221a894bf861da7914e.r2.dev/1486169956569255.mp4  [DRY-RUN]
video-missing    972818708949259 c0  (expected file not found in videos/learna-ai-2026-05-28)
would-upload     1475185737124550 c0  (video) ← 1475185737124550.mp4  → https://pub-893b4a6a607b4221a894bf861da7914e.r2.dev/1475185737124550.mp4  [DRY-RUN]
would-upload     1714806242850621 c0  (video) ← 1714806242850621.mp4  → https://pub-893b4a6a607b4221a894bf861da7914e.r2.dev/1714806242850621.mp4  [DRY-RUN]
would-upload     1002901788838054 c0  (video) ← 1002901788838054.mp4  → https://pub-893b4a6a607b4221a894bf861da7914e.r2.dev/1002901788838054.mp4  [DRY-RUN]
would-upload     1292618753044578 c0  (video) ← 1292618753044578.mp4  → https://pub-893b4a6a607b4221a894bf861da7914e.r2.dev/1292618753044578.mp4  [DRY-RUN]
would-upload     1159136730612236 c0  (video) ← 1159136730612236.mp4  → https://pub-893b4a6a607b4221a894bf861da7914e.r2.dev/1159136730612236.mp4  [DRY-RUN]
would-upload     880953094397313 c0  (video) ← 880953094397313.mp4  → https://pub-893b4a6a607b4221a894bf861da7914e.r2.dev/880953094397313.mp4  [DRY-RUN]
video-missing    1277504261207545 c0  (expected file not found in videos/learna-ai-2026-05-28)
would-upload     1011772044531665 c0  (video) ← 1011772044531665.mp4  → https://pub-893b4a6a607b4221a894bf861da7914e.r2.dev/1011772044531665.mp4  [DRY-RUN]
would-upload     1641330840468004 c0  (video) ← 1641330840468004.mp4  → https://pub-893b4a6a607b4221a894bf861da7914e.r2.dev/1641330840468004.mp4  [DRY-RUN]
would-upload     2141568319966957 c0  (video) ← 2141568319966957.mp4  → https://pub-893b4a6a607b4221a894bf861da7914e.r2.dev/2141568319966957.mp4  [DRY-RUN]
would-upload     1746481753541114 c0  (video) ← 1746481753541114.mp4  → https://pub-893b4a6a607b4221a894bf861da7914e.r2.dev/1746481753541114.mp4  [DRY-RUN]
would-upload     2177033809715434 c0  (video) ← 2177033809715434.mp4  → https://pub-893b4a6a607b4221a894bf861da7914e.r2.dev/2177033809715434.mp4  [DRY-RUN]
would-upload     2208035780011094 c0  (video) ← 2208035780011094.mp4  → https://pub-893b4a6a607b4221a894bf861da7914e.r2.dev/2208035780011094.mp4  [DRY-RUN]
would-upload     2217140402431085 c0  (video) ← 2217140402431085.mp4  → https://pub-893b4a6a607b4221a894bf861da7914e.r2.dev/2217140402431085.mp4  [DRY-RUN]
would-upload     2056826418597204 c0  (video) ← 2056826418597204.mp4  → https://pub-893b4a6a607b4221a894bf861da7914e.r2.dev/2056826418597204.mp4  [DRY-RUN]
would-upload     1844575606200514 c0  (video) ← 1844575606200514.mp4  → https://pub-893b4a6a607b4221a894bf861da7914e.r2.dev/1844575606200514.mp4  [DRY-RUN]
video-missing    26930567023236363 c0  (expected file not found in videos/learna-ai-2026-05-28)
would-upload     1871562460191378 c0  (video) ← 1871562460191378.mp4  → https://pub-893b4a6a607b4221a894bf861da7914e.r2.dev/1871562460191378.mp4  [DRY-RUN]
would-upload     1538809334271617 c0  (video) ← 1538809334271617.mp4  → https://pub-893b4a6a607b4221a894bf861da7914e.r2.dev/1538809334271617.mp4  [DRY-RUN]
would-upload     2199227957576390 c0  (video) ← 2199227957576390.mp4  → https://pub-893b4a6a607b4221a894bf861da7914e.r2.dev/2199227957576390.mp4  [DRY-RUN]
would-upload     2000286597251671 c0  (video) ← 2000286597251671.mp4  → https://pub-893b4a6a607b4221a894bf861da7914e.r2.dev/2000286597251671.mp4  [DRY-RUN]
would-upload     2220415675465002 c0  (video) ← 2220415675465002.mp4  → https://pub-893b4a6a607b4221a894bf861da7914e.r2.dev/2220415675465002.mp4  [DRY-RUN]
would-upload     4462552000690017 c0  (video) ← 4462552000690017.mp4  → https://pub-893b4a6a607b4221a894bf861da7914e.r2.dev/4462552000690017.mp4  [DRY-RUN]
would-upload     4250449815168787 c0  (video) ← 4250449815168787.mp4  → https://pub-893b4a6a607b4221a894bf861da7914e.r2.dev/4250449815168787.mp4  [DRY-RUN]
would-upload     786898574230811 c0  (video) ← 786898574230811.mp4  → https://pub-893b4a6a607b4221a894bf861da7914e.r2.dev/786898574230811.mp4  [DRY-RUN]
would-upload     1461169998652058 c0  (video) ← 1461169998652058.mp4  → https://pub-893b4a6a607b4221a894bf861da7914e.r2.dev/1461169998652058.mp4  [DRY-RUN]
would-upload     977508828316103 c0  (video) ← 977508828316103.mp4  → https://pub-893b4a6a607b4221a894bf861da7914e.r2.dev/977508828316103.mp4  [DRY-RUN]
video-missing    1537137837762525 c0  (expected file not found in videos/learna-ai-2026-05-28)
would-upload     2777924012574464 c0  (video) ← 2777924012574464.mp4  → https://pub-893b4a6a607b4221a894bf861da7914e.r2.dev/2777924012574464.mp4  [DRY-RUN]
would-upload     986832693704676 c0  (video) ← 986832693704676.mp4  → https://pub-893b4a6a607b4221a894bf861da7914e.r2.dev/986832693704676.mp4  [DRY-RUN]
would-upload     3270205109826062 c0  (video) ← 3270205109826062.mp4  → https://pub-893b4a6a607b4221a894bf861da7914e.r2.dev/3270205109826062.mp4  [DRY-RUN]
would-upload     1696627778204097 c0  (video) ← 1696627778204097.mp4  → https://pub-893b4a6a607b4221a894bf861da7914e.r2.dev/1696627778204097.mp4  [DRY-RUN]
would-upload     2400484137085806 c0  (video) ← 2400484137085806.mp4  → https://pub-893b4a6a607b4221a894bf861da7914e.r2.dev/2400484137085806.mp4  [DRY-RUN]
would-upload     1859021751428458 c0  (video) ← 1859021751428458.mp4  → https://pub-893b4a6a607b4221a894bf861da7914e.r2.dev/1859021751428458.mp4  [DRY-RUN]
would-upload     961341866713414 c0  (video) ← 961341866713414.mp4  → https://pub-893b4a6a607b4221a894bf861da7914e.r2.dev/961341866713414.mp4  [DRY-RUN]
would-upload     1899279440712763 c0  (video) ← 1899279440712763.mp4  → https://pub-893b4a6a607b4221a894bf861da7914e.r2.dev/1899279440712763.mp4  [DRY-RUN]
would-upload     841808225190767 c0  (video) ← 841808225190767.mp4  → https://pub-893b4a6a607b4221a894bf861da7914e.r2.dev/841808225190767.mp4  [DRY-RUN]
would-upload     3091602027697200 c0  (video) ← 3091602027697200.mp4  → https://pub-893b4a6a607b4221a894bf861da7914e.r2.dev/3091602027697200.mp4  [DRY-RUN]
would-upload     989891630344596 c0  (video) ← 989891630344596.mp4  → https://pub-893b4a6a607b4221a894bf861da7914e.r2.dev/989891630344596.mp4  [DRY-RUN]
would-upload     1480284776560687 c0  (video) ← 1480284776560687.mp4  → https://pub-893b4a6a607b4221a894bf861da7914e.r2.dev/1480284776560687.mp4  [DRY-RUN]
would-upload     2049373299345465 c0  (video) ← 2049373299345465.mp4  → https://pub-893b4a6a607b4221a894bf861da7914e.r2.dev/2049373299345465.mp4  [DRY-RUN]
would-upload     1346007667429041 c0  (video) ← 1346007667429041.mp4  → https://pub-893b4a6a607b4221a894bf861da7914e.r2.dev/1346007667429041.mp4  [DRY-RUN]
would-upload     1462141485166627 c0  (video) ← 1462141485166627.mp4  → https://pub-893b4a6a607b4221a894bf861da7914e.r2.dev/1462141485166627.mp4  [DRY-RUN]
would-upload     1531601662017491 c0  (video) ← 1531601662017491.mp4  → https://pub-893b4a6a607b4221a894bf861da7914e.r2.dev/1531601662017491.mp4  [DRY-RUN]
would-upload     978783798450011 c0  (video) ← 978783798450011.mp4  → https://pub-893b4a6a607b4221a894bf861da7914e.r2.dev/978783798450011.mp4  [DRY-RUN]
would-upload     1914211942616157 c0  (video) ← 1914211942616157.mp4  → https://pub-893b4a6a607b4221a894bf861da7914e.r2.dev/1914211942616157.mp4  [DRY-RUN]
would-upload     1348944017100601 c0  (video) ← 1348944017100601.mp4  → https://pub-893b4a6a607b4221a894bf861da7914e.r2.dev/1348944017100601.mp4  [DRY-RUN]
would-upload     1465770715075485 c0  (video) ← 1465770715075485.mp4  → https://pub-893b4a6a607b4221a894bf861da7914e.r2.dev/1465770715075485.mp4  [DRY-RUN]
would-upload     891994920571733 c0  (video) ← 891994920571733.mp4  → https://pub-893b4a6a607b4221a894bf861da7914e.r2.dev/891994920571733.mp4  [DRY-RUN]
would-upload     1526010252565343 c0  (video) ← 1526010252565343.mp4  → https://pub-893b4a6a607b4221a894bf861da7914e.r2.dev/1526010252565343.mp4  [DRY-RUN]
would-upload     27272319075687019 c0  (video) ← 27272319075687019.mp4  → https://pub-893b4a6a607b4221a894bf861da7914e.r2.dev/27272319075687019.mp4  [DRY-RUN]
would-upload     1120249350159264 c0  (video) ← 1120249350159264.mp4  → https://pub-893b4a6a607b4221a894bf861da7914e.r2.dev/1120249350159264.mp4  [DRY-RUN]
would-upload     1181958940669517 c0  (video) ← 1181958940669517.mp4  → https://pub-893b4a6a607b4221a894bf861da7914e.r2.dev/1181958940669517.mp4  [DRY-RUN]
video-missing    26413116065033835 c0  (expected file not found in videos/learna-ai-2026-05-28)
would-upload     1507101880899611 c0  (video) ← 1507101880899611.mp4  → https://pub-893b4a6a607b4221a894bf861da7914e.r2.dev/1507101880899611.mp4  [DRY-RUN]
would-upload     2384575811954128 c0  (video) ← 2384575811954128.mp4  → https://pub-893b4a6a607b4221a894bf861da7914e.r2.dev/2384575811954128.mp4  [DRY-RUN]
would-upload     1605832577157336 c0  (video) ← 1605832577157336.mp4  → https://pub-893b4a6a607b4221a894bf861da7914e.r2.dev/1605832577157336.mp4  [DRY-RUN]
would-upload     3895075523968962 c0  (video) ← 3895075523968962.mp4  → https://pub-893b4a6a607b4221a894bf861da7914e.r2.dev/3895075523968962.mp4  [DRY-RUN]
would-upload     1306411517600794 c0  (video) ← 1306411517600794.mp4  → https://pub-893b4a6a607b4221a894bf861da7914e.r2.dev/1306411517600794.mp4  [DRY-RUN]
would-upload     1485650879968673 c0  (video) ← 1485650879968673.mp4  → https://pub-893b4a6a607b4221a894bf861da7914e.r2.dev/1485650879968673.mp4  [DRY-RUN]
would-upload     847692275059647 c0  (video) ← 847692275059647.mp4  → https://pub-893b4a6a607b4221a894bf861da7914e.r2.dev/847692275059647.mp4  [DRY-RUN]
would-upload     1002510295638319 c0  (video) ← 1002510295638319.mp4  → https://pub-893b4a6a607b4221a894bf861da7914e.r2.dev/1002510295638319.mp4  [DRY-RUN]
would-upload     1691588568848992 c0  (video) ← 1691588568848992.mp4  → https://pub-893b4a6a607b4221a894bf861da7914e.r2.dev/1691588568848992.mp4  [DRY-RUN]
would-upload     1360316379393303 c0  (video) ← 1360316379393303.mp4  → https://pub-893b4a6a607b4221a894bf861da7914e.r2.dev/1360316379393303.mp4  [DRY-RUN]
would-upload     1410936137732164 c0  (video) ← 1410936137732164.mp4  → https://pub-893b4a6a607b4221a894bf861da7914e.r2.dev/1410936137732164.mp4  [DRY-RUN]
would-upload     1561964068847105 c0  (video) ← 1561964068847105.mp4  → https://pub-893b4a6a607b4221a894bf861da7914e.r2.dev/1561964068847105.mp4  [DRY-RUN]
would-upload     717230561380742 c0  (video) ← 717230561380742.mp4  → https://pub-893b4a6a607b4221a894bf861da7914e.r2.dev/717230561380742.mp4  [DRY-RUN]
would-upload     2442155546260765 c0  (video) ← 2442155546260765.mp4  → https://pub-893b4a6a607b4221a894bf861da7914e.r2.dev/2442155546260765.mp4  [DRY-RUN]
would-upload     1634409467785590 c0  (video) ← 1634409467785590.mp4  → https://pub-893b4a6a607b4221a894bf861da7914e.r2.dev/1634409467785590.mp4  [DRY-RUN]
would-upload     937012102379459 c0  (video) ← 937012102379459.mp4  → https://pub-893b4a6a607b4221a894bf861da7914e.r2.dev/937012102379459.mp4  [DRY-RUN]
would-upload     1702689840766336 c0  (video) ← 1702689840766336.mp4  → https://pub-893b4a6a607b4221a894bf861da7914e.r2.dev/1702689840766336.mp4  [DRY-RUN]
would-upload     1387935119820196 c0  (video) ← 1387935119820196.mp4  → https://pub-893b4a6a607b4221a894bf861da7914e.r2.dev/1387935119820196.mp4  [DRY-RUN]
would-upload     26586256704397693 c0  (video) ← 26586256704397693.mp4  → https://pub-893b4a6a607b4221a894bf861da7914e.r2.dev/26586256704397693.mp4  [DRY-RUN]
would-upload     1602293524200995 c0  (video) ← 1602293524200995.mp4  → https://pub-893b4a6a607b4221a894bf861da7914e.r2.dev/1602293524200995.mp4  [DRY-RUN]
would-upload     1004364695607672 c0  (video) ← 1004364695607672.mp4  → https://pub-893b4a6a607b4221a894bf861da7914e.r2.dev/1004364695607672.mp4  [DRY-RUN]
would-upload     1696927474780961 c0  (video) ← 1696927474780961.mp4  → https://pub-893b4a6a607b4221a894bf861da7914e.r2.dev/1696927474780961.mp4  [DRY-RUN]
would-upload     1504211821402015 c0  (video) ← 1504211821402015.mp4  → https://pub-893b4a6a607b4221a894bf861da7914e.r2.dev/1504211821402015.mp4  [DRY-RUN]
would-upload     987975443627028 c0  (video) ← 987975443627028.mp4  → https://pub-893b4a6a607b4221a894bf861da7914e.r2.dev/987975443627028.mp4  [DRY-RUN]
would-upload     1388911789717588 c0  (video) ← 1388911789717588.mp4  → https://pub-893b4a6a607b4221a894bf861da7914e.r2.dev/1388911789717588.mp4  [DRY-RUN]
would-upload     1967678417196801 c0  (video) ← 1967678417196801.mp4  → https://pub-893b4a6a607b4221a894bf861da7914e.r2.dev/1967678417196801.mp4  [DRY-RUN]
would-upload     4288413441428292 c0  (video) ← 4288413441428292.mp4  → https://pub-893b4a6a607b4221a894bf861da7914e.r2.dev/4288413441428292.mp4  [DRY-RUN]
would-upload     885666771171357 c0  (video) ← 885666771171357.mp4  → https://pub-893b4a6a607b4221a894bf861da7914e.r2.dev/885666771171357.mp4  [DRY-RUN]
would-upload     1274029091559563 c0  (video) ← 1274029091559563.mp4  → https://pub-893b4a6a607b4221a894bf861da7914e.r2.dev/1274029091559563.mp4  [DRY-RUN]
would-upload     1413651990798931 c0  (video) ← 1413651990798931.mp4  → https://pub-893b4a6a607b4221a894bf861da7914e.r2.dev/1413651990798931.mp4  [DRY-RUN]
would-upload     2560078971090704 c0  (video) ← 2560078971090704.mp4  → https://pub-893b4a6a607b4221a894bf861da7914e.r2.dev/2560078971090704.mp4  [DRY-RUN]
would-upload     1740835940673774 c0  (video) ← 1740835940673774.mp4  → https://pub-893b4a6a607b4221a894bf861da7914e.r2.dev/1740835940673774.mp4  [DRY-RUN]
would-upload     2097092050869074 c0  (video) ← 2097092050869074.mp4  → https://pub-893b4a6a607b4221a894bf861da7914e.r2.dev/2097092050869074.mp4  [DRY-RUN]
would-upload     970971902242000 c0  (video) ← 970971902242000.mp4  → https://pub-893b4a6a607b4221a894bf861da7914e.r2.dev/970971902242000.mp4  [DRY-RUN]
would-upload     1268744468743801 c0  (video) ← 1268744468743801.mp4  → https://pub-893b4a6a607b4221a894bf861da7914e.r2.dev/1268744468743801.mp4  [DRY-RUN]
would-upload     3257768587727313 c0  (video) ← 3257768587727313.mp4  → https://pub-893b4a6a607b4221a894bf861da7914e.r2.dev/3257768587727313.mp4  [DRY-RUN]
would-upload     1569364904170096 c0  (video) ← 1569364904170096.mp4  → https://pub-893b4a6a607b4221a894bf861da7914e.r2.dev/1569364904170096.mp4  [DRY-RUN]
would-upload     864042306733704 c0  (video) ← 864042306733704.mp4  → https://pub-893b4a6a607b4221a894bf861da7914e.r2.dev/864042306733704.mp4  [DRY-RUN]
would-upload     2369533500236175 c0  (video) ← 2369533500236175.mp4  → https://pub-893b4a6a607b4221a894bf861da7914e.r2.dev/2369533500236175.mp4  [DRY-RUN]
would-upload     1508987630574684 c0  (video) ← 1508987630574684.mp4  → https://pub-893b4a6a607b4221a894bf861da7914e.r2.dev/1508987630574684.mp4  [DRY-RUN]
would-upload     1662608241343709 c0  (video) ← 1662608241343709.mp4  → https://pub-893b4a6a607b4221a894bf861da7914e.r2.dev/1662608241343709.mp4  [DRY-RUN]
would-upload     27730994196503311 c0  (video) ← 27730994196503311.mp4  → https://pub-893b4a6a607b4221a894bf861da7914e.r2.dev/27730994196503311.mp4  [DRY-RUN]
would-upload     2203527573796601 c0  (video) ← 2203527573796601.mp4  → https://pub-893b4a6a607b4221a894bf861da7914e.r2.dev/2203527573796601.mp4  [DRY-RUN]
would-upload     838963878565437 c0  (video) ← 838963878565437.mp4  → https://pub-893b4a6a607b4221a894bf861da7914e.r2.dev/838963878565437.mp4  [DRY-RUN]
would-upload     1543710507487199 c0  (video) ← 1543710507487199.mp4  → https://pub-893b4a6a607b4221a894bf861da7914e.r2.dev/1543710507487199.mp4  [DRY-RUN]
would-upload     1850398988960687 c0  (video) ← 1850398988960687.mp4  → https://pub-893b4a6a607b4221a894bf861da7914e.r2.dev/1850398988960687.mp4  [DRY-RUN]
would-upload     1528476345351286 c0  (video) ← 1528476345351286.mp4  → https://pub-893b4a6a607b4221a894bf861da7914e.r2.dev/1528476345351286.mp4  [DRY-RUN]
would-upload     2355640678248434 c0  (video) ← 2355640678248434.mp4  → https://pub-893b4a6a607b4221a894bf861da7914e.r2.dev/2355640678248434.mp4  [DRY-RUN]
would-upload     2494424227681969 c0  (video) ← 2494424227681969.mp4  → https://pub-893b4a6a607b4221a894bf861da7914e.r2.dev/2494424227681969.mp4  [DRY-RUN]
would-upload     993088993500182 c0  (video) ← 993088993500182.mp4  → https://pub-893b4a6a607b4221a894bf861da7914e.r2.dev/993088993500182.mp4  [DRY-RUN]
would-upload     922982890665036 c0  (video) ← 922982890665036.mp4  → https://pub-893b4a6a607b4221a894bf861da7914e.r2.dev/922982890665036.mp4  [DRY-RUN]
would-upload     1003960732216654 c0  (video) ← 1003960732216654.mp4  → https://pub-893b4a6a607b4221a894bf861da7914e.r2.dev/1003960732216654.mp4  [DRY-RUN]
would-upload     3557022174463497 c0  (video) ← 3557022174463497.mp4  → https://pub-893b4a6a607b4221a894bf861da7914e.r2.dev/3557022174463497.mp4  [DRY-RUN]
would-upload     1648916462826230 c0  (video) ← 1648916462826230.mp4  → https://pub-893b4a6a607b4221a894bf861da7914e.r2.dev/1648916462826230.mp4  [DRY-RUN]
would-upload     1806610390306787 c0  (video) ← 1806610390306787.mp4  → https://pub-893b4a6a607b4221a894bf861da7914e.r2.dev/1806610390306787.mp4  [DRY-RUN]
would-upload     3435107026637269 c0  (video) ← 3435107026637269.mp4  → https://pub-893b4a6a607b4221a894bf861da7914e.r2.dev/3435107026637269.mp4  [DRY-RUN]
would-upload     1015079874574405 c0  (video) ← 1015079874574405.mp4  → https://pub-893b4a6a607b4221a894bf861da7914e.r2.dev/1015079874574405.mp4  [DRY-RUN]
would-upload     968979492410042 c0  (video) ← 968979492410042.mp4  → https://pub-893b4a6a607b4221a894bf861da7914e.r2.dev/968979492410042.mp4  [DRY-RUN]
would-upload     825969666569405 c0  (video) ← 825969666569405.mp4  → https://pub-893b4a6a607b4221a894bf861da7914e.r2.dev/825969666569405.mp4  [DRY-RUN]
would-upload     1001380062231181 c0  (video) ← 1001380062231181.mp4  → https://pub-893b4a6a607b4221a894bf861da7914e.r2.dev/1001380062231181.mp4  [DRY-RUN]
would-upload     1985967508954917 c0  (video) ← 1985967508954917.mp4  → https://pub-893b4a6a607b4221a894bf861da7914e.r2.dev/1985967508954917.mp4  [DRY-RUN]
would-upload     2192253391523196 c0  (video) ← 2192253391523196.mp4  → https://pub-893b4a6a607b4221a894bf861da7914e.r2.dev/2192253391523196.mp4  [DRY-RUN]
would-upload     987025480352298 c0  (video) ← 987025480352298.mp4  → https://pub-893b4a6a607b4221a894bf861da7914e.r2.dev/987025480352298.mp4  [DRY-RUN]
would-upload     1462088494758260 c0  (video) ← 1462088494758260.mp4  → https://pub-893b4a6a607b4221a894bf861da7914e.r2.dev/1462088494758260.mp4  [DRY-RUN]
would-upload     1362887645761619 c0  (video) ← 1362887645761619.mp4  → https://pub-893b4a6a607b4221a894bf861da7914e.r2.dev/1362887645761619.mp4  [DRY-RUN]
would-upload     930928576391570 c0  (video) ← 930928576391570.mp4  → https://pub-893b4a6a607b4221a894bf861da7914e.r2.dev/930928576391570.mp4  [DRY-RUN]
would-upload     1011727818094552 c0  (video) ← 1011727818094552.mp4  → https://pub-893b4a6a607b4221a894bf861da7914e.r2.dev/1011727818094552.mp4  [DRY-RUN]
would-upload     1304499497813625 c0  (video) ← 1304499497813625.mp4  → https://pub-893b4a6a607b4221a894bf861da7914e.r2.dev/1304499497813625.mp4  [DRY-RUN]
would-upload     1693692501773277 c0  (video) ← 1693692501773277.mp4  → https://pub-893b4a6a607b4221a894bf861da7914e.r2.dev/1693692501773277.mp4  [DRY-RUN]
would-upload     1523845102859159 c0  (video) ← 1523845102859159.mp4  → https://pub-893b4a6a607b4221a894bf861da7914e.r2.dev/1523845102859159.mp4  [DRY-RUN]
would-upload     2107073530080888 c0  (video) ← 2107073530080888.mp4  → https://pub-893b4a6a607b4221a894bf861da7914e.r2.dev/2107073530080888.mp4  [DRY-RUN]
would-upload     26350122754581431 c0  (video) ← 26350122754581431.mp4  → https://pub-893b4a6a607b4221a894bf861da7914e.r2.dev/26350122754581431.mp4  [DRY-RUN]
would-upload     973668631931622 c0  (video) ← 973668631931622.mp4  → https://pub-893b4a6a607b4221a894bf861da7914e.r2.dev/973668631931622.mp4  [DRY-RUN]
would-upload     2706323406414501 c0  (video) ← 2706323406414501.mp4  → https://pub-893b4a6a607b4221a894bf861da7914e.r2.dev/2706323406414501.mp4  [DRY-RUN]
would-upload     26989355464025647 c0  (video) ← 26989355464025647.mp4  → https://pub-893b4a6a607b4221a894bf861da7914e.r2.dev/26989355464025647.mp4  [DRY-RUN]
would-upload     985243073982640 c0  (video) ← 985243073982640.mp4  → https://pub-893b4a6a607b4221a894bf861da7914e.r2.dev/985243073982640.mp4  [DRY-RUN]
would-upload     26745636515101157 c0  (video) ← 26745636515101157.mp4  → https://pub-893b4a6a607b4221a894bf861da7914e.r2.dev/26745636515101157.mp4  [DRY-RUN]
would-upload     1291270253119080 c0  (video) ← 1291270253119080.mp4  → https://pub-893b4a6a607b4221a894bf861da7914e.r2.dev/1291270253119080.mp4  [DRY-RUN]
would-upload     1335257698670293 c0  (video) ← 1335257698670293.mp4  → https://pub-893b4a6a607b4221a894bf861da7914e.r2.dev/1335257698670293.mp4  [DRY-RUN]
would-upload     4411616302430859 c0  (video) ← 4411616302430859.mp4  → https://pub-893b4a6a607b4221a894bf861da7914e.r2.dev/4411616302430859.mp4  [DRY-RUN]
would-upload     1271156048461362 c0  (video) ← 1271156048461362.mp4  → https://pub-893b4a6a607b4221a894bf861da7914e.r2.dev/1271156048461362.mp4  [DRY-RUN]
would-upload     933756326367588 c0  (video) ← 933756326367588.mp4  → https://pub-893b4a6a607b4221a894bf861da7914e.r2.dev/933756326367588.mp4  [DRY-RUN]
would-upload     1013323464527110 c0  (video) ← 1013323464527110.mp4  → https://pub-893b4a6a607b4221a894bf861da7914e.r2.dev/1013323464527110.mp4  [DRY-RUN]
would-upload     2094478181332775 c0  (video) ← 2094478181332775.mp4  → https://pub-893b4a6a607b4221a894bf861da7914e.r2.dev/2094478181332775.mp4  [DRY-RUN]
would-upload     26837003245928622 c0  (video) ← 26837003245928622.mp4  → https://pub-893b4a6a607b4221a894bf861da7914e.r2.dev/26837003245928622.mp4  [DRY-RUN]
would-upload     779888905090942 c0  (video) ← 779888905090942.mp4  → https://pub-893b4a6a607b4221a894bf861da7914e.r2.dev/779888905090942.mp4  [DRY-RUN]
would-upload     1314204286839140 c0  (video) ← 1314204286839140.mp4  → https://pub-893b4a6a607b4221a894bf861da7914e.r2.dev/1314204286839140.mp4  [DRY-RUN]
would-upload     821347187419141 c0  (video) ← 821347187419141.mp4  → https://pub-893b4a6a607b4221a894bf861da7914e.r2.dev/821347187419141.mp4  [DRY-RUN]
would-upload     963614556139796 c0  (video) ← 963614556139796.mp4  → https://pub-893b4a6a607b4221a894bf861da7914e.r2.dev/963614556139796.mp4  [DRY-RUN]
would-upload     1262242319033977 c0  (video) ← 1262242319033977.mp4  → https://pub-893b4a6a607b4221a894bf861da7914e.r2.dev/1262242319033977.mp4  [DRY-RUN]
would-upload     1543881370594977 c0  (video) ← 1543881370594977.mp4  → https://pub-893b4a6a607b4221a894bf861da7914e.r2.dev/1543881370594977.mp4  [DRY-RUN]
would-upload     1311257267887498 c0  (video) ← 1311257267887498.mp4  → https://pub-893b4a6a607b4221a894bf861da7914e.r2.dev/1311257267887498.mp4  [DRY-RUN]
would-upload     1657767492011320 c0  (video) ← 1657767492011320.mp4  → https://pub-893b4a6a607b4221a894bf861da7914e.r2.dev/1657767492011320.mp4  [DRY-RUN]
would-upload     910448841879394 c0  (video) ← 910448841879394.mp4  → https://pub-893b4a6a607b4221a894bf861da7914e.r2.dev/910448841879394.mp4  [DRY-RUN]
would-upload     2074565513113855 c0  (video) ← 2074565513113855.mp4  → https://pub-893b4a6a607b4221a894bf861da7914e.r2.dev/2074565513113855.mp4  [DRY-RUN]
would-upload     3257737297747059 c0  (video) ← 3257737297747059.mp4  → https://pub-893b4a6a607b4221a894bf861da7914e.r2.dev/3257737297747059.mp4  [DRY-RUN]
would-upload     4409733639353114 c0  (video) ← 4409733639353114.mp4  → https://pub-893b4a6a607b4221a894bf861da7914e.r2.dev/4409733639353114.mp4  [DRY-RUN]
would-upload     1302668885338571 c0  (video) ← 1302668885338571.mp4  → https://pub-893b4a6a607b4221a894bf861da7914e.r2.dev/1302668885338571.mp4  [DRY-RUN]
would-upload     1308810404729186 c0  (video) ← 1308810404729186.mp4  → https://pub-893b4a6a607b4221a894bf861da7914e.r2.dev/1308810404729186.mp4  [DRY-RUN]
would-upload     1746038266382558 c0  (video) ← 1746038266382558.mp4  → https://pub-893b4a6a607b4221a894bf861da7914e.r2.dev/1746038266382558.mp4  [DRY-RUN]
would-upload     2468837343557522 c0  (video) ← 2468837343557522.mp4  → https://pub-893b4a6a607b4221a894bf861da7914e.r2.dev/2468837343557522.mp4  [DRY-RUN]
would-upload     27403331815940869 c0  (video) ← 27403331815940869.mp4  → https://pub-893b4a6a607b4221a894bf861da7914e.r2.dev/27403331815940869.mp4  [DRY-RUN]
would-upload     870928278676730 c0  (video) ← 870928278676730.mp4  → https://pub-893b4a6a607b4221a894bf861da7914e.r2.dev/870928278676730.mp4  [DRY-RUN]
would-upload     1860254987911673 c0  (video) ← 1860254987911673.mp4  → https://pub-893b4a6a607b4221a894bf861da7914e.r2.dev/1860254987911673.mp4  [DRY-RUN]
would-upload     1935980233588835 c0  (video) ← 1935980233588835.mp4  → https://pub-893b4a6a607b4221a894bf861da7914e.r2.dev/1935980233588835.mp4  [DRY-RUN]
would-upload     4349016545310287 c0  (video) ← 4349016545310287.mp4  → https://pub-893b4a6a607b4221a894bf861da7914e.r2.dev/4349016545310287.mp4  [DRY-RUN]
would-upload     2475426932925558 c0  (video) ← 2475426932925558.mp4  → https://pub-893b4a6a607b4221a894bf861da7914e.r2.dev/2475426932925558.mp4  [DRY-RUN]
would-upload     923987033944310 c0  (video) ← 923987033944310.mp4  → https://pub-893b4a6a607b4221a894bf861da7914e.r2.dev/923987033944310.mp4  [DRY-RUN]
would-upload     1815328706111810 c0  (video) ← 1815328706111810.mp4  → https://pub-893b4a6a607b4221a894bf861da7914e.r2.dev/1815328706111810.mp4  [DRY-RUN]
would-upload     1356766302965332 c0  (video) ← 1356766302965332.mp4  → https://pub-893b4a6a607b4221a894bf861da7914e.r2.dev/1356766302965332.mp4  [DRY-RUN]
would-upload     1352950770132841 c0  (video) ← 1352950770132841.mp4  → https://pub-893b4a6a607b4221a894bf861da7914e.r2.dev/1352950770132841.mp4  [DRY-RUN]
would-upload     928075546879049 c0  (video) ← 928075546879049.mp4  → https://pub-893b4a6a607b4221a894bf861da7914e.r2.dev/928075546879049.mp4  [DRY-RUN]
would-upload     993133903080160 c0  (video) ← 993133903080160.mp4  → https://pub-893b4a6a607b4221a894bf861da7914e.r2.dev/993133903080160.mp4  [DRY-RUN]
would-upload     2085311212334761 c0  (video) ← 2085311212334761.mp4  → https://pub-893b4a6a607b4221a894bf861da7914e.r2.dev/2085311212334761.mp4  [DRY-RUN]
would-upload     1863808724285652 c0  (video) ← 1863808724285652.mp4  → https://pub-893b4a6a607b4221a894bf861da7914e.r2.dev/1863808724285652.mp4  [DRY-RUN]
would-upload     802709906010140 c0  (video) ← 802709906010140.mp4  → https://pub-893b4a6a607b4221a894bf861da7914e.r2.dev/802709906010140.mp4  [DRY-RUN]
would-upload     815920978060559 c0  (video) ← 815920978060559.mp4  → https://pub-893b4a6a607b4221a894bf861da7914e.r2.dev/815920978060559.mp4  [DRY-RUN]
would-upload     933103866160858 c0  (video) ← 933103866160858.mp4  → https://pub-893b4a6a607b4221a894bf861da7914e.r2.dev/933103866160858.mp4  [DRY-RUN]
would-upload     1286494123679431 c0  (video) ← 1286494123679431.mp4  → https://pub-893b4a6a607b4221a894bf861da7914e.r2.dev/1286494123679431.mp4  [DRY-RUN]
would-upload     1610184317348618 c0  (video) ← 1610184317348618.mp4  → https://pub-893b4a6a607b4221a894bf861da7914e.r2.dev/1610184317348618.mp4  [DRY-RUN]
would-upload     1673731007659734 c0  (video) ← 1673731007659734.mp4  → https://pub-893b4a6a607b4221a894bf861da7914e.r2.dev/1673731007659734.mp4  [DRY-RUN]
would-upload     2230586454354115 c0  (video) ← 2230586454354115.mp4  → https://pub-893b4a6a607b4221a894bf861da7914e.r2.dev/2230586454354115.mp4  [DRY-RUN]
would-upload     2259154524894932 c0  (video) ← 2259154524894932.mp4  → https://pub-893b4a6a607b4221a894bf861da7914e.r2.dev/2259154524894932.mp4  [DRY-RUN]
