# Step 3 run log
# competitor : loora
# started_at : 2026-05-27T10:24:58
# input      : inputs/fb-ads-loora-2026-05-27-1018.csv
# videos     : videos/loora-2026-05-27
# master     : master/loora.csv  (updated)
# enriched   : inputs/fb-ads-loora-2026-05-27-1018_enriched.csv
# bucket     : video-ads
# public_base: https://pub-893b4a6a607b4221a894bf861da7914e.r2.dev
# dry_run    : False
#
# counts     : {'uploaded': 5, 'carried-forward': 46, 'image-pending': 0, 'video-missing': 0, 'no-creative': 0, 'error': 0}
#
carried-forward  1286341193458429 c0  → https://pub-893b4a6a607b4221a894bf861da7914e.r2.dev/1286341193458429.mp4
carried-forward  26858246627159221 c0  → https://pub-893b4a6a607b4221a894bf861da7914e.r2.dev/26858246627159221.mp4
carried-forward  2824622157869852 c0  → https://pub-893b4a6a607b4221a894bf861da7914e.r2.dev/2824622157869852.mp4
carried-forward  1923073918386349 c0  → https://pub-893b4a6a607b4221a894bf861da7914e.r2.dev/1923073918386349.mp4
carried-forward  989760113647100 c0  → https://pub-893b4a6a607b4221a894bf861da7914e.r2.dev/989760113647100.mp4
carried-forward  1679747593034871 c0  → https://pub-893b4a6a607b4221a894bf861da7914e.r2.dev/1679747593034871.mp4
carried-forward  1582553446724594 c0  → https://pub-893b4a6a607b4221a894bf861da7914e.r2.dev/1582553446724594.mp4
carried-forward  2014484739469344 c0  → https://pub-893b4a6a607b4221a894bf861da7914e.r2.dev/2014484739469344.mp4
carried-forward  979523084446611 c0  → https://pub-893b4a6a607b4221a894bf861da7914e.r2.dev/979523084446611.mp4
carried-forward  1261073506142042 c0  → https://pub-893b4a6a607b4221a894bf861da7914e.r2.dev/1261073506142042.mp4
carried-forward  1608766093513896 c0  → https://pub-893b4a6a607b4221a894bf861da7914e.r2.dev/1608766093513896.mp4
carried-forward  1581060787352516 c0  → https://pub-893b4a6a607b4221a894bf861da7914e.r2.dev/1581060787352516.mp4
carried-forward  26472833265715362 c0  → https://pub-893b4a6a607b4221a894bf861da7914e.r2.dev/26472833265715362.mp4
carried-forward  818640181129690 c0  → https://pub-893b4a6a607b4221a894bf861da7914e.r2.dev/818640181129690.mp4
carried-forward  987721023705930 c0  → https://pub-893b4a6a607b4221a894bf861da7914e.r2.dev/987721023705930.mp4
carried-forward  1654898552218834 c0  → https://pub-893b4a6a607b4221a894bf861da7914e.r2.dev/1654898552218834.mp4
carried-forward  1600521857717578 c0  → https://pub-893b4a6a607b4221a894bf861da7914e.r2.dev/1600521857717578.mp4
carried-forward  1288587726756839 c0  → https://pub-893b4a6a607b4221a894bf861da7914e.r2.dev/1288587726756839.mp4
carried-forward  920991640802146 c0  → https://pub-893b4a6a607b4221a894bf861da7914e.r2.dev/920991640802146.mp4
carried-forward  1347418030649936 c0  → https://pub-893b4a6a607b4221a894bf861da7914e.r2.dev/1347418030649936.mp4
carried-forward  1905092613368632 c0  → https://pub-893b4a6a607b4221a894bf861da7914e.r2.dev/1905092613368632.mp4
carried-forward  2257110451487366 c0  → https://pub-893b4a6a607b4221a894bf861da7914e.r2.dev/2257110451487366.mp4
carried-forward  1890705918285363 c0  → https://pub-893b4a6a607b4221a894bf861da7914e.r2.dev/1890705918285363.mp4
carried-forward  4468359470086868 c0  → https://pub-893b4a6a607b4221a894bf861da7914e.r2.dev/4468359470086868.mp4
carried-forward  1276705914633244 c0  → https://pub-893b4a6a607b4221a894bf861da7914e.r2.dev/1276705914633244.mp4
carried-forward  3920858908216732 c0  → https://pub-893b4a6a607b4221a894bf861da7914e.r2.dev/3920858908216732.mp4
carried-forward  1619041622509778 c0  → https://pub-893b4a6a607b4221a894bf861da7914e.r2.dev/1619041622509778.mp4
carried-forward  1556620752560045 c0  → https://pub-893b4a6a607b4221a894bf861da7914e.r2.dev/1556620752560045.mp4
carried-forward  1143622754604208 c0  → https://pub-893b4a6a607b4221a894bf861da7914e.r2.dev/1143622754604208.mp4
carried-forward  1490005112129951 c0  → https://pub-893b4a6a607b4221a894bf861da7914e.r2.dev/1490005112129951.mp4
carried-forward  2483405618767529 c0  → https://pub-893b4a6a607b4221a894bf861da7914e.r2.dev/2483405618767529.mp4
carried-forward  1412389343988596 c0  → https://pub-893b4a6a607b4221a894bf861da7914e.r2.dev/1412389343988596.mp4
carried-forward  827379027114172 c0  → https://pub-893b4a6a607b4221a894bf861da7914e.r2.dev/827379027114172.mp4
carried-forward  1466680661478322 c0  → https://pub-893b4a6a607b4221a894bf861da7914e.r2.dev/1466680661478322.mp4
carried-forward  990584049996241 c0  → https://pub-893b4a6a607b4221a894bf861da7914e.r2.dev/990584049996241.mp4
carried-forward  1332393458836467 c0  → https://pub-893b4a6a607b4221a894bf861da7914e.r2.dev/1332393458836467.mp4
carried-forward  1651325459631448 c0  → https://pub-893b4a6a607b4221a894bf861da7914e.r2.dev/1651325459631448.mp4
carried-forward  2816620738678016 c0  → https://pub-893b4a6a607b4221a894bf861da7914e.r2.dev/2816620738678016.mp4
carried-forward  1626068392526827 c0  → https://pub-893b4a6a607b4221a894bf861da7914e.r2.dev/1626068392526827.mp4
carried-forward  828323076603145 c0  → https://pub-893b4a6a607b4221a894bf861da7914e.r2.dev/828323076603145.mp4
carried-forward  1208953758961208 c0  → https://pub-893b4a6a607b4221a894bf861da7914e.r2.dev/1208953758961208.mp4
carried-forward  1000935449552618 c0  → https://pub-893b4a6a607b4221a894bf861da7914e.r2.dev/1000935449552618.mp4
carried-forward  1743087253793397 c0  → https://pub-893b4a6a607b4221a894bf861da7914e.r2.dev/1743087253793397.mp4
carried-forward  956413676791922 c0  → https://pub-893b4a6a607b4221a894bf861da7914e.r2.dev/956413676791922.mp4
carried-forward  4371337003141421 c0  → https://pub-893b4a6a607b4221a894bf861da7914e.r2.dev/4371337003141421.mp4
carried-forward  1861497244534107 c0  → https://pub-893b4a6a607b4221a894bf861da7914e.r2.dev/1861497244534107.mp4
uploaded         999353006369035 c0  ← 999353006369035.mp4  → https://pub-893b4a6a607b4221a894bf861da7914e.r2.dev/999353006369035.mp4
uploaded         1399715815299179 c0  ← 1399715815299179.mp4  → https://pub-893b4a6a607b4221a894bf861da7914e.r2.dev/1399715815299179.mp4
uploaded         1489024535719287 c0  ← 1489024535719287.mp4  → https://pub-893b4a6a607b4221a894bf861da7914e.r2.dev/1489024535719287.mp4
uploaded         957241043876808 c0  ← 957241043876808.mp4  → https://pub-893b4a6a607b4221a894bf861da7914e.r2.dev/957241043876808.mp4
uploaded         3217172991801670 c0  ← 3217172991801670.mp4  → https://pub-893b4a6a607b4221a894bf861da7914e.r2.dev/3217172991801670.mp4
