# Step 3 run log
# competitor : mysivi
# started_at : 2026-06-12T08:18:35
# input      : facebook/inputs/fb-ads-mysivi-2026-06-12-0603.csv
# videos     : facebook/videos/mysivi-2026-06-12
# master     : facebook/master/mysivi.csv  (updated)
# enriched   : facebook/inputs/fb-ads-mysivi-2026-06-12-0603_enriched.csv
# bucket     : video-ads
# public_base: https://dcfd27564ef899969db9a562c7e1945f.r2.cloudflarestorage.com
# dry_run    : False
#
# counts     : {'uploaded': 21, 'carried-forward': 460, 'image-pending': 4, 'video-missing': 37, 'no-creative': 0, 'error': 0}
#
carried-forward  1063692802211225 c0  → https://pub-893b4a6a607b4221a894bf861da7914e.r2.dev/1063692802211225.mp4
carried-forward  1504897837819150 c0  → https://pub-893b4a6a607b4221a894bf861da7914e.r2.dev/1504897837819150.mp4
carried-forward  1650079819366116 c0  → https://pub-893b4a6a607b4221a894bf861da7914e.r2.dev/1650079819366116.mp4
carried-forward  1845750346108706 c0  → https://pub-893b4a6a607b4221a894bf861da7914e.r2.dev/1845750346108706.mp4
carried-forward  2469306593530142 c0  → https://pub-893b4a6a607b4221a894bf861da7914e.r2.dev/2469306593530142.mp4
carried-forward  919416144130224 c0  → https://pub-893b4a6a607b4221a894bf861da7914e.r2.dev/919416144130224.mp4
video-missing    919416144130224 c0  (expected file not found in facebook/videos/mysivi-2026-06-12)
carried-forward  3471950609648062 c0  → https://pub-893b4a6a607b4221a894bf861da7914e.r2.dev/3471950609648062.mp4
carried-forward  1466438068588297 c0  → https://pub-893b4a6a607b4221a894bf861da7914e.r2.dev/1466438068588297.mp4
video-missing    1466438068588297 c0  (expected file not found in facebook/videos/mysivi-2026-06-12)
carried-forward  2411773012629776 c0  → https://pub-893b4a6a607b4221a894bf861da7914e.r2.dev/2411773012629776.mp4
video-missing    2411773012629776 c0  (expected file not found in facebook/videos/mysivi-2026-06-12)
video-missing    2411773012629776 c0  (expected file not found in facebook/videos/mysivi-2026-06-12)
carried-forward  1633513357977227 c0  → https://pub-893b4a6a607b4221a894bf861da7914e.r2.dev/1633513357977227.mp4
carried-forward  2208276953242683 c0  → https://pub-893b4a6a607b4221a894bf861da7914e.r2.dev/2208276953242683.mp4
carried-forward  1365096822098347 c0  → https://pub-893b4a6a607b4221a894bf861da7914e.r2.dev/1365096822098347.mp4
video-missing    1365096822098347 c0  (expected file not found in facebook/videos/mysivi-2026-06-12)
video-missing    1365096822098347 c0  (expected file not found in facebook/videos/mysivi-2026-06-12)
carried-forward  1260189796267400 c0  → https://pub-893b4a6a607b4221a894bf861da7914e.r2.dev/1260189796267400.mp4
carried-forward  2094961914403268 c0  → https://pub-893b4a6a607b4221a894bf861da7914e.r2.dev/2094961914403268.mp4
carried-forward  1579256663181765 c0  → https://pub-893b4a6a607b4221a894bf861da7914e.r2.dev/1579256663181765.mp4
carried-forward  997757806110067 c0  → https://pub-893b4a6a607b4221a894bf861da7914e.r2.dev/997757806110067.mp4
carried-forward  2036534961078679 c0  → https://pub-893b4a6a607b4221a894bf861da7914e.r2.dev/2036534961078679.mp4
carried-forward  885982111176708 c0  → https://pub-893b4a6a607b4221a894bf861da7914e.r2.dev/885982111176708.mp4
carried-forward  2830223587356205 c0  → https://pub-893b4a6a607b4221a894bf861da7914e.r2.dev/2830223587356205.mp4
video-missing    2830223587356205 c0  (expected file not found in facebook/videos/mysivi-2026-06-12)
carried-forward  802916655974862 c0  → https://pub-893b4a6a607b4221a894bf861da7914e.r2.dev/802916655974862.mp4
carried-forward  973738558531150 c0  → https://pub-893b4a6a607b4221a894bf861da7914e.r2.dev/973738558531150.mp4
carried-forward  814453281403568 c0  → https://pub-893b4a6a607b4221a894bf861da7914e.r2.dev/814453281403568.mp4
carried-forward  974298155593175 c0  → https://pub-893b4a6a607b4221a894bf861da7914e.r2.dev/974298155593175.mp4
carried-forward  1481880370348464 c0  → https://pub-893b4a6a607b4221a894bf861da7914e.r2.dev/1481880370348464.mp4
carried-forward  2490035064776770 c0  → https://pub-893b4a6a607b4221a894bf861da7914e.r2.dev/2490035064776770.mp4
carried-forward  2405799469887575 c0  → https://pub-893b4a6a607b4221a894bf861da7914e.r2.dev/2405799469887575.mp4
carried-forward  935651469467557 c0  → https://pub-893b4a6a607b4221a894bf861da7914e.r2.dev/935651469467557.mp4
carried-forward  1895734594401619 c0  → https://pub-893b4a6a607b4221a894bf861da7914e.r2.dev/1895734594401619.mp4
carried-forward  844541795395576 c0  → https://pub-893b4a6a607b4221a894bf861da7914e.r2.dev/844541795395576.mp4
carried-forward  824655086830758 c0  → https://pub-893b4a6a607b4221a894bf861da7914e.r2.dev/824655086830758.mp4
carried-forward  26627886823532573 c0  → https://pub-893b4a6a607b4221a894bf861da7914e.r2.dev/26627886823532573.mp4
carried-forward  931068273002235 c0  → https://pub-893b4a6a607b4221a894bf861da7914e.r2.dev/931068273002235.mp4
carried-forward  2165198370981956 c0  → https://pub-893b4a6a607b4221a894bf861da7914e.r2.dev/2165198370981956.mp4
carried-forward  1462388985537185 c0  → https://pub-893b4a6a607b4221a894bf861da7914e.r2.dev/1462388985537185.mp4
carried-forward  1462388985537185 c0  → https://pub-893b4a6a607b4221a894bf861da7914e.r2.dev/1462388985537185.mp4
carried-forward  1462388985537185 c0  → https://pub-893b4a6a607b4221a894bf861da7914e.r2.dev/1462388985537185.mp4
carried-forward  956287430357321 c0  → https://pub-893b4a6a607b4221a894bf861da7914e.r2.dev/956287430357321.mp4
carried-forward  956287430357321 c0  → https://pub-893b4a6a607b4221a894bf861da7914e.r2.dev/956287430357321.mp4
carried-forward  956287430357321 c0  → https://pub-893b4a6a607b4221a894bf861da7914e.r2.dev/956287430357321.mp4
carried-forward  956287430357321 c0  → https://pub-893b4a6a607b4221a894bf861da7914e.r2.dev/956287430357321.mp4
carried-forward  956287430357321 c0  → https://pub-893b4a6a607b4221a894bf861da7914e.r2.dev/956287430357321.mp4
carried-forward  2117708235706666 c0  → https://pub-893b4a6a607b4221a894bf861da7914e.r2.dev/2117708235706666.mp4
carried-forward  2433732887048975 c0  → https://pub-893b4a6a607b4221a894bf861da7914e.r2.dev/2433732887048975.mp4
carried-forward  2433732887048975 c0  → https://pub-893b4a6a607b4221a894bf861da7914e.r2.dev/2433732887048975.mp4
carried-forward  1314122850567353 c0  → https://pub-893b4a6a607b4221a894bf861da7914e.r2.dev/1314122850567353.mp4
carried-forward  1672392883790170 c0  → https://pub-893b4a6a607b4221a894bf861da7914e.r2.dev/1672392883790170.mp4
carried-forward  2404124340028110 c0  → https://pub-893b4a6a607b4221a894bf861da7914e.r2.dev/2404124340028110.mp4
carried-forward  2404124340028110 c0  → https://pub-893b4a6a607b4221a894bf861da7914e.r2.dev/2404124340028110.mp4
carried-forward  991175326907313 c0  → https://pub-893b4a6a607b4221a894bf861da7914e.r2.dev/991175326907313.mp4
carried-forward  999947279265885 c0  → https://pub-893b4a6a607b4221a894bf861da7914e.r2.dev/999947279265885.mp4
carried-forward  931622252814916 c0  → https://pub-893b4a6a607b4221a894bf861da7914e.r2.dev/931622252814916.mp4
carried-forward  931622252814916 c0  → https://pub-893b4a6a607b4221a894bf861da7914e.r2.dev/931622252814916.mp4
carried-forward  980294774943521 c0  → https://pub-893b4a6a607b4221a894bf861da7914e.r2.dev/980294774943521.mp4
carried-forward  933262946235946 c0  → https://pub-893b4a6a607b4221a894bf861da7914e.r2.dev/933262946235946.mp4
carried-forward  1302756378351352 c0  → https://pub-893b4a6a607b4221a894bf861da7914e.r2.dev/1302756378351352.mp4
carried-forward  1673435757132082 c0  → https://pub-893b4a6a607b4221a894bf861da7914e.r2.dev/1673435757132082.mp4
carried-forward  2476605526098229 c0  → https://pub-893b4a6a607b4221a894bf861da7914e.r2.dev/2476605526098229.mp4
carried-forward  2476605526098229 c0  → https://pub-893b4a6a607b4221a894bf861da7914e.r2.dev/2476605526098229.mp4
carried-forward  952171714657023 c0  → https://pub-893b4a6a607b4221a894bf861da7914e.r2.dev/952171714657023.mp4
carried-forward  952171714657023 c0  → https://pub-893b4a6a607b4221a894bf861da7914e.r2.dev/952171714657023.mp4
carried-forward  952171714657023 c0  → https://pub-893b4a6a607b4221a894bf861da7914e.r2.dev/952171714657023.mp4
carried-forward  1879038982757913 c0  → https://pub-893b4a6a607b4221a894bf861da7914e.r2.dev/1879038982757913.mp4
carried-forward  1879038982757913 c0  → https://pub-893b4a6a607b4221a894bf861da7914e.r2.dev/1879038982757913.mp4
carried-forward  1151663514688025 c0  → https://pub-893b4a6a607b4221a894bf861da7914e.r2.dev/1151663514688025.mp4
carried-forward  1151663514688025 c0  → https://pub-893b4a6a607b4221a894bf861da7914e.r2.dev/1151663514688025.mp4
carried-forward  1151663514688025 c0  → https://pub-893b4a6a607b4221a894bf861da7914e.r2.dev/1151663514688025.mp4
carried-forward  1317716303542292 c0  → https://pub-893b4a6a607b4221a894bf861da7914e.r2.dev/1317716303542292.mp4
carried-forward  1317716303542292 c0  → https://pub-893b4a6a607b4221a894bf861da7914e.r2.dev/1317716303542292.mp4
carried-forward  1317716303542292 c0  → https://pub-893b4a6a607b4221a894bf861da7914e.r2.dev/1317716303542292.mp4
carried-forward  2117649575649233 c0  → https://pub-893b4a6a607b4221a894bf861da7914e.r2.dev/2117649575649233.mp4
carried-forward  2422283561576901 c0  → https://pub-893b4a6a607b4221a894bf861da7914e.r2.dev/2422283561576901.mp4
carried-forward  756325934218747 c0  → https://pub-893b4a6a607b4221a894bf861da7914e.r2.dev/756325934218747.mp4
carried-forward  756325934218747 c0  → https://pub-893b4a6a607b4221a894bf861da7914e.r2.dev/756325934218747.mp4
carried-forward  756325934218747 c0  → https://pub-893b4a6a607b4221a894bf861da7914e.r2.dev/756325934218747.mp4
carried-forward  918571931129028 c0  → https://pub-893b4a6a607b4221a894bf861da7914e.r2.dev/918571931129028.mp4
carried-forward  1724031045284359 c0  → https://pub-893b4a6a607b4221a894bf861da7914e.r2.dev/1724031045284359.mp4
carried-forward  971914591954473 c0  → https://pub-893b4a6a607b4221a894bf861da7914e.r2.dev/971914591954473.mp4
carried-forward  971914591954473 c0  → https://pub-893b4a6a607b4221a894bf861da7914e.r2.dev/971914591954473.mp4
carried-forward  971914591954473 c0  → https://pub-893b4a6a607b4221a894bf861da7914e.r2.dev/971914591954473.mp4
carried-forward  1000886632936275 c0  → https://pub-893b4a6a607b4221a894bf861da7914e.r2.dev/1000886632936275.mp4
carried-forward  966684345790577 c0  → https://pub-893b4a6a607b4221a894bf861da7914e.r2.dev/966684345790577.mp4
carried-forward  966684345790577 c0  → https://pub-893b4a6a607b4221a894bf861da7914e.r2.dev/966684345790577.mp4
carried-forward  4517533995175335 c0  → https://pub-893b4a6a607b4221a894bf861da7914e.r2.dev/4517533995175335.mp4
carried-forward  1642652350197830 c0  → https://pub-893b4a6a607b4221a894bf861da7914e.r2.dev/1642652350197830.mp4
carried-forward  966652642818393 c0  → https://pub-893b4a6a607b4221a894bf861da7914e.r2.dev/966652642818393.mp4
carried-forward  1419201076128864 c0  → https://pub-893b4a6a607b4221a894bf861da7914e.r2.dev/1419201076128864.mp4
carried-forward  1419201076128864 c0  → https://pub-893b4a6a607b4221a894bf861da7914e.r2.dev/1419201076128864.mp4
carried-forward  1251362460515133 c0  → https://pub-893b4a6a607b4221a894bf861da7914e.r2.dev/1251362460515133.mp4
carried-forward  1506466884530800 c0  → https://pub-893b4a6a607b4221a894bf861da7914e.r2.dev/1506466884530800.mp4
carried-forward  1506466884530800 c0  → https://pub-893b4a6a607b4221a894bf861da7914e.r2.dev/1506466884530800.mp4
carried-forward  35346300615014993 c0  → https://pub-893b4a6a607b4221a894bf861da7914e.r2.dev/35346300615014993.mp4
carried-forward  35346300615014993 c0  → https://pub-893b4a6a607b4221a894bf861da7914e.r2.dev/35346300615014993.mp4
carried-forward  1465693778484060 c0  → https://pub-893b4a6a607b4221a894bf861da7914e.r2.dev/1465693778484060.mp4
carried-forward  1465693778484060 c0  → https://pub-893b4a6a607b4221a894bf861da7914e.r2.dev/1465693778484060.mp4
carried-forward  1234736965404166 c0  → https://pub-893b4a6a607b4221a894bf861da7914e.r2.dev/1234736965404166.mp4
carried-forward  1146573297659532 c0  → https://pub-893b4a6a607b4221a894bf861da7914e.r2.dev/1146573297659532.mp4
carried-forward  2526183224467378 c0  → https://pub-893b4a6a607b4221a894bf861da7914e.r2.dev/2526183224467378.mp4
carried-forward  898788299356495 c0  → https://pub-893b4a6a607b4221a894bf861da7914e.r2.dev/898788299356495.mp4
carried-forward  2100754480710607 c0  → https://pub-893b4a6a607b4221a894bf861da7914e.r2.dev/2100754480710607.mp4
carried-forward  2100754480710607 c0  → https://pub-893b4a6a607b4221a894bf861da7914e.r2.dev/2100754480710607.mp4
carried-forward  2100754480710607 c0  → https://pub-893b4a6a607b4221a894bf861da7914e.r2.dev/2100754480710607.mp4
carried-forward  1493763522185565 c0  → https://pub-893b4a6a607b4221a894bf861da7914e.r2.dev/1493763522185565.mp4
carried-forward  2166519527537093 c0  → https://pub-893b4a6a607b4221a894bf861da7914e.r2.dev/2166519527537093.mp4
carried-forward  2166519527537093 c0  → https://pub-893b4a6a607b4221a894bf861da7914e.r2.dev/2166519527537093.mp4
carried-forward  2833310423703622 c0  → https://pub-893b4a6a607b4221a894bf861da7914e.r2.dev/2833310423703622.mp4
carried-forward  2005749643347608 c0  → https://pub-893b4a6a607b4221a894bf861da7914e.r2.dev/2005749643347608.mp4
carried-forward  933849582812762 c0  → https://pub-893b4a6a607b4221a894bf861da7914e.r2.dev/933849582812762.mp4
carried-forward  933849582812762 c0  → https://pub-893b4a6a607b4221a894bf861da7914e.r2.dev/933849582812762.mp4
carried-forward  2228703687959276 c0  → https://pub-893b4a6a607b4221a894bf861da7914e.r2.dev/2228703687959276.mp4
carried-forward  654884707719987 c0  → https://pub-893b4a6a607b4221a894bf861da7914e.r2.dev/654884707719987.mp4
carried-forward  654884707719987 c0  → https://pub-893b4a6a607b4221a894bf861da7914e.r2.dev/654884707719987.mp4
carried-forward  2357808904682799 c0  → https://pub-893b4a6a607b4221a894bf861da7914e.r2.dev/2357808904682799.mp4
carried-forward  26855024550751815 c0  → https://pub-893b4a6a607b4221a894bf861da7914e.r2.dev/26855024550751815.mp4
carried-forward  993914189728348 c0  → https://pub-893b4a6a607b4221a894bf861da7914e.r2.dev/993914189728348.mp4
carried-forward  993914189728348 c0  → https://pub-893b4a6a607b4221a894bf861da7914e.r2.dev/993914189728348.mp4
carried-forward  993914189728348 c0  → https://pub-893b4a6a607b4221a894bf861da7914e.r2.dev/993914189728348.mp4
carried-forward  953857770870220 c0  → https://pub-893b4a6a607b4221a894bf861da7914e.r2.dev/953857770870220.mp4
carried-forward  1281842880587780 c0  → https://pub-893b4a6a607b4221a894bf861da7914e.r2.dev/1281842880587780.mp4
carried-forward  1281842880587780 c0  → https://pub-893b4a6a607b4221a894bf861da7914e.r2.dev/1281842880587780.mp4
carried-forward  1217240273745791 c0  → https://pub-893b4a6a607b4221a894bf861da7914e.r2.dev/1217240273745791.mp4
carried-forward  950800311063469 c0  → https://pub-893b4a6a607b4221a894bf861da7914e.r2.dev/950800311063469.mp4
carried-forward  950800311063469 c0  → https://pub-893b4a6a607b4221a894bf861da7914e.r2.dev/950800311063469.mp4
carried-forward  1446616440491217 c0  → https://pub-893b4a6a607b4221a894bf861da7914e.r2.dev/1446616440491217.mp4
carried-forward  1613007016632719 c0  → https://pub-893b4a6a607b4221a894bf861da7914e.r2.dev/1613007016632719.mp4
carried-forward  26911484771845811 c0  → https://pub-893b4a6a607b4221a894bf861da7914e.r2.dev/26911484771845811.mp4
carried-forward  785963657528956 c0  → https://pub-893b4a6a607b4221a894bf861da7914e.r2.dev/785963657528956.mp4
carried-forward  2443105446101740 c0  → https://pub-893b4a6a607b4221a894bf861da7914e.r2.dev/2443105446101740.mp4
carried-forward  904725375680049 c0  → https://pub-893b4a6a607b4221a894bf861da7914e.r2.dev/904725375680049.mp4
carried-forward  904725375680049 c0  → https://pub-893b4a6a607b4221a894bf861da7914e.r2.dev/904725375680049.mp4
carried-forward  1447310469919244 c0  → https://pub-893b4a6a607b4221a894bf861da7914e.r2.dev/1447310469919244.mp4
carried-forward  1646539509973802 c0  → https://pub-893b4a6a607b4221a894bf861da7914e.r2.dev/1646539509973802.mp4
carried-forward  1566066851151129 c0  → https://pub-893b4a6a607b4221a894bf861da7914e.r2.dev/1566066851151129.mp4
carried-forward  1566066851151129 c0  → https://pub-893b4a6a607b4221a894bf861da7914e.r2.dev/1566066851151129.mp4
carried-forward  1566066851151129 c0  → https://pub-893b4a6a607b4221a894bf861da7914e.r2.dev/1566066851151129.mp4
carried-forward  852057223823065 c0  → https://pub-893b4a6a607b4221a894bf861da7914e.r2.dev/852057223823065.mp4
carried-forward  852057223823065 c0  → https://pub-893b4a6a607b4221a894bf861da7914e.r2.dev/852057223823065.mp4
carried-forward  973437802008916 c0  → https://pub-893b4a6a607b4221a894bf861da7914e.r2.dev/973437802008916.mp4
carried-forward  1475985547091281 c0  → https://pub-893b4a6a607b4221a894bf861da7914e.r2.dev/1475985547091281.mp4
carried-forward  946115641259323 c0  → https://pub-893b4a6a607b4221a894bf861da7914e.r2.dev/946115641259323.mp4
carried-forward  900996322983088 c0  → https://pub-893b4a6a607b4221a894bf861da7914e.r2.dev/900996322983088.mp4
carried-forward  900996322983088 c0  → https://pub-893b4a6a607b4221a894bf861da7914e.r2.dev/900996322983088.mp4
carried-forward  1519407696310883 c0  → https://pub-893b4a6a607b4221a894bf861da7914e.r2.dev/1519407696310883.mp4
carried-forward  1519407696310883 c0  → https://pub-893b4a6a607b4221a894bf861da7914e.r2.dev/1519407696310883.mp4
carried-forward  1489698239617285 c0  → https://pub-893b4a6a607b4221a894bf861da7914e.r2.dev/1489698239617285.mp4
carried-forward  1640381997050017 c0  → https://dcfd27564ef899969db9a562c7e1945f.r2.cloudflarestorage.com/1640381997050017.mp4
carried-forward  957788610045603 c0  → https://pub-893b4a6a607b4221a894bf861da7914e.r2.dev/957788610045603.mp4
carried-forward  862548079706780 c0  → https://dcfd27564ef899969db9a562c7e1945f.r2.cloudflarestorage.com/862548079706780.mp4
carried-forward  990957277064981 c0  → https://dcfd27564ef899969db9a562c7e1945f.r2.cloudflarestorage.com/990957277064981.mp4
video-missing    990957277064981 c0  (expected file not found in facebook/videos/mysivi-2026-06-12)
carried-forward  1279713767692486 c0  → https://pub-893b4a6a607b4221a894bf861da7914e.r2.dev/1279713767692486.mp4
carried-forward  1279713767692486 c0  → https://pub-893b4a6a607b4221a894bf861da7914e.r2.dev/1279713767692486.mp4
carried-forward  1650055542580076 c0  → https://pub-893b4a6a607b4221a894bf861da7914e.r2.dev/1650055542580076.mp4
carried-forward  896370286784868 c0  → https://pub-893b4a6a607b4221a894bf861da7914e.r2.dev/896370286784868.mp4
carried-forward  896370286784868 c0  → https://pub-893b4a6a607b4221a894bf861da7914e.r2.dev/896370286784868.mp4
carried-forward  1945990252717139 c0  → https://pub-893b4a6a607b4221a894bf861da7914e.r2.dev/1945990252717139.mp4
carried-forward  1945990252717139 c0  → https://pub-893b4a6a607b4221a894bf861da7914e.r2.dev/1945990252717139.mp4
carried-forward  1036584785402285 c0  → https://pub-893b4a6a607b4221a894bf861da7914e.r2.dev/1036584785402285.mp4
carried-forward  1487582089569840 c0  → https://pub-893b4a6a607b4221a894bf861da7914e.r2.dev/1487582089569840.mp4
carried-forward  2811319042547435 c0  → https://pub-893b4a6a607b4221a894bf861da7914e.r2.dev/2811319042547435.mp4
carried-forward  1426019572856130 c0  → https://pub-893b4a6a607b4221a894bf861da7914e.r2.dev/1426019572856130.mp4
carried-forward  1426019572856130 c0  → https://pub-893b4a6a607b4221a894bf861da7914e.r2.dev/1426019572856130.mp4
carried-forward  27857383140528183 c0  → https://pub-893b4a6a607b4221a894bf861da7914e.r2.dev/27857383140528183.mp4
carried-forward  27857383140528183 c0  → https://pub-893b4a6a607b4221a894bf861da7914e.r2.dev/27857383140528183.mp4
carried-forward  1491104619093475 c0  → https://pub-893b4a6a607b4221a894bf861da7914e.r2.dev/1491104619093475.mp4
carried-forward  1563401251429096 c0  → https://pub-893b4a6a607b4221a894bf861da7914e.r2.dev/1563401251429096.mp4
carried-forward  2074065876709578 c0  → https://pub-893b4a6a607b4221a894bf861da7914e.r2.dev/2074065876709578.mp4
carried-forward  2074065876709578 c0  → https://pub-893b4a6a607b4221a894bf861da7914e.r2.dev/2074065876709578.mp4
carried-forward  800270126006456 c0  → https://pub-893b4a6a607b4221a894bf861da7914e.r2.dev/800270126006456.mp4
carried-forward  800270126006456 c0  → https://pub-893b4a6a607b4221a894bf861da7914e.r2.dev/800270126006456.mp4
carried-forward  920107747234392 c0  → https://pub-893b4a6a607b4221a894bf861da7914e.r2.dev/920107747234392.mp4
carried-forward  920107747234392 c0  → https://pub-893b4a6a607b4221a894bf861da7914e.r2.dev/920107747234392.mp4
carried-forward  920107747234392 c0  → https://pub-893b4a6a607b4221a894bf861da7914e.r2.dev/920107747234392.mp4
carried-forward  920107747234392 c0  → https://pub-893b4a6a607b4221a894bf861da7914e.r2.dev/920107747234392.mp4
carried-forward  920107747234392 c0  → https://pub-893b4a6a607b4221a894bf861da7914e.r2.dev/920107747234392.mp4
carried-forward  2022432844996505 c0  → https://pub-893b4a6a607b4221a894bf861da7914e.r2.dev/2022432844996505.mp4
carried-forward  2022432844996505 c0  → https://pub-893b4a6a607b4221a894bf861da7914e.r2.dev/2022432844996505.mp4
carried-forward  1268633278781006 c0  → https://pub-893b4a6a607b4221a894bf861da7914e.r2.dev/1268633278781006.mp4
carried-forward  1268633278781006 c0  → https://pub-893b4a6a607b4221a894bf861da7914e.r2.dev/1268633278781006.mp4
carried-forward  1500440954766383 c0  → https://pub-893b4a6a607b4221a894bf861da7914e.r2.dev/1500440954766383.mp4
uploaded         1489985036189726 c0  (video) ← 1489985036189726.mp4  → https://dcfd27564ef899969db9a562c7e1945f.r2.cloudflarestorage.com/1489985036189726.mp4
video-missing    1489985036189726 c0  (expected file not found in facebook/videos/mysivi-2026-06-12)
carried-forward  36026325717014917 c0  → https://pub-893b4a6a607b4221a894bf861da7914e.r2.dev/36026325717014917.mp4
carried-forward  1967730397468922 c0  → https://pub-893b4a6a607b4221a894bf861da7914e.r2.dev/1967730397468922.mp4
carried-forward  1967730397468922 c0  → https://pub-893b4a6a607b4221a894bf861da7914e.r2.dev/1967730397468922.mp4
carried-forward  1011678297893214 c0  → https://pub-893b4a6a607b4221a894bf861da7914e.r2.dev/1011678297893214.mp4
carried-forward  1011678297893214 c0  → https://pub-893b4a6a607b4221a894bf861da7914e.r2.dev/1011678297893214.mp4
carried-forward  1004328432340165 c0  → https://dcfd27564ef899969db9a562c7e1945f.r2.cloudflarestorage.com/1004328432340165.mp4
video-missing    1004328432340165 c0  (expected file not found in facebook/videos/mysivi-2026-06-12)
carried-forward  1334520321876231 c0  → https://pub-893b4a6a607b4221a894bf861da7914e.r2.dev/1334520321876231.mp4
carried-forward  1334520321876231 c0  → https://pub-893b4a6a607b4221a894bf861da7914e.r2.dev/1334520321876231.mp4
carried-forward  2949806511886806 c0  → https://pub-893b4a6a607b4221a894bf861da7914e.r2.dev/2949806511886806.mp4
carried-forward  3256073471238491 c0  → https://pub-893b4a6a607b4221a894bf861da7914e.r2.dev/3256073471238491.mp4
carried-forward  3256073471238491 c0  → https://pub-893b4a6a607b4221a894bf861da7914e.r2.dev/3256073471238491.mp4
carried-forward  3256073471238491 c0  → https://pub-893b4a6a607b4221a894bf861da7914e.r2.dev/3256073471238491.mp4
carried-forward  3256073471238491 c0  → https://pub-893b4a6a607b4221a894bf861da7914e.r2.dev/3256073471238491.mp4
carried-forward  1481711833647092 c0  → https://pub-893b4a6a607b4221a894bf861da7914e.r2.dev/1481711833647092.mp4
carried-forward  1481711833647092 c0  → https://pub-893b4a6a607b4221a894bf861da7914e.r2.dev/1481711833647092.mp4
carried-forward  1488277815957869 c0  → https://pub-893b4a6a607b4221a894bf861da7914e.r2.dev/1488277815957869.mp4
carried-forward  4441412029519259 c0  → https://pub-893b4a6a607b4221a894bf861da7914e.r2.dev/4441412029519259.mp4
carried-forward  4441412029519259 c0  → https://pub-893b4a6a607b4221a894bf861da7914e.r2.dev/4441412029519259.mp4
carried-forward  1469654061103002 c0  → https://pub-893b4a6a607b4221a894bf861da7914e.r2.dev/1469654061103002.mp4
carried-forward  1469654061103002 c0  → https://pub-893b4a6a607b4221a894bf861da7914e.r2.dev/1469654061103002.mp4
carried-forward  924032526923654 c0  → https://pub-893b4a6a607b4221a894bf861da7914e.r2.dev/924032526923654.mp4
carried-forward  2791879697846410 c0  → https://pub-893b4a6a607b4221a894bf861da7914e.r2.dev/2791879697846410.mp4
carried-forward  1519183813092055 c0  → https://pub-893b4a6a607b4221a894bf861da7914e.r2.dev/1519183813092055.mp4
carried-forward  1519183813092055 c0  → https://pub-893b4a6a607b4221a894bf861da7914e.r2.dev/1519183813092055.mp4
carried-forward  1519183813092055 c0  → https://pub-893b4a6a607b4221a894bf861da7914e.r2.dev/1519183813092055.mp4
carried-forward  948714514431596 c0  → https://pub-893b4a6a607b4221a894bf861da7914e.r2.dev/948714514431596.mp4
carried-forward  948714514431596 c0  → https://pub-893b4a6a607b4221a894bf861da7914e.r2.dev/948714514431596.mp4
carried-forward  4417370535206792 c0  → https://pub-893b4a6a607b4221a894bf861da7914e.r2.dev/4417370535206792.mp4
carried-forward  2202697953874551 c0  → https://pub-893b4a6a607b4221a894bf861da7914e.r2.dev/2202697953874551.mp4
video-missing    2202697953874551 c0  (expected file not found in facebook/videos/mysivi-2026-06-12)
carried-forward  1309732577713094 c0  → https://pub-893b4a6a607b4221a894bf861da7914e.r2.dev/1309732577713094.mp4
carried-forward  1309732577713094 c0  → https://pub-893b4a6a607b4221a894bf861da7914e.r2.dev/1309732577713094.mp4
carried-forward  1489528902711053 c0  → https://pub-893b4a6a607b4221a894bf861da7914e.r2.dev/1489528902711053.mp4
carried-forward  1257810376436956 c0  → https://pub-893b4a6a607b4221a894bf861da7914e.r2.dev/1257810376436956.mp4
carried-forward  1257810376436956 c0  → https://pub-893b4a6a607b4221a894bf861da7914e.r2.dev/1257810376436956.mp4
carried-forward  910782815316789 c0  → https://pub-893b4a6a607b4221a894bf861da7914e.r2.dev/910782815316789.mp4
carried-forward  1326779202838738 c0  → https://pub-893b4a6a607b4221a894bf861da7914e.r2.dev/1326779202838738.mp4
carried-forward  1845837336078860 c0  → https://pub-893b4a6a607b4221a894bf861da7914e.r2.dev/1845837336078860.mp4
carried-forward  942686628450568 c0  → https://pub-893b4a6a607b4221a894bf861da7914e.r2.dev/942686628450568.mp4
carried-forward  850485390656030 c0  → https://pub-893b4a6a607b4221a894bf861da7914e.r2.dev/850485390656030.mp4
carried-forward  850485390656030 c0  → https://pub-893b4a6a607b4221a894bf861da7914e.r2.dev/850485390656030.mp4
carried-forward  1449797707082254 c0  → https://pub-893b4a6a607b4221a894bf861da7914e.r2.dev/1449797707082254.mp4
carried-forward  1320611019512097 c0  → https://pub-893b4a6a607b4221a894bf861da7914e.r2.dev/1320611019512097.mp4
carried-forward  2068717307413498 c0  → https://pub-893b4a6a607b4221a894bf861da7914e.r2.dev/2068717307413498.mp4
carried-forward  2068717307413498 c0  → https://pub-893b4a6a607b4221a894bf861da7914e.r2.dev/2068717307413498.mp4
carried-forward  2068717307413498 c0  → https://pub-893b4a6a607b4221a894bf861da7914e.r2.dev/2068717307413498.mp4
carried-forward  4114467625363486 c0  → https://pub-893b4a6a607b4221a894bf861da7914e.r2.dev/4114467625363486.mp4
carried-forward  4318989495033729 c0  → https://pub-893b4a6a607b4221a894bf861da7914e.r2.dev/4318989495033729.mp4
carried-forward  1483474123320143 c0  → https://pub-893b4a6a607b4221a894bf861da7914e.r2.dev/1483474123320143.mp4
carried-forward  1483474123320143 c0  → https://pub-893b4a6a607b4221a894bf861da7914e.r2.dev/1483474123320143.mp4
carried-forward  4507442786240623 c0  → https://pub-893b4a6a607b4221a894bf861da7914e.r2.dev/4507442786240623.mp4
carried-forward  1632329607836948 c0  → https://dcfd27564ef899969db9a562c7e1945f.r2.cloudflarestorage.com/1632329607836948.mp4
carried-forward  1353281539974463 c0  → https://pub-893b4a6a607b4221a894bf861da7914e.r2.dev/1353281539974463.mp4
carried-forward  894735813644044 c0  → https://dcfd27564ef899969db9a562c7e1945f.r2.cloudflarestorage.com/894735813644044.mp4
carried-forward  796741819912167 c0  → https://pub-893b4a6a607b4221a894bf861da7914e.r2.dev/796741819912167.mp4
carried-forward  796741819912167 c0  → https://pub-893b4a6a607b4221a894bf861da7914e.r2.dev/796741819912167.mp4
carried-forward  1244249980815352 c0  → https://pub-893b4a6a607b4221a894bf861da7914e.r2.dev/1244249980815352.mp4
carried-forward  1244249980815352 c0  → https://pub-893b4a6a607b4221a894bf861da7914e.r2.dev/1244249980815352.mp4
carried-forward  1676742056654769 c0  → https://pub-893b4a6a607b4221a894bf861da7914e.r2.dev/1676742056654769.mp4
carried-forward  1676742056654769 c0  → https://pub-893b4a6a607b4221a894bf861da7914e.r2.dev/1676742056654769.mp4
carried-forward  1268071498810975 c0  → https://pub-893b4a6a607b4221a894bf861da7914e.r2.dev/1268071498810975.mp4
carried-forward  1268071498810975 c0  → https://pub-893b4a6a607b4221a894bf861da7914e.r2.dev/1268071498810975.mp4
carried-forward  984780324005175 c0  → https://pub-893b4a6a607b4221a894bf861da7914e.r2.dev/984780324005175.mp4
carried-forward  1353854373327103 c0  → https://dcfd27564ef899969db9a562c7e1945f.r2.cloudflarestorage.com/1353854373327103.mp4
carried-forward  799742366537014 c0  → https://pub-893b4a6a607b4221a894bf861da7914e.r2.dev/799742366537014.mp4
carried-forward  4309710132600481 c0  → https://pub-893b4a6a607b4221a894bf861da7914e.r2.dev/4309710132600481.mp4
carried-forward  4309710132600481 c0  → https://pub-893b4a6a607b4221a894bf861da7914e.r2.dev/4309710132600481.mp4
carried-forward  2802423913468003 c0  → https://pub-893b4a6a607b4221a894bf861da7914e.r2.dev/2802423913468003.mp4
carried-forward  2802423913468003 c0  → https://pub-893b4a6a607b4221a894bf861da7914e.r2.dev/2802423913468003.mp4
carried-forward  944621461452164 c0  → https://pub-893b4a6a607b4221a894bf861da7914e.r2.dev/944621461452164.mp4
carried-forward  944621461452164 c0  → https://pub-893b4a6a607b4221a894bf861da7914e.r2.dev/944621461452164.mp4
uploaded         1294567352842633 c0  (video) ← 1294567352842633.mp4  → https://dcfd27564ef899969db9a562c7e1945f.r2.cloudflarestorage.com/1294567352842633.mp4
carried-forward  1457538572341789 c0  → https://pub-893b4a6a607b4221a894bf861da7914e.r2.dev/1457538572341789.mp4
carried-forward  966883769424056 c0  → https://pub-893b4a6a607b4221a894bf861da7914e.r2.dev/966883769424056.mp4
carried-forward  966883769424056 c0  → https://pub-893b4a6a607b4221a894bf861da7914e.r2.dev/966883769424056.mp4
uploaded         1348520607253545 c0  (video) ← 1348520607253545.mp4  → https://dcfd27564ef899969db9a562c7e1945f.r2.cloudflarestorage.com/1348520607253545.mp4
uploaded         1376637621181982 c0  (video) ← 1376637621181982.mp4  → https://dcfd27564ef899969db9a562c7e1945f.r2.cloudflarestorage.com/1376637621181982.mp4
uploaded         1688091312420128 c0  (video) ← 1688091312420128.mp4  → https://dcfd27564ef899969db9a562c7e1945f.r2.cloudflarestorage.com/1688091312420128.mp4
carried-forward  979397958248683 c0  → https://pub-893b4a6a607b4221a894bf861da7914e.r2.dev/979397958248683.mp4
carried-forward  972740062202300 c0  → https://pub-893b4a6a607b4221a894bf861da7914e.r2.dev/972740062202300.mp4
carried-forward  25887546494216031 c0  → https://pub-893b4a6a607b4221a894bf861da7914e.r2.dev/25887546494216031.mp4
carried-forward  1706914207334653 c0  → https://pub-893b4a6a607b4221a894bf861da7914e.r2.dev/1706914207334653.mp4
carried-forward  1228215292748737 c0  → https://pub-893b4a6a607b4221a894bf861da7914e.r2.dev/1228215292748737.mp4
carried-forward  892399700479760 c0  → https://pub-893b4a6a607b4221a894bf861da7914e.r2.dev/892399700479760.mp4
carried-forward  892399700479760 c0  → https://pub-893b4a6a607b4221a894bf861da7914e.r2.dev/892399700479760.mp4
carried-forward  1025418433476462 c0  → https://pub-893b4a6a607b4221a894bf861da7914e.r2.dev/1025418433476462.mp4
carried-forward  970702658955414 c0  → https://pub-893b4a6a607b4221a894bf861da7914e.r2.dev/970702658955414.mp4
carried-forward  920684857670148 c0  → https://pub-893b4a6a607b4221a894bf861da7914e.r2.dev/920684857670148.mp4
carried-forward  1629675654924775 c0  → https://pub-893b4a6a607b4221a894bf861da7914e.r2.dev/1629675654924775.mp4
carried-forward  1257639629903436 c0  → https://pub-893b4a6a607b4221a894bf861da7914e.r2.dev/1257639629903436.mp4
carried-forward  2094624967986267 c0  → https://pub-893b4a6a607b4221a894bf861da7914e.r2.dev/2094624967986267.mp4
carried-forward  1677552406571209 c0  → https://pub-893b4a6a607b4221a894bf861da7914e.r2.dev/1677552406571209.mp4
carried-forward  928550653256515 c0  → https://pub-893b4a6a607b4221a894bf861da7914e.r2.dev/928550653256515.mp4
carried-forward  1660631924974339 c0  → https://pub-893b4a6a607b4221a894bf861da7914e.r2.dev/1660631924974339.mp4
carried-forward  979626977901900 c0  → https://pub-893b4a6a607b4221a894bf861da7914e.r2.dev/979626977901900.mp4
carried-forward  1458602939352865 c0  → https://pub-893b4a6a607b4221a894bf861da7914e.r2.dev/1458602939352865.mp4
carried-forward  946578058140761 c0  → https://pub-893b4a6a607b4221a894bf861da7914e.r2.dev/946578058140761.mp4
carried-forward  946578058140761 c0  → https://pub-893b4a6a607b4221a894bf861da7914e.r2.dev/946578058140761.mp4
carried-forward  815777861234969 c0  → https://pub-893b4a6a607b4221a894bf861da7914e.r2.dev/815777861234969.mp4
carried-forward  1280146903794468 c0  → https://pub-893b4a6a607b4221a894bf861da7914e.r2.dev/1280146903794468.mp4
carried-forward  4216193448647693 c0  → https://pub-893b4a6a607b4221a894bf861da7914e.r2.dev/4216193448647693.mp4
carried-forward  2154159342046433 c0  → https://pub-893b4a6a607b4221a894bf861da7914e.r2.dev/2154159342046433.mp4
carried-forward  2154159342046433 c0  → https://pub-893b4a6a607b4221a894bf861da7914e.r2.dev/2154159342046433.mp4
carried-forward  2701220936928037 c0  → https://pub-893b4a6a607b4221a894bf861da7914e.r2.dev/2701220936928037.mp4
carried-forward  2701220936928037 c0  → https://pub-893b4a6a607b4221a894bf861da7914e.r2.dev/2701220936928037.mp4
carried-forward  960123896753761 c0  → https://pub-893b4a6a607b4221a894bf861da7914e.r2.dev/960123896753761.mp4
carried-forward  1686679699000031 c0  → https://pub-893b4a6a607b4221a894bf861da7914e.r2.dev/1686679699000031.mp4
carried-forward  1592044018737354 c0  → https://pub-893b4a6a607b4221a894bf861da7914e.r2.dev/1592044018737354.mp4
carried-forward  1592044018737354 c0  → https://pub-893b4a6a607b4221a894bf861da7914e.r2.dev/1592044018737354.mp4
carried-forward  1592044018737354 c0  → https://pub-893b4a6a607b4221a894bf861da7914e.r2.dev/1592044018737354.mp4
carried-forward  1292619755641005 c0  → https://pub-893b4a6a607b4221a894bf861da7914e.r2.dev/1292619755641005.mp4
carried-forward  1979317382961809 c0  → https://pub-893b4a6a607b4221a894bf861da7914e.r2.dev/1979317382961809.mp4
carried-forward  1643092743565496 c0  → https://pub-893b4a6a607b4221a894bf861da7914e.r2.dev/1643092743565496.mp4
carried-forward  1643092743565496 c0  → https://pub-893b4a6a607b4221a894bf861da7914e.r2.dev/1643092743565496.mp4
carried-forward  1652974085821089 c0  → https://pub-893b4a6a607b4221a894bf861da7914e.r2.dev/1652974085821089.mp4
carried-forward  755788270889411 c0  → https://pub-893b4a6a607b4221a894bf861da7914e.r2.dev/755788270889411.mp4
carried-forward  1897474770928730 c0  → https://pub-893b4a6a607b4221a894bf861da7914e.r2.dev/1897474770928730.mp4
carried-forward  876285282244370 c0  → https://pub-893b4a6a607b4221a894bf861da7914e.r2.dev/876285282244370.mp4
carried-forward  920193407589752 c0  → https://pub-893b4a6a607b4221a894bf861da7914e.r2.dev/920193407589752.mp4
carried-forward  960381926780829 c0  → https://pub-893b4a6a607b4221a894bf861da7914e.r2.dev/960381926780829.mp4
carried-forward  960381926780829 c0  → https://pub-893b4a6a607b4221a894bf861da7914e.r2.dev/960381926780829.mp4
carried-forward  4500291830191736 c0  → https://pub-893b4a6a607b4221a894bf861da7914e.r2.dev/4500291830191736.mp4
carried-forward  986710711203181 c0  → https://pub-893b4a6a607b4221a894bf861da7914e.r2.dev/986710711203181.mp4
carried-forward  986710711203181 c0  → https://pub-893b4a6a607b4221a894bf861da7914e.r2.dev/986710711203181.mp4
carried-forward  26342476628786885 c0  → https://pub-893b4a6a607b4221a894bf861da7914e.r2.dev/26342476628786885.mp4
carried-forward  979450941709260 c0  → https://pub-893b4a6a607b4221a894bf861da7914e.r2.dev/979450941709260.mp4
carried-forward  955990643908718 c0  → https://pub-893b4a6a607b4221a894bf861da7914e.r2.dev/955990643908718.mp4
carried-forward  1124450573189262 c0  → https://pub-893b4a6a607b4221a894bf861da7914e.r2.dev/1124450573189262.mp4
carried-forward  26670396275954443 c0  → https://pub-893b4a6a607b4221a894bf861da7914e.r2.dev/26670396275954443.mp4
carried-forward  1648971856222147 c0  → https://pub-893b4a6a607b4221a894bf861da7914e.r2.dev/1648971856222147.mp4
carried-forward  1648971856222147 c0  → https://pub-893b4a6a607b4221a894bf861da7914e.r2.dev/1648971856222147.mp4
carried-forward  1648971856222147 c0  → https://pub-893b4a6a607b4221a894bf861da7914e.r2.dev/1648971856222147.mp4
carried-forward  1447730720180243 c0  → https://pub-893b4a6a607b4221a894bf861da7914e.r2.dev/1447730720180243.mp4
carried-forward  961036996847414 c0  → https://pub-893b4a6a607b4221a894bf861da7914e.r2.dev/961036996847414.mp4
carried-forward  4641390749474437 c0  → https://pub-893b4a6a607b4221a894bf861da7914e.r2.dev/4641390749474437.mp4
carried-forward  26706862572348492 c0  → https://dcfd27564ef899969db9a562c7e1945f.r2.cloudflarestorage.com/26706862572348492.mp4
video-missing    26706862572348492 c0  (expected file not found in facebook/videos/mysivi-2026-06-12)
carried-forward  2505171623253330 c0  → https://pub-893b4a6a607b4221a894bf861da7914e.r2.dev/2505171623253330.mp4
carried-forward  869097026219993 c0  → https://pub-893b4a6a607b4221a894bf861da7914e.r2.dev/869097026219993.mp4
carried-forward  869097026219993 c0  → https://pub-893b4a6a607b4221a894bf861da7914e.r2.dev/869097026219993.mp4
carried-forward  869097026219993 c0  → https://pub-893b4a6a607b4221a894bf861da7914e.r2.dev/869097026219993.mp4
carried-forward  1679656313349867 c0  → https://pub-893b4a6a607b4221a894bf861da7914e.r2.dev/1679656313349867.mp4
carried-forward  876595381443358 c0  → https://pub-893b4a6a607b4221a894bf861da7914e.r2.dev/876595381443358.mp4
carried-forward  876595381443358 c0  → https://pub-893b4a6a607b4221a894bf861da7914e.r2.dev/876595381443358.mp4
carried-forward  876595381443358 c0  → https://pub-893b4a6a607b4221a894bf861da7914e.r2.dev/876595381443358.mp4
carried-forward  876595381443358 c0  → https://pub-893b4a6a607b4221a894bf861da7914e.r2.dev/876595381443358.mp4
carried-forward  876595381443358 c0  → https://pub-893b4a6a607b4221a894bf861da7914e.r2.dev/876595381443358.mp4
carried-forward  876595381443358 c0  → https://pub-893b4a6a607b4221a894bf861da7914e.r2.dev/876595381443358.mp4
carried-forward  1115265437463707 c0  → https://pub-893b4a6a607b4221a894bf861da7914e.r2.dev/1115265437463707.mp4
carried-forward  967686042515582 c0  → https://pub-893b4a6a607b4221a894bf861da7914e.r2.dev/967686042515582.mp4
carried-forward  945070185072288 c0  → https://pub-893b4a6a607b4221a894bf861da7914e.r2.dev/945070185072288.mp4
carried-forward  2012642789330329 c0  → https://pub-893b4a6a607b4221a894bf861da7914e.r2.dev/2012642789330329.mp4
carried-forward  1285376607017338 c0  → https://pub-893b4a6a607b4221a894bf861da7914e.r2.dev/1285376607017338.mp4
carried-forward  1632918904659828 c0  → https://pub-893b4a6a607b4221a894bf861da7914e.r2.dev/1632918904659828.mp4
carried-forward  1632918904659828 c0  → https://pub-893b4a6a607b4221a894bf861da7914e.r2.dev/1632918904659828.mp4
carried-forward  1714158716684403 c0  → https://pub-893b4a6a607b4221a894bf861da7914e.r2.dev/1714158716684403.mp4
carried-forward  1714158716684403 c0  → https://pub-893b4a6a607b4221a894bf861da7914e.r2.dev/1714158716684403.mp4
carried-forward  1714158716684403 c0  → https://pub-893b4a6a607b4221a894bf861da7914e.r2.dev/1714158716684403.mp4
carried-forward  974150594960208 c0  → https://pub-893b4a6a607b4221a894bf861da7914e.r2.dev/974150594960208.mp4
carried-forward  840908545727210 c0  → https://pub-893b4a6a607b4221a894bf861da7914e.r2.dev/840908545727210.mp4
carried-forward  840908545727210 c0  → https://pub-893b4a6a607b4221a894bf861da7914e.r2.dev/840908545727210.mp4
carried-forward  2204353180393978 c0  → https://pub-893b4a6a607b4221a894bf861da7914e.r2.dev/2204353180393978.mp4
carried-forward  1618813365848433 c0  → https://pub-893b4a6a607b4221a894bf861da7914e.r2.dev/1618813365848433.mp4
carried-forward  4211823889130191 c0  → https://pub-893b4a6a607b4221a894bf861da7914e.r2.dev/4211823889130191.mp4
carried-forward  4211823889130191 c0  → https://pub-893b4a6a607b4221a894bf861da7914e.r2.dev/4211823889130191.mp4
carried-forward  1357559996224113 c0  → https://pub-893b4a6a607b4221a894bf861da7914e.r2.dev/1357559996224113.mp4
carried-forward  1510521857442967 c0  → https://pub-893b4a6a607b4221a894bf861da7914e.r2.dev/1510521857442967.mp4
carried-forward  821984804005150 c0  → https://pub-893b4a6a607b4221a894bf861da7914e.r2.dev/821984804005150.mp4
carried-forward  957532570497814 c0  → https://pub-893b4a6a607b4221a894bf861da7914e.r2.dev/957532570497814.mp4
carried-forward  1605300637184266 c0  → https://pub-893b4a6a607b4221a894bf861da7914e.r2.dev/1605300637184266.mp4
carried-forward  1594691094930621 c0  → https://pub-893b4a6a607b4221a894bf861da7914e.r2.dev/1594691094930621.mp4
carried-forward  1594691094930621 c0  → https://pub-893b4a6a607b4221a894bf861da7914e.r2.dev/1594691094930621.mp4
carried-forward  1594691094930621 c0  → https://pub-893b4a6a607b4221a894bf861da7914e.r2.dev/1594691094930621.mp4
carried-forward  1293320999431833 c0  → https://pub-893b4a6a607b4221a894bf861da7914e.r2.dev/1293320999431833.mp4
carried-forward  2220176722113512 c0  → https://pub-893b4a6a607b4221a894bf861da7914e.r2.dev/2220176722113512.mp4
carried-forward  1204258391720574 c0  → https://pub-893b4a6a607b4221a894bf861da7914e.r2.dev/1204258391720574.mp4
carried-forward  1204258391720574 c0  → https://pub-893b4a6a607b4221a894bf861da7914e.r2.dev/1204258391720574.mp4
carried-forward  1204258391720574 c0  → https://pub-893b4a6a607b4221a894bf861da7914e.r2.dev/1204258391720574.mp4
carried-forward  2909101879460289 c0  → https://pub-893b4a6a607b4221a894bf861da7914e.r2.dev/2909101879460289.mp4
carried-forward  2536968253428776 c0  → https://pub-893b4a6a607b4221a894bf861da7914e.r2.dev/2536968253428776.mp4
carried-forward  2536968253428776 c0  → https://pub-893b4a6a607b4221a894bf861da7914e.r2.dev/2536968253428776.mp4
carried-forward  930019113406036 c0  → https://pub-893b4a6a607b4221a894bf861da7914e.r2.dev/930019113406036.mp4
carried-forward  1251420677073716 c0  → https://pub-893b4a6a607b4221a894bf861da7914e.r2.dev/1251420677073716.mp4
carried-forward  981223431511398 c0  → https://pub-893b4a6a607b4221a894bf861da7914e.r2.dev/981223431511398.mp4
carried-forward  1515067203533260 c0  → https://pub-893b4a6a607b4221a894bf861da7914e.r2.dev/1515067203533260.mp4
carried-forward  1928379848037642 c0  → https://pub-893b4a6a607b4221a894bf861da7914e.r2.dev/1928379848037642.mp4
carried-forward  26591956137093279 c0  → https://pub-893b4a6a607b4221a894bf861da7914e.r2.dev/26591956137093279.mp4
carried-forward  26591956137093279 c0  → https://pub-893b4a6a607b4221a894bf861da7914e.r2.dev/26591956137093279.mp4
carried-forward  888667267562500 c0  → https://pub-893b4a6a607b4221a894bf861da7914e.r2.dev/888667267562500.mp4
carried-forward  847053931175223 c0  → https://pub-893b4a6a607b4221a894bf861da7914e.r2.dev/847053931175223.mp4
carried-forward  1306231228368803 c0  → https://pub-893b4a6a607b4221a894bf861da7914e.r2.dev/1306231228368803.mp4
carried-forward  1280568334271585 c0  → https://pub-893b4a6a607b4221a894bf861da7914e.r2.dev/1280568334271585.mp4
carried-forward  1280568334271585 c0  → https://pub-893b4a6a607b4221a894bf861da7914e.r2.dev/1280568334271585.mp4
carried-forward  1539307817777791 c0  → https://pub-893b4a6a607b4221a894bf861da7914e.r2.dev/1539307817777791.mp4
carried-forward  1293550505557455 c0  → https://pub-893b4a6a607b4221a894bf861da7914e.r2.dev/1293550505557455.mp4
carried-forward  2269969620499402 c0  → https://pub-893b4a6a607b4221a894bf861da7914e.r2.dev/2269969620499402.mp4
carried-forward  807614085565502 c0  → https://pub-893b4a6a607b4221a894bf861da7914e.r2.dev/807614085565502.mp4
carried-forward  734480859685959 c0  → https://pub-893b4a6a607b4221a894bf861da7914e.r2.dev/734480859685959.mp4
carried-forward  1505238367859240 c0  → https://pub-893b4a6a607b4221a894bf861da7914e.r2.dev/1505238367859240.mp4
carried-forward  1510029493813221 c0  → https://pub-893b4a6a607b4221a894bf861da7914e.r2.dev/1510029493813221.mp4
carried-forward  1284301350495944 c0  → https://pub-893b4a6a607b4221a894bf861da7914e.r2.dev/1284301350495944.mp4
carried-forward  1676825953767096 c0  → https://pub-893b4a6a607b4221a894bf861da7914e.r2.dev/1676825953767096.mp4
carried-forward  1685365425953446 c0  → https://pub-893b4a6a607b4221a894bf861da7914e.r2.dev/1685365425953446.mp4
carried-forward  959872013301221 c0  → https://pub-893b4a6a607b4221a894bf861da7914e.r2.dev/959872013301221.mp4
carried-forward  1333116955395722 c0  → https://pub-893b4a6a607b4221a894bf861da7914e.r2.dev/1333116955395722.mp4
carried-forward  717491314754581 c0  → https://pub-893b4a6a607b4221a894bf861da7914e.r2.dev/717491314754581.mp4
carried-forward  3468765959958942 c0  → https://pub-893b4a6a607b4221a894bf861da7914e.r2.dev/3468765959958942.mp4
carried-forward  992457370127075 c0  → https://pub-893b4a6a607b4221a894bf861da7914e.r2.dev/992457370127075.mp4
carried-forward  925449443638704 c0  → https://pub-893b4a6a607b4221a894bf861da7914e.r2.dev/925449443638704.mp4
carried-forward  2149180252598588 c0  → https://pub-893b4a6a607b4221a894bf861da7914e.r2.dev/2149180252598588.mp4
carried-forward  2282035235538969 c0  → https://pub-893b4a6a607b4221a894bf861da7914e.r2.dev/2282035235538969.mp4
carried-forward  3170929749745269 c0  → https://pub-893b4a6a607b4221a894bf861da7914e.r2.dev/3170929749745269.mp4
carried-forward  2903421953330894 c0  → https://pub-893b4a6a607b4221a894bf861da7914e.r2.dev/2903421953330894.mp4
carried-forward  1176164031259480 c0  → https://pub-893b4a6a607b4221a894bf861da7914e.r2.dev/1176164031259480.mp4
carried-forward  1441837924379258 c0  → https://pub-893b4a6a607b4221a894bf861da7914e.r2.dev/1441837924379258.mp4
video-missing    1441837924379258 c0  (expected file not found in facebook/videos/mysivi-2026-06-12)
video-missing    1441837924379258 c0  (expected file not found in facebook/videos/mysivi-2026-06-12)
video-missing    1441837924379258 c0  (expected file not found in facebook/videos/mysivi-2026-06-12)
carried-forward  2479659245833705 c0  → https://pub-893b4a6a607b4221a894bf861da7914e.r2.dev/2479659245833705.mp4
carried-forward  1984310748856010 c0  → https://pub-893b4a6a607b4221a894bf861da7914e.r2.dev/1984310748856010.mp4
carried-forward  963998116611419 c0  → https://pub-893b4a6a607b4221a894bf861da7914e.r2.dev/963998116611419.mp4
carried-forward  966215432889068 c0  → https://pub-893b4a6a607b4221a894bf861da7914e.r2.dev/966215432889068.mp4
carried-forward  1296087632102451 c0  → https://pub-893b4a6a607b4221a894bf861da7914e.r2.dev/1296087632102451.mp4
carried-forward  2250238389116857 c0  → https://pub-893b4a6a607b4221a894bf861da7914e.r2.dev/2250238389116857.mp4
carried-forward  1237252241877883 c0  → https://pub-893b4a6a607b4221a894bf861da7914e.r2.dev/1237252241877883.mp4
carried-forward  1976761133717281 c0  → https://pub-893b4a6a607b4221a894bf861da7914e.r2.dev/1976761133717281.mp4
carried-forward  1466740917939266 c0  → https://pub-893b4a6a607b4221a894bf861da7914e.r2.dev/1466740917939266.mp4
carried-forward  999704205764793 c0  → https://dcfd27564ef899969db9a562c7e1945f.r2.cloudflarestorage.com/999704205764793.mp4
carried-forward  1655623609191725 c0  → https://pub-893b4a6a607b4221a894bf861da7914e.r2.dev/1655623609191725.mp4
carried-forward  1547555903540302 c0  → https://pub-893b4a6a607b4221a894bf861da7914e.r2.dev/1547555903540302.mp4
carried-forward  1495070945529416 c0  → https://pub-893b4a6a607b4221a894bf861da7914e.r2.dev/1495070945529416.mp4
carried-forward  2046992506702404 c0  → https://pub-893b4a6a607b4221a894bf861da7914e.r2.dev/2046992506702404.mp4
carried-forward  1779473963021054 c0  → https://pub-893b4a6a607b4221a894bf861da7914e.r2.dev/1779473963021054.mp4
carried-forward  1136463338572869 c0  → https://pub-893b4a6a607b4221a894bf861da7914e.r2.dev/1136463338572869.mp4
carried-forward  3387953328040082 c0  → https://pub-893b4a6a607b4221a894bf861da7914e.r2.dev/3387953328040082.mp4
carried-forward  1653137739166143 c0  → https://pub-893b4a6a607b4221a894bf861da7914e.r2.dev/1653137739166143.mp4
carried-forward  1653137739166143 c0  → https://pub-893b4a6a607b4221a894bf861da7914e.r2.dev/1653137739166143.mp4
carried-forward  1653137739166143 c0  → https://pub-893b4a6a607b4221a894bf861da7914e.r2.dev/1653137739166143.mp4
carried-forward  1087463254453365 c0  → https://pub-893b4a6a607b4221a894bf861da7914e.r2.dev/1087463254453365.mp4
carried-forward  1473242320615654 c0  → https://pub-893b4a6a607b4221a894bf861da7914e.r2.dev/1473242320615654.mp4
carried-forward  1514417556866116 c0  → https://pub-893b4a6a607b4221a894bf861da7914e.r2.dev/1514417556866116.mp4
carried-forward  1315308839934589 c0  → https://pub-893b4a6a607b4221a894bf861da7914e.r2.dev/1315308839934589.mp4
carried-forward  1604451180614858 c0  → https://pub-893b4a6a607b4221a894bf861da7914e.r2.dev/1604451180614858.mp4
carried-forward  1653722725817987 c0  → https://pub-893b4a6a607b4221a894bf861da7914e.r2.dev/1653722725817987.mp4
carried-forward  1488073576103618 c0  → https://pub-893b4a6a607b4221a894bf861da7914e.r2.dev/1488073576103618.mp4
carried-forward  26295031813516077 c0  → https://pub-893b4a6a607b4221a894bf861da7914e.r2.dev/26295031813516077.mp4
carried-forward  1464662801454982 c0  → https://pub-893b4a6a607b4221a894bf861da7914e.r2.dev/1464662801454982.mp4
carried-forward  1328959226036759 c0  → https://pub-893b4a6a607b4221a894bf861da7914e.r2.dev/1328959226036759.mp4
carried-forward  1221948466595673 c0  → https://pub-893b4a6a607b4221a894bf861da7914e.r2.dev/1221948466595673.mp4
carried-forward  2037303586855288 c0  → https://pub-893b4a6a607b4221a894bf861da7914e.r2.dev/2037303586855288.mp4
carried-forward  2064409367758999 c0  → https://pub-893b4a6a607b4221a894bf861da7914e.r2.dev/2064409367758999.mp4
carried-forward  2010892052833632 c0  → https://pub-893b4a6a607b4221a894bf861da7914e.r2.dev/2010892052833632.mp4
carried-forward  1495057108934221 c0  → https://pub-893b4a6a607b4221a894bf861da7914e.r2.dev/1495057108934221.mp4
carried-forward  1015907504329532 c0  → https://pub-893b4a6a607b4221a894bf861da7914e.r2.dev/1015907504329532.mp4
carried-forward  1261771975661596 c0  → https://pub-893b4a6a607b4221a894bf861da7914e.r2.dev/1261771975661596.mp4
image-pending    988304977213852 c0  (HANDOVER §8.5 — image handling not yet built)
carried-forward  1701651697935230 c0  → https://pub-893b4a6a607b4221a894bf861da7914e.r2.dev/1701651697935230.mp4
carried-forward  1506950921002125 c0  → https://pub-893b4a6a607b4221a894bf861da7914e.r2.dev/1506950921002125.mp4
carried-forward  1270866117980436 c0  → https://pub-893b4a6a607b4221a894bf861da7914e.r2.dev/1270866117980436.mp4
carried-forward  1013466967686150 c0  → https://pub-893b4a6a607b4221a894bf861da7914e.r2.dev/1013466967686150.mp4
carried-forward  1685447422464956 c0  → https://pub-893b4a6a607b4221a894bf861da7914e.r2.dev/1685447422464956.mp4
carried-forward  1959256218044145 c0  → https://pub-893b4a6a607b4221a894bf861da7914e.r2.dev/1959256218044145.mp4
carried-forward  894479153624093 c0  → https://pub-893b4a6a607b4221a894bf861da7914e.r2.dev/894479153624093.mp4
carried-forward  881727308209965 c0  → https://pub-893b4a6a607b4221a894bf861da7914e.r2.dev/881727308209965.mp4
carried-forward  822019604253506 c0  → https://pub-893b4a6a607b4221a894bf861da7914e.r2.dev/822019604253506.mp4
carried-forward  824290690534939 c0  → https://pub-893b4a6a607b4221a894bf861da7914e.r2.dev/824290690534939.mp4
carried-forward  1529031282072857 c0  → https://pub-893b4a6a607b4221a894bf861da7914e.r2.dev/1529031282072857.mp4
image-pending    2219698875434552 c0  (HANDOVER §8.5 — image handling not yet built)
carried-forward  907001725743671 c0  → https://pub-893b4a6a607b4221a894bf861da7914e.r2.dev/907001725743671.mp4
uploaded         1313943770887165 c0  (video) ← 1313943770887165.mp4  → https://dcfd27564ef899969db9a562c7e1945f.r2.cloudflarestorage.com/1313943770887165.mp4
video-missing    1313943770887165 c0  (expected file not found in facebook/videos/mysivi-2026-06-12)
uploaded         928128513615657 c0  (video) ← 928128513615657.mp4  → https://dcfd27564ef899969db9a562c7e1945f.r2.cloudflarestorage.com/928128513615657.mp4
video-missing    928128513615657 c0  (expected file not found in facebook/videos/mysivi-2026-06-12)
uploaded         26897153743290336 c0  (video) ← 26897153743290336.mp4  → https://dcfd27564ef899969db9a562c7e1945f.r2.cloudflarestorage.com/26897153743290336.mp4
video-missing    26897153743290336 c0  (expected file not found in facebook/videos/mysivi-2026-06-12)
carried-forward  26125248277177953 c0  → https://pub-893b4a6a607b4221a894bf861da7914e.r2.dev/26125248277177953.mp4
carried-forward  4356269961279689 c0  → https://pub-893b4a6a607b4221a894bf861da7914e.r2.dev/4356269961279689.mp4
image-pending    1505253420458938 c0  (HANDOVER §8.5 — image handling not yet built)
carried-forward  4198651363612430 c0  → https://pub-893b4a6a607b4221a894bf861da7914e.r2.dev/4198651363612430.mp4
carried-forward  973966135458716 c0  → https://pub-893b4a6a607b4221a894bf861da7914e.r2.dev/973966135458716.mp4
carried-forward  987241837589243 c0  → https://pub-893b4a6a607b4221a894bf861da7914e.r2.dev/987241837589243.mp4
uploaded         1539289234374609 c0  (video) ← 1539289234374609.mp4  → https://dcfd27564ef899969db9a562c7e1945f.r2.cloudflarestorage.com/1539289234374609.mp4
video-missing    1539289234374609 c0  (expected file not found in facebook/videos/mysivi-2026-06-12)
uploaded         1366412078738199 c0  (video) ← 1366412078738199.mp4  → https://dcfd27564ef899969db9a562c7e1945f.r2.cloudflarestorage.com/1366412078738199.mp4
video-missing    1366412078738199 c0  (expected file not found in facebook/videos/mysivi-2026-06-12)
uploaded         1000792709322980 c0  (video) ← 1000792709322980.mp4  → https://dcfd27564ef899969db9a562c7e1945f.r2.cloudflarestorage.com/1000792709322980.mp4
video-missing    1000792709322980 c0  (expected file not found in facebook/videos/mysivi-2026-06-12)
image-pending    2369886946820201 c0  (HANDOVER §8.5 — image handling not yet built)
carried-forward  1337846945211681 c0  → https://pub-893b4a6a607b4221a894bf861da7914e.r2.dev/1337846945211681.mp4
carried-forward  2158818621597371 c0  → https://pub-893b4a6a607b4221a894bf861da7914e.r2.dev/2158818621597371.mp4
uploaded         2258980414872635 c0  (video) ← 2258980414872635.mp4  → https://dcfd27564ef899969db9a562c7e1945f.r2.cloudflarestorage.com/2258980414872635.mp4
video-missing    2258980414872635 c0  (expected file not found in facebook/videos/mysivi-2026-06-12)
uploaded         1708445743915829 c0  (video) ← 1708445743915829.mp4  → https://dcfd27564ef899969db9a562c7e1945f.r2.cloudflarestorage.com/1708445743915829.mp4
video-missing    1708445743915829 c0  (expected file not found in facebook/videos/mysivi-2026-06-12)
carried-forward  3734932646646722 c0  → https://pub-893b4a6a607b4221a894bf861da7914e.r2.dev/3734932646646722.mp4
carried-forward  3734932646646722 c0  → https://pub-893b4a6a607b4221a894bf861da7914e.r2.dev/3734932646646722.mp4
carried-forward  1044099954803974 c0  → https://pub-893b4a6a607b4221a894bf861da7914e.r2.dev/1044099954803974.mp4
carried-forward  2845027609195811 c0  → https://dcfd27564ef899969db9a562c7e1945f.r2.cloudflarestorage.com/2845027609195811.mp4
video-missing    2845027609195811 c0  (expected file not found in facebook/videos/mysivi-2026-06-12)
carried-forward  945449361864981 c0  → https://dcfd27564ef899969db9a562c7e1945f.r2.cloudflarestorage.com/945449361864981.mp4
video-missing    945449361864981 c0  (expected file not found in facebook/videos/mysivi-2026-06-12)
uploaded         1481558503745751 c0  (video) ← 1481558503745751.mp4  → https://dcfd27564ef899969db9a562c7e1945f.r2.cloudflarestorage.com/1481558503745751.mp4
video-missing    1481558503745751 c0  (expected file not found in facebook/videos/mysivi-2026-06-12)
uploaded         27142445162115969 c0  (video) ← 27142445162115969.mp4  → https://dcfd27564ef899969db9a562c7e1945f.r2.cloudflarestorage.com/27142445162115969.mp4
video-missing    27142445162115969 c0  (expected file not found in facebook/videos/mysivi-2026-06-12)
carried-forward  2264451074381832 c0  → https://dcfd27564ef899969db9a562c7e1945f.r2.cloudflarestorage.com/2264451074381832.mp4
video-missing    2264451074381832 c0  (expected file not found in facebook/videos/mysivi-2026-06-12)
uploaded         1711449553221644 c0  (video) ← 1711449553221644.mp4  → https://dcfd27564ef899969db9a562c7e1945f.r2.cloudflarestorage.com/1711449553221644.mp4
video-missing    1711449553221644 c0  (expected file not found in facebook/videos/mysivi-2026-06-12)
carried-forward  878591057934562 c0  → https://dcfd27564ef899969db9a562c7e1945f.r2.cloudflarestorage.com/878591057934562.mp4
video-missing    878591057934562 c0  (expected file not found in facebook/videos/mysivi-2026-06-12)
uploaded         3554898344661895 c0  (video) ← 3554898344661895.mp4  → https://dcfd27564ef899969db9a562c7e1945f.r2.cloudflarestorage.com/3554898344661895.mp4
video-missing    3554898344661895 c0  (expected file not found in facebook/videos/mysivi-2026-06-12)
carried-forward  879780724428689 c0  → https://pub-893b4a6a607b4221a894bf861da7914e.r2.dev/879780724428689.mp4
carried-forward  879780724428689 c0  → https://pub-893b4a6a607b4221a894bf861da7914e.r2.dev/879780724428689.mp4
carried-forward  1435007378435198 c0  → https://pub-893b4a6a607b4221a894bf861da7914e.r2.dev/1435007378435198.mp4
carried-forward  2034352050518100 c0  → https://dcfd27564ef899969db9a562c7e1945f.r2.cloudflarestorage.com/2034352050518100.mp4
video-missing    2034352050518100 c0  (expected file not found in facebook/videos/mysivi-2026-06-12)
uploaded         829519416647716 c0  (video) ← 829519416647716.mp4  → https://dcfd27564ef899969db9a562c7e1945f.r2.cloudflarestorage.com/829519416647716.mp4
video-missing    829519416647716 c0  (expected file not found in facebook/videos/mysivi-2026-06-12)
carried-forward  1203833828468407 c0  → https://dcfd27564ef899969db9a562c7e1945f.r2.cloudflarestorage.com/1203833828468407.mp4
video-missing    1203833828468407 c0  (expected file not found in facebook/videos/mysivi-2026-06-12)
carried-forward  1531850868952253 c0  → https://dcfd27564ef899969db9a562c7e1945f.r2.cloudflarestorage.com/1531850868952253.mp4
video-missing    1531850868952253 c0  (expected file not found in facebook/videos/mysivi-2026-06-12)
uploaded         1751232736045166 c0  (video) ← 1751232736045166.mp4  → https://dcfd27564ef899969db9a562c7e1945f.r2.cloudflarestorage.com/1751232736045166.mp4
video-missing    1751232736045166 c0  (expected file not found in facebook/videos/mysivi-2026-06-12)
uploaded         1435580771669574 c0  (video) ← 1435580771669574.mp4  → https://dcfd27564ef899969db9a562c7e1945f.r2.cloudflarestorage.com/1435580771669574.mp4
video-missing    1435580771669574 c0  (expected file not found in facebook/videos/mysivi-2026-06-12)
uploaded         3992793261014741 c0  (video) ← 3992793261014741.mp4  → https://dcfd27564ef899969db9a562c7e1945f.r2.cloudflarestorage.com/3992793261014741.mp4
carried-forward  962640563254667 c0  → https://pub-893b4a6a607b4221a894bf861da7914e.r2.dev/962640563254667.mp4
carried-forward  962640563254667 c0  → https://pub-893b4a6a607b4221a894bf861da7914e.r2.dev/962640563254667.mp4
carried-forward  2008268559798673 c0  → https://pub-893b4a6a607b4221a894bf861da7914e.r2.dev/2008268559798673.mp4
carried-forward  943620374955183 c0  → https://pub-893b4a6a607b4221a894bf861da7914e.r2.dev/943620374955183.mp4
