# Step 3 run log
# competitor : praktika-ai
# started_at : 2026-05-29T08:43:00
# input      : inputs/fb-ads-praktika-ai-image-recovery-2026-05-29-0834.csv
# videos     : videos/praktika-ai-2026-05-28
# master     : master/praktika-ai.csv  (updated)
# enriched   : inputs/fb-ads-praktika-ai-image-recovery-2026-05-29-0834_enriched.csv
# bucket     : video-ads
# public_base: https://pub-893b4a6a607b4221a894bf861da7914e.r2.dev
# dry_run    : False
#
# counts     : {'uploaded': 44, 'carried-forward': 462, 'image-pending': 248, 'video-missing': 77, 'no-creative': 0, 'error': 0}
#
carried-forward  717718484702233 c0  → https://pub-893b4a6a607b4221a894bf861da7914e.r2.dev/717718484702233.jpg
carried-forward  1563493358046745 c0  → https://pub-893b4a6a607b4221a894bf861da7914e.r2.dev/1563493358046745.jpg
carried-forward  841583362308107 c0  → https://pub-893b4a6a607b4221a894bf861da7914e.r2.dev/841583362308107.jpg
carried-forward  2544852212699904 c0  → https://pub-893b4a6a607b4221a894bf861da7914e.r2.dev/2544852212699904.jpg
carried-forward  34642243855422693 c0  → https://pub-893b4a6a607b4221a894bf861da7914e.r2.dev/34642243855422693.jpg
carried-forward  951661260901983 c0  → https://pub-893b4a6a607b4221a894bf861da7914e.r2.dev/951661260901983.jpg
carried-forward  1519086323206550 c0  → https://pub-893b4a6a607b4221a894bf861da7914e.r2.dev/1519086323206550.jpg
carried-forward  1922127132510074 c0  → https://pub-893b4a6a607b4221a894bf861da7914e.r2.dev/1922127132510074.jpg
carried-forward  916654911269112 c0  → https://pub-893b4a6a607b4221a894bf861da7914e.r2.dev/916654911269112.jpg
carried-forward  1289337759988263 c0  → https://pub-893b4a6a607b4221a894bf861da7914e.r2.dev/1289337759988263.jpg
carried-forward  1686886492726937 c0  → https://pub-893b4a6a607b4221a894bf861da7914e.r2.dev/1686886492726937.jpg
carried-forward  916495814523801 c0  → https://pub-893b4a6a607b4221a894bf861da7914e.r2.dev/916495814523801.jpg
carried-forward  1501827214861543 c0  → https://pub-893b4a6a607b4221a894bf861da7914e.r2.dev/1501827214861543.jpg
carried-forward  962197283285695 c0  → https://pub-893b4a6a607b4221a894bf861da7914e.r2.dev/962197283285695.jpg
carried-forward  2300825397060071 c0  → https://pub-893b4a6a607b4221a894bf861da7914e.r2.dev/2300825397060071.jpg
carried-forward  1309741450581839 c0  → https://pub-893b4a6a607b4221a894bf861da7914e.r2.dev/1309741450581839.jpg
carried-forward  1532919681720212 c0  → https://pub-893b4a6a607b4221a894bf861da7914e.r2.dev/1532919681720212.jpg
carried-forward  910272482068882 c0  → https://pub-893b4a6a607b4221a894bf861da7914e.r2.dev/910272482068882.jpg
carried-forward  2096240351104392 c0  → https://pub-893b4a6a607b4221a894bf861da7914e.r2.dev/2096240351104392.jpg
carried-forward  1488746749452771 c0  → https://pub-893b4a6a607b4221a894bf861da7914e.r2.dev/1488746749452771.jpg
carried-forward  1288699666725938 c0  → https://pub-893b4a6a607b4221a894bf861da7914e.r2.dev/1288699666725938.jpg
carried-forward  1832566037420180 c0  → https://pub-893b4a6a607b4221a894bf861da7914e.r2.dev/1832566037420180.jpg
carried-forward  1910665799588181 c0  → https://pub-893b4a6a607b4221a894bf861da7914e.r2.dev/1910665799588181.jpg
carried-forward  861627930275298 c0  → https://pub-893b4a6a607b4221a894bf861da7914e.r2.dev/861627930275298.jpg
carried-forward  988390103958149 c0  → https://pub-893b4a6a607b4221a894bf861da7914e.r2.dev/988390103958149.jpg
carried-forward  2078476599719080 c0  → https://pub-893b4a6a607b4221a894bf861da7914e.r2.dev/2078476599719080.mp4
carried-forward  893669827072062 c0  → https://pub-893b4a6a607b4221a894bf861da7914e.r2.dev/893669827072062.mp4
carried-forward  1463508642124154 c0  → https://pub-893b4a6a607b4221a894bf861da7914e.r2.dev/1463508642124154.mp4
carried-forward  1630813451486011 c0  → https://pub-893b4a6a607b4221a894bf861da7914e.r2.dev/1630813451486011.mp4
carried-forward  3921675511469453 c0  → https://pub-893b4a6a607b4221a894bf861da7914e.r2.dev/3921675511469453.mp4
carried-forward  1267780075519914 c0  → https://pub-893b4a6a607b4221a894bf861da7914e.r2.dev/1267780075519914.mp4
carried-forward  1354474369878214 c0  → https://pub-893b4a6a607b4221a894bf861da7914e.r2.dev/1354474369878214.mp4
carried-forward  2021230875419070 c0  → https://pub-893b4a6a607b4221a894bf861da7914e.r2.dev/2021230875419070.jpg
carried-forward  2520557781749489 c0  → https://pub-893b4a6a607b4221a894bf861da7914e.r2.dev/2520557781749489.mp4
carried-forward  1705980420558168 c0  → https://pub-893b4a6a607b4221a894bf861da7914e.r2.dev/1705980420558168.mp4
carried-forward  2149419312509720 c0  → https://pub-893b4a6a607b4221a894bf861da7914e.r2.dev/2149419312509720.mp4
carried-forward  964851186362386 c0  → https://pub-893b4a6a607b4221a894bf861da7914e.r2.dev/964851186362386.mp4
carried-forward  979803384712281 c0  → https://pub-893b4a6a607b4221a894bf861da7914e.r2.dev/979803384712281.mp4
carried-forward  875799932215155 c0  → https://pub-893b4a6a607b4221a894bf861da7914e.r2.dev/875799932215155.mp4
carried-forward  1525424205851189 c0  → https://pub-893b4a6a607b4221a894bf861da7914e.r2.dev/1525424205851189.mp4
carried-forward  1618676076061157 c0  → https://pub-893b4a6a607b4221a894bf861da7914e.r2.dev/1618676076061157.jpg
carried-forward  1000074952706655 c0  → https://pub-893b4a6a607b4221a894bf861da7914e.r2.dev/1000074952706655.mp4
carried-forward  848114651684343 c0  → https://pub-893b4a6a607b4221a894bf861da7914e.r2.dev/848114651684343.mp4
carried-forward  1128305939501661 c0  → https://pub-893b4a6a607b4221a894bf861da7914e.r2.dev/1128305939501661.mp4
carried-forward  26996015090063370 c0  → https://pub-893b4a6a607b4221a894bf861da7914e.r2.dev/26996015090063370.mp4
carried-forward  1612779789822396 c0  → https://pub-893b4a6a607b4221a894bf861da7914e.r2.dev/1612779789822396.mp4
video-missing    27126470557043271 c0  (expected file not found in videos/praktika-ai-2026-05-28)
video-missing    1502358444637396 c0  (expected file not found in videos/praktika-ai-2026-05-28)
carried-forward  1289994706661385 c0  → https://pub-893b4a6a607b4221a894bf861da7914e.r2.dev/1289994706661385.mp4
video-missing    943921681817830 c0  (expected file not found in videos/praktika-ai-2026-05-28)
video-missing    1850627675610397 c0  (expected file not found in videos/praktika-ai-2026-05-28)
carried-forward  27173145138982491 c0  → https://pub-893b4a6a607b4221a894bf861da7914e.r2.dev/27173145138982491.mp4
carried-forward  934168262955674 c0  → https://pub-893b4a6a607b4221a894bf861da7914e.r2.dev/934168262955674.mp4
carried-forward  942777965483298 c0  → https://pub-893b4a6a607b4221a894bf861da7914e.r2.dev/942777965483298.mp4
carried-forward  1843518583720124 c0  → https://pub-893b4a6a607b4221a894bf861da7914e.r2.dev/1843518583720124.mp4
carried-forward  2048883855700623 c0  → https://pub-893b4a6a607b4221a894bf861da7914e.r2.dev/2048883855700623.mp4
carried-forward  4315042705448328 c0  → https://pub-893b4a6a607b4221a894bf861da7914e.r2.dev/4315042705448328.mp4
carried-forward  1505075087975846 c0  → https://pub-893b4a6a607b4221a894bf861da7914e.r2.dev/1505075087975846.mp4
carried-forward  3931703483790282 c0  → https://pub-893b4a6a607b4221a894bf861da7914e.r2.dev/3931703483790282.mp4
video-missing    969795682691851 c0  (expected file not found in videos/praktika-ai-2026-05-28)
carried-forward  2044422003151876 c0  → https://pub-893b4a6a607b4221a894bf861da7914e.r2.dev/2044422003151876.mp4
carried-forward  1530860495230794 c0  → https://pub-893b4a6a607b4221a894bf861da7914e.r2.dev/1530860495230794.mp4
carried-forward  985551517565140 c0  → https://pub-893b4a6a607b4221a894bf861da7914e.r2.dev/985551517565140.mp4
carried-forward  1302636504633862 c0  → https://pub-893b4a6a607b4221a894bf861da7914e.r2.dev/1302636504633862.mp4
carried-forward  941363552228849 c0  → https://pub-893b4a6a607b4221a894bf861da7914e.r2.dev/941363552228849.mp4
carried-forward  1648624936424576 c0  → https://pub-893b4a6a607b4221a894bf861da7914e.r2.dev/1648624936424576.mp4
carried-forward  1000354512739301 c0  → https://pub-893b4a6a607b4221a894bf861da7914e.r2.dev/1000354512739301.mp4
carried-forward  1188440493345850 c0  → https://pub-893b4a6a607b4221a894bf861da7914e.r2.dev/1188440493345850.mp4
carried-forward  809529342231869 c0  → https://pub-893b4a6a607b4221a894bf861da7914e.r2.dev/809529342231869.mp4
video-missing    1526036569163398 c0  (expected file not found in videos/praktika-ai-2026-05-28)
video-missing    1891792984844838 c0  (expected file not found in videos/praktika-ai-2026-05-28)
carried-forward  907837708969488 c0  → https://pub-893b4a6a607b4221a894bf861da7914e.r2.dev/907837708969488.mp4
carried-forward  4442471986040714 c0  → https://pub-893b4a6a607b4221a894bf861da7914e.r2.dev/4442471986040714.mp4
video-missing    986965604085082 c0  (expected file not found in videos/praktika-ai-2026-05-28)
carried-forward  1511884189873398 c0  → https://pub-893b4a6a607b4221a894bf861da7914e.r2.dev/1511884189873398.mp4
carried-forward  940889028726966 c0  → https://pub-893b4a6a607b4221a894bf861da7914e.r2.dev/940889028726966.jpg
carried-forward  2389042304938708 c0  → https://pub-893b4a6a607b4221a894bf861da7914e.r2.dev/2389042304938708.mp4
carried-forward  2084317475466732 c0  → https://pub-893b4a6a607b4221a894bf861da7914e.r2.dev/2084317475466732.mp4
carried-forward  1442705907614921 c0  → https://pub-893b4a6a607b4221a894bf861da7914e.r2.dev/1442705907614921.mp4
carried-forward  964156749550331 c0  → https://pub-893b4a6a607b4221a894bf861da7914e.r2.dev/964156749550331.mp4
video-missing    1710691763680228 c0  (expected file not found in videos/praktika-ai-2026-05-28)
video-missing    1689230672085236 c0  (expected file not found in videos/praktika-ai-2026-05-28)
video-missing    1654351809023648 c0  (expected file not found in videos/praktika-ai-2026-05-28)
video-missing    968424882492878 c0  (expected file not found in videos/praktika-ai-2026-05-28)
carried-forward  26910235035270678 c0  → https://pub-893b4a6a607b4221a894bf861da7914e.r2.dev/26910235035270678.jpg
carried-forward  1510467757478611 c0  → https://pub-893b4a6a607b4221a894bf861da7914e.r2.dev/1510467757478611.mp4
video-missing    1987079285509800 c0  (expected file not found in videos/praktika-ai-2026-05-28)
video-missing    3350233148496077 c0  (expected file not found in videos/praktika-ai-2026-05-28)
video-missing    1504016437792548 c0  (expected file not found in videos/praktika-ai-2026-05-28)
video-missing    851162087430450 c0  (expected file not found in videos/praktika-ai-2026-05-28)
video-missing    2467620947021369 c0  (expected file not found in videos/praktika-ai-2026-05-28)
video-missing    959319210306059 c0  (expected file not found in videos/praktika-ai-2026-05-28)
carried-forward  1607660297691384 c0  → https://pub-893b4a6a607b4221a894bf861da7914e.r2.dev/1607660297691384.jpg
video-missing    791593893888564 c0  (expected file not found in videos/praktika-ai-2026-05-28)
video-missing    1559726092453324 c0  (expected file not found in videos/praktika-ai-2026-05-28)
video-missing    4510132599270910 c0  (expected file not found in videos/praktika-ai-2026-05-28)
carried-forward  2220473408769857 c0  → https://pub-893b4a6a607b4221a894bf861da7914e.r2.dev/2220473408769857.mp4
carried-forward  2493390401096016 c0  → https://pub-893b4a6a607b4221a894bf861da7914e.r2.dev/2493390401096016.mp4
carried-forward  1729380051564109 c0  → https://pub-893b4a6a607b4221a894bf861da7914e.r2.dev/1729380051564109.mp4
carried-forward  1993485894571504 c0  → https://pub-893b4a6a607b4221a894bf861da7914e.r2.dev/1993485894571504.mp4
carried-forward  1518275323251565 c0  → https://pub-893b4a6a607b4221a894bf861da7914e.r2.dev/1518275323251565.mp4
carried-forward  978949048153420 c0  → https://pub-893b4a6a607b4221a894bf861da7914e.r2.dev/978949048153420.mp4
carried-forward  2768784626815572 c0  → https://pub-893b4a6a607b4221a894bf861da7914e.r2.dev/2768784626815572.mp4
video-missing    969915172095676 c0  (expected file not found in videos/praktika-ai-2026-05-28)
video-missing    1769268470719747 c0  (expected file not found in videos/praktika-ai-2026-05-28)
video-missing    26850588071227124 c0  (expected file not found in videos/praktika-ai-2026-05-28)
video-missing    1123638513297573 c0  (expected file not found in videos/praktika-ai-2026-05-28)
video-missing    2395037160963827 c0  (expected file not found in videos/praktika-ai-2026-05-28)
carried-forward  3552889171538050 c0  → https://pub-893b4a6a607b4221a894bf861da7914e.r2.dev/3552889171538050.mp4
carried-forward  1290089489339110 c0  → https://pub-893b4a6a607b4221a894bf861da7914e.r2.dev/1290089489339110.mp4
carried-forward  1479667346960009 c0  → https://pub-893b4a6a607b4221a894bf861da7914e.r2.dev/1479667346960009.mp4
carried-forward  998777149406432 c0  → https://pub-893b4a6a607b4221a894bf861da7914e.r2.dev/998777149406432.mp4
video-missing    1283225136809836 c0  (expected file not found in videos/praktika-ai-2026-05-28)
video-missing    2232814800883190 c0  (expected file not found in videos/praktika-ai-2026-05-28)
carried-forward  1491368059166838 c0  → https://pub-893b4a6a607b4221a894bf861da7914e.r2.dev/1491368059166838.jpg
video-missing    2033309537623925 c0  (expected file not found in videos/praktika-ai-2026-05-28)
video-missing    2328568224293977 c0  (expected file not found in videos/praktika-ai-2026-05-28)
video-missing    1648173259825566 c0  (expected file not found in videos/praktika-ai-2026-05-28)
video-missing    1744250396945328 c0  (expected file not found in videos/praktika-ai-2026-05-28)
video-missing    1655537959046329 c0  (expected file not found in videos/praktika-ai-2026-05-28)
video-missing    1677721526615506 c0  (expected file not found in videos/praktika-ai-2026-05-28)
carried-forward  1711280693378231 c0  → https://pub-893b4a6a607b4221a894bf861da7914e.r2.dev/1711280693378231.jpg
carried-forward  1801181534177242 c0  → https://pub-893b4a6a607b4221a894bf861da7914e.r2.dev/1801181534177242.mp4
video-missing    1774315330214914 c0  (expected file not found in videos/praktika-ai-2026-05-28)
video-missing    960779740164482 c0  (expected file not found in videos/praktika-ai-2026-05-28)
video-missing    1681982256469029 c0  (expected file not found in videos/praktika-ai-2026-05-28)
video-missing    965411556119588 c0  (expected file not found in videos/praktika-ai-2026-05-28)
video-missing    826949233821509 c0  (expected file not found in videos/praktika-ai-2026-05-28)
video-missing    1350505627134756 c0  (expected file not found in videos/praktika-ai-2026-05-28)
video-missing    1511232557331057 c0  (expected file not found in videos/praktika-ai-2026-05-28)
carried-forward  700239293184078 c0  → https://pub-893b4a6a607b4221a894bf861da7914e.r2.dev/700239293184078.jpg
video-missing    1011977584605623 c0  (expected file not found in videos/praktika-ai-2026-05-28)
video-missing    1504262637871628 c0  (expected file not found in videos/praktika-ai-2026-05-28)
video-missing    1202786505159231 c0  (expected file not found in videos/praktika-ai-2026-05-28)
video-missing    777355135343992 c0  (expected file not found in videos/praktika-ai-2026-05-28)
video-missing    1492200645735893 c0  (expected file not found in videos/praktika-ai-2026-05-28)
video-missing    1432221358593183 c0  (expected file not found in videos/praktika-ai-2026-05-28)
video-missing    1694202491733701 c0  (expected file not found in videos/praktika-ai-2026-05-28)
video-missing    3569031919901711 c0  (expected file not found in videos/praktika-ai-2026-05-28)
video-missing    1767266331312335 c0  (expected file not found in videos/praktika-ai-2026-05-28)
video-missing    993871969726296 c0  (expected file not found in videos/praktika-ai-2026-05-28)
video-missing    962228733263693 c0  (expected file not found in videos/praktika-ai-2026-05-28)
video-missing    1472258124644618 c0  (expected file not found in videos/praktika-ai-2026-05-28)
video-missing    1209238784520023 c0  (expected file not found in videos/praktika-ai-2026-05-28)
video-missing    1593016675122632 c0  (expected file not found in videos/praktika-ai-2026-05-28)
video-missing    1001576482437823 c0  (expected file not found in videos/praktika-ai-2026-05-28)
video-missing    990033030055882 c0  (expected file not found in videos/praktika-ai-2026-05-28)
video-missing    669278479614123 c0  (expected file not found in videos/praktika-ai-2026-05-28)
video-missing    962834736381215 c0  (expected file not found in videos/praktika-ai-2026-05-28)
video-missing    1383246340290640 c0  (expected file not found in videos/praktika-ai-2026-05-28)
video-missing    2075858769655663 c0  (expected file not found in videos/praktika-ai-2026-05-28)
video-missing    808489548805646 c0  (expected file not found in videos/praktika-ai-2026-05-28)
video-missing    2172502646940709 c0  (expected file not found in videos/praktika-ai-2026-05-28)
carried-forward  2823187784703169 c0  → https://pub-893b4a6a607b4221a894bf861da7914e.r2.dev/2823187784703169.jpg
carried-forward  27194290923543541 c0  → https://pub-893b4a6a607b4221a894bf861da7914e.r2.dev/27194290923543541.jpg
carried-forward  1668763224055906 c0  → https://pub-893b4a6a607b4221a894bf861da7914e.r2.dev/1668763224055906.jpg
carried-forward  851952367954208 c0  → https://pub-893b4a6a607b4221a894bf861da7914e.r2.dev/851952367954208.jpg
carried-forward  2151045875679215 c0  → https://pub-893b4a6a607b4221a894bf861da7914e.r2.dev/2151045875679215.jpg
carried-forward  2568766780210522 c0  → https://pub-893b4a6a607b4221a894bf861da7914e.r2.dev/2568766780210522.jpg
carried-forward  1515439933624088 c0  → https://pub-893b4a6a607b4221a894bf861da7914e.r2.dev/1515439933624088.jpg
carried-forward  1349120320369466 c0  → https://pub-893b4a6a607b4221a894bf861da7914e.r2.dev/1349120320369466.jpg
carried-forward  1500557055080896 c0  → https://pub-893b4a6a607b4221a894bf861da7914e.r2.dev/1500557055080896.jpg
carried-forward  992640109819331 c0  → https://pub-893b4a6a607b4221a894bf861da7914e.r2.dev/992640109819331.jpg
carried-forward  1779775460073823 c0  → https://pub-893b4a6a607b4221a894bf861da7914e.r2.dev/1779775460073823.jpg
carried-forward  977498288206490 c0  → https://pub-893b4a6a607b4221a894bf861da7914e.r2.dev/977498288206490.jpg
carried-forward  910243262027886 c0  → https://pub-893b4a6a607b4221a894bf861da7914e.r2.dev/910243262027886.jpg
carried-forward  1636227677432010 c0  → https://pub-893b4a6a607b4221a894bf861da7914e.r2.dev/1636227677432010.jpg
carried-forward  1665361951441869 c0  → https://pub-893b4a6a607b4221a894bf861da7914e.r2.dev/1665361951441869.jpg
carried-forward  26036412789366511 c0  → https://pub-893b4a6a607b4221a894bf861da7914e.r2.dev/26036412789366511.jpg
carried-forward  1363209688959108 c0  → https://pub-893b4a6a607b4221a894bf861da7914e.r2.dev/1363209688959108.jpg
carried-forward  1170046935205288 c0  → https://pub-893b4a6a607b4221a894bf861da7914e.r2.dev/1170046935205288.jpg
carried-forward  1642021690327204 c0  → https://pub-893b4a6a607b4221a894bf861da7914e.r2.dev/1642021690327204.jpg
carried-forward  1284510330329359 c0  → https://pub-893b4a6a607b4221a894bf861da7914e.r2.dev/1284510330329359.jpg
carried-forward  920157237743839 c0  → https://pub-893b4a6a607b4221a894bf861da7914e.r2.dev/920157237743839.jpg
carried-forward  1632766857981324 c0  → https://pub-893b4a6a607b4221a894bf861da7914e.r2.dev/1632766857981324.jpg
carried-forward  1012361991465103 c0  → https://pub-893b4a6a607b4221a894bf861da7914e.r2.dev/1012361991465103.jpg
carried-forward  1344843457403770 c0  → https://pub-893b4a6a607b4221a894bf861da7914e.r2.dev/1344843457403770.jpg
carried-forward  1466123148111075 c0  → https://pub-893b4a6a607b4221a894bf861da7914e.r2.dev/1466123148111075.jpg
carried-forward  1619304529371688 c0  → https://pub-893b4a6a607b4221a894bf861da7914e.r2.dev/1619304529371688.jpg
carried-forward  2731910180525071 c0  → https://pub-893b4a6a607b4221a894bf861da7914e.r2.dev/2731910180525071.jpg
carried-forward  977801935223024 c0  → https://pub-893b4a6a607b4221a894bf861da7914e.r2.dev/977801935223024.jpg
carried-forward  3125161137873113 c0  → https://pub-893b4a6a607b4221a894bf861da7914e.r2.dev/3125161137873113.jpg
carried-forward  1661806101825561 c0  → https://pub-893b4a6a607b4221a894bf861da7914e.r2.dev/1661806101825561.jpg
carried-forward  762889693483177 c0  → https://pub-893b4a6a607b4221a894bf861da7914e.r2.dev/762889693483177.jpg
carried-forward  1485111773394100 c0  → https://pub-893b4a6a607b4221a894bf861da7914e.r2.dev/1485111773394100.jpg
carried-forward  1004231775390942 c0  → https://pub-893b4a6a607b4221a894bf861da7914e.r2.dev/1004231775390942.jpg
carried-forward  2236218317201982 c0  → https://pub-893b4a6a607b4221a894bf861da7914e.r2.dev/2236218317201982.jpg
carried-forward  1272544028295219 c0  → https://pub-893b4a6a607b4221a894bf861da7914e.r2.dev/1272544028295219.jpg
carried-forward  1712961503212377 c0  → https://pub-893b4a6a607b4221a894bf861da7914e.r2.dev/1712961503212377.jpg
carried-forward  2186529872124951 c0  → https://pub-893b4a6a607b4221a894bf861da7914e.r2.dev/2186529872124951.jpg
carried-forward  1889861138394060 c0  → https://pub-893b4a6a607b4221a894bf861da7914e.r2.dev/1889861138394060.jpg
carried-forward  934161579437892 c0  → https://pub-893b4a6a607b4221a894bf861da7914e.r2.dev/934161579437892.jpg
carried-forward  2038329526718585 c0  → https://pub-893b4a6a607b4221a894bf861da7914e.r2.dev/2038329526718585.jpg
carried-forward  4339591886295583 c0  → https://pub-893b4a6a607b4221a894bf861da7914e.r2.dev/4339591886295583.jpg
carried-forward  27266829916287515 c0  → https://pub-893b4a6a607b4221a894bf861da7914e.r2.dev/27266829916287515.jpg
carried-forward  1226712976067091 c0  → https://pub-893b4a6a607b4221a894bf861da7914e.r2.dev/1226712976067091.jpg
carried-forward  792802370581999 c0  → https://pub-893b4a6a607b4221a894bf861da7914e.r2.dev/792802370581999.jpg
carried-forward  1481943003383800 c0  → https://pub-893b4a6a607b4221a894bf861da7914e.r2.dev/1481943003383800.jpg
carried-forward  2102101367234831 c0  → https://pub-893b4a6a607b4221a894bf861da7914e.r2.dev/2102101367234831.jpg
carried-forward  1703523907499270 c0  → https://pub-893b4a6a607b4221a894bf861da7914e.r2.dev/1703523907499270.jpg
carried-forward  959951893591625 c0  → https://pub-893b4a6a607b4221a894bf861da7914e.r2.dev/959951893591625.jpg
carried-forward  2222570831614509 c0  → https://pub-893b4a6a607b4221a894bf861da7914e.r2.dev/2222570831614509.jpg
carried-forward  1598279804805680 c0  → https://pub-893b4a6a607b4221a894bf861da7914e.r2.dev/1598279804805680.jpg
carried-forward  1666418800972042 c0  → https://pub-893b4a6a607b4221a894bf861da7914e.r2.dev/1666418800972042.jpg
carried-forward  1457394799493101 c0  → https://pub-893b4a6a607b4221a894bf861da7914e.r2.dev/1457394799493101.jpg
carried-forward  1490698972644353 c0  → https://pub-893b4a6a607b4221a894bf861da7914e.r2.dev/1490698972644353.jpg
carried-forward  4030222843774816 c0  → https://pub-893b4a6a607b4221a894bf861da7914e.r2.dev/4030222843774816.jpg
carried-forward  1012141891352812 c0  → https://pub-893b4a6a607b4221a894bf861da7914e.r2.dev/1012141891352812.jpg
carried-forward  1679609233151547 c0  → https://pub-893b4a6a607b4221a894bf861da7914e.r2.dev/1679609233151547.jpg
carried-forward  952465627685273 c0  → https://pub-893b4a6a607b4221a894bf861da7914e.r2.dev/952465627685273.jpg
carried-forward  1465894611393292 c0  → https://pub-893b4a6a607b4221a894bf861da7914e.r2.dev/1465894611393292.jpg
carried-forward  1698278717872919 c0  → https://pub-893b4a6a607b4221a894bf861da7914e.r2.dev/1698278717872919.jpg
carried-forward  4537860676450473 c0  → https://pub-893b4a6a607b4221a894bf861da7914e.r2.dev/4537860676450473.jpg
carried-forward  993354053379214 c0  → https://pub-893b4a6a607b4221a894bf861da7914e.r2.dev/993354053379214.jpg
carried-forward  1123212123351796 c0  → https://pub-893b4a6a607b4221a894bf861da7914e.r2.dev/1123212123351796.jpg
carried-forward  777126535225093 c0  → https://pub-893b4a6a607b4221a894bf861da7914e.r2.dev/777126535225093.jpg
carried-forward  1670980670813470 c0  → https://pub-893b4a6a607b4221a894bf861da7914e.r2.dev/1670980670813470.jpg
carried-forward  1275956594597735 c0  → https://pub-893b4a6a607b4221a894bf861da7914e.r2.dev/1275956594597735.jpg
carried-forward  1333209195665556 c0  → https://pub-893b4a6a607b4221a894bf861da7914e.r2.dev/1333209195665556.jpg
carried-forward  1333009615405908 c0  → https://pub-893b4a6a607b4221a894bf861da7914e.r2.dev/1333009615405908.jpg
carried-forward  4284388118489122 c0  → https://pub-893b4a6a607b4221a894bf861da7914e.r2.dev/4284388118489122.jpg
carried-forward  4367378223479071 c0  → https://pub-893b4a6a607b4221a894bf861da7914e.r2.dev/4367378223479071.jpg
carried-forward  2010564559845519 c0  → https://pub-893b4a6a607b4221a894bf861da7914e.r2.dev/2010564559845519.jpg
carried-forward  2146960382791797 c0  → https://pub-893b4a6a607b4221a894bf861da7914e.r2.dev/2146960382791797.jpg
carried-forward  758253213918823 c0  → https://pub-893b4a6a607b4221a894bf861da7914e.r2.dev/758253213918823.jpg
carried-forward  896662423476622 c0  → https://pub-893b4a6a607b4221a894bf861da7914e.r2.dev/896662423476622.jpg
carried-forward  2410472132791290 c0  → https://pub-893b4a6a607b4221a894bf861da7914e.r2.dev/2410472132791290.jpg
carried-forward  3040369136152093 c0  → https://pub-893b4a6a607b4221a894bf861da7914e.r2.dev/3040369136152093.jpg
carried-forward  1307380594881177 c0  → https://pub-893b4a6a607b4221a894bf861da7914e.r2.dev/1307380594881177.jpg
carried-forward  977013871405777 c0  → https://pub-893b4a6a607b4221a894bf861da7914e.r2.dev/977013871405777.jpg
carried-forward  1304933047752566 c0  → https://pub-893b4a6a607b4221a894bf861da7914e.r2.dev/1304933047752566.jpg
carried-forward  2247711709099790 c0  → https://pub-893b4a6a607b4221a894bf861da7914e.r2.dev/2247711709099790.jpg
carried-forward  1252834386635707 c0  → https://pub-893b4a6a607b4221a894bf861da7914e.r2.dev/1252834386635707.jpg
carried-forward  4750545858508491 c0  → https://pub-893b4a6a607b4221a894bf861da7914e.r2.dev/4750545858508491.jpg
carried-forward  986785417156041 c0  → https://pub-893b4a6a607b4221a894bf861da7914e.r2.dev/986785417156041.jpg
carried-forward  2256602398492625 c0  → https://pub-893b4a6a607b4221a894bf861da7914e.r2.dev/2256602398492625.jpg
carried-forward  1655203228957414 c0  → https://pub-893b4a6a607b4221a894bf861da7914e.r2.dev/1655203228957414.jpg
carried-forward  1481351729755132 c0  → https://pub-893b4a6a607b4221a894bf861da7914e.r2.dev/1481351729755132.jpg
carried-forward  807762868883741 c0  → https://pub-893b4a6a607b4221a894bf861da7914e.r2.dev/807762868883741.jpg
carried-forward  817004284815267 c0  → https://pub-893b4a6a607b4221a894bf861da7914e.r2.dev/817004284815267.jpg
carried-forward  2065888137604948 c0  → https://pub-893b4a6a607b4221a894bf861da7914e.r2.dev/2065888137604948.jpg
carried-forward  998993732656340 c0  → https://pub-893b4a6a607b4221a894bf861da7914e.r2.dev/998993732656340.jpg
carried-forward  2132333900891341 c0  → https://pub-893b4a6a607b4221a894bf861da7914e.r2.dev/2132333900891341.jpg
carried-forward  26384069917928261 c0  → https://pub-893b4a6a607b4221a894bf861da7914e.r2.dev/26384069917928261.jpg
carried-forward  989623473618104 c0  → https://pub-893b4a6a607b4221a894bf861da7914e.r2.dev/989623473618104.jpg
carried-forward  1552610713236879 c0  → https://pub-893b4a6a607b4221a894bf861da7914e.r2.dev/1552610713236879.jpg
carried-forward  2474555583060632 c0  → https://pub-893b4a6a607b4221a894bf861da7914e.r2.dev/2474555583060632.jpg
carried-forward  1531134545293902 c0  → https://pub-893b4a6a607b4221a894bf861da7914e.r2.dev/1531134545293902.jpg
carried-forward  1735766300750542 c0  → https://pub-893b4a6a607b4221a894bf861da7914e.r2.dev/1735766300750542.jpg
carried-forward  1287011400277535 c0  → https://pub-893b4a6a607b4221a894bf861da7914e.r2.dev/1287011400277535.jpg
carried-forward  2156988681789020 c0  → https://pub-893b4a6a607b4221a894bf861da7914e.r2.dev/2156988681789020.jpg
carried-forward  858345157297916 c0  → https://pub-893b4a6a607b4221a894bf861da7914e.r2.dev/858345157297916.jpg
carried-forward  1855114729195751 c0  → https://pub-893b4a6a607b4221a894bf861da7914e.r2.dev/1855114729195751.jpg
carried-forward  2230462127779513 c0  → https://pub-893b4a6a607b4221a894bf861da7914e.r2.dev/2230462127779513.jpg
carried-forward  1645459326723920 c0  → https://pub-893b4a6a607b4221a894bf861da7914e.r2.dev/1645459326723920.jpg
carried-forward  2259302144853671 c0  → https://pub-893b4a6a607b4221a894bf861da7914e.r2.dev/2259302144853671.jpg
carried-forward  3493191747505903 c0  → https://pub-893b4a6a607b4221a894bf861da7914e.r2.dev/3493191747505903.jpg
carried-forward  726723970504177 c0  → https://pub-893b4a6a607b4221a894bf861da7914e.r2.dev/726723970504177.jpg
carried-forward  1389905109827300 c0  → https://pub-893b4a6a607b4221a894bf861da7914e.r2.dev/1389905109827300.jpg
carried-forward  1492869802284247 c0  → https://pub-893b4a6a607b4221a894bf861da7914e.r2.dev/1492869802284247.jpg
carried-forward  985475674425957 c0  → https://pub-893b4a6a607b4221a894bf861da7914e.r2.dev/985475674425957.jpg
carried-forward  1302914901977521 c0  → https://pub-893b4a6a607b4221a894bf861da7914e.r2.dev/1302914901977521.jpg
carried-forward  1616790802734620 c0  → https://pub-893b4a6a607b4221a894bf861da7914e.r2.dev/1616790802734620.jpg
carried-forward  4392310654342623 c0  → https://pub-893b4a6a607b4221a894bf861da7914e.r2.dev/4392310654342623.jpg
carried-forward  1513121997114222 c0  → https://pub-893b4a6a607b4221a894bf861da7914e.r2.dev/1513121997114222.jpg
carried-forward  824729416848905 c0  → https://pub-893b4a6a607b4221a894bf861da7914e.r2.dev/824729416848905.jpg
carried-forward  999133436397072 c0  → https://pub-893b4a6a607b4221a894bf861da7914e.r2.dev/999133436397072.jpg
carried-forward  1289885406586184 c0  → https://pub-893b4a6a607b4221a894bf861da7914e.r2.dev/1289885406586184.jpg
carried-forward  1312589854310973 c0  → https://pub-893b4a6a607b4221a894bf861da7914e.r2.dev/1312589854310973.jpg
carried-forward  1649298332968514 c0  → https://pub-893b4a6a607b4221a894bf861da7914e.r2.dev/1649298332968514.jpg
carried-forward  1677035803621425 c0  → https://pub-893b4a6a607b4221a894bf861da7914e.r2.dev/1677035803621425.jpg
carried-forward  2417157172129258 c0  → https://pub-893b4a6a607b4221a894bf861da7914e.r2.dev/2417157172129258.jpg
carried-forward  990610216680786 c0  → https://pub-893b4a6a607b4221a894bf861da7914e.r2.dev/990610216680786.jpg
carried-forward  1770126764018545 c0  → https://pub-893b4a6a607b4221a894bf861da7914e.r2.dev/1770126764018545.jpg
carried-forward  1507002844150214 c0  → https://pub-893b4a6a607b4221a894bf861da7914e.r2.dev/1507002844150214.jpg
carried-forward  864929379967370 c0  → https://pub-893b4a6a607b4221a894bf861da7914e.r2.dev/864929379967370.jpg
carried-forward  1021143033811841 c0  → https://pub-893b4a6a607b4221a894bf861da7914e.r2.dev/1021143033811841.jpg
carried-forward  881173614992637 c0  → https://pub-893b4a6a607b4221a894bf861da7914e.r2.dev/881173614992637.jpg
carried-forward  945566081445246 c0  → https://pub-893b4a6a607b4221a894bf861da7914e.r2.dev/945566081445246.jpg
carried-forward  1742225276940591 c0  → https://pub-893b4a6a607b4221a894bf861da7914e.r2.dev/1742225276940591.jpg
carried-forward  1657727855449670 c0  → https://pub-893b4a6a607b4221a894bf861da7914e.r2.dev/1657727855449670.jpg
carried-forward  945940881398974 c0  → https://pub-893b4a6a607b4221a894bf861da7914e.r2.dev/945940881398974.jpg
carried-forward  978220954919427 c0  → https://pub-893b4a6a607b4221a894bf861da7914e.r2.dev/978220954919427.jpg
carried-forward  1633839254345123 c0  → https://pub-893b4a6a607b4221a894bf861da7914e.r2.dev/1633839254345123.jpg
carried-forward  1479670077187212 c0  → https://pub-893b4a6a607b4221a894bf861da7914e.r2.dev/1479670077187212.jpg
carried-forward  1684833349453119 c0  → https://pub-893b4a6a607b4221a894bf861da7914e.r2.dev/1684833349453119.jpg
carried-forward  1263877819229818 c0  → https://pub-893b4a6a607b4221a894bf861da7914e.r2.dev/1263877819229818.jpg
carried-forward  1517241596537321 c0  → https://pub-893b4a6a607b4221a894bf861da7914e.r2.dev/1517241596537321.jpg
carried-forward  1877944266113890 c0  → https://pub-893b4a6a607b4221a894bf861da7914e.r2.dev/1877944266113890.jpg
carried-forward  26704345189194647 c0  → https://pub-893b4a6a607b4221a894bf861da7914e.r2.dev/26704345189194647.jpg
carried-forward  1539328287910631 c0  → https://pub-893b4a6a607b4221a894bf861da7914e.r2.dev/1539328287910631.jpg
carried-forward  2142207413232196 c0  → https://pub-893b4a6a607b4221a894bf861da7914e.r2.dev/2142207413232196.jpg
carried-forward  2312673292596582 c0  → https://pub-893b4a6a607b4221a894bf861da7914e.r2.dev/2312673292596582.jpg
carried-forward  1555025719560767 c0  → https://pub-893b4a6a607b4221a894bf861da7914e.r2.dev/1555025719560767.jpg
carried-forward  1534911078154693 c0  → https://pub-893b4a6a607b4221a894bf861da7914e.r2.dev/1534911078154693.jpg
carried-forward  1803790471031018 c0  → https://pub-893b4a6a607b4221a894bf861da7914e.r2.dev/1803790471031018.jpg
carried-forward  1351383436846669 c0  → https://pub-893b4a6a607b4221a894bf861da7914e.r2.dev/1351383436846669.jpg
carried-forward  2276655512871360 c0  → https://pub-893b4a6a607b4221a894bf861da7914e.r2.dev/2276655512871360.jpg
carried-forward  1277877644517405 c0  → https://pub-893b4a6a607b4221a894bf861da7914e.r2.dev/1277877644517405.jpg
carried-forward  1278586657822256 c0  → https://pub-893b4a6a607b4221a894bf861da7914e.r2.dev/1278586657822256.jpg
carried-forward  1282520703967173 c0  → https://pub-893b4a6a607b4221a894bf861da7914e.r2.dev/1282520703967173.jpg
carried-forward  1840802240213017 c0  → https://pub-893b4a6a607b4221a894bf861da7914e.r2.dev/1840802240213017.jpg
carried-forward  844121025407967 c0  → https://pub-893b4a6a607b4221a894bf861da7914e.r2.dev/844121025407967.jpg
carried-forward  1501147504811191 c0  → https://pub-893b4a6a607b4221a894bf861da7914e.r2.dev/1501147504811191.jpg
carried-forward  990233973350715 c0  → https://pub-893b4a6a607b4221a894bf861da7914e.r2.dev/990233973350715.jpg
carried-forward  1231627778887696 c0  → https://pub-893b4a6a607b4221a894bf861da7914e.r2.dev/1231627778887696.jpg
carried-forward  1274976887673285 c0  → https://pub-893b4a6a607b4221a894bf861da7914e.r2.dev/1274976887673285.jpg
carried-forward  1508749490662586 c0  → https://pub-893b4a6a607b4221a894bf861da7914e.r2.dev/1508749490662586.jpg
carried-forward  1531964008276317 c0  → https://pub-893b4a6a607b4221a894bf861da7914e.r2.dev/1531964008276317.jpg
carried-forward  4459964600816278 c0  → https://pub-893b4a6a607b4221a894bf861da7914e.r2.dev/4459964600816278.jpg
carried-forward  2061663281426490 c0  → https://pub-893b4a6a607b4221a894bf861da7914e.r2.dev/2061663281426490.jpg
carried-forward  795594726822399 c0  → https://pub-893b4a6a607b4221a894bf861da7914e.r2.dev/795594726822399.jpg
carried-forward  849086554304667 c0  → https://pub-893b4a6a607b4221a894bf861da7914e.r2.dev/849086554304667.jpg
carried-forward  983359264438254 c0  → https://pub-893b4a6a607b4221a894bf861da7914e.r2.dev/983359264438254.jpg
carried-forward  1518338743199903 c0  → https://pub-893b4a6a607b4221a894bf861da7914e.r2.dev/1518338743199903.jpg
carried-forward  2232882593783504 c0  → https://pub-893b4a6a607b4221a894bf861da7914e.r2.dev/2232882593783504.jpg
carried-forward  4397660697219817 c0  → https://pub-893b4a6a607b4221a894bf861da7914e.r2.dev/4397660697219817.jpg
carried-forward  1453664003110030 c0  → https://pub-893b4a6a607b4221a894bf861da7914e.r2.dev/1453664003110030.jpg
carried-forward  993598849813015 c0  → https://pub-893b4a6a607b4221a894bf861da7914e.r2.dev/993598849813015.jpg
carried-forward  1010673201406996 c0  → https://pub-893b4a6a607b4221a894bf861da7914e.r2.dev/1010673201406996.jpg
carried-forward  1807168376920335 c0  → https://pub-893b4a6a607b4221a894bf861da7914e.r2.dev/1807168376920335.jpg
carried-forward  2415948505553406 c0  → https://pub-893b4a6a607b4221a894bf861da7914e.r2.dev/2415948505553406.jpg
carried-forward  2176633102878413 c0  → https://pub-893b4a6a607b4221a894bf861da7914e.r2.dev/2176633102878413.jpg
carried-forward  1665723721143478 c0  → https://pub-893b4a6a607b4221a894bf861da7914e.r2.dev/1665723721143478.jpg
carried-forward  1609934236764490 c0  → https://pub-893b4a6a607b4221a894bf861da7914e.r2.dev/1609934236764490.jpg
carried-forward  986386954333531 c0  → https://pub-893b4a6a607b4221a894bf861da7914e.r2.dev/986386954333531.jpg
carried-forward  1312602073533366 c0  → https://pub-893b4a6a607b4221a894bf861da7914e.r2.dev/1312602073533366.jpg
carried-forward  1372559104710809 c0  → https://pub-893b4a6a607b4221a894bf861da7914e.r2.dev/1372559104710809.jpg
carried-forward  2090086665181788 c0  → https://pub-893b4a6a607b4221a894bf861da7914e.r2.dev/2090086665181788.jpg
carried-forward  1265072752281598 c0  → https://pub-893b4a6a607b4221a894bf861da7914e.r2.dev/1265072752281598.jpg
carried-forward  1673299180482950 c0  → https://pub-893b4a6a607b4221a894bf861da7914e.r2.dev/1673299180482950.jpg
carried-forward  1967732540515336 c0  → https://pub-893b4a6a607b4221a894bf861da7914e.r2.dev/1967732540515336.jpg
carried-forward  4355428614673626 c0  → https://pub-893b4a6a607b4221a894bf861da7914e.r2.dev/4355428614673626.jpg
carried-forward  1526198605738534 c0  → https://pub-893b4a6a607b4221a894bf861da7914e.r2.dev/1526198605738534.jpg
carried-forward  3972973809668075 c0  → https://pub-893b4a6a607b4221a894bf861da7914e.r2.dev/3972973809668075.jpg
carried-forward  963610919631343 c0  → https://pub-893b4a6a607b4221a894bf861da7914e.r2.dev/963610919631343.jpg
carried-forward  2176057433188010 c0  → https://pub-893b4a6a607b4221a894bf861da7914e.r2.dev/2176057433188010.jpg
carried-forward  26834298739552454 c0  → https://pub-893b4a6a607b4221a894bf861da7914e.r2.dev/26834298739552454.jpg
carried-forward  941002948747669 c0  → https://pub-893b4a6a607b4221a894bf861da7914e.r2.dev/941002948747669.jpg
carried-forward  1302004622020856 c0  → https://pub-893b4a6a607b4221a894bf861da7914e.r2.dev/1302004622020856.jpg
carried-forward  1022548300711593 c0  → https://pub-893b4a6a607b4221a894bf861da7914e.r2.dev/1022548300711593.jpg
carried-forward  1692037872117261 c0  → https://pub-893b4a6a607b4221a894bf861da7914e.r2.dev/1692037872117261.jpg
carried-forward  1635444020997029 c0  → https://pub-893b4a6a607b4221a894bf861da7914e.r2.dev/1635444020997029.jpg
carried-forward  1647549236362092 c0  → https://pub-893b4a6a607b4221a894bf861da7914e.r2.dev/1647549236362092.jpg
carried-forward  26682558324761474 c0  → https://pub-893b4a6a607b4221a894bf861da7914e.r2.dev/26682558324761474.jpg
carried-forward  2196210954354910 c0  → https://pub-893b4a6a607b4221a894bf861da7914e.r2.dev/2196210954354910.jpg
carried-forward  1577339009996769 c0  → https://pub-893b4a6a607b4221a894bf861da7914e.r2.dev/1577339009996769.jpg
carried-forward  925508880537239 c0  → https://pub-893b4a6a607b4221a894bf861da7914e.r2.dev/925508880537239.jpg
carried-forward  1299233428981926 c0  → https://pub-893b4a6a607b4221a894bf861da7914e.r2.dev/1299233428981926.jpg
carried-forward  951386494552921 c0  → https://pub-893b4a6a607b4221a894bf861da7914e.r2.dev/951386494552921.jpg
carried-forward  1712118969916583 c0  → https://pub-893b4a6a607b4221a894bf861da7914e.r2.dev/1712118969916583.jpg
carried-forward  2541239109625788 c0  → https://pub-893b4a6a607b4221a894bf861da7914e.r2.dev/2541239109625788.jpg
carried-forward  27129104300075832 c0  → https://pub-893b4a6a607b4221a894bf861da7914e.r2.dev/27129104300075832.jpg
carried-forward  4312078609055122 c0  → https://pub-893b4a6a607b4221a894bf861da7914e.r2.dev/4312078609055122.jpg
carried-forward  1012555714784563 c0  → https://pub-893b4a6a607b4221a894bf861da7914e.r2.dev/1012555714784563.jpg
carried-forward  1400701975131402 c0  → https://pub-893b4a6a607b4221a894bf861da7914e.r2.dev/1400701975131402.jpg
carried-forward  4505587999684241 c0  → https://pub-893b4a6a607b4221a894bf861da7914e.r2.dev/4505587999684241.jpg
carried-forward  788710000839430 c0  → https://pub-893b4a6a607b4221a894bf861da7914e.r2.dev/788710000839430.jpg
carried-forward  944015018638623 c0  → https://pub-893b4a6a607b4221a894bf861da7914e.r2.dev/944015018638623.jpg
carried-forward  1466873578503388 c0  → https://pub-893b4a6a607b4221a894bf861da7914e.r2.dev/1466873578503388.jpg
carried-forward  1301328448880516 c0  → https://pub-893b4a6a607b4221a894bf861da7914e.r2.dev/1301328448880516.jpg
carried-forward  1363844965556193 c0  → https://pub-893b4a6a607b4221a894bf861da7914e.r2.dev/1363844965556193.jpg
carried-forward  1620309759268241 c0  → https://pub-893b4a6a607b4221a894bf861da7914e.r2.dev/1620309759268241.jpg
carried-forward  1415261670326250 c0  → https://pub-893b4a6a607b4221a894bf861da7914e.r2.dev/1415261670326250.jpg
carried-forward  1002766272708560 c0  → https://pub-893b4a6a607b4221a894bf861da7914e.r2.dev/1002766272708560.jpg
carried-forward  1265204772349758 c0  → https://pub-893b4a6a607b4221a894bf861da7914e.r2.dev/1265204772349758.jpg
carried-forward  1694909414996932 c0  → https://pub-893b4a6a607b4221a894bf861da7914e.r2.dev/1694909414996932.jpg
carried-forward  1485066779978357 c0  → https://pub-893b4a6a607b4221a894bf861da7914e.r2.dev/1485066779978357.jpg
carried-forward  4339150906304103 c0  → https://pub-893b4a6a607b4221a894bf861da7914e.r2.dev/4339150906304103.jpg
carried-forward  967675575977603 c0  → https://pub-893b4a6a607b4221a894bf861da7914e.r2.dev/967675575977603.jpg
carried-forward  1300743608912724 c0  → https://pub-893b4a6a607b4221a894bf861da7914e.r2.dev/1300743608912724.jpg
carried-forward  1334376228555847 c0  → https://pub-893b4a6a607b4221a894bf861da7914e.r2.dev/1334376228555847.jpg
carried-forward  1660032351808324 c0  → https://pub-893b4a6a607b4221a894bf861da7914e.r2.dev/1660032351808324.jpg
carried-forward  1321936329879487 c0  → https://pub-893b4a6a607b4221a894bf861da7914e.r2.dev/1321936329879487.jpg
carried-forward  1613743130270020 c0  → https://pub-893b4a6a607b4221a894bf861da7914e.r2.dev/1613743130270020.jpg
carried-forward  1018975780639469 c0  → https://pub-893b4a6a607b4221a894bf861da7914e.r2.dev/1018975780639469.jpg
carried-forward  1736299630871586 c0  → https://pub-893b4a6a607b4221a894bf861da7914e.r2.dev/1736299630871586.jpg
carried-forward  1306075288146612 c0  → https://pub-893b4a6a607b4221a894bf861da7914e.r2.dev/1306075288146612.jpg
carried-forward  1622801959010303 c0  → https://pub-893b4a6a607b4221a894bf861da7914e.r2.dev/1622801959010303.jpg
carried-forward  1859618541398129 c0  → https://pub-893b4a6a607b4221a894bf861da7914e.r2.dev/1859618541398129.jpg
carried-forward  2132990107274585 c0  → https://pub-893b4a6a607b4221a894bf861da7914e.r2.dev/2132990107274585.jpg
carried-forward  2387283878452795 c0  → https://pub-893b4a6a607b4221a894bf861da7914e.r2.dev/2387283878452795.jpg
carried-forward  2645195059208242 c0  → https://pub-893b4a6a607b4221a894bf861da7914e.r2.dev/2645195059208242.jpg
carried-forward  1463982201641076 c0  → https://pub-893b4a6a607b4221a894bf861da7914e.r2.dev/1463982201641076.jpg
carried-forward  2520190835107644 c0  → https://pub-893b4a6a607b4221a894bf861da7914e.r2.dev/2520190835107644.jpg
carried-forward  1308054678099066 c0  → https://pub-893b4a6a607b4221a894bf861da7914e.r2.dev/1308054678099066.jpg
carried-forward  1677380766838260 c0  → https://pub-893b4a6a607b4221a894bf861da7914e.r2.dev/1677380766838260.jpg
carried-forward  1021667946913978 c0  → https://pub-893b4a6a607b4221a894bf861da7914e.r2.dev/1021667946913978.jpg
carried-forward  1684043206274591 c0  → https://pub-893b4a6a607b4221a894bf861da7914e.r2.dev/1684043206274591.jpg
carried-forward  1540410424420078 c0  → https://pub-893b4a6a607b4221a894bf861da7914e.r2.dev/1540410424420078.jpg
carried-forward  1669462880997978 c0  → https://pub-893b4a6a607b4221a894bf861da7914e.r2.dev/1669462880997978.jpg
carried-forward  3413573268801691 c0  → https://pub-893b4a6a607b4221a894bf861da7914e.r2.dev/3413573268801691.jpg
carried-forward  1290556179562740 c0  → https://pub-893b4a6a607b4221a894bf861da7914e.r2.dev/1290556179562740.jpg
carried-forward  808270088829967 c0  → https://pub-893b4a6a607b4221a894bf861da7914e.r2.dev/808270088829967.jpg
carried-forward  970298462388380 c0  → https://pub-893b4a6a607b4221a894bf861da7914e.r2.dev/970298462388380.jpg
carried-forward  1586671659089845 c0  → https://pub-893b4a6a607b4221a894bf861da7914e.r2.dev/1586671659089845.jpg
carried-forward  1769072084533140 c0  → https://pub-893b4a6a607b4221a894bf861da7914e.r2.dev/1769072084533140.jpg
carried-forward  1919834685339719 c0  → https://pub-893b4a6a607b4221a894bf861da7914e.r2.dev/1919834685339719.jpg
carried-forward  4227851714092987 c0  → https://pub-893b4a6a607b4221a894bf861da7914e.r2.dev/4227851714092987.jpg
carried-forward  958922933610469 c0  → https://pub-893b4a6a607b4221a894bf861da7914e.r2.dev/958922933610469.jpg
carried-forward  966092972989059 c0  → https://pub-893b4a6a607b4221a894bf861da7914e.r2.dev/966092972989059.jpg
carried-forward  1060936599931330 c0  → https://pub-893b4a6a607b4221a894bf861da7914e.r2.dev/1060936599931330.jpg
carried-forward  1293780259614952 c0  → https://pub-893b4a6a607b4221a894bf861da7914e.r2.dev/1293780259614952.jpg
carried-forward  26646703201618175 c0  → https://pub-893b4a6a607b4221a894bf861da7914e.r2.dev/26646703201618175.jpg
carried-forward  2782161118813944 c0  → https://pub-893b4a6a607b4221a894bf861da7914e.r2.dev/2782161118813944.jpg
carried-forward  1648807359502232 c0  → https://pub-893b4a6a607b4221a894bf861da7914e.r2.dev/1648807359502232.jpg
carried-forward  35706972632284192 c0  → https://pub-893b4a6a607b4221a894bf861da7914e.r2.dev/35706972632284192.jpg
carried-forward  1527418615678305 c0  → https://pub-893b4a6a607b4221a894bf861da7914e.r2.dev/1527418615678305.jpg
carried-forward  2051162158798003 c0  → https://pub-893b4a6a607b4221a894bf861da7914e.r2.dev/2051162158798003.jpg
carried-forward  2487145185070337 c0  → https://pub-893b4a6a607b4221a894bf861da7914e.r2.dev/2487145185070337.jpg
carried-forward  992431893284987 c0  → https://pub-893b4a6a607b4221a894bf861da7914e.r2.dev/992431893284987.jpg
carried-forward  1015869107444888 c0  → https://pub-893b4a6a607b4221a894bf861da7914e.r2.dev/1015869107444888.jpg
carried-forward  1860352704641581 c0  → https://pub-893b4a6a607b4221a894bf861da7914e.r2.dev/1860352704641581.jpg
carried-forward  945084408583717 c0  → https://pub-893b4a6a607b4221a894bf861da7914e.r2.dev/945084408583717.jpg
carried-forward  990597816841710 c0  → https://pub-893b4a6a607b4221a894bf861da7914e.r2.dev/990597816841710.jpg
carried-forward  1494684615542041 c0  → https://pub-893b4a6a607b4221a894bf861da7914e.r2.dev/1494684615542041.jpg
carried-forward  1643957156658800 c0  → https://pub-893b4a6a607b4221a894bf861da7914e.r2.dev/1643957156658800.jpg
carried-forward  1717262559260629 c0  → https://pub-893b4a6a607b4221a894bf861da7914e.r2.dev/1717262559260629.jpg
carried-forward  2123081121568429 c0  → https://pub-893b4a6a607b4221a894bf861da7914e.r2.dev/2123081121568429.jpg
carried-forward  4550863248480871 c0  → https://pub-893b4a6a607b4221a894bf861da7914e.r2.dev/4550863248480871.jpg
carried-forward  842670145130295 c0  → https://pub-893b4a6a607b4221a894bf861da7914e.r2.dev/842670145130295.jpg
carried-forward  3449225581917948 c0  → https://pub-893b4a6a607b4221a894bf861da7914e.r2.dev/3449225581917948.jpg
carried-forward  948637467995328 c0  → https://pub-893b4a6a607b4221a894bf861da7914e.r2.dev/948637467995328.jpg
carried-forward  1332679192122687 c0  → https://pub-893b4a6a607b4221a894bf861da7914e.r2.dev/1332679192122687.jpg
carried-forward  1656092882328264 c0  → https://pub-893b4a6a607b4221a894bf861da7914e.r2.dev/1656092882328264.jpg
carried-forward  1649383962992475 c0  → https://pub-893b4a6a607b4221a894bf861da7914e.r2.dev/1649383962992475.jpg
carried-forward  2594426214306567 c0  → https://pub-893b4a6a607b4221a894bf861da7914e.r2.dev/2594426214306567.jpg
carried-forward  2253924968748540 c0  → https://pub-893b4a6a607b4221a894bf861da7914e.r2.dev/2253924968748540.jpg
carried-forward  1532430658397515 c0  → https://pub-893b4a6a607b4221a894bf861da7914e.r2.dev/1532430658397515.jpg
carried-forward  995642809665865 c0  → https://pub-893b4a6a607b4221a894bf861da7914e.r2.dev/995642809665865.jpg
carried-forward  1210369317750057 c0  → https://pub-893b4a6a607b4221a894bf861da7914e.r2.dev/1210369317750057.jpg
carried-forward  2227669261340066 c0  → https://pub-893b4a6a607b4221a894bf861da7914e.r2.dev/2227669261340066.jpg
carried-forward  981491044789939 c0  → https://pub-893b4a6a607b4221a894bf861da7914e.r2.dev/981491044789939.jpg
carried-forward  1163040535935064 c0  → https://pub-893b4a6a607b4221a894bf861da7914e.r2.dev/1163040535935064.jpg
carried-forward  1603727264023774 c0  → https://pub-893b4a6a607b4221a894bf861da7914e.r2.dev/1603727264023774.jpg
carried-forward  847963261108880 c0  → https://pub-893b4a6a607b4221a894bf861da7914e.r2.dev/847963261108880.jpg
carried-forward  1524348322741387 c0  → https://pub-893b4a6a607b4221a894bf861da7914e.r2.dev/1524348322741387.jpg
carried-forward  2021485432096235 c0  → https://pub-893b4a6a607b4221a894bf861da7914e.r2.dev/2021485432096235.jpg
carried-forward  1663319461532056 c0  → https://pub-893b4a6a607b4221a894bf861da7914e.r2.dev/1663319461532056.jpg
carried-forward  1774073806742421 c0  → https://pub-893b4a6a607b4221a894bf861da7914e.r2.dev/1774073806742421.jpg
carried-forward  819990574209971 c0  → https://pub-893b4a6a607b4221a894bf861da7914e.r2.dev/819990574209971.jpg
carried-forward  2326644351198399 c0  → https://pub-893b4a6a607b4221a894bf861da7914e.r2.dev/2326644351198399.jpg
carried-forward  4361608187442251 c0  → https://pub-893b4a6a607b4221a894bf861da7914e.r2.dev/4361608187442251.jpg
carried-forward  4393029100985463 c0  → https://pub-893b4a6a607b4221a894bf861da7914e.r2.dev/4393029100985463.jpg
carried-forward  991649673374578 c0  → https://pub-893b4a6a607b4221a894bf861da7914e.r2.dev/991649673374578.jpg
carried-forward  1542098297533247 c0  → https://pub-893b4a6a607b4221a894bf861da7914e.r2.dev/1542098297533247.jpg
carried-forward  1732290434603005 c0  → https://pub-893b4a6a607b4221a894bf861da7914e.r2.dev/1732290434603005.jpg
carried-forward  1294974922175268 c0  → https://pub-893b4a6a607b4221a894bf861da7914e.r2.dev/1294974922175268.jpg
carried-forward  1319655110268718 c0  → https://pub-893b4a6a607b4221a894bf861da7914e.r2.dev/1319655110268718.jpg
carried-forward  1333032762074376 c0  → https://pub-893b4a6a607b4221a894bf861da7914e.r2.dev/1333032762074376.jpg
carried-forward  1506315941083831 c0  → https://pub-893b4a6a607b4221a894bf861da7914e.r2.dev/1506315941083831.jpg
carried-forward  1896706531048014 c0  → https://pub-893b4a6a607b4221a894bf861da7914e.r2.dev/1896706531048014.jpg
carried-forward  1906836160031252 c0  → https://pub-893b4a6a607b4221a894bf861da7914e.r2.dev/1906836160031252.jpg
carried-forward  796483276729596 c0  → https://pub-893b4a6a607b4221a894bf861da7914e.r2.dev/796483276729596.jpg
carried-forward  1382767037235891 c0  → https://pub-893b4a6a607b4221a894bf861da7914e.r2.dev/1382767037235891.jpg
carried-forward  1522762006040943 c0  → https://pub-893b4a6a607b4221a894bf861da7914e.r2.dev/1522762006040943.jpg
carried-forward  1359359622773782 c0  → https://pub-893b4a6a607b4221a894bf861da7914e.r2.dev/1359359622773782.jpg
carried-forward  2254503902025575 c0  → https://pub-893b4a6a607b4221a894bf861da7914e.r2.dev/2254503902025575.jpg
carried-forward  3595687197256034 c0  → https://pub-893b4a6a607b4221a894bf861da7914e.r2.dev/3595687197256034.jpg
carried-forward  4396342293942882 c0  → https://pub-893b4a6a607b4221a894bf861da7914e.r2.dev/4396342293942882.jpg
carried-forward  2033628897225965 c0  → https://pub-893b4a6a607b4221a894bf861da7914e.r2.dev/2033628897225965.jpg
carried-forward  919289757793243 c0  → https://pub-893b4a6a607b4221a894bf861da7914e.r2.dev/919289757793243.jpg
carried-forward  1488687812994922 c0  → https://pub-893b4a6a607b4221a894bf861da7914e.r2.dev/1488687812994922.jpg
carried-forward  4558272501153007 c0  → https://pub-893b4a6a607b4221a894bf861da7914e.r2.dev/4558272501153007.jpg
carried-forward  897342876729529 c0  → https://pub-893b4a6a607b4221a894bf861da7914e.r2.dev/897342876729529.jpg
carried-forward  786974401017529 c0  → https://pub-893b4a6a607b4221a894bf861da7914e.r2.dev/786974401017529.jpg
carried-forward  924933447267931 c0  → https://pub-893b4a6a607b4221a894bf861da7914e.r2.dev/924933447267931.jpg
carried-forward  1032612249717785 c0  → https://pub-893b4a6a607b4221a894bf861da7914e.r2.dev/1032612249717785.jpg
carried-forward  1429932378902336 c0  → https://pub-893b4a6a607b4221a894bf861da7914e.r2.dev/1429932378902336.jpg
carried-forward  1517393396696950 c0  → https://pub-893b4a6a607b4221a894bf861da7914e.r2.dev/1517393396696950.jpg
carried-forward  1519552343143612 c0  → https://pub-893b4a6a607b4221a894bf861da7914e.r2.dev/1519552343143612.jpg
carried-forward  851480024668231 c0  → https://pub-893b4a6a607b4221a894bf861da7914e.r2.dev/851480024668231.jpg
carried-forward  2156457901772259 c0  → https://pub-893b4a6a607b4221a894bf861da7914e.r2.dev/2156457901772259.jpg
carried-forward  3475150152883630 c0  → https://pub-893b4a6a607b4221a894bf861da7914e.r2.dev/3475150152883630.jpg
carried-forward  2014938639151992 c0  → https://pub-893b4a6a607b4221a894bf861da7914e.r2.dev/2014938639151992.jpg
carried-forward  2041750623216190 c0  → https://pub-893b4a6a607b4221a894bf861da7914e.r2.dev/2041750623216190.jpg
carried-forward  2876728919338158 c0  → https://pub-893b4a6a607b4221a894bf861da7914e.r2.dev/2876728919338158.jpg
carried-forward  1010049094889435 c0  → https://pub-893b4a6a607b4221a894bf861da7914e.r2.dev/1010049094889435.jpg
carried-forward  1639774827293679 c0  → https://pub-893b4a6a607b4221a894bf861da7914e.r2.dev/1639774827293679.jpg
carried-forward  1658272858754265 c0  → https://pub-893b4a6a607b4221a894bf861da7914e.r2.dev/1658272858754265.jpg
carried-forward  2118234078736506 c0  → https://pub-893b4a6a607b4221a894bf861da7914e.r2.dev/2118234078736506.jpg
carried-forward  1282168087301695 c0  → https://pub-893b4a6a607b4221a894bf861da7914e.r2.dev/1282168087301695.jpg
carried-forward  27044766238488298 c0  → https://pub-893b4a6a607b4221a894bf861da7914e.r2.dev/27044766238488298.jpg
carried-forward  973651968918987 c0  → https://pub-893b4a6a607b4221a894bf861da7914e.r2.dev/973651968918987.jpg
carried-forward  1526550852175764 c0  → https://pub-893b4a6a607b4221a894bf861da7914e.r2.dev/1526550852175764.jpg
carried-forward  2142255016532376 c0  → https://pub-893b4a6a607b4221a894bf861da7914e.r2.dev/2142255016532376.jpg
carried-forward  982161030964590 c0  → https://pub-893b4a6a607b4221a894bf861da7914e.r2.dev/982161030964590.jpg
carried-forward  973106962360479 c0  → https://pub-893b4a6a607b4221a894bf861da7914e.r2.dev/973106962360479.jpg
carried-forward  997686536130437 c0  → https://pub-893b4a6a607b4221a894bf861da7914e.r2.dev/997686536130437.jpg
carried-forward  1295070872807007 c0  → https://pub-893b4a6a607b4221a894bf861da7914e.r2.dev/1295070872807007.jpg
carried-forward  1741657913914516 c0  → https://pub-893b4a6a607b4221a894bf861da7914e.r2.dev/1741657913914516.jpg
carried-forward  1516773293430367 c0  → https://pub-893b4a6a607b4221a894bf861da7914e.r2.dev/1516773293430367.jpg
carried-forward  1720579752695628 c0  → https://pub-893b4a6a607b4221a894bf861da7914e.r2.dev/1720579752695628.jpg
carried-forward  1921289388554192 c0  → https://pub-893b4a6a607b4221a894bf861da7914e.r2.dev/1921289388554192.jpg
carried-forward  2046715992935497 c0  → https://pub-893b4a6a607b4221a894bf861da7914e.r2.dev/2046715992935497.jpg
carried-forward  984646877865281 c0  → https://pub-893b4a6a607b4221a894bf861da7914e.r2.dev/984646877865281.jpg
carried-forward  993488876968060 c0  → https://pub-893b4a6a607b4221a894bf861da7914e.r2.dev/993488876968060.jpg
carried-forward  2399872743837513 c0  → https://pub-893b4a6a607b4221a894bf861da7914e.r2.dev/2399872743837513.jpg
carried-forward  984144590979225 c0  → https://pub-893b4a6a607b4221a894bf861da7914e.r2.dev/984144590979225.jpg
carried-forward  1029386582992596 c0  → https://pub-893b4a6a607b4221a894bf861da7914e.r2.dev/1029386582992596.jpg
carried-forward  1359178736260469 c0  → https://pub-893b4a6a607b4221a894bf861da7914e.r2.dev/1359178736260469.jpg
carried-forward  26881942054824333 c0  → https://pub-893b4a6a607b4221a894bf861da7914e.r2.dev/26881942054824333.jpg
carried-forward  857348443461296 c0  → https://pub-893b4a6a607b4221a894bf861da7914e.r2.dev/857348443461296.jpg
carried-forward  1352495486723774 c0  → https://pub-893b4a6a607b4221a894bf861da7914e.r2.dev/1352495486723774.jpg
carried-forward  1651092426039597 c0  → https://pub-893b4a6a607b4221a894bf861da7914e.r2.dev/1651092426039597.jpg
carried-forward  1866061830749378 c0  → https://pub-893b4a6a607b4221a894bf861da7914e.r2.dev/1866061830749378.jpg
carried-forward  1023855036954650 c0  → https://pub-893b4a6a607b4221a894bf861da7914e.r2.dev/1023855036954650.jpg
carried-forward  1486849902911545 c0  → https://pub-893b4a6a607b4221a894bf861da7914e.r2.dev/1486849902911545.jpg
carried-forward  1945655862764464 c0  → https://pub-893b4a6a607b4221a894bf861da7914e.r2.dev/1945655862764464.jpg
carried-forward  3112414912480919 c0  → https://pub-893b4a6a607b4221a894bf861da7914e.r2.dev/3112414912480919.jpg
carried-forward  868098112241156 c0  → https://pub-893b4a6a607b4221a894bf861da7914e.r2.dev/868098112241156.jpg
carried-forward  975670728655979 c0  → https://pub-893b4a6a607b4221a894bf861da7914e.r2.dev/975670728655979.jpg
carried-forward  1301188515318163 c0  → https://pub-893b4a6a607b4221a894bf861da7914e.r2.dev/1301188515318163.jpg
carried-forward  4031605013640475 c0  → https://pub-893b4a6a607b4221a894bf861da7914e.r2.dev/4031605013640475.jpg
carried-forward  4293509674129151 c0  → https://pub-893b4a6a607b4221a894bf861da7914e.r2.dev/4293509674129151.jpg
carried-forward  993810366444651 c0  → https://pub-893b4a6a607b4221a894bf861da7914e.r2.dev/993810366444651.jpg
carried-forward  1256256972961689 c0  → https://pub-893b4a6a607b4221a894bf861da7914e.r2.dev/1256256972961689.jpg
carried-forward  1253983096545228 c0  → https://pub-893b4a6a607b4221a894bf861da7914e.r2.dev/1253983096545228.jpg
carried-forward  1529527898786460 c0  → https://pub-893b4a6a607b4221a894bf861da7914e.r2.dev/1529527898786460.jpg
carried-forward  3196205707234921 c0  → https://pub-893b4a6a607b4221a894bf861da7914e.r2.dev/3196205707234921.jpg
carried-forward  1367892128549180 c0  → https://pub-893b4a6a607b4221a894bf861da7914e.r2.dev/1367892128549180.jpg
carried-forward  1639343307345287 c0  → https://pub-893b4a6a607b4221a894bf861da7914e.r2.dev/1639343307345287.jpg
carried-forward  2047556009494796 c0  → https://pub-893b4a6a607b4221a894bf861da7914e.r2.dev/2047556009494796.jpg
carried-forward  1473233287836062 c0  → https://pub-893b4a6a607b4221a894bf861da7914e.r2.dev/1473233287836062.jpg
carried-forward  1899213540737783 c0  → https://pub-893b4a6a607b4221a894bf861da7914e.r2.dev/1899213540737783.jpg
uploaded         2481991498881328 c0  (image) ← 2481991498881328.jpg  → https://pub-893b4a6a607b4221a894bf861da7914e.r2.dev/2481991498881328.jpg
uploaded         4558017484430959 c0  (image) ← 4558017484430959.jpg  → https://pub-893b4a6a607b4221a894bf861da7914e.r2.dev/4558017484430959.jpg
uploaded         981493867916755 c0  (image) ← 981493867916755.jpg  → https://pub-893b4a6a607b4221a894bf861da7914e.r2.dev/981493867916755.jpg
uploaded         1367413235208979 c0  (image) ← 1367413235208979.jpg  → https://pub-893b4a6a607b4221a894bf861da7914e.r2.dev/1367413235208979.jpg
uploaded         1524477679058591 c0  (image) ← 1524477679058591.jpg  → https://pub-893b4a6a607b4221a894bf861da7914e.r2.dev/1524477679058591.jpg
uploaded         1666079177849826 c0  (image) ← 1666079177849826.jpg  → https://pub-893b4a6a607b4221a894bf861da7914e.r2.dev/1666079177849826.jpg
uploaded         3004734459724648 c0  (image) ← 3004734459724648.jpg  → https://pub-893b4a6a607b4221a894bf861da7914e.r2.dev/3004734459724648.jpg
uploaded         1289998459342817 c0  (image) ← 1289998459342817.jpg  → https://pub-893b4a6a607b4221a894bf861da7914e.r2.dev/1289998459342817.jpg
uploaded         1520211686213651 c0  (image) ← 1520211686213651.jpg  → https://pub-893b4a6a607b4221a894bf861da7914e.r2.dev/1520211686213651.jpg
uploaded         4486838028252445 c0  (image) ← 4486838028252445.jpg  → https://pub-893b4a6a607b4221a894bf861da7914e.r2.dev/4486838028252445.jpg
uploaded         1765315034437698 c0  (image) ← 1765315034437698.jpg  → https://pub-893b4a6a607b4221a894bf861da7914e.r2.dev/1765315034437698.jpg
uploaded         1635718911021900 c0  (image) ← 1635718911021900.jpg  → https://pub-893b4a6a607b4221a894bf861da7914e.r2.dev/1635718911021900.jpg
uploaded         1981751572479938 c0  (image) ← 1981751572479938.jpg  → https://pub-893b4a6a607b4221a894bf861da7914e.r2.dev/1981751572479938.jpg
uploaded         1984274242454518 c0  (image) ← 1984274242454518.jpg  → https://pub-893b4a6a607b4221a894bf861da7914e.r2.dev/1984274242454518.jpg
uploaded         944715438050430 c0  (image) ← 944715438050430.jpg  → https://pub-893b4a6a607b4221a894bf861da7914e.r2.dev/944715438050430.jpg
uploaded         1266219175501141 c0  (image) ← 1266219175501141.jpg  → https://pub-893b4a6a607b4221a894bf861da7914e.r2.dev/1266219175501141.jpg
uploaded         1461060808567128 c0  (image) ← 1461060808567128.jpg  → https://pub-893b4a6a607b4221a894bf861da7914e.r2.dev/1461060808567128.jpg
uploaded         2063877041008029 c0  (image) ← 2063877041008029.jpg  → https://pub-893b4a6a607b4221a894bf861da7914e.r2.dev/2063877041008029.jpg
uploaded         869807825465394 c0  (image) ← 869807825465394.jpg  → https://pub-893b4a6a607b4221a894bf861da7914e.r2.dev/869807825465394.jpg
uploaded         1040248631668916 c0  (image) ← 1040248631668916.jpg  → https://pub-893b4a6a607b4221a894bf861da7914e.r2.dev/1040248631668916.jpg
uploaded         1639879117296871 c0  (image) ← 1639879117296871.jpg  → https://pub-893b4a6a607b4221a894bf861da7914e.r2.dev/1639879117296871.jpg
uploaded         1366193632004922 c0  (image) ← 1366193632004922.jpg  → https://pub-893b4a6a607b4221a894bf861da7914e.r2.dev/1366193632004922.jpg
uploaded         998442962876276 c0  (image) ← 998442962876276.jpg  → https://pub-893b4a6a607b4221a894bf861da7914e.r2.dev/998442962876276.jpg
uploaded         1011833674639275 c0  (image) ← 1011833674639275.jpg  → https://pub-893b4a6a607b4221a894bf861da7914e.r2.dev/1011833674639275.jpg
uploaded         2067829847278713 c0  (image) ← 2067829847278713.jpg  → https://pub-893b4a6a607b4221a894bf861da7914e.r2.dev/2067829847278713.jpg
uploaded         4538212226500060 c0  (image) ← 4538212226500060.jpg  → https://pub-893b4a6a607b4221a894bf861da7914e.r2.dev/4538212226500060.jpg
uploaded         1285659486570258 c0  (image) ← 1285659486570258.jpg  → https://pub-893b4a6a607b4221a894bf861da7914e.r2.dev/1285659486570258.jpg
uploaded         1301692508099570 c0  (image) ← 1301692508099570.jpg  → https://pub-893b4a6a607b4221a894bf861da7914e.r2.dev/1301692508099570.jpg
uploaded         1353243676703609 c0  (image) ← 1353243676703609.jpg  → https://pub-893b4a6a607b4221a894bf861da7914e.r2.dev/1353243676703609.jpg
uploaded         1607979363605092 c0  (image) ← 1607979363605092.jpg  → https://pub-893b4a6a607b4221a894bf861da7914e.r2.dev/1607979363605092.jpg
uploaded         2149962842402950 c0  (image) ← 2149962842402950.jpg  → https://pub-893b4a6a607b4221a894bf861da7914e.r2.dev/2149962842402950.jpg
uploaded         3358378310995630 c0  (image) ← 3358378310995630.jpg  → https://pub-893b4a6a607b4221a894bf861da7914e.r2.dev/3358378310995630.jpg
uploaded         850486008106708 c0  (image) ← 850486008106708.jpg  → https://pub-893b4a6a607b4221a894bf861da7914e.r2.dev/850486008106708.jpg
uploaded         1272276008228685 c0  (image) ← 1272276008228685.jpg  → https://pub-893b4a6a607b4221a894bf861da7914e.r2.dev/1272276008228685.jpg
uploaded         1335537338438823 c0  (image) ← 1335537338438823.jpg  → https://pub-893b4a6a607b4221a894bf861da7914e.r2.dev/1335537338438823.jpg
uploaded         1535746994771807 c0  (image) ← 1535746994771807.jpg  → https://pub-893b4a6a607b4221a894bf861da7914e.r2.dev/1535746994771807.jpg
uploaded         26215714644774101 c0  (image) ← 26215714644774101.jpg  → https://pub-893b4a6a607b4221a894bf861da7914e.r2.dev/26215714644774101.jpg
uploaded         986726037055997 c0  (image) ← 986726037055997.jpg  → https://pub-893b4a6a607b4221a894bf861da7914e.r2.dev/986726037055997.jpg
uploaded         1554518429628757 c0  (image) ← 1554518429628757.jpg  → https://pub-893b4a6a607b4221a894bf861da7914e.r2.dev/1554518429628757.jpg
uploaded         2508549853248249 c0  (image) ← 2508549853248249.jpg  → https://pub-893b4a6a607b4221a894bf861da7914e.r2.dev/2508549853248249.jpg
uploaded         1341013654553139 c0  (image) ← 1341013654553139.jpg  → https://pub-893b4a6a607b4221a894bf861da7914e.r2.dev/1341013654553139.jpg
uploaded         1519999546580207 c0  (image) ← 1519999546580207.jpg  → https://pub-893b4a6a607b4221a894bf861da7914e.r2.dev/1519999546580207.jpg
uploaded         1594031159108307 c0  (image) ← 1594031159108307.jpg  → https://pub-893b4a6a607b4221a894bf861da7914e.r2.dev/1594031159108307.jpg
uploaded         1698757621281005 c0  (image) ← 1698757621281005.jpg  → https://pub-893b4a6a607b4221a894bf861da7914e.r2.dev/1698757621281005.jpg
video-missing    1495930068983005 c0  (expected file not found in videos/praktika-ai-2026-05-28)
video-missing    987932013611425 c0  (expected file not found in videos/praktika-ai-2026-05-28)
video-missing    976910998426398 c0  (expected file not found in videos/praktika-ai-2026-05-28)
video-missing    1462472441738340 c0  (expected file not found in videos/praktika-ai-2026-05-28)
video-missing    35797169679929355 c0  (expected file not found in videos/praktika-ai-2026-05-28)
video-missing    3208177989378982 c0  (expected file not found in videos/praktika-ai-2026-05-28)
video-missing    1527183502417949 c0  (expected file not found in videos/praktika-ai-2026-05-28)
video-missing    1330894885631217 c0  (expected file not found in videos/praktika-ai-2026-05-28)
video-missing    1523183145862438 c0  (expected file not found in videos/praktika-ai-2026-05-28)
video-missing    1005575851967269 c0  (expected file not found in videos/praktika-ai-2026-05-28)
video-missing    957570046909303 c0  (expected file not found in videos/praktika-ai-2026-05-28)
video-missing    4359651410914240 c0  (expected file not found in videos/praktika-ai-2026-05-28)
video-missing    993974923555560 c0  (expected file not found in videos/praktika-ai-2026-05-28)
video-missing    1415108607498316 c0  (expected file not found in videos/praktika-ai-2026-05-28)
image-pending    872326915887828 c0  (HANDOVER §8.5 — image handling not yet built)
image-pending    2529325424169262 c0  (HANDOVER §8.5 — image handling not yet built)
image-pending    1686220405739406 c0  (HANDOVER §8.5 — image handling not yet built)
image-pending    1288204426712822 c0  (HANDOVER §8.5 — image handling not yet built)
image-pending    3599579626858496 c0  (HANDOVER §8.5 — image handling not yet built)
image-pending    1522673562772437 c0  (HANDOVER §8.5 — image handling not yet built)
image-pending    3887461988056950 c0  (HANDOVER §8.5 — image handling not yet built)
image-pending    968523542556527 c0  (HANDOVER §8.5 — image handling not yet built)
image-pending    1305124394414097 c0  (HANDOVER §8.5 — image handling not yet built)
image-pending    1539548664406161 c0  (HANDOVER §8.5 — image handling not yet built)
image-pending    2169780220476981 c0  (HANDOVER §8.5 — image handling not yet built)
image-pending    963590319896632 c0  (HANDOVER §8.5 — image handling not yet built)
image-pending    1759709985013823 c0  (HANDOVER §8.5 — image handling not yet built)
image-pending    1977493536206178 c0  (HANDOVER §8.5 — image handling not yet built)
image-pending    2269826640493278 c0  (HANDOVER §8.5 — image handling not yet built)
image-pending    968738632461993 c0  (HANDOVER §8.5 — image handling not yet built)
image-pending    2358332441591206 c0  (HANDOVER §8.5 — image handling not yet built)
image-pending    988427040445124 c0  (HANDOVER §8.5 — image handling not yet built)
image-pending    4405650869711837 c0  (HANDOVER §8.5 — image handling not yet built)
image-pending    2294855741287228 c0  (HANDOVER §8.5 — image handling not yet built)
image-pending    1594596345334082 c0  (HANDOVER §8.5 — image handling not yet built)
image-pending    4877807169164432 c0  (HANDOVER §8.5 — image handling not yet built)
image-pending    1481040207084701 c0  (HANDOVER §8.5 — image handling not yet built)
image-pending    1023656127006811 c0  (HANDOVER §8.5 — image handling not yet built)
image-pending    4418535698468150 c0  (HANDOVER §8.5 — image handling not yet built)
image-pending    932348033196531 c0  (HANDOVER §8.5 — image handling not yet built)
image-pending    1764321038282279 c0  (HANDOVER §8.5 — image handling not yet built)
image-pending    1726660278658113 c0  (HANDOVER §8.5 — image handling not yet built)
image-pending    2009989212931675 c0  (HANDOVER §8.5 — image handling not yet built)
image-pending    3701026680052752 c0  (HANDOVER §8.5 — image handling not yet built)
image-pending    992109363212821 c0  (HANDOVER §8.5 — image handling not yet built)
image-pending    870340559445592 c0  (HANDOVER §8.5 — image handling not yet built)
image-pending    2159596831493877 c0  (HANDOVER §8.5 — image handling not yet built)
image-pending    25962028586807320 c0  (HANDOVER §8.5 — image handling not yet built)
image-pending    1861086514848615 c0  (HANDOVER §8.5 — image handling not yet built)
image-pending    2539773046481040 c0  (HANDOVER §8.5 — image handling not yet built)
image-pending    1534091828127001 c0  (HANDOVER §8.5 — image handling not yet built)
image-pending    2801431143555236 c0  (HANDOVER §8.5 — image handling not yet built)
image-pending    1712350080204984 c0  (HANDOVER §8.5 — image handling not yet built)
image-pending    921542067557569 c0  (HANDOVER §8.5 — image handling not yet built)
image-pending    1757104385457548 c0  (HANDOVER §8.5 — image handling not yet built)
image-pending    2043173360412495 c0  (HANDOVER §8.5 — image handling not yet built)
image-pending    2053900848560413 c0  (HANDOVER §8.5 — image handling not yet built)
image-pending    1711826260011954 c0  (HANDOVER §8.5 — image handling not yet built)
image-pending    769004242870917 c0  (HANDOVER §8.5 — image handling not yet built)
image-pending    1242542704416043 c0  (HANDOVER §8.5 — image handling not yet built)
image-pending    2095773354617494 c0  (HANDOVER §8.5 — image handling not yet built)
image-pending    1460373105785793 c0  (HANDOVER §8.5 — image handling not yet built)
image-pending    961660703414501 c0  (HANDOVER §8.5 — image handling not yet built)
image-pending    2245746382630407 c0  (HANDOVER §8.5 — image handling not yet built)
image-pending    987334640613004 c0  (HANDOVER §8.5 — image handling not yet built)
image-pending    838859035958073 c0  (HANDOVER §8.5 — image handling not yet built)
image-pending    2276798473138921 c0  (HANDOVER §8.5 — image handling not yet built)
image-pending    1239635838055456 c0  (HANDOVER §8.5 — image handling not yet built)
image-pending    1513819013753220 c0  (HANDOVER §8.5 — image handling not yet built)
image-pending    26683557454641157 c0  (HANDOVER §8.5 — image handling not yet built)
image-pending    911408461922692 c0  (HANDOVER §8.5 — image handling not yet built)
image-pending    1307588150813353 c0  (HANDOVER §8.5 — image handling not yet built)
image-pending    1675957337163726 c0  (HANDOVER §8.5 — image handling not yet built)
image-pending    1007584734969152 c0  (HANDOVER §8.5 — image handling not yet built)
image-pending    1676836383511988 c0  (HANDOVER §8.5 — image handling not yet built)
image-pending    1795801958070414 c0  (HANDOVER §8.5 — image handling not yet built)
image-pending    1477113690821734 c0  (HANDOVER §8.5 — image handling not yet built)
image-pending    855362240401045 c0  (HANDOVER §8.5 — image handling not yet built)
image-pending    4421635318156292 c0  (HANDOVER §8.5 — image handling not yet built)
image-pending    1680699809840740 c0  (HANDOVER §8.5 — image handling not yet built)
image-pending    1664924221485404 c0  (HANDOVER §8.5 — image handling not yet built)
image-pending    987447414221326 c0  (HANDOVER §8.5 — image handling not yet built)
image-pending    1370098021623546 c0  (HANDOVER §8.5 — image handling not yet built)
image-pending    1731580664952735 c0  (HANDOVER §8.5 — image handling not yet built)
image-pending    1537991157862719 c0  (HANDOVER §8.5 — image handling not yet built)
image-pending    1446615060057687 c0  (HANDOVER §8.5 — image handling not yet built)
image-pending    1722769188874640 c0  (HANDOVER §8.5 — image handling not yet built)
image-pending    1434687421758361 c0  (HANDOVER §8.5 — image handling not yet built)
image-pending    1517156133280998 c0  (HANDOVER §8.5 — image handling not yet built)
image-pending    1346684087330718 c0  (HANDOVER §8.5 — image handling not yet built)
image-pending    2590100954724969 c0  (HANDOVER §8.5 — image handling not yet built)
image-pending    2032081050713494 c0  (HANDOVER §8.5 — image handling not yet built)
image-pending    1500128514826793 c0  (HANDOVER §8.5 — image handling not yet built)
image-pending    2064384284222144 c0  (HANDOVER §8.5 — image handling not yet built)
image-pending    1005095665270040 c0  (HANDOVER §8.5 — image handling not yet built)
image-pending    4390162957965578 c0  (HANDOVER §8.5 — image handling not yet built)
image-pending    1687335422174850 c0  (HANDOVER §8.5 — image handling not yet built)
image-pending    990696173446675 c0  (HANDOVER §8.5 — image handling not yet built)
image-pending    968552555796077 c0  (HANDOVER §8.5 — image handling not yet built)
image-pending    4383089501961725 c0  (HANDOVER §8.5 — image handling not yet built)
image-pending    1688858229099063 c0  (HANDOVER §8.5 — image handling not yet built)
image-pending    1614496382980518 c0  (HANDOVER §8.5 — image handling not yet built)
image-pending    1667220181202256 c0  (HANDOVER §8.5 — image handling not yet built)
image-pending    1282609000732273 c0  (HANDOVER §8.5 — image handling not yet built)
image-pending    1708229350421451 c0  (HANDOVER §8.5 — image handling not yet built)
image-pending    1321627033270423 c0  (HANDOVER §8.5 — image handling not yet built)
image-pending    1006390901946270 c0  (HANDOVER §8.5 — image handling not yet built)
image-pending    1327709212603648 c0  (HANDOVER §8.5 — image handling not yet built)
image-pending    957807527068287 c0  (HANDOVER §8.5 — image handling not yet built)
image-pending    1877050616316669 c0  (HANDOVER §8.5 — image handling not yet built)
image-pending    27157515583937618 c0  (HANDOVER §8.5 — image handling not yet built)
image-pending    1255743979878765 c0  (HANDOVER §8.5 — image handling not yet built)
image-pending    1931903524182680 c0  (HANDOVER §8.5 — image handling not yet built)
image-pending    2017150019240497 c0  (HANDOVER §8.5 — image handling not yet built)
image-pending    1026396280051753 c0  (HANDOVER §8.5 — image handling not yet built)
image-pending    1799440777693341 c0  (HANDOVER §8.5 — image handling not yet built)
image-pending    1620680975895621 c0  (HANDOVER §8.5 — image handling not yet built)
image-pending    1649003862818449 c0  (HANDOVER §8.5 — image handling not yet built)
image-pending    1014334781038462 c0  (HANDOVER §8.5 — image handling not yet built)
image-pending    4496868373931010 c0  (HANDOVER §8.5 — image handling not yet built)
image-pending    901137842951742 c0  (HANDOVER §8.5 — image handling not yet built)
image-pending    1682773116168247 c0  (HANDOVER §8.5 — image handling not yet built)
image-pending    1321274142829510 c0  (HANDOVER §8.5 — image handling not yet built)
image-pending    1535085691471894 c0  (HANDOVER §8.5 — image handling not yet built)
image-pending    1420626606498478 c0  (HANDOVER §8.5 — image handling not yet built)
image-pending    1311467150960634 c0  (HANDOVER §8.5 — image handling not yet built)
image-pending    1482305626179472 c0  (HANDOVER §8.5 — image handling not yet built)
image-pending    1699166968197798 c0  (HANDOVER §8.5 — image handling not yet built)
image-pending    1932330054106324 c0  (HANDOVER §8.5 — image handling not yet built)
image-pending    1148025075056369 c0  (HANDOVER §8.5 — image handling not yet built)
image-pending    1010693894980786 c0  (HANDOVER §8.5 — image handling not yet built)
image-pending    1660270638588522 c0  (HANDOVER §8.5 — image handling not yet built)
image-pending    1006610948546193 c0  (HANDOVER §8.5 — image handling not yet built)
image-pending    1637611680790420 c0  (HANDOVER §8.5 — image handling not yet built)
image-pending    26610683811935445 c0  (HANDOVER §8.5 — image handling not yet built)
image-pending    1739414830384464 c0  (HANDOVER §8.5 — image handling not yet built)
image-pending    1291809956499948 c0  (HANDOVER §8.5 — image handling not yet built)
image-pending    3963810537088046 c0  (HANDOVER §8.5 — image handling not yet built)
image-pending    992364449832092 c0  (HANDOVER §8.5 — image handling not yet built)
image-pending    2189198831935618 c0  (HANDOVER §8.5 — image handling not yet built)
image-pending    915042471584763 c0  (HANDOVER §8.5 — image handling not yet built)
image-pending    1387382043216967 c0  (HANDOVER §8.5 — image handling not yet built)
image-pending    1510545750513631 c0  (HANDOVER §8.5 — image handling not yet built)
image-pending    2048543916054031 c0  (HANDOVER §8.5 — image handling not yet built)
image-pending    2443541136147322 c0  (HANDOVER §8.5 — image handling not yet built)
image-pending    26901776962796844 c0  (HANDOVER §8.5 — image handling not yet built)
image-pending    969557652382624 c0  (HANDOVER §8.5 — image handling not yet built)
image-pending    1428704522275041 c0  (HANDOVER §8.5 — image handling not yet built)
image-pending    851616027467136 c0  (HANDOVER §8.5 — image handling not yet built)
image-pending    1532643608206084 c0  (HANDOVER §8.5 — image handling not yet built)
image-pending    1016953600891106 c0  (HANDOVER §8.5 — image handling not yet built)
image-pending    3492151934267959 c0  (HANDOVER §8.5 — image handling not yet built)
image-pending    1669640014184705 c0  (HANDOVER §8.5 — image handling not yet built)
image-pending    1977141827014375 c0  (HANDOVER §8.5 — image handling not yet built)
image-pending    861522342972980 c0  (HANDOVER §8.5 — image handling not yet built)
image-pending    2527129894386580 c0  (HANDOVER §8.5 — image handling not yet built)
image-pending    2106244556603901 c0  (HANDOVER §8.5 — image handling not yet built)
image-pending    2015982648992337 c0  (HANDOVER §8.5 — image handling not yet built)
image-pending    1317444809718956 c0  (HANDOVER §8.5 — image handling not yet built)
image-pending    978975981383943 c0  (HANDOVER §8.5 — image handling not yet built)
image-pending    1464799692062443 c0  (HANDOVER §8.5 — image handling not yet built)
image-pending    1487896482612143 c0  (HANDOVER §8.5 — image handling not yet built)
image-pending    961712333170154 c0  (HANDOVER §8.5 — image handling not yet built)
image-pending    1607871210279326 c0  (HANDOVER §8.5 — image handling not yet built)
image-pending    863751072727804 c0  (HANDOVER §8.5 — image handling not yet built)
image-pending    2702757903425251 c0  (HANDOVER §8.5 — image handling not yet built)
image-pending    965289572803221 c0  (HANDOVER §8.5 — image handling not yet built)
image-pending    1275178374731848 c0  (HANDOVER §8.5 — image handling not yet built)
image-pending    1364774512341033 c0  (HANDOVER §8.5 — image handling not yet built)
image-pending    2850048231995800 c0  (HANDOVER §8.5 — image handling not yet built)
image-pending    1477383707466914 c0  (HANDOVER §8.5 — image handling not yet built)
image-pending    4283291821885850 c0  (HANDOVER §8.5 — image handling not yet built)
image-pending    2462694407514376 c0  (HANDOVER §8.5 — image handling not yet built)
image-pending    984588890782500 c0  (HANDOVER §8.5 — image handling not yet built)
image-pending    1268938405130980 c0  (HANDOVER §8.5 — image handling not yet built)
image-pending    1020700573754283 c0  (HANDOVER §8.5 — image handling not yet built)
image-pending    1418503623652051 c0  (HANDOVER §8.5 — image handling not yet built)
image-pending    828887579940379 c0  (HANDOVER §8.5 — image handling not yet built)
image-pending    1566125945139149 c0  (HANDOVER §8.5 — image handling not yet built)
image-pending    4494234770838041 c0  (HANDOVER §8.5 — image handling not yet built)
image-pending    958870253445327 c0  (HANDOVER §8.5 — image handling not yet built)
image-pending    26984672477856713 c0  (HANDOVER §8.5 — image handling not yet built)
image-pending    2285898925271782 c0  (HANDOVER §8.5 — image handling not yet built)
image-pending    977879394961209 c0  (HANDOVER §8.5 — image handling not yet built)
image-pending    1521610592953888 c0  (HANDOVER §8.5 — image handling not yet built)
image-pending    2863811027294581 c0  (HANDOVER §8.5 — image handling not yet built)
image-pending    872790665131092 c0  (HANDOVER §8.5 — image handling not yet built)
image-pending    930643833263357 c0  (HANDOVER §8.5 — image handling not yet built)
image-pending    903063758859609 c0  (HANDOVER §8.5 — image handling not yet built)
image-pending    811197335177358 c0  (HANDOVER §8.5 — image handling not yet built)
image-pending    1218515613547078 c0  (HANDOVER §8.5 — image handling not yet built)
image-pending    1998578457412915 c0  (HANDOVER §8.5 — image handling not yet built)
image-pending    2022698475343004 c0  (HANDOVER §8.5 — image handling not yet built)
image-pending    921397960913610 c0  (HANDOVER §8.5 — image handling not yet built)
image-pending    946177015080401 c0  (HANDOVER §8.5 — image handling not yet built)
image-pending    1293772605608867 c0  (HANDOVER §8.5 — image handling not yet built)
image-pending    1982121372202159 c0  (HANDOVER §8.5 — image handling not yet built)
image-pending    966676259429886 c0  (HANDOVER §8.5 — image handling not yet built)
image-pending    1353614133541469 c0  (HANDOVER §8.5 — image handling not yet built)
image-pending    2143872343073642 c0  (HANDOVER §8.5 — image handling not yet built)
image-pending    2461174087682133 c0  (HANDOVER §8.5 — image handling not yet built)
image-pending    989901903588644 c0  (HANDOVER §8.5 — image handling not yet built)
image-pending    1015146904207130 c0  (HANDOVER §8.5 — image handling not yet built)
image-pending    26866880229634870 c0  (HANDOVER §8.5 — image handling not yet built)
image-pending    1303013925271810 c0  (HANDOVER §8.5 — image handling not yet built)
image-pending    1500795858452975 c0  (HANDOVER §8.5 — image handling not yet built)
image-pending    1530655062071990 c0  (HANDOVER §8.5 — image handling not yet built)
image-pending    993265526402442 c0  (HANDOVER §8.5 — image handling not yet built)
image-pending    1633989197827233 c0  (HANDOVER §8.5 — image handling not yet built)
image-pending    842402798461763 c0  (HANDOVER §8.5 — image handling not yet built)
image-pending    1507862254112693 c0  (HANDOVER §8.5 — image handling not yet built)
image-pending    837874595536154 c0  (HANDOVER §8.5 — image handling not yet built)
image-pending    1263247758920243 c0  (HANDOVER §8.5 — image handling not yet built)
image-pending    2179620662772456 c0  (HANDOVER §8.5 — image handling not yet built)
image-pending    967502952586283 c0  (HANDOVER §8.5 — image handling not yet built)
image-pending    1007667868599434 c0  (HANDOVER §8.5 — image handling not yet built)
image-pending    1926948744675415 c0  (HANDOVER §8.5 — image handling not yet built)
image-pending    956899857363622 c0  (HANDOVER §8.5 — image handling not yet built)
image-pending    2035387933724847 c0  (HANDOVER §8.5 — image handling not yet built)
image-pending    1473622127334446 c0  (HANDOVER §8.5 — image handling not yet built)
image-pending    1501348564875642 c0  (HANDOVER §8.5 — image handling not yet built)
image-pending    4376707849309734 c0  (HANDOVER §8.5 — image handling not yet built)
image-pending    1639555673993749 c0  (HANDOVER §8.5 — image handling not yet built)
image-pending    1676015676771479 c0  (HANDOVER §8.5 — image handling not yet built)
image-pending    1563171055236985 c0  (HANDOVER §8.5 — image handling not yet built)
image-pending    3163303090751737 c0  (HANDOVER §8.5 — image handling not yet built)
image-pending    927205246998089 c0  (HANDOVER §8.5 — image handling not yet built)
image-pending    959289470260455 c0  (HANDOVER §8.5 — image handling not yet built)
image-pending    1270778781921173 c0  (HANDOVER §8.5 — image handling not yet built)
image-pending    992128963222649 c0  (HANDOVER §8.5 — image handling not yet built)
image-pending    2818937571786505 c0  (HANDOVER §8.5 — image handling not yet built)
image-pending    1012530241321074 c0  (HANDOVER §8.5 — image handling not yet built)
image-pending    1009347664813516 c0  (HANDOVER §8.5 — image handling not yet built)
image-pending    1502768344838220 c0  (HANDOVER §8.5 — image handling not yet built)
image-pending    2541597219633125 c0  (HANDOVER §8.5 — image handling not yet built)
image-pending    1690365745307639 c0  (HANDOVER §8.5 — image handling not yet built)
image-pending    1124833450714011 c0  (HANDOVER §8.5 — image handling not yet built)
image-pending    1014814757741313 c0  (HANDOVER §8.5 — image handling not yet built)
image-pending    1242856511010966 c0  (HANDOVER §8.5 — image handling not yet built)
image-pending    969371719058147 c0  (HANDOVER §8.5 — image handling not yet built)
image-pending    1499376298551034 c0  (HANDOVER §8.5 — image handling not yet built)
image-pending    4421888278023428 c0  (HANDOVER §8.5 — image handling not yet built)
image-pending    1023859860082222 c0  (HANDOVER §8.5 — image handling not yet built)
image-pending    982061658139878 c0  (HANDOVER §8.5 — image handling not yet built)
image-pending    791491843900496 c0  (HANDOVER §8.5 — image handling not yet built)
image-pending    1307008054240774 c0  (HANDOVER §8.5 — image handling not yet built)
image-pending    3246967242155549 c0  (HANDOVER §8.5 — image handling not yet built)
image-pending    4509399586001991 c0  (HANDOVER §8.5 — image handling not yet built)
image-pending    1288594460139084 c0  (HANDOVER §8.5 — image handling not yet built)
image-pending    754181074386077 c0  (HANDOVER §8.5 — image handling not yet built)
image-pending    995310843079366 c0  (HANDOVER §8.5 — image handling not yet built)
image-pending    825909653922127 c0  (HANDOVER §8.5 — image handling not yet built)
image-pending    1261734225946111 c0  (HANDOVER §8.5 — image handling not yet built)
image-pending    1560677195423734 c0  (HANDOVER §8.5 — image handling not yet built)
image-pending    4583447225224182 c0  (HANDOVER §8.5 — image handling not yet built)
image-pending    816194694678127 c0  (HANDOVER §8.5 — image handling not yet built)
image-pending    949932177851996 c0  (HANDOVER §8.5 — image handling not yet built)
image-pending    1022473136911863 c0  (HANDOVER §8.5 — image handling not yet built)
image-pending    1517664360031180 c0  (HANDOVER §8.5 — image handling not yet built)
image-pending    983473374046819 c0  (HANDOVER §8.5 — image handling not yet built)
image-pending    1367168935246093 c0  (HANDOVER §8.5 — image handling not yet built)
image-pending    4023719111260911 c0  (HANDOVER §8.5 — image handling not yet built)
