# Step 3 run log
# competitor : speak
# started_at : 2026-05-28T10:32:50
# input      : inputs/fb-ads-speak-2026-05-28-1016_fixed.csv
# videos     : videos/speak-2026-05-28
# master     : master/speak.csv  (updated)
# enriched   : inputs/fb-ads-speak-2026-05-28-1016_fixed_enriched.csv
# bucket     : video-ads
# public_base: https://pub-893b4a6a607b4221a894bf861da7914e.r2.dev
# dry_run    : False
#
# counts     : {'uploaded': 28, 'carried-forward': 294, 'image-pending': 316, 'video-missing': 54, 'no-creative': 0, 'error': 0}
#
carried-forward  25882090461493760 c0  → https://pub-893b4a6a607b4221a894bf861da7914e.r2.dev/25882090461493760.mp4
carried-forward  1238368295046433 c0  → https://pub-893b4a6a607b4221a894bf861da7914e.r2.dev/1238368295046433.mp4
carried-forward  2170052253789462 c0  → https://pub-893b4a6a607b4221a894bf861da7914e.r2.dev/2170052253789462.mp4
carried-forward  1737116637460752 c0  → https://pub-893b4a6a607b4221a894bf861da7914e.r2.dev/1737116637460752.mp4
video-missing    1737116637460752 c1  (expected file not found in videos/speak-2026-05-28)
image-pending    27198260846527222 c0  (HANDOVER §8.5 — image handling not yet built)
image-pending    731083580063013 c0  (HANDOVER §8.5 — image handling not yet built)
image-pending    1014965510961636 c0  (HANDOVER §8.5 — image handling not yet built)
image-pending    2473979766370375 c0  (HANDOVER §8.5 — image handling not yet built)
image-pending    1701531751026756 c0  (HANDOVER §8.5 — image handling not yet built)
image-pending    1458988538822614 c0  (HANDOVER §8.5 — image handling not yet built)
carried-forward  1381189664067994 c0  → https://pub-893b4a6a607b4221a894bf861da7914e.r2.dev/1381189664067994.mp4
carried-forward  1728329911488147 c0  → https://pub-893b4a6a607b4221a894bf861da7914e.r2.dev/1728329911488147.mp4
carried-forward  1353108060017678 c0  → https://pub-893b4a6a607b4221a894bf861da7914e.r2.dev/1353108060017678.mp4
carried-forward  954544950886774 c0  → https://pub-893b4a6a607b4221a894bf861da7914e.r2.dev/954544950886774.mp4
carried-forward  1459044325509397 c0  → https://pub-893b4a6a607b4221a894bf861da7914e.r2.dev/1459044325509397.mp4
carried-forward  1731875244916286 c0  → https://pub-893b4a6a607b4221a894bf861da7914e.r2.dev/1731875244916286.mp4
video-missing    1731875244916286 c1  (expected file not found in videos/speak-2026-05-28)
carried-forward  1315610390528605 c0  → https://pub-893b4a6a607b4221a894bf861da7914e.r2.dev/1315610390528605.mp4
video-missing    971630758595083 c0  (expected file not found in videos/speak-2026-05-28)
image-pending    1431358325413228 c0  (HANDOVER §8.5 — image handling not yet built)
image-pending    1699549754571814 c0  (HANDOVER §8.5 — image handling not yet built)
carried-forward  1994036307985218 c0  → https://pub-893b4a6a607b4221a894bf861da7914e.r2.dev/1994036307985218.mp4
video-missing    1994036307985218 c1  (expected file not found in videos/speak-2026-05-28)
carried-forward  1527948802075470 c0  → https://pub-893b4a6a607b4221a894bf861da7914e.r2.dev/1527948802075470.mp4
video-missing    1527948802075470 c1  (expected file not found in videos/speak-2026-05-28)
carried-forward  1692183028792505 c0  → https://pub-893b4a6a607b4221a894bf861da7914e.r2.dev/1692183028792505.mp4
image-pending    963114753265377 c0  (HANDOVER §8.5 — image handling not yet built)
image-pending    3639471726218225 c0  (HANDOVER §8.5 — image handling not yet built)
carried-forward  1750514052992301 c0  → https://pub-893b4a6a607b4221a894bf861da7914e.r2.dev/1750514052992301.mp4
carried-forward  1526088325833343 c0  → https://pub-893b4a6a607b4221a894bf861da7914e.r2.dev/1526088325833343.mp4
carried-forward  1497558391753436 c0  → https://pub-893b4a6a607b4221a894bf861da7914e.r2.dev/1497558391753436.mp4
video-missing    1497558391753436 c1  (expected file not found in videos/speak-2026-05-28)
image-pending    1237623024926992 c0  (HANDOVER §8.5 — image handling not yet built)
image-pending    26844934468466719 c0  (HANDOVER §8.5 — image handling not yet built)
image-pending    1523144502676799 c0  (HANDOVER §8.5 — image handling not yet built)
image-pending    926050050454542 c0  (HANDOVER §8.5 — image handling not yet built)
image-pending    3426091624211762 c0  (HANDOVER §8.5 — image handling not yet built)
image-pending    1651238326152859 c0  (HANDOVER §8.5 — image handling not yet built)
image-pending    1348645673773158 c0  (HANDOVER §8.5 — image handling not yet built)
image-pending    1348645673773158 c1  (HANDOVER §8.5 — image handling not yet built)
image-pending    1348645673773158 c2  (HANDOVER §8.5 — image handling not yet built)
image-pending    1631344354644181 c0  (HANDOVER §8.5 — image handling not yet built)
image-pending    813112935206331 c0  (HANDOVER §8.5 — image handling not yet built)
image-pending    969631819183911 c0  (HANDOVER §8.5 — image handling not yet built)
video-missing    1625798825194325 c0  (expected file not found in videos/speak-2026-05-28)
image-pending    27007737625513293 c0  (HANDOVER §8.5 — image handling not yet built)
image-pending    965070629748830 c0  (HANDOVER §8.5 — image handling not yet built)
carried-forward  1482528716403353 c0  → https://pub-893b4a6a607b4221a894bf861da7914e.r2.dev/1482528716403353.mp4
image-pending    2059028512164597 c0  (HANDOVER §8.5 — image handling not yet built)
carried-forward  4483210248618458 c0  → https://pub-893b4a6a607b4221a894bf861da7914e.r2.dev/4483210248618458.mp4
video-missing    4483210248618458 c1  (expected file not found in videos/speak-2026-05-28)
image-pending    1413369150102613 c0  (HANDOVER §8.5 — image handling not yet built)
carried-forward  1295423046096386 c0  → https://pub-893b4a6a607b4221a894bf861da7914e.r2.dev/1295423046096386.mp4
image-pending    1286078293146147 c0  (HANDOVER §8.5 — image handling not yet built)
image-pending    1657190205561543 c0  (HANDOVER §8.5 — image handling not yet built)
image-pending    1857250851632659 c0  (HANDOVER §8.5 — image handling not yet built)
video-missing    1626716812148492 c0  (expected file not found in videos/speak-2026-05-28)
image-pending    2823444601337495 c0  (HANDOVER §8.5 — image handling not yet built)
image-pending    1337075441626226 c0  (HANDOVER §8.5 — image handling not yet built)
image-pending    24896239910073608 c0  (HANDOVER §8.5 — image handling not yet built)
image-pending    1715817009412475 c0  (HANDOVER §8.5 — image handling not yet built)
image-pending    1759999045317511 c0  (HANDOVER §8.5 — image handling not yet built)
carried-forward  1933938703991551 c0  → https://pub-893b4a6a607b4221a894bf861da7914e.r2.dev/1933938703991551.mp4
video-missing    1933938703991551 c1  (expected file not found in videos/speak-2026-05-28)
carried-forward  1996291235096782 c0  → https://pub-893b4a6a607b4221a894bf861da7914e.r2.dev/1996291235096782.mp4
video-missing    1996291235096782 c1  (expected file not found in videos/speak-2026-05-28)
image-pending    954332070740654 c0  (HANDOVER §8.5 — image handling not yet built)
image-pending    965608739652462 c0  (HANDOVER §8.5 — image handling not yet built)
carried-forward  1674727800523495 c0  → https://pub-893b4a6a607b4221a894bf861da7914e.r2.dev/1674727800523495.mp4
video-missing    1674727800523495 c1  (expected file not found in videos/speak-2026-05-28)
image-pending    936410945889239 c0  (HANDOVER §8.5 — image handling not yet built)
image-pending    858464849948887 c0  (HANDOVER §8.5 — image handling not yet built)
image-pending    1172656642590234 c0  (HANDOVER §8.5 — image handling not yet built)
image-pending    2128995570996017 c0  (HANDOVER §8.5 — image handling not yet built)
image-pending    1482466190280727 c0  (HANDOVER §8.5 — image handling not yet built)
image-pending    1465638521606571 c0  (HANDOVER §8.5 — image handling not yet built)
image-pending    988288340843948 c0  (HANDOVER §8.5 — image handling not yet built)
image-pending    25409986105366420 c0  (HANDOVER §8.5 — image handling not yet built)
image-pending    1642222820336005 c0  (HANDOVER §8.5 — image handling not yet built)
image-pending    1886610845355906 c0  (HANDOVER §8.5 — image handling not yet built)
carried-forward  1632931487992113 c0  → https://pub-893b4a6a607b4221a894bf861da7914e.r2.dev/1632931487992113.mp4
image-pending    1317452730449790 c0  (HANDOVER §8.5 — image handling not yet built)
image-pending    2846515679049452 c0  (HANDOVER §8.5 — image handling not yet built)
image-pending    1506378631042028 c0  (HANDOVER §8.5 — image handling not yet built)
image-pending    4367602336785958 c0  (HANDOVER §8.5 — image handling not yet built)
image-pending    1499783705182426 c0  (HANDOVER §8.5 — image handling not yet built)
image-pending    1518059543244673 c0  (HANDOVER §8.5 — image handling not yet built)
image-pending    996511729496681 c0  (HANDOVER §8.5 — image handling not yet built)
image-pending    1388506709834515 c0  (HANDOVER §8.5 — image handling not yet built)
image-pending    1332452412150402 c0  (HANDOVER §8.5 — image handling not yet built)
image-pending    1764537024954067 c0  (HANDOVER §8.5 — image handling not yet built)
image-pending    1958559284774235 c0  (HANDOVER §8.5 — image handling not yet built)
image-pending    1731722644475414 c0  (HANDOVER §8.5 — image handling not yet built)
image-pending    2420161978458104 c0  (HANDOVER §8.5 — image handling not yet built)
carried-forward  766012669834896 c0  → https://pub-893b4a6a607b4221a894bf861da7914e.r2.dev/766012669834896.mp4
image-pending    997494673014336 c0  (HANDOVER §8.5 — image handling not yet built)
image-pending    994018219730050 c0  (HANDOVER §8.5 — image handling not yet built)
image-pending    1527723392094796 c0  (HANDOVER §8.5 — image handling not yet built)
carried-forward  998249262696222 c0  → https://pub-893b4a6a607b4221a894bf861da7914e.r2.dev/998249262696222.mp4
image-pending    1006537718704741 c0  (HANDOVER §8.5 — image handling not yet built)
image-pending    2354499795026589 c0  (HANDOVER §8.5 — image handling not yet built)
image-pending    1333835875480662 c0  (HANDOVER §8.5 — image handling not yet built)
carried-forward  1633950514569000 c0  → https://pub-893b4a6a607b4221a894bf861da7914e.r2.dev/1633950514569000.mp4
image-pending    975633765098252 c0  (HANDOVER §8.5 — image handling not yet built)
carried-forward  993564553375221 c0  → https://pub-893b4a6a607b4221a894bf861da7914e.r2.dev/993564553375221.mp4
video-missing    993564553375221 c1  (expected file not found in videos/speak-2026-05-28)
image-pending    26730537789950353 c0  (HANDOVER §8.5 — image handling not yet built)
image-pending    3367102446784542 c0  (HANDOVER §8.5 — image handling not yet built)
image-pending    1464244891636156 c0  (HANDOVER §8.5 — image handling not yet built)
image-pending    2733458067054681 c0  (HANDOVER §8.5 — image handling not yet built)
image-pending    1916909412341882 c0  (HANDOVER §8.5 — image handling not yet built)
image-pending    1588063578924723 c0  (HANDOVER §8.5 — image handling not yet built)
image-pending    973407848433658 c0  (HANDOVER §8.5 — image handling not yet built)
image-pending    2467870936970993 c0  (HANDOVER §8.5 — image handling not yet built)
image-pending    854737320366586 c0  (HANDOVER §8.5 — image handling not yet built)
carried-forward  1974776806463029 c0  → https://pub-893b4a6a607b4221a894bf861da7914e.r2.dev/1974776806463029.mp4
image-pending    1027198693070238 c0  (HANDOVER §8.5 — image handling not yet built)
image-pending    2094909941067582 c0  (HANDOVER §8.5 — image handling not yet built)
image-pending    978169361375147 c0  (HANDOVER §8.5 — image handling not yet built)
image-pending    4503549829927619 c0  (HANDOVER §8.5 — image handling not yet built)
image-pending    1403101445202826 c0  (HANDOVER §8.5 — image handling not yet built)
carried-forward  2264274250812355 c0  → https://pub-893b4a6a607b4221a894bf861da7914e.r2.dev/2264274250812355.mp4
image-pending    1714756419875830 c0  (HANDOVER §8.5 — image handling not yet built)
image-pending    989276833481532 c0  (HANDOVER §8.5 — image handling not yet built)
image-pending    953628137297365 c0  (HANDOVER §8.5 — image handling not yet built)
image-pending    1500712998112835 c0  (HANDOVER §8.5 — image handling not yet built)
image-pending    1530755911867358 c0  (HANDOVER §8.5 — image handling not yet built)
carried-forward  1341002024625343 c0  → https://pub-893b4a6a607b4221a894bf861da7914e.r2.dev/1341002024625343.mp4
image-pending    1661775548503946 c0  (HANDOVER §8.5 — image handling not yet built)
image-pending    1574745304661400 c0  (HANDOVER §8.5 — image handling not yet built)
image-pending    821871773949633 c0  (HANDOVER §8.5 — image handling not yet built)
image-pending    730865933421519 c0  (HANDOVER §8.5 — image handling not yet built)
image-pending    1471099638036223 c0  (HANDOVER §8.5 — image handling not yet built)
carried-forward  4541219449468538 c0  → https://pub-893b4a6a607b4221a894bf861da7914e.r2.dev/4541219449468538.mp4
image-pending    768391356059570 c0  (HANDOVER §8.5 — image handling not yet built)
image-pending    1300002281572910 c0  (HANDOVER §8.5 — image handling not yet built)
carried-forward  1742532640454862 c0  → https://pub-893b4a6a607b4221a894bf861da7914e.r2.dev/1742532640454862.mp4
image-pending    1286163746920302 c0  (HANDOVER §8.5 — image handling not yet built)
image-pending    1509390620572433 c0  (HANDOVER §8.5 — image handling not yet built)
carried-forward  1512629040555813 c0  → https://pub-893b4a6a607b4221a894bf861da7914e.r2.dev/1512629040555813.mp4
carried-forward  2176553696511879 c0  → https://pub-893b4a6a607b4221a894bf861da7914e.r2.dev/2176553696511879.mp4
carried-forward  1677828296872313 c0  → https://pub-893b4a6a607b4221a894bf861da7914e.r2.dev/1677828296872313.mp4
carried-forward  1535142971511836 c0  → https://pub-893b4a6a607b4221a894bf861da7914e.r2.dev/1535142971511836.mp4
image-pending    2683214662053134 c0  (HANDOVER §8.5 — image handling not yet built)
image-pending    1414232987411038 c0  (HANDOVER §8.5 — image handling not yet built)
image-pending    1952545798704123 c0  (HANDOVER §8.5 — image handling not yet built)
image-pending    26404642739215762 c0  (HANDOVER §8.5 — image handling not yet built)
carried-forward  1484002339935799 c0  → https://pub-893b4a6a607b4221a894bf861da7914e.r2.dev/1484002339935799.mp4
carried-forward  4000737086727117 c0  → https://pub-893b4a6a607b4221a894bf861da7914e.r2.dev/4000737086727117.mp4
carried-forward  1263436292234743 c0  → https://pub-893b4a6a607b4221a894bf861da7914e.r2.dev/1263436292234743.mp4
image-pending    989237553565279 c0  (HANDOVER §8.5 — image handling not yet built)
carried-forward  1227981292577128 c0  → https://pub-893b4a6a607b4221a894bf861da7914e.r2.dev/1227981292577128.mp4
carried-forward  864930432622048 c0  → https://pub-893b4a6a607b4221a894bf861da7914e.r2.dev/864930432622048.mp4
image-pending    1020626120318525 c0  (HANDOVER §8.5 — image handling not yet built)
image-pending    1741594823932744 c0  (HANDOVER §8.5 — image handling not yet built)
image-pending    887609414352581 c0  (HANDOVER §8.5 — image handling not yet built)
image-pending    1957267591821732 c0  (HANDOVER §8.5 — image handling not yet built)
image-pending    2181066392745101 c0  (HANDOVER §8.5 — image handling not yet built)
carried-forward  1638565004032741 c0  → https://pub-893b4a6a607b4221a894bf861da7914e.r2.dev/1638565004032741.mp4
image-pending    1872999996717512 c0  (HANDOVER §8.5 — image handling not yet built)
image-pending    1012368231444569 c0  (HANDOVER §8.5 — image handling not yet built)
carried-forward  2168804440545645 c0  → https://pub-893b4a6a607b4221a894bf861da7914e.r2.dev/2168804440545645.mp4
video-missing    1601694000894110 c0  (expected file not found in videos/speak-2026-05-28)
image-pending    4470742829845104 c0  (HANDOVER §8.5 — image handling not yet built)
carried-forward  26708712922113728 c0  → https://pub-893b4a6a607b4221a894bf861da7914e.r2.dev/26708712922113728.mp4
video-missing    26708712922113728 c1  (expected file not found in videos/speak-2026-05-28)
carried-forward  1308436341398359 c0  → https://pub-893b4a6a607b4221a894bf861da7914e.r2.dev/1308436341398359.mp4
image-pending    2336720563479808 c0  (HANDOVER §8.5 — image handling not yet built)
image-pending    859169880572097 c0  (HANDOVER §8.5 — image handling not yet built)
video-missing    1025183259846466 c0  (expected file not found in videos/speak-2026-05-28)
video-missing    1025183259846466 c1  (expected file not found in videos/speak-2026-05-28)
image-pending    3168461323541319 c0  (HANDOVER §8.5 — image handling not yet built)
carried-forward  1702125114253320 c0  → https://pub-893b4a6a607b4221a894bf861da7914e.r2.dev/1702125114253320.mp4
carried-forward  1455344832587564 c0  → https://pub-893b4a6a607b4221a894bf861da7914e.r2.dev/1455344832587564.mp4
carried-forward  1423478249815696 c0  → https://pub-893b4a6a607b4221a894bf861da7914e.r2.dev/1423478249815696.mp4
carried-forward  907241488442183 c0  → https://pub-893b4a6a607b4221a894bf861da7914e.r2.dev/907241488442183.mp4
video-missing    907241488442183 c1  (expected file not found in videos/speak-2026-05-28)
image-pending    4381498082098693 c0  (HANDOVER §8.5 — image handling not yet built)
image-pending    937126962525743 c0  (HANDOVER §8.5 — image handling not yet built)
image-pending    1870864700272075 c0  (HANDOVER §8.5 — image handling not yet built)
image-pending    2188971835229617 c0  (HANDOVER §8.5 — image handling not yet built)
image-pending    966756389550787 c0  (HANDOVER §8.5 — image handling not yet built)
carried-forward  1504814224354172 c0  → https://pub-893b4a6a607b4221a894bf861da7914e.r2.dev/1504814224354172.mp4
image-pending    1436356841859719 c0  (HANDOVER §8.5 — image handling not yet built)
image-pending    955217750470875 c0  (HANDOVER §8.5 — image handling not yet built)
carried-forward  975212928462901 c0  → https://pub-893b4a6a607b4221a894bf861da7914e.r2.dev/975212928462901.mp4
video-missing    975212928462901 c1  (expected file not found in videos/speak-2026-05-28)
carried-forward  4299949753600978 c0  → https://pub-893b4a6a607b4221a894bf861da7914e.r2.dev/4299949753600978.mp4
carried-forward  4656598287998933 c0  → https://pub-893b4a6a607b4221a894bf861da7914e.r2.dev/4656598287998933.mp4
video-missing    4656598287998933 c1  (expected file not found in videos/speak-2026-05-28)
carried-forward  957326197133117 c0  → https://pub-893b4a6a607b4221a894bf861da7914e.r2.dev/957326197133117.mp4
carried-forward  27761175520152002 c0  → https://pub-893b4a6a607b4221a894bf861da7914e.r2.dev/27761175520152002.mp4
carried-forward  1423805543126653 c0  → https://pub-893b4a6a607b4221a894bf861da7914e.r2.dev/1423805543126653.mp4
carried-forward  1863381187645320 c0  → https://pub-893b4a6a607b4221a894bf861da7914e.r2.dev/1863381187645320.mp4
carried-forward  1354319536557789 c0  → https://pub-893b4a6a607b4221a894bf861da7914e.r2.dev/1354319536557789.mp4
video-missing    1354319536557789 c1  (expected file not found in videos/speak-2026-05-28)
image-pending    1371714995017332 c0  (HANDOVER §8.5 — image handling not yet built)
video-missing    1012801984537772 c0  (expected file not found in videos/speak-2026-05-28)
carried-forward  986952170609928 c0  → https://pub-893b4a6a607b4221a894bf861da7914e.r2.dev/986952170609928.mp4
carried-forward  1461546512436699 c0  → https://pub-893b4a6a607b4221a894bf861da7914e.r2.dev/1461546512436699.mp4
carried-forward  2185883358864727 c0  → https://pub-893b4a6a607b4221a894bf861da7914e.r2.dev/2185883358864727.mp4
video-missing    1584320866588635 c0  (expected file not found in videos/speak-2026-05-28)
video-missing    1584320866588635 c1  (expected file not found in videos/speak-2026-05-28)
video-missing    967418929242935 c0  (expected file not found in videos/speak-2026-05-28)
carried-forward  1699240827929762 c0  → https://pub-893b4a6a607b4221a894bf861da7914e.r2.dev/1699240827929762.mp4
image-pending    1989114385016444 c0  (HANDOVER §8.5 — image handling not yet built)
image-pending    1180474305143580 c0  (HANDOVER §8.5 — image handling not yet built)
image-pending    1523275049329911 c0  (HANDOVER §8.5 — image handling not yet built)
image-pending    1007545868397308 c0  (HANDOVER §8.5 — image handling not yet built)
carried-forward  979171714521444 c0  → https://pub-893b4a6a607b4221a894bf861da7914e.r2.dev/979171714521444.mp4
carried-forward  1268004648838087 c0  → https://pub-893b4a6a607b4221a894bf861da7914e.r2.dev/1268004648838087.mp4
image-pending    2615303405532088 c0  (HANDOVER §8.5 — image handling not yet built)
image-pending    1722855165377936 c0  (HANDOVER §8.5 — image handling not yet built)
carried-forward  1679047706465638 c0  → https://pub-893b4a6a607b4221a894bf861da7914e.r2.dev/1679047706465638.mp4
video-missing    1679047706465638 c1  (expected file not found in videos/speak-2026-05-28)
image-pending    1912404702812679 c0  (HANDOVER §8.5 — image handling not yet built)
image-pending    977785525105256 c0  (HANDOVER §8.5 — image handling not yet built)
carried-forward  1636727890930488 c0  → https://pub-893b4a6a607b4221a894bf861da7914e.r2.dev/1636727890930488.mp4
carried-forward  1649965256047697 c0  → https://pub-893b4a6a607b4221a894bf861da7914e.r2.dev/1649965256047697.mp4
image-pending    996628142751306 c0  (HANDOVER §8.5 — image handling not yet built)
carried-forward  978349198487631 c0  → https://pub-893b4a6a607b4221a894bf861da7914e.r2.dev/978349198487631.mp4
image-pending    1018605950704770 c0  (HANDOVER §8.5 — image handling not yet built)
image-pending    1504075784460748 c0  (HANDOVER §8.5 — image handling not yet built)
video-missing    1625008681908447 c0  (expected file not found in videos/speak-2026-05-28)
image-pending    2123622455160578 c0  (HANDOVER §8.5 — image handling not yet built)
carried-forward  4414703708763836 c0  → https://pub-893b4a6a607b4221a894bf861da7914e.r2.dev/4414703708763836.mp4
carried-forward  1299279412179602 c0  → https://pub-893b4a6a607b4221a894bf861da7914e.r2.dev/1299279412179602.mp4
image-pending    1001070409307203 c0  (HANDOVER §8.5 — image handling not yet built)
carried-forward  26608011495527132 c0  → https://pub-893b4a6a607b4221a894bf861da7914e.r2.dev/26608011495527132.mp4
carried-forward  2202084363943844 c0  → https://pub-893b4a6a607b4221a894bf861da7914e.r2.dev/2202084363943844.mp4
image-pending    988646373523441 c0  (HANDOVER §8.5 — image handling not yet built)
carried-forward  1926300091360153 c0  → https://pub-893b4a6a607b4221a894bf861da7914e.r2.dev/1926300091360153.mp4
carried-forward  814364101745371 c0  → https://pub-893b4a6a607b4221a894bf861da7914e.r2.dev/814364101745371.mp4
image-pending    1290230149928068 c0  (HANDOVER §8.5 — image handling not yet built)
image-pending    1330176722563058 c0  (HANDOVER §8.5 — image handling not yet built)
carried-forward  2102088060368750 c0  → https://pub-893b4a6a607b4221a894bf861da7914e.r2.dev/2102088060368750.mp4
carried-forward  1032999059252853 c0  → https://pub-893b4a6a607b4221a894bf861da7914e.r2.dev/1032999059252853.mp4
image-pending    1340993541306373 c0  (HANDOVER §8.5 — image handling not yet built)
image-pending    982799454502188 c0  (HANDOVER §8.5 — image handling not yet built)
image-pending    1007616418488592 c0  (HANDOVER §8.5 — image handling not yet built)
carried-forward  959036526969934 c0  → https://pub-893b4a6a607b4221a894bf861da7914e.r2.dev/959036526969934.mp4
carried-forward  1004925288670093 c0  → https://pub-893b4a6a607b4221a894bf861da7914e.r2.dev/1004925288670093.mp4
carried-forward  1001703399211204 c0  → https://pub-893b4a6a607b4221a894bf861da7914e.r2.dev/1001703399211204.mp4
carried-forward  4543106166016517 c0  → https://pub-893b4a6a607b4221a894bf861da7914e.r2.dev/4543106166016517.mp4
carried-forward  1298637602395868 c0  → https://pub-893b4a6a607b4221a894bf861da7914e.r2.dev/1298637602395868.mp4
carried-forward  1699869191461549 c0  → https://pub-893b4a6a607b4221a894bf861da7914e.r2.dev/1699869191461549.mp4
carried-forward  1731144918318253 c0  → https://pub-893b4a6a607b4221a894bf861da7914e.r2.dev/1731144918318253.mp4
carried-forward  1683959243026950 c0  → https://pub-893b4a6a607b4221a894bf861da7914e.r2.dev/1683959243026950.mp4
carried-forward  828403169952623 c0  → https://pub-893b4a6a607b4221a894bf861da7914e.r2.dev/828403169952623.mp4
carried-forward  1970468397185095 c0  → https://pub-893b4a6a607b4221a894bf861da7914e.r2.dev/1970468397185095.mp4
carried-forward  1420997880074503 c0  → https://pub-893b4a6a607b4221a894bf861da7914e.r2.dev/1420997880074503.mp4
carried-forward  1272409597641796 c0  → https://pub-893b4a6a607b4221a894bf861da7914e.r2.dev/1272409597641796.mp4
carried-forward  1002306968923239 c0  → https://pub-893b4a6a607b4221a894bf861da7914e.r2.dev/1002306968923239.mp4
image-pending    1548407809971404 c0  (HANDOVER §8.5 — image handling not yet built)
carried-forward  1538571144294300 c0  → https://pub-893b4a6a607b4221a894bf861da7914e.r2.dev/1538571144294300.mp4
carried-forward  986780890500190 c0  → https://pub-893b4a6a607b4221a894bf861da7914e.r2.dev/986780890500190.mp4
carried-forward  1705354023788942 c0  → https://pub-893b4a6a607b4221a894bf861da7914e.r2.dev/1705354023788942.mp4
carried-forward  2172143276919007 c0  → https://pub-893b4a6a607b4221a894bf861da7914e.r2.dev/2172143276919007.mp4
image-pending    2818308171853650 c0  (HANDOVER §8.5 — image handling not yet built)
carried-forward  987550287471337 c0  → https://pub-893b4a6a607b4221a894bf861da7914e.r2.dev/987550287471337.mp4
image-pending    916016971040855 c0  (HANDOVER §8.5 — image handling not yet built)
image-pending    1269205738745435 c0  (HANDOVER §8.5 — image handling not yet built)
carried-forward  1308293250826550 c0  → https://pub-893b4a6a607b4221a894bf861da7914e.r2.dev/1308293250826550.mp4
carried-forward  27062389410060906 c0  → https://pub-893b4a6a607b4221a894bf861da7914e.r2.dev/27062389410060906.mp4
carried-forward  4662256220671300 c0  → https://pub-893b4a6a607b4221a894bf861da7914e.r2.dev/4662256220671300.mp4
image-pending    1617219542882302 c0  (HANDOVER §8.5 — image handling not yet built)
video-missing    1261690111953722 c0  (expected file not found in videos/speak-2026-05-28)
carried-forward  2089576521611209 c0  → https://pub-893b4a6a607b4221a894bf861da7914e.r2.dev/2089576521611209.mp4
carried-forward  1278024200717284 c0  → https://pub-893b4a6a607b4221a894bf861da7914e.r2.dev/1278024200717284.mp4
carried-forward  1338347311548874 c0  → https://pub-893b4a6a607b4221a894bf861da7914e.r2.dev/1338347311548874.mp4
carried-forward  951211874458336 c0  → https://pub-893b4a6a607b4221a894bf861da7914e.r2.dev/951211874458336.mp4
carried-forward  1519858729720688 c0  → https://pub-893b4a6a607b4221a894bf861da7914e.r2.dev/1519858729720688.mp4
image-pending    3023855381141087 c0  (HANDOVER §8.5 — image handling not yet built)
carried-forward  839328322553440 c0  → https://pub-893b4a6a607b4221a894bf861da7914e.r2.dev/839328322553440.mp4
carried-forward  5556134447944905 c0  → https://pub-893b4a6a607b4221a894bf861da7914e.r2.dev/5556134447944905.mp4
carried-forward  1634713001203580 c0  → https://pub-893b4a6a607b4221a894bf861da7914e.r2.dev/1634713001203580.mp4
carried-forward  1673927490555749 c0  → https://pub-893b4a6a607b4221a894bf861da7914e.r2.dev/1673927490555749.mp4
video-missing    1673927490555749 c1  (expected file not found in videos/speak-2026-05-28)
image-pending    1438706687804965 c0  (HANDOVER §8.5 — image handling not yet built)
carried-forward  2542277012890636 c0  → https://pub-893b4a6a607b4221a894bf861da7914e.r2.dev/2542277012890636.mp4
image-pending    1746030886561775 c0  (HANDOVER §8.5 — image handling not yet built)
image-pending    1850984988953139 c0  (HANDOVER §8.5 — image handling not yet built)
video-missing    1761931841853756 c0  (expected file not found in videos/speak-2026-05-28)
video-missing    1625614782088872 c0  (expected file not found in videos/speak-2026-05-28)
carried-forward  1739810054043469 c0  → https://pub-893b4a6a607b4221a894bf861da7914e.r2.dev/1739810054043469.mp4
image-pending    946693224900503 c0  (HANDOVER §8.5 — image handling not yet built)
video-missing    2232051690890513 c0  (expected file not found in videos/speak-2026-05-28)
video-missing    2232051690890513 c1  (expected file not found in videos/speak-2026-05-28)
image-pending    2114264902748435 c0  (HANDOVER §8.5 — image handling not yet built)
image-pending    1348625590667968 c0  (HANDOVER §8.5 — image handling not yet built)
carried-forward  849158314800012 c0  → https://pub-893b4a6a607b4221a894bf861da7914e.r2.dev/849158314800012.mp4
image-pending    1690856705399774 c0  (HANDOVER §8.5 — image handling not yet built)
image-pending    996669666653329 c0  (HANDOVER §8.5 — image handling not yet built)
carried-forward  1463097405268077 c0  → https://pub-893b4a6a607b4221a894bf861da7914e.r2.dev/1463097405268077.mp4
carried-forward  2261180301362326 c0  → https://pub-893b4a6a607b4221a894bf861da7914e.r2.dev/2261180301362326.mp4
image-pending    1311975701147652 c0  (HANDOVER §8.5 — image handling not yet built)
image-pending    26785921624433628 c0  (HANDOVER §8.5 — image handling not yet built)
image-pending    1711003010108867 c0  (HANDOVER §8.5 — image handling not yet built)
carried-forward  978100101601454 c0  → https://pub-893b4a6a607b4221a894bf861da7914e.r2.dev/978100101601454.mp4
carried-forward  1958241181475528 c0  → https://pub-893b4a6a607b4221a894bf861da7914e.r2.dev/1958241181475528.mp4
carried-forward  1320449610225357 c0  → https://pub-893b4a6a607b4221a894bf861da7914e.r2.dev/1320449610225357.mp4
carried-forward  1488559926247110 c0  → https://pub-893b4a6a607b4221a894bf861da7914e.r2.dev/1488559926247110.mp4
carried-forward  976836221724398 c0  → https://pub-893b4a6a607b4221a894bf861da7914e.r2.dev/976836221724398.mp4
image-pending    3612649308891423 c0  (HANDOVER §8.5 — image handling not yet built)
image-pending    1695953811824540 c0  (HANDOVER §8.5 — image handling not yet built)
carried-forward  3683272181812596 c0  → https://pub-893b4a6a607b4221a894bf861da7914e.r2.dev/3683272181812596.mp4
image-pending    1462562512019265 c0  (HANDOVER §8.5 — image handling not yet built)
image-pending    1699537454377677 c0  (HANDOVER §8.5 — image handling not yet built)
carried-forward  843553531646457 c0  → https://pub-893b4a6a607b4221a894bf861da7914e.r2.dev/843553531646457.mp4
carried-forward  1874137889964648 c0  → https://pub-893b4a6a607b4221a894bf861da7914e.r2.dev/1874137889964648.mp4
carried-forward  980452671587272 c0  → https://pub-893b4a6a607b4221a894bf861da7914e.r2.dev/980452671587272.mp4
image-pending    1030631859636226 c0  (HANDOVER §8.5 — image handling not yet built)
carried-forward  1331465865566756 c0  → https://pub-893b4a6a607b4221a894bf861da7914e.r2.dev/1331465865566756.mp4
video-missing    2232309780639834 c0  (expected file not found in videos/speak-2026-05-28)
carried-forward  1555343659599303 c0  → https://pub-893b4a6a607b4221a894bf861da7914e.r2.dev/1555343659599303.mp4
carried-forward  2288521135287995 c0  → https://pub-893b4a6a607b4221a894bf861da7914e.r2.dev/2288521135287995.mp4
carried-forward  1270983715198489 c0  → https://pub-893b4a6a607b4221a894bf861da7914e.r2.dev/1270983715198489.mp4
carried-forward  1219640046770149 c0  → https://pub-893b4a6a607b4221a894bf861da7914e.r2.dev/1219640046770149.mp4
image-pending    1843816546314835 c0  (HANDOVER §8.5 — image handling not yet built)
image-pending    1721247792563319 c0  (HANDOVER §8.5 — image handling not yet built)
image-pending    2026313331431297 c0  (HANDOVER §8.5 — image handling not yet built)
carried-forward  1299842732260392 c0  → https://pub-893b4a6a607b4221a894bf861da7914e.r2.dev/1299842732260392.mp4
carried-forward  1526650375749461 c0  → https://pub-893b4a6a607b4221a894bf861da7914e.r2.dev/1526650375749461.mp4
video-missing    965781116414278 c0  (expected file not found in videos/speak-2026-05-28)
image-pending    1524665769371305 c0  (HANDOVER §8.5 — image handling not yet built)
image-pending    1512328707144605 c0  (HANDOVER §8.5 — image handling not yet built)
carried-forward  1350452400342391 c0  → https://pub-893b4a6a607b4221a894bf861da7914e.r2.dev/1350452400342391.mp4
image-pending    910087955374902 c0  (HANDOVER §8.5 — image handling not yet built)
carried-forward  1315261493364586 c0  → https://pub-893b4a6a607b4221a894bf861da7914e.r2.dev/1315261493364586.mp4
carried-forward  1023094966957348 c0  → https://pub-893b4a6a607b4221a894bf861da7914e.r2.dev/1023094966957348.mp4
carried-forward  1303897177736385 c0  → https://pub-893b4a6a607b4221a894bf861da7914e.r2.dev/1303897177736385.mp4
image-pending    1523808239447144 c0  (HANDOVER §8.5 — image handling not yet built)
carried-forward  1474497644161792 c0  → https://pub-893b4a6a607b4221a894bf861da7914e.r2.dev/1474497644161792.mp4
carried-forward  4464751233758639 c0  → https://pub-893b4a6a607b4221a894bf861da7914e.r2.dev/4464751233758639.mp4
carried-forward  1436399234920270 c0  → https://pub-893b4a6a607b4221a894bf861da7914e.r2.dev/1436399234920270.mp4
carried-forward  1458598338904030 c0  → https://pub-893b4a6a607b4221a894bf861da7914e.r2.dev/1458598338904030.mp4
image-pending    921430744236406 c0  (HANDOVER §8.5 — image handling not yet built)
carried-forward  1488658602746915 c0  → https://pub-893b4a6a607b4221a894bf861da7914e.r2.dev/1488658602746915.mp4
carried-forward  1528136602181728 c0  → https://pub-893b4a6a607b4221a894bf861da7914e.r2.dev/1528136602181728.mp4
carried-forward  1468554098355153 c0  → https://pub-893b4a6a607b4221a894bf861da7914e.r2.dev/1468554098355153.mp4
image-pending    976167185159135 c0  (HANDOVER §8.5 — image handling not yet built)
image-pending    981725324452667 c0  (HANDOVER §8.5 — image handling not yet built)
video-missing    1260842742797875 c0  (expected file not found in videos/speak-2026-05-28)
video-missing    1162914672647521 c0  (expected file not found in videos/speak-2026-05-28)
video-missing    1668920971050841 c0  (expected file not found in videos/speak-2026-05-28)
image-pending    984552850830572 c0  (HANDOVER §8.5 — image handling not yet built)
carried-forward  3136612050060206 c0  → https://pub-893b4a6a607b4221a894bf861da7914e.r2.dev/3136612050060206.mp4
image-pending    2193988224789038 c0  (HANDOVER §8.5 — image handling not yet built)
carried-forward  3459192197573145 c0  → https://pub-893b4a6a607b4221a894bf861da7914e.r2.dev/3459192197573145.mp4
carried-forward  1296971231953495 c0  → https://pub-893b4a6a607b4221a894bf861da7914e.r2.dev/1296971231953495.mp4
carried-forward  4411149202443101 c0  → https://pub-893b4a6a607b4221a894bf861da7914e.r2.dev/4411149202443101.mp4
image-pending    1353668810192687 c0  (HANDOVER §8.5 — image handling not yet built)
image-pending    2169604913793894 c0  (HANDOVER §8.5 — image handling not yet built)
carried-forward  1341376541205692 c0  → https://pub-893b4a6a607b4221a894bf861da7914e.r2.dev/1341376541205692.mp4
carried-forward  946329088258669 c0  → https://pub-893b4a6a607b4221a894bf861da7914e.r2.dev/946329088258669.mp4
image-pending    3374184896083305 c0  (HANDOVER §8.5 — image handling not yet built)
image-pending    872954725822675 c0  (HANDOVER §8.5 — image handling not yet built)
carried-forward  27319524414305949 c0  → https://pub-893b4a6a607b4221a894bf861da7914e.r2.dev/27319524414305949.mp4
image-pending    2175556386513732 c0  (HANDOVER §8.5 — image handling not yet built)
carried-forward  964722633118492 c0  → https://pub-893b4a6a607b4221a894bf861da7914e.r2.dev/964722633118492.mp4
carried-forward  1644968956718575 c0  → https://pub-893b4a6a607b4221a894bf861da7914e.r2.dev/1644968956718575.mp4
image-pending    1527344584948238 c0  (HANDOVER §8.5 — image handling not yet built)
carried-forward  1523027242713526 c0  → https://pub-893b4a6a607b4221a894bf861da7914e.r2.dev/1523027242713526.mp4
carried-forward  1705218783836576 c0  → https://pub-893b4a6a607b4221a894bf861da7914e.r2.dev/1705218783836576.mp4
carried-forward  1950580198901419 c0  → https://pub-893b4a6a607b4221a894bf861da7914e.r2.dev/1950580198901419.mp4
carried-forward  985175807435018 c0  → https://pub-893b4a6a607b4221a894bf861da7914e.r2.dev/985175807435018.mp4
image-pending    1344101824260395 c0  (HANDOVER §8.5 — image handling not yet built)
carried-forward  4331934297066718 c0  → https://pub-893b4a6a607b4221a894bf861da7914e.r2.dev/4331934297066718.mp4
carried-forward  36466674802917725 c0  → https://pub-893b4a6a607b4221a894bf861da7914e.r2.dev/36466674802917725.mp4
carried-forward  4677075092579685 c0  → https://pub-893b4a6a607b4221a894bf861da7914e.r2.dev/4677075092579685.mp4
carried-forward  965443276215137 c0  → https://pub-893b4a6a607b4221a894bf861da7914e.r2.dev/965443276215137.mp4
video-missing    3523661674448830 c0  (expected file not found in videos/speak-2026-05-28)
carried-forward  1507072220828073 c0  → https://pub-893b4a6a607b4221a894bf861da7914e.r2.dev/1507072220828073.mp4
video-missing    1218320853575578 c0  (expected file not found in videos/speak-2026-05-28)
image-pending    3151281405059697 c0  (HANDOVER §8.5 — image handling not yet built)
image-pending    1481297893680636 c0  (HANDOVER §8.5 — image handling not yet built)
image-pending    1363978889013443 c0  (HANDOVER §8.5 — image handling not yet built)
image-pending    3543442239141682 c0  (HANDOVER §8.5 — image handling not yet built)
carried-forward  1338665601530814 c0  → https://pub-893b4a6a607b4221a894bf861da7914e.r2.dev/1338665601530814.mp4
carried-forward  2949484045259273 c0  → https://pub-893b4a6a607b4221a894bf861da7914e.r2.dev/2949484045259273.mp4
carried-forward  2192304651520426 c0  → https://pub-893b4a6a607b4221a894bf861da7914e.r2.dev/2192304651520426.mp4
carried-forward  27431669269751080 c0  → https://pub-893b4a6a607b4221a894bf861da7914e.r2.dev/27431669269751080.mp4
image-pending    1666262044540720 c0  (HANDOVER §8.5 — image handling not yet built)
image-pending    1876587829964047 c0  (HANDOVER §8.5 — image handling not yet built)
image-pending    1898985020768632 c0  (HANDOVER §8.5 — image handling not yet built)
carried-forward  1710181849992294 c0  → https://pub-893b4a6a607b4221a894bf861da7914e.r2.dev/1710181849992294.mp4
image-pending    832431889563903 c0  (HANDOVER §8.5 — image handling not yet built)
image-pending    955139496914472 c0  (HANDOVER §8.5 — image handling not yet built)
image-pending    1013822097858801 c0  (HANDOVER §8.5 — image handling not yet built)
carried-forward  1663477624946866 c0  → https://pub-893b4a6a607b4221a894bf861da7914e.r2.dev/1663477624946866.mp4
image-pending    1992547984982834 c0  (HANDOVER §8.5 — image handling not yet built)
carried-forward  830101776485773 c0  → https://pub-893b4a6a607b4221a894bf861da7914e.r2.dev/830101776485773.mp4
carried-forward  2269461827160656 c0  → https://pub-893b4a6a607b4221a894bf861da7914e.r2.dev/2269461827160656.mp4
carried-forward  2670415679998157 c0  → https://pub-893b4a6a607b4221a894bf861da7914e.r2.dev/2670415679998157.mp4
image-pending    3326471764197428 c0  (HANDOVER §8.5 — image handling not yet built)
carried-forward  1453497739397576 c0  → https://pub-893b4a6a607b4221a894bf861da7914e.r2.dev/1453497739397576.mp4
carried-forward  857131873555304 c0  → https://pub-893b4a6a607b4221a894bf861da7914e.r2.dev/857131873555304.mp4
image-pending    2159229341536299 c0  (HANDOVER §8.5 — image handling not yet built)
carried-forward  1680044263195735 c0  → https://pub-893b4a6a607b4221a894bf861da7914e.r2.dev/1680044263195735.mp4
image-pending    846790037987374 c0  (HANDOVER §8.5 — image handling not yet built)
image-pending    2332610873895228 c0  (HANDOVER §8.5 — image handling not yet built)
carried-forward  1693789268706283 c0  → https://pub-893b4a6a607b4221a894bf861da7914e.r2.dev/1693789268706283.mp4
image-pending    4266155890365297 c0  (HANDOVER §8.5 — image handling not yet built)
video-missing    992842269911474 c0  (expected file not found in videos/speak-2026-05-28)
image-pending    1267922611775757 c0  (HANDOVER §8.5 — image handling not yet built)
carried-forward  1231937165682015 c0  → https://pub-893b4a6a607b4221a894bf861da7914e.r2.dev/1231937165682015.mp4
image-pending    984117120867336 c0  (HANDOVER §8.5 — image handling not yet built)
image-pending    1300840278392620 c0  (HANDOVER §8.5 — image handling not yet built)
carried-forward  1650799302871252 c0  → https://pub-893b4a6a607b4221a894bf861da7914e.r2.dev/1650799302871252.mp4
carried-forward  1001586688978298 c0  → https://pub-893b4a6a607b4221a894bf861da7914e.r2.dev/1001586688978298.mp4
carried-forward  1359714762885017 c0  → https://pub-893b4a6a607b4221a894bf861da7914e.r2.dev/1359714762885017.mp4
image-pending    979822011104793 c0  (HANDOVER §8.5 — image handling not yet built)
carried-forward  4523620474587053 c0  → https://pub-893b4a6a607b4221a894bf861da7914e.r2.dev/4523620474587053.mp4
carried-forward  873751791684505 c0  → https://pub-893b4a6a607b4221a894bf861da7914e.r2.dev/873751791684505.mp4
carried-forward  1526878345475597 c0  → https://pub-893b4a6a607b4221a894bf861da7914e.r2.dev/1526878345475597.mp4
image-pending    27470240192583320 c0  (HANDOVER §8.5 — image handling not yet built)
image-pending    1121913453442002 c0  (HANDOVER §8.5 — image handling not yet built)
image-pending    963376396406091 c0  (HANDOVER §8.5 — image handling not yet built)
carried-forward  1634069947828137 c0  → https://pub-893b4a6a607b4221a894bf861da7914e.r2.dev/1634069947828137.mp4
image-pending    965920736147953 c0  (HANDOVER §8.5 — image handling not yet built)
carried-forward  1956795365043001 c0  → https://pub-893b4a6a607b4221a894bf861da7914e.r2.dev/1956795365043001.mp4
carried-forward  2050225852539726 c0  → https://pub-893b4a6a607b4221a894bf861da7914e.r2.dev/2050225852539726.mp4
image-pending    1514281163563941 c0  (HANDOVER §8.5 — image handling not yet built)
image-pending    2418102665357420 c0  (HANDOVER §8.5 — image handling not yet built)
carried-forward  1351375390168060 c0  → https://pub-893b4a6a607b4221a894bf861da7914e.r2.dev/1351375390168060.mp4
carried-forward  3607767542719261 c0  → https://pub-893b4a6a607b4221a894bf861da7914e.r2.dev/3607767542719261.mp4
carried-forward  1518223599717367 c0  → https://pub-893b4a6a607b4221a894bf861da7914e.r2.dev/1518223599717367.mp4
image-pending    960583213441621 c0  (HANDOVER §8.5 — image handling not yet built)
carried-forward  958822990292209 c0  → https://pub-893b4a6a607b4221a894bf861da7914e.r2.dev/958822990292209.mp4
carried-forward  2138312746729530 c0  → https://pub-893b4a6a607b4221a894bf861da7914e.r2.dev/2138312746729530.mp4
image-pending    1717675119674906 c0  (HANDOVER §8.5 — image handling not yet built)
carried-forward  954686407341711 c0  → https://pub-893b4a6a607b4221a894bf861da7914e.r2.dev/954686407341711.mp4
carried-forward  1647512356470313 c0  → https://pub-893b4a6a607b4221a894bf861da7914e.r2.dev/1647512356470313.mp4
image-pending    846964897931734 c0  (HANDOVER §8.5 — image handling not yet built)
carried-forward  1483447700147791 c0  → https://pub-893b4a6a607b4221a894bf861da7914e.r2.dev/1483447700147791.mp4
carried-forward  2949623458576500 c0  → https://pub-893b4a6a607b4221a894bf861da7914e.r2.dev/2949623458576500.mp4
carried-forward  1451671353430345 c0  → https://pub-893b4a6a607b4221a894bf861da7914e.r2.dev/1451671353430345.mp4
carried-forward  1366600195363586 c0  → https://pub-893b4a6a607b4221a894bf861da7914e.r2.dev/1366600195363586.mp4
carried-forward  877424745369343 c0  → https://pub-893b4a6a607b4221a894bf861da7914e.r2.dev/877424745369343.mp4
image-pending    1893837821295060 c0  (HANDOVER §8.5 — image handling not yet built)
image-pending    973701448693560 c0  (HANDOVER §8.5 — image handling not yet built)
carried-forward  1462447305071109 c0  → https://pub-893b4a6a607b4221a894bf861da7914e.r2.dev/1462447305071109.mp4
image-pending    1664114454830134 c0  (HANDOVER §8.5 — image handling not yet built)
image-pending    953965020868723 c0  (HANDOVER §8.5 — image handling not yet built)
carried-forward  999026622563243 c0  → https://pub-893b4a6a607b4221a894bf861da7914e.r2.dev/999026622563243.mp4
carried-forward  1264498688784512 c0  → https://pub-893b4a6a607b4221a894bf861da7914e.r2.dev/1264498688784512.mp4
carried-forward  27066322223002471 c0  → https://pub-893b4a6a607b4221a894bf861da7914e.r2.dev/27066322223002471.mp4
carried-forward  2790530311284073 c0  → https://pub-893b4a6a607b4221a894bf861da7914e.r2.dev/2790530311284073.mp4
carried-forward  981516334707302 c0  → https://pub-893b4a6a607b4221a894bf861da7914e.r2.dev/981516334707302.mp4
carried-forward  1280963240408142 c0  → https://pub-893b4a6a607b4221a894bf861da7914e.r2.dev/1280963240408142.mp4
image-pending    1312278813663610 c0  (HANDOVER §8.5 — image handling not yet built)
carried-forward  1509981547194463 c0  → https://pub-893b4a6a607b4221a894bf861da7914e.r2.dev/1509981547194463.mp4
carried-forward  1660273955322607 c0  → https://pub-893b4a6a607b4221a894bf861da7914e.r2.dev/1660273955322607.mp4
video-missing    992882040086797 c0  (expected file not found in videos/speak-2026-05-28)
video-missing    1159439009664099 c0  (expected file not found in videos/speak-2026-05-28)
carried-forward  862219932984615 c0  → https://pub-893b4a6a607b4221a894bf861da7914e.r2.dev/862219932984615.mp4
carried-forward  2160956141366071 c0  → https://pub-893b4a6a607b4221a894bf861da7914e.r2.dev/2160956141366071.mp4
image-pending    979015341152149 c0  (HANDOVER §8.5 — image handling not yet built)
carried-forward  1344856197529183 c0  → https://pub-893b4a6a607b4221a894bf861da7914e.r2.dev/1344856197529183.mp4
carried-forward  1369230195045119 c0  → https://pub-893b4a6a607b4221a894bf861da7914e.r2.dev/1369230195045119.mp4
carried-forward  1661742538367682 c0  → https://pub-893b4a6a607b4221a894bf861da7914e.r2.dev/1661742538367682.mp4
image-pending    1472454324111543 c0  (HANDOVER §8.5 — image handling not yet built)
carried-forward  4455631948003164 c0  → https://pub-893b4a6a607b4221a894bf861da7914e.r2.dev/4455631948003164.mp4
carried-forward  1780412102930849 c0  → https://pub-893b4a6a607b4221a894bf861da7914e.r2.dev/1780412102930849.mp4
image-pending    1302751741317619 c0  (HANDOVER §8.5 — image handling not yet built)
carried-forward  2043977353208672 c0  → https://pub-893b4a6a607b4221a894bf861da7914e.r2.dev/2043977353208672.mp4
carried-forward  1498554648598532 c0  → https://pub-893b4a6a607b4221a894bf861da7914e.r2.dev/1498554648598532.mp4
carried-forward  811492168503079 c0  → https://pub-893b4a6a607b4221a894bf861da7914e.r2.dev/811492168503079.mp4
carried-forward  1451317539636729 c0  → https://pub-893b4a6a607b4221a894bf861da7914e.r2.dev/1451317539636729.mp4
carried-forward  3486600421501469 c0  → https://pub-893b4a6a607b4221a894bf861da7914e.r2.dev/3486600421501469.mp4
carried-forward  3366608370165977 c0  → https://pub-893b4a6a607b4221a894bf861da7914e.r2.dev/3366608370165977.mp4
image-pending    1456329252465495 c0  (HANDOVER §8.5 — image handling not yet built)
carried-forward  1365819245397090 c0  → https://pub-893b4a6a607b4221a894bf861da7914e.r2.dev/1365819245397090.mp4
carried-forward  1508794880964936 c0  → https://pub-893b4a6a607b4221a894bf861da7914e.r2.dev/1508794880964936.mp4
carried-forward  2210948663012754 c0  → https://pub-893b4a6a607b4221a894bf861da7914e.r2.dev/2210948663012754.mp4
carried-forward  2293526401055314 c0  → https://pub-893b4a6a607b4221a894bf861da7914e.r2.dev/2293526401055314.mp4
carried-forward  1272679727943730 c0  → https://pub-893b4a6a607b4221a894bf861da7914e.r2.dev/1272679727943730.mp4
image-pending    2828136437545129 c0  (HANDOVER §8.5 — image handling not yet built)
carried-forward  4257554624506386 c0  → https://pub-893b4a6a607b4221a894bf861da7914e.r2.dev/4257554624506386.mp4
carried-forward  1561459892270055 c0  → https://pub-893b4a6a607b4221a894bf861da7914e.r2.dev/1561459892270055.mp4
carried-forward  1889231938405720 c0  → https://pub-893b4a6a607b4221a894bf861da7914e.r2.dev/1889231938405720.mp4
image-pending    1519693696488016 c0  (HANDOVER §8.5 — image handling not yet built)
image-pending    4514480732130503 c0  (HANDOVER §8.5 — image handling not yet built)
image-pending    1304987824406433 c0  (HANDOVER §8.5 — image handling not yet built)
image-pending    1526553852322388 c0  (HANDOVER §8.5 — image handling not yet built)
carried-forward  2306968799837808 c0  → https://pub-893b4a6a607b4221a894bf861da7914e.r2.dev/2306968799837808.mp4
carried-forward  1491844269351628 c0  → https://pub-893b4a6a607b4221a894bf861da7914e.r2.dev/1491844269351628.mp4
image-pending    1312274917041690 c0  (HANDOVER §8.5 — image handling not yet built)
carried-forward  1774371350397401 c0  → https://pub-893b4a6a607b4221a894bf861da7914e.r2.dev/1774371350397401.mp4
carried-forward  2052328829019178 c0  → https://pub-893b4a6a607b4221a894bf861da7914e.r2.dev/2052328829019178.mp4
image-pending    1621390285643499 c0  (HANDOVER §8.5 — image handling not yet built)
carried-forward  1681076706268121 c0  → https://pub-893b4a6a607b4221a894bf861da7914e.r2.dev/1681076706268121.mp4
carried-forward  956681473797990 c0  → https://pub-893b4a6a607b4221a894bf861da7914e.r2.dev/956681473797990.mp4
carried-forward  4538443786475863 c0  → https://pub-893b4a6a607b4221a894bf861da7914e.r2.dev/4538443786475863.mp4
carried-forward  1546038010436187 c0  → https://pub-893b4a6a607b4221a894bf861da7914e.r2.dev/1546038010436187.mp4
carried-forward  2107068533503841 c0  → https://pub-893b4a6a607b4221a894bf861da7914e.r2.dev/2107068533503841.mp4
image-pending    1495604902366314 c0  (HANDOVER §8.5 — image handling not yet built)
image-pending    1507448694122989 c0  (HANDOVER §8.5 — image handling not yet built)
image-pending    1361445712556645 c0  (HANDOVER §8.5 — image handling not yet built)
image-pending    2081227575942607 c0  (HANDOVER §8.5 — image handling not yet built)
carried-forward  1023806976978129 c0  → https://pub-893b4a6a607b4221a894bf861da7914e.r2.dev/1023806976978129.mp4
carried-forward  1439837127915225 c0  → https://pub-893b4a6a607b4221a894bf861da7914e.r2.dev/1439837127915225.mp4
carried-forward  26950045157983838 c0  → https://pub-893b4a6a607b4221a894bf861da7914e.r2.dev/26950045157983838.mp4
image-pending    1282686637401932 c0  (HANDOVER §8.5 — image handling not yet built)
carried-forward  1277879731124254 c0  → https://pub-893b4a6a607b4221a894bf861da7914e.r2.dev/1277879731124254.mp4
image-pending    1488590209403784 c0  (HANDOVER §8.5 — image handling not yet built)
image-pending    1284609963788438 c0  (HANDOVER §8.5 — image handling not yet built)
carried-forward  36895818233350403 c0  → https://pub-893b4a6a607b4221a894bf861da7914e.r2.dev/36895818233350403.mp4
image-pending    863765179401347 c0  (HANDOVER §8.5 — image handling not yet built)
image-pending    2055668831647789 c0  (HANDOVER §8.5 — image handling not yet built)
carried-forward  737963706045339 c0  → https://pub-893b4a6a607b4221a894bf861da7914e.r2.dev/737963706045339.mp4
carried-forward  1673181017262599 c0  → https://pub-893b4a6a607b4221a894bf861da7914e.r2.dev/1673181017262599.mp4
carried-forward  998303869551409 c0  → https://pub-893b4a6a607b4221a894bf861da7914e.r2.dev/998303869551409.mp4
image-pending    3886356061674126 c0  (HANDOVER §8.5 — image handling not yet built)
image-pending    4299509246977073 c0  (HANDOVER §8.5 — image handling not yet built)
image-pending    1886106895436373 c0  (HANDOVER §8.5 — image handling not yet built)
carried-forward  26677900448575861 c0  → https://pub-893b4a6a607b4221a894bf861da7914e.r2.dev/26677900448575861.mp4
image-pending    1326782649596775 c0  (HANDOVER §8.5 — image handling not yet built)
image-pending    826943846763419 c0  (HANDOVER §8.5 — image handling not yet built)
carried-forward  997870759511089 c0  → https://pub-893b4a6a607b4221a894bf861da7914e.r2.dev/997870759511089.mp4
carried-forward  2341343219692930 c0  → https://pub-893b4a6a607b4221a894bf861da7914e.r2.dev/2341343219692930.mp4
video-missing    1270919421694490 c0  (expected file not found in videos/speak-2026-05-28)
carried-forward  1435483718596690 c0  → https://pub-893b4a6a607b4221a894bf861da7914e.r2.dev/1435483718596690.mp4
image-pending    27265130383173607 c0  (HANDOVER §8.5 — image handling not yet built)
carried-forward  1774098223567469 c0  → https://pub-893b4a6a607b4221a894bf861da7914e.r2.dev/1774098223567469.mp4
carried-forward  987659023842680 c0  → https://pub-893b4a6a607b4221a894bf861da7914e.r2.dev/987659023842680.mp4
carried-forward  2469994710102957 c0  → https://pub-893b4a6a607b4221a894bf861da7914e.r2.dev/2469994710102957.mp4
carried-forward  1549403550135747 c0  → https://pub-893b4a6a607b4221a894bf861da7914e.r2.dev/1549403550135747.mp4
video-missing    971993685722604 c0  (expected file not found in videos/speak-2026-05-28)
image-pending    1308655804095641 c0  (HANDOVER §8.5 — image handling not yet built)
image-pending    27129663056718311 c0  (HANDOVER §8.5 — image handling not yet built)
image-pending    953636253971483 c0  (HANDOVER §8.5 — image handling not yet built)
image-pending    2136728710228922 c0  (HANDOVER §8.5 — image handling not yet built)
image-pending    3815161481954918 c0  (HANDOVER §8.5 — image handling not yet built)
image-pending    1725666668604616 c0  (HANDOVER §8.5 — image handling not yet built)
carried-forward  4489962791235897 c0  → https://pub-893b4a6a607b4221a894bf861da7914e.r2.dev/4489962791235897.mp4
image-pending    1647866073089279 c0  (HANDOVER §8.5 — image handling not yet built)
image-pending    3105698306279931 c0  (HANDOVER §8.5 — image handling not yet built)
image-pending    2434128750364003 c0  (HANDOVER §8.5 — image handling not yet built)
video-missing    1021408316901785 c0  (expected file not found in videos/speak-2026-05-28)
carried-forward  968255859445005 c0  → https://pub-893b4a6a607b4221a894bf861da7914e.r2.dev/968255859445005.mp4
carried-forward  976199088148597 c0  → https://pub-893b4a6a607b4221a894bf861da7914e.r2.dev/976199088148597.mp4
video-missing    976199088148597 c1  (expected file not found in videos/speak-2026-05-28)
image-pending    1303078241937033 c0  (HANDOVER §8.5 — image handling not yet built)
carried-forward  1841863680533457 c0  → https://pub-893b4a6a607b4221a894bf861da7914e.r2.dev/1841863680533457.mp4
carried-forward  1012192001299610 c0  → https://pub-893b4a6a607b4221a894bf861da7914e.r2.dev/1012192001299610.mp4
image-pending    1533629578551616 c0  (HANDOVER §8.5 — image handling not yet built)
carried-forward  1964343234449550 c0  → https://pub-893b4a6a607b4221a894bf861da7914e.r2.dev/1964343234449550.mp4
carried-forward  2055892498664210 c0  → https://pub-893b4a6a607b4221a894bf861da7914e.r2.dev/2055892498664210.mp4
carried-forward  4385218365029683 c0  → https://pub-893b4a6a607b4221a894bf861da7914e.r2.dev/4385218365029683.mp4
image-pending    1442719527625450 c0  (HANDOVER §8.5 — image handling not yet built)
carried-forward  978757994966193 c0  → https://pub-893b4a6a607b4221a894bf861da7914e.r2.dev/978757994966193.mp4
image-pending    2577248076043281 c0  (HANDOVER §8.5 — image handling not yet built)
carried-forward  992458820158573 c0  → https://pub-893b4a6a607b4221a894bf861da7914e.r2.dev/992458820158573.mp4
image-pending    1503410514790226 c0  (HANDOVER §8.5 — image handling not yet built)
carried-forward  1039964261702065 c0  → https://pub-893b4a6a607b4221a894bf861da7914e.r2.dev/1039964261702065.mp4
carried-forward  3203083366560485 c0  → https://pub-893b4a6a607b4221a894bf861da7914e.r2.dev/3203083366560485.mp4
image-pending    992187797005259 c0  (HANDOVER §8.5 — image handling not yet built)
carried-forward  1481168347385867 c0  → https://pub-893b4a6a607b4221a894bf861da7914e.r2.dev/1481168347385867.mp4
image-pending    2194496814657992 c0  (HANDOVER §8.5 — image handling not yet built)
carried-forward  1004154132161586 c0  → https://pub-893b4a6a607b4221a894bf861da7914e.r2.dev/1004154132161586.mp4
carried-forward  1358148319702897 c0  → https://pub-893b4a6a607b4221a894bf861da7914e.r2.dev/1358148319702897.mp4
carried-forward  835739362489578 c0  → https://pub-893b4a6a607b4221a894bf861da7914e.r2.dev/835739362489578.mp4
image-pending    2026801312048895 c0  (HANDOVER §8.5 — image handling not yet built)
image-pending    908123565578196 c0  (HANDOVER §8.5 — image handling not yet built)
carried-forward  1464117248307161 c0  → https://pub-893b4a6a607b4221a894bf861da7914e.r2.dev/1464117248307161.mp4
carried-forward  1675975513451631 c0  → https://pub-893b4a6a607b4221a894bf861da7914e.r2.dev/1675975513451631.mp4
carried-forward  2053832972218957 c0  → https://pub-893b4a6a607b4221a894bf861da7914e.r2.dev/2053832972218957.mp4
carried-forward  2278419683002716 c0  → https://pub-893b4a6a607b4221a894bf861da7914e.r2.dev/2278419683002716.mp4
carried-forward  1331067938900199 c0  → https://pub-893b4a6a607b4221a894bf861da7914e.r2.dev/1331067938900199.mp4
image-pending    1327541139349183 c0  (HANDOVER §8.5 — image handling not yet built)
image-pending    27761956440073796 c0  (HANDOVER §8.5 — image handling not yet built)
image-pending    1032514779105979 c0  (HANDOVER §8.5 — image handling not yet built)
image-pending    2086161135275889 c0  (HANDOVER §8.5 — image handling not yet built)
image-pending    2171680736914806 c0  (HANDOVER §8.5 — image handling not yet built)
image-pending    1483416433527923 c0  (HANDOVER §8.5 — image handling not yet built)
carried-forward  1701089074353062 c0  → https://pub-893b4a6a607b4221a894bf861da7914e.r2.dev/1701089074353062.mp4
image-pending    2089620562431471 c0  (HANDOVER §8.5 — image handling not yet built)
image-pending    974972858792269 c0  (HANDOVER §8.5 — image handling not yet built)
image-pending    2443715852807438 c0  (HANDOVER §8.5 — image handling not yet built)
carried-forward  981088661168178 c0  → https://pub-893b4a6a607b4221a894bf861da7914e.r2.dev/981088661168178.mp4
video-missing    1612187606557622 c0  (expected file not found in videos/speak-2026-05-28)
image-pending    2001354107150504 c0  (HANDOVER §8.5 — image handling not yet built)
video-missing    2187335485435817 c0  (expected file not found in videos/speak-2026-05-28)
image-pending    2497969573991206 c0  (HANDOVER §8.5 — image handling not yet built)
carried-forward  940219288839561 c0  → https://pub-893b4a6a607b4221a894bf861da7914e.r2.dev/940219288839561.mp4
carried-forward  1530504242089721 c0  → https://pub-893b4a6a607b4221a894bf861da7914e.r2.dev/1530504242089721.mp4
video-missing    1671811164128468 c0  (expected file not found in videos/speak-2026-05-28)
carried-forward  1313688020873917 c0  → https://pub-893b4a6a607b4221a894bf861da7914e.r2.dev/1313688020873917.mp4
carried-forward  1692512178436355 c0  → https://pub-893b4a6a607b4221a894bf861da7914e.r2.dev/1692512178436355.mp4
image-pending    1641262706986028 c0  (HANDOVER §8.5 — image handling not yet built)
image-pending    4425674537715586 c0  (HANDOVER §8.5 — image handling not yet built)
carried-forward  1634276717876414 c0  → https://pub-893b4a6a607b4221a894bf861da7914e.r2.dev/1634276717876414.mp4
carried-forward  2042243990050632 c0  → https://pub-893b4a6a607b4221a894bf861da7914e.r2.dev/2042243990050632.mp4
image-pending    1394858472401913 c0  (HANDOVER §8.5 — image handling not yet built)
image-pending    1024035350282433 c0  (HANDOVER §8.5 — image handling not yet built)
image-pending    1479161960622485 c0  (HANDOVER §8.5 — image handling not yet built)
carried-forward  1502380308236623 c0  → https://pub-893b4a6a607b4221a894bf861da7914e.r2.dev/1502380308236623.mp4
carried-forward  1615703343729116 c0  → https://pub-893b4a6a607b4221a894bf861da7914e.r2.dev/1615703343729116.mp4
carried-forward  2207331173364184 c0  → https://pub-893b4a6a607b4221a894bf861da7914e.r2.dev/2207331173364184.mp4
carried-forward  2387685518379033 c0  → https://pub-893b4a6a607b4221a894bf861da7914e.r2.dev/2387685518379033.mp4
image-pending    1006041085412689 c0  (HANDOVER §8.5 — image handling not yet built)
carried-forward  4452720225045717 c0  → https://pub-893b4a6a607b4221a894bf861da7914e.r2.dev/4452720225045717.mp4
image-pending    997863812990606 c0  (HANDOVER §8.5 — image handling not yet built)
carried-forward  1299217428502944 c0  → https://pub-893b4a6a607b4221a894bf861da7914e.r2.dev/1299217428502944.mp4
carried-forward  1294953552768925 c0  → https://pub-893b4a6a607b4221a894bf861da7914e.r2.dev/1294953552768925.mp4
carried-forward  2461928600977632 c0  → https://pub-893b4a6a607b4221a894bf861da7914e.r2.dev/2461928600977632.mp4
carried-forward  1000892459082240 c0  → https://pub-893b4a6a607b4221a894bf861da7914e.r2.dev/1000892459082240.mp4
carried-forward  913418895073896 c0  → https://pub-893b4a6a607b4221a894bf861da7914e.r2.dev/913418895073896.mp4
image-pending    1514416657145258 c0  (HANDOVER §8.5 — image handling not yet built)
image-pending    1861447391656380 c0  (HANDOVER §8.5 — image handling not yet built)
image-pending    970895729139140 c0  (HANDOVER §8.5 — image handling not yet built)
carried-forward  989018764058981 c0  → https://pub-893b4a6a607b4221a894bf861da7914e.r2.dev/989018764058981.mp4
carried-forward  1387542069872862 c0  → https://pub-893b4a6a607b4221a894bf861da7914e.r2.dev/1387542069872862.mp4
image-pending    1685052896162937 c0  (HANDOVER §8.5 — image handling not yet built)
image-pending    1718707579263593 c0  (HANDOVER §8.5 — image handling not yet built)
image-pending    2173314196760633 c0  (HANDOVER §8.5 — image handling not yet built)
carried-forward  917724521315341 c0  → https://pub-893b4a6a607b4221a894bf861da7914e.r2.dev/917724521315341.mp4
carried-forward  978305345181786 c0  → https://pub-893b4a6a607b4221a894bf861da7914e.r2.dev/978305345181786.mp4
image-pending    1678833469905624 c0  (HANDOVER §8.5 — image handling not yet built)
image-pending    2186080955485447 c0  (HANDOVER §8.5 — image handling not yet built)
image-pending    962400713215437 c0  (HANDOVER §8.5 — image handling not yet built)
carried-forward  1286160403503775 c0  → https://pub-893b4a6a607b4221a894bf861da7914e.r2.dev/1286160403503775.mp4
image-pending    4543418892548711 c0  (HANDOVER §8.5 — image handling not yet built)
image-pending    1007441335150579 c0  (HANDOVER §8.5 — image handling not yet built)
image-pending    1661600201555223 c0  (HANDOVER §8.5 — image handling not yet built)
image-pending    1007126291825574 c0  (HANDOVER §8.5 — image handling not yet built)
carried-forward  1031088175936601 c0  → https://pub-893b4a6a607b4221a894bf861da7914e.r2.dev/1031088175936601.mp4
carried-forward  1502091371580549 c0  → https://pub-893b4a6a607b4221a894bf861da7914e.r2.dev/1502091371580549.mp4
image-pending    1706775733652511 c0  (HANDOVER §8.5 — image handling not yet built)
carried-forward  1776125330415808 c0  → https://pub-893b4a6a607b4221a894bf861da7914e.r2.dev/1776125330415808.mp4
uploaded         980302251637417 c0  (video) ← 980302251637417.mp4  → https://pub-893b4a6a607b4221a894bf861da7914e.r2.dev/980302251637417.mp4
image-pending    1535384431504647 c0  (HANDOVER §8.5 — image handling not yet built)
image-pending    2097807704098049 c0  (HANDOVER §8.5 — image handling not yet built)
image-pending    1297021825953893 c0  (HANDOVER §8.5 — image handling not yet built)
uploaded         1309889731336599 c0  (video) ← 1309889731336599.mp4  → https://pub-893b4a6a607b4221a894bf861da7914e.r2.dev/1309889731336599.mp4
image-pending    1995586864498000 c0  (HANDOVER §8.5 — image handling not yet built)
uploaded         27624238273844265 c0  (video) ← 27624238273844265.mp4  → https://pub-893b4a6a607b4221a894bf861da7914e.r2.dev/27624238273844265.mp4
image-pending    1321315943264656 c0  (HANDOVER §8.5 — image handling not yet built)
uploaded         1339727008011845 c0  (video) ← 1339727008011845.mp4  → https://pub-893b4a6a607b4221a894bf861da7914e.r2.dev/1339727008011845.mp4
uploaded         2131941060921179 c0  (video) ← 2131941060921179.mp4  → https://pub-893b4a6a607b4221a894bf861da7914e.r2.dev/2131941060921179.mp4
uploaded         2506999763068373 c0  (video) ← 2506999763068373.mp4  → https://pub-893b4a6a607b4221a894bf861da7914e.r2.dev/2506999763068373.mp4
image-pending    911054865297212 c0  (HANDOVER §8.5 — image handling not yet built)
uploaded         1652381445974862 c0  (video) ← 1652381445974862.mp4  → https://pub-893b4a6a607b4221a894bf861da7914e.r2.dev/1652381445974862.mp4
image-pending    1645474619841718 c0  (HANDOVER §8.5 — image handling not yet built)
uploaded         2130269317548421 c0  (video) ← 2130269317548421.mp4  → https://pub-893b4a6a607b4221a894bf861da7914e.r2.dev/2130269317548421.mp4
uploaded         1746067493026512 c0  (video) ← 1746067493026512.mp4  → https://pub-893b4a6a607b4221a894bf861da7914e.r2.dev/1746067493026512.mp4
uploaded         1341547921175091 c0  (video) ← 1341547921175091.mp4  → https://pub-893b4a6a607b4221a894bf861da7914e.r2.dev/1341547921175091.mp4
uploaded         981095061033187 c0  (video) ← 981095061033187.mp4  → https://pub-893b4a6a607b4221a894bf861da7914e.r2.dev/981095061033187.mp4
uploaded         1333835812009046 c0  (video) ← 1333835812009046.mp4  → https://pub-893b4a6a607b4221a894bf861da7914e.r2.dev/1333835812009046.mp4
image-pending    2027089348162571 c0  (HANDOVER §8.5 — image handling not yet built)
image-pending    1423200726237100 c0  (HANDOVER §8.5 — image handling not yet built)
image-pending    1460791208693332 c0  (HANDOVER §8.5 — image handling not yet built)
uploaded         925941977140167 c0  (video) ← 925941977140167.mp4  → https://pub-893b4a6a607b4221a894bf861da7914e.r2.dev/925941977140167.mp4
image-pending    1458897579308572 c0  (HANDOVER §8.5 — image handling not yet built)
image-pending    2018501609034659 c0  (HANDOVER §8.5 — image handling not yet built)
uploaded         951203074404020 c0  (video) ← 951203074404020.mp4  → https://pub-893b4a6a607b4221a894bf861da7914e.r2.dev/951203074404020.mp4
image-pending    1348038503841835 c0  (HANDOVER §8.5 — image handling not yet built)
uploaded         1499323614990575 c0  (video) ← 1499323614990575.mp4  → https://pub-893b4a6a607b4221a894bf861da7914e.r2.dev/1499323614990575.mp4
image-pending    1667800054551439 c0  (HANDOVER §8.5 — image handling not yet built)
uploaded         1000357165784386 c0  (video) ← 1000357165784386.mp4  → https://pub-893b4a6a607b4221a894bf861da7914e.r2.dev/1000357165784386.mp4
uploaded         2030808957821726 c0  (video) ← 2030808957821726.mp4  → https://pub-893b4a6a607b4221a894bf861da7914e.r2.dev/2030808957821726.mp4
image-pending    792901740420411 c0  (HANDOVER §8.5 — image handling not yet built)
image-pending    1296417582035696 c0  (HANDOVER §8.5 — image handling not yet built)
video-missing    1688695622134242 c0  (expected file not found in videos/speak-2026-05-28)
video-missing    1688695622134242 c1  (expected file not found in videos/speak-2026-05-28)
image-pending    4399234863698958 c0  (HANDOVER §8.5 — image handling not yet built)
uploaded         1000192482358784 c0  (video) ← 1000192482358784.mp4  → https://pub-893b4a6a607b4221a894bf861da7914e.r2.dev/1000192482358784.mp4
uploaded         1005408028606473 c0  (video) ← 1005408028606473.mp4  → https://pub-893b4a6a607b4221a894bf861da7914e.r2.dev/1005408028606473.mp4
video-missing    1023187290056481 c0  (expected file not found in videos/speak-2026-05-28)
uploaded         1622588172178302 c0  (video) ← 1622588172178302.mp4  → https://pub-893b4a6a607b4221a894bf861da7914e.r2.dev/1622588172178302.mp4
uploaded         1700666164422105 c0  (video) ← 1700666164422105.mp4  → https://pub-893b4a6a607b4221a894bf861da7914e.r2.dev/1700666164422105.mp4
video-missing    966471072929727 c0  (expected file not found in videos/speak-2026-05-28)
image-pending    2071807143431609 c0  (HANDOVER §8.5 — image handling not yet built)
uploaded         1313861727509478 c0  (video) ← 1313861727509478.mp4  → https://pub-893b4a6a607b4221a894bf861da7914e.r2.dev/1313861727509478.mp4
image-pending    1509372957385073 c0  (HANDOVER §8.5 — image handling not yet built)
image-pending    2071246297108178 c0  (HANDOVER §8.5 — image handling not yet built)
uploaded         2189973628488436 c0  (video) ← 2189973628488436.mp4  → https://pub-893b4a6a607b4221a894bf861da7914e.r2.dev/2189973628488436.mp4
image-pending    4381955542054400 c0  (HANDOVER §8.5 — image handling not yet built)
image-pending    1014411550935613 c0  (HANDOVER §8.5 — image handling not yet built)
uploaded         1305788721100429 c0  (video) ← 1305788721100429.mp4  → https://pub-893b4a6a607b4221a894bf861da7914e.r2.dev/1305788721100429.mp4
uploaded         1526582985779680 c0  (video) ← 1526582985779680.mp4  → https://pub-893b4a6a607b4221a894bf861da7914e.r2.dev/1526582985779680.mp4
image-pending    1642385400355485 c0  (HANDOVER §8.5 — image handling not yet built)
image-pending    1654422975776578 c0  (HANDOVER §8.5 — image handling not yet built)
uploaded         2645369759190286 c0  (video) ← 2645369759190286.mp4  → https://pub-893b4a6a607b4221a894bf861da7914e.r2.dev/2645369759190286.mp4
uploaded         812446955026177 c0  (video) ← 812446955026177.mp4  → https://pub-893b4a6a607b4221a894bf861da7914e.r2.dev/812446955026177.mp4
image-pending    986287747324004 c0  (HANDOVER §8.5 — image handling not yet built)
image-pending    1352599756716513 c0  (HANDOVER §8.5 — image handling not yet built)
image-pending    1536101888090040 c0  (HANDOVER §8.5 — image handling not yet built)
image-pending    1753660896067787 c0  (HANDOVER §8.5 — image handling not yet built)
uploaded         3346225928889753 c0  (video) ← 3346225928889753.mp4  → https://pub-893b4a6a607b4221a894bf861da7914e.r2.dev/3346225928889753.mp4
