# Step 3 run log
# competitor : speak
# started_at : 2026-05-28T09:55:32
# input      : inputs/fb-ads-speak-2026-05-28-0904.csv
# videos     : videos/speak-2026-05-28
# master     : master/speak.csv  (updated)
# enriched   : inputs/fb-ads-speak-2026-05-28-0904_enriched.csv
# bucket     : video-ads
# public_base: https://pub-893b4a6a607b4221a894bf861da7914e.r2.dev
# dry_run    : False
#
# counts     : {'uploaded': 0, 'carried-forward': 0, 'image-pending': 312, 'video-missing': 373, 'no-creative': 0, 'error': 0}
#
video-missing    25882090461493760 c1  (expected file not found in videos/speak-2026-05-28)
video-missing    1238368295046433 c1  (expected file not found in videos/speak-2026-05-28)
video-missing    2170052253789462 c1  (expected file not found in videos/speak-2026-05-28)
video-missing    1737116637460752 c1  (expected file not found in videos/speak-2026-05-28)
video-missing    1737116637460752 c2  (expected file not found in videos/speak-2026-05-28)
image-pending    27198260846527222 c1  (HANDOVER §8.5 — image handling not yet built)
image-pending    731083580063013 c1  (HANDOVER §8.5 — image handling not yet built)
image-pending    1014965510961636 c1  (HANDOVER §8.5 — image handling not yet built)
image-pending    2473979766370375 c1  (HANDOVER §8.5 — image handling not yet built)
image-pending    1701531751026756 c1  (HANDOVER §8.5 — image handling not yet built)
image-pending    1458988538822614 c1  (HANDOVER §8.5 — image handling not yet built)
video-missing    1381189664067994 c1  (expected file not found in videos/speak-2026-05-28)
video-missing    1728329911488147 c1  (expected file not found in videos/speak-2026-05-28)
video-missing    1353108060017678 c1  (expected file not found in videos/speak-2026-05-28)
video-missing    954544950886774 c1  (expected file not found in videos/speak-2026-05-28)
video-missing    1459044325509397 c1  (expected file not found in videos/speak-2026-05-28)
video-missing    1731875244916286 c1  (expected file not found in videos/speak-2026-05-28)
video-missing    1731875244916286 c2  (expected file not found in videos/speak-2026-05-28)
video-missing    1315610390528605 c1  (expected file not found in videos/speak-2026-05-28)
video-missing    971630758595083 c1  (expected file not found in videos/speak-2026-05-28)
image-pending    1431358325413228 c1  (HANDOVER §8.5 — image handling not yet built)
image-pending    1699549754571814 c1  (HANDOVER §8.5 — image handling not yet built)
video-missing    1994036307985218 c1  (expected file not found in videos/speak-2026-05-28)
video-missing    1994036307985218 c2  (expected file not found in videos/speak-2026-05-28)
video-missing    1527948802075470 c1  (expected file not found in videos/speak-2026-05-28)
video-missing    1527948802075470 c2  (expected file not found in videos/speak-2026-05-28)
video-missing    1692183028792505 c1  (expected file not found in videos/speak-2026-05-28)
image-pending    963114753265377 c1  (HANDOVER §8.5 — image handling not yet built)
image-pending    3639471726218225 c1  (HANDOVER §8.5 — image handling not yet built)
video-missing    1750514052992301 c1  (expected file not found in videos/speak-2026-05-28)
video-missing    1526088325833343 c1  (expected file not found in videos/speak-2026-05-28)
video-missing    1497558391753436 c1  (expected file not found in videos/speak-2026-05-28)
video-missing    1497558391753436 c2  (expected file not found in videos/speak-2026-05-28)
image-pending    1237623024926992 c1  (HANDOVER §8.5 — image handling not yet built)
image-pending    26844934468466719 c1  (HANDOVER §8.5 — image handling not yet built)
image-pending    1523144502676799 c1  (HANDOVER §8.5 — image handling not yet built)
image-pending    926050050454542 c1  (HANDOVER §8.5 — image handling not yet built)
image-pending    3426091624211762 c1  (HANDOVER §8.5 — image handling not yet built)
image-pending    1651238326152859 c1  (HANDOVER §8.5 — image handling not yet built)
image-pending    1348645673773158 c1  (HANDOVER §8.5 — image handling not yet built)
image-pending    1348645673773158 c2  (HANDOVER §8.5 — image handling not yet built)
image-pending    1348645673773158 c3  (HANDOVER §8.5 — image handling not yet built)
image-pending    1631344354644181 c1  (HANDOVER §8.5 — image handling not yet built)
image-pending    813112935206331 c1  (HANDOVER §8.5 — image handling not yet built)
image-pending    969631819183911 c1  (HANDOVER §8.5 — image handling not yet built)
video-missing    1625798825194325 c1  (expected file not found in videos/speak-2026-05-28)
image-pending    27007737625513293 c1  (HANDOVER §8.5 — image handling not yet built)
image-pending    965070629748830 c1  (HANDOVER §8.5 — image handling not yet built)
video-missing    1482528716403353 c1  (expected file not found in videos/speak-2026-05-28)
image-pending    2059028512164597 c1  (HANDOVER §8.5 — image handling not yet built)
video-missing    4483210248618458 c1  (expected file not found in videos/speak-2026-05-28)
video-missing    4483210248618458 c2  (expected file not found in videos/speak-2026-05-28)
image-pending    1413369150102613 c1  (HANDOVER §8.5 — image handling not yet built)
video-missing    1295423046096386 c1  (expected file not found in videos/speak-2026-05-28)
image-pending    1286078293146147 c1  (HANDOVER §8.5 — image handling not yet built)
image-pending    1657190205561543 c1  (HANDOVER §8.5 — image handling not yet built)
image-pending    1857250851632659 c1  (HANDOVER §8.5 — image handling not yet built)
video-missing    1626716812148492 c1  (expected file not found in videos/speak-2026-05-28)
image-pending    1337075441626226 c1  (HANDOVER §8.5 — image handling not yet built)
image-pending    1715817009412475 c1  (HANDOVER §8.5 — image handling not yet built)
image-pending    1759999045317511 c1  (HANDOVER §8.5 — image handling not yet built)
video-missing    1933938703991551 c1  (expected file not found in videos/speak-2026-05-28)
video-missing    1933938703991551 c2  (expected file not found in videos/speak-2026-05-28)
video-missing    1996291235096782 c1  (expected file not found in videos/speak-2026-05-28)
video-missing    1996291235096782 c2  (expected file not found in videos/speak-2026-05-28)
image-pending    954332070740654 c1  (HANDOVER §8.5 — image handling not yet built)
image-pending    965608739652462 c1  (HANDOVER §8.5 — image handling not yet built)
video-missing    1674727800523495 c1  (expected file not found in videos/speak-2026-05-28)
video-missing    1674727800523495 c2  (expected file not found in videos/speak-2026-05-28)
image-pending    936410945889239 c1  (HANDOVER §8.5 — image handling not yet built)
image-pending    858464849948887 c1  (HANDOVER §8.5 — image handling not yet built)
image-pending    1172656642590234 c1  (HANDOVER §8.5 — image handling not yet built)
image-pending    2128995570996017 c1  (HANDOVER §8.5 — image handling not yet built)
image-pending    1482466190280727 c1  (HANDOVER §8.5 — image handling not yet built)
image-pending    1465638521606571 c1  (HANDOVER §8.5 — image handling not yet built)
image-pending    988288340843948 c1  (HANDOVER §8.5 — image handling not yet built)
image-pending    25409986105366420 c1  (HANDOVER §8.5 — image handling not yet built)
image-pending    1642222820336005 c1  (HANDOVER §8.5 — image handling not yet built)
image-pending    1886610845355906 c1  (HANDOVER §8.5 — image handling not yet built)
image-pending    4367602336785958 c1  (HANDOVER §8.5 — image handling not yet built)
video-missing    1632931487992113 c1  (expected file not found in videos/speak-2026-05-28)
image-pending    1317452730449790 c1  (HANDOVER §8.5 — image handling not yet built)
image-pending    2846515679049452 c1  (HANDOVER §8.5 — image handling not yet built)
image-pending    1506378631042028 c1  (HANDOVER §8.5 — image handling not yet built)
image-pending    1499783705182426 c1  (HANDOVER §8.5 — image handling not yet built)
image-pending    1518059543244673 c1  (HANDOVER §8.5 — image handling not yet built)
image-pending    996511729496681 c1  (HANDOVER §8.5 — image handling not yet built)
image-pending    1388506709834515 c1  (HANDOVER §8.5 — image handling not yet built)
image-pending    1764537024954067 c1  (HANDOVER §8.5 — image handling not yet built)
image-pending    1958559284774235 c1  (HANDOVER §8.5 — image handling not yet built)
image-pending    1731722644475414 c1  (HANDOVER §8.5 — image handling not yet built)
image-pending    2420161978458104 c1  (HANDOVER §8.5 — image handling not yet built)
video-missing    766012669834896 c1  (expected file not found in videos/speak-2026-05-28)
image-pending    997494673014336 c1  (HANDOVER §8.5 — image handling not yet built)
image-pending    994018219730050 c1  (HANDOVER §8.5 — image handling not yet built)
image-pending    1527723392094796 c1  (HANDOVER §8.5 — image handling not yet built)
video-missing    998249262696222 c1  (expected file not found in videos/speak-2026-05-28)
image-pending    1006537718704741 c1  (HANDOVER §8.5 — image handling not yet built)
image-pending    2354499795026589 c1  (HANDOVER §8.5 — image handling not yet built)
image-pending    1333835875480662 c1  (HANDOVER §8.5 — image handling not yet built)
video-missing    1633950514569000 c1  (expected file not found in videos/speak-2026-05-28)
image-pending    975633765098252 c1  (HANDOVER §8.5 — image handling not yet built)
video-missing    993564553375221 c1  (expected file not found in videos/speak-2026-05-28)
video-missing    993564553375221 c2  (expected file not found in videos/speak-2026-05-28)
image-pending    26730537789950353 c1  (HANDOVER §8.5 — image handling not yet built)
image-pending    3367102446784542 c1  (HANDOVER §8.5 — image handling not yet built)
image-pending    2733458067054681 c1  (HANDOVER §8.5 — image handling not yet built)
image-pending    1916909412341882 c1  (HANDOVER §8.5 — image handling not yet built)
image-pending    1588063578924723 c1  (HANDOVER §8.5 — image handling not yet built)
image-pending    973407848433658 c1  (HANDOVER §8.5 — image handling not yet built)
image-pending    2467870936970993 c1  (HANDOVER §8.5 — image handling not yet built)
image-pending    854737320366586 c1  (HANDOVER §8.5 — image handling not yet built)
video-missing    1974776806463029 c1  (expected file not found in videos/speak-2026-05-28)
image-pending    1027198693070238 c1  (HANDOVER §8.5 — image handling not yet built)
image-pending    2094909941067582 c1  (HANDOVER §8.5 — image handling not yet built)
image-pending    978169361375147 c1  (HANDOVER §8.5 — image handling not yet built)
image-pending    4503549829927619 c1  (HANDOVER §8.5 — image handling not yet built)
image-pending    1403101445202826 c1  (HANDOVER §8.5 — image handling not yet built)
video-missing    2264274250812355 c1  (expected file not found in videos/speak-2026-05-28)
image-pending    1714756419875830 c1  (HANDOVER §8.5 — image handling not yet built)
image-pending    989276833481532 c1  (HANDOVER §8.5 — image handling not yet built)
image-pending    953628137297365 c1  (HANDOVER §8.5 — image handling not yet built)
image-pending    1500712998112835 c1  (HANDOVER §8.5 — image handling not yet built)
image-pending    1530755911867358 c1  (HANDOVER §8.5 — image handling not yet built)
video-missing    1341002024625343 c1  (expected file not found in videos/speak-2026-05-28)
image-pending    1661775548503946 c1  (HANDOVER §8.5 — image handling not yet built)
image-pending    1574745304661400 c1  (HANDOVER §8.5 — image handling not yet built)
image-pending    821871773949633 c1  (HANDOVER §8.5 — image handling not yet built)
image-pending    730865933421519 c1  (HANDOVER §8.5 — image handling not yet built)
image-pending    1471099638036223 c1  (HANDOVER §8.5 — image handling not yet built)
video-missing    4541219449468538 c1  (expected file not found in videos/speak-2026-05-28)
image-pending    768391356059570 c1  (HANDOVER §8.5 — image handling not yet built)
image-pending    1300002281572910 c1  (HANDOVER §8.5 — image handling not yet built)
video-missing    1742532640454862 c1  (expected file not found in videos/speak-2026-05-28)
image-pending    1286163746920302 c1  (HANDOVER §8.5 — image handling not yet built)
image-pending    1509390620572433 c1  (HANDOVER §8.5 — image handling not yet built)
video-missing    1512629040555813 c1  (expected file not found in videos/speak-2026-05-28)
video-missing    2176553696511879 c1  (expected file not found in videos/speak-2026-05-28)
video-missing    1677828296872313 c1  (expected file not found in videos/speak-2026-05-28)
video-missing    1535142971511836 c1  (expected file not found in videos/speak-2026-05-28)
image-pending    2683214662053134 c1  (HANDOVER §8.5 — image handling not yet built)
image-pending    1414232987411038 c1  (HANDOVER §8.5 — image handling not yet built)
image-pending    1952545798704123 c1  (HANDOVER §8.5 — image handling not yet built)
image-pending    958866633448955 c1  (HANDOVER §8.5 — image handling not yet built)
image-pending    26404642739215762 c1  (HANDOVER §8.5 — image handling not yet built)
video-missing    1484002339935799 c1  (expected file not found in videos/speak-2026-05-28)
video-missing    4000737086727117 c1  (expected file not found in videos/speak-2026-05-28)
video-missing    1263436292234743 c1  (expected file not found in videos/speak-2026-05-28)
image-pending    989237553565279 c1  (HANDOVER §8.5 — image handling not yet built)
video-missing    1227981292577128 c1  (expected file not found in videos/speak-2026-05-28)
video-missing    864930432622048 c1  (expected file not found in videos/speak-2026-05-28)
image-pending    1020626120318525 c1  (HANDOVER §8.5 — image handling not yet built)
image-pending    1741594823932744 c1  (HANDOVER §8.5 — image handling not yet built)
image-pending    887609414352581 c1  (HANDOVER §8.5 — image handling not yet built)
image-pending    1957267591821732 c1  (HANDOVER §8.5 — image handling not yet built)
image-pending    2181066392745101 c1  (HANDOVER §8.5 — image handling not yet built)
video-missing    1638565004032741 c1  (expected file not found in videos/speak-2026-05-28)
image-pending    1872999996717512 c1  (HANDOVER §8.5 — image handling not yet built)
image-pending    1012368231444569 c1  (HANDOVER §8.5 — image handling not yet built)
video-missing    2168804440545645 c1  (expected file not found in videos/speak-2026-05-28)
video-missing    1601694000894110 c1  (expected file not found in videos/speak-2026-05-28)
image-pending    4470742829845104 c1  (HANDOVER §8.5 — image handling not yet built)
video-missing    26708712922113728 c1  (expected file not found in videos/speak-2026-05-28)
video-missing    26708712922113728 c2  (expected file not found in videos/speak-2026-05-28)
video-missing    1308436341398359 c1  (expected file not found in videos/speak-2026-05-28)
image-pending    2336720563479808 c1  (HANDOVER §8.5 — image handling not yet built)
image-pending    859169880572097 c1  (HANDOVER §8.5 — image handling not yet built)
video-missing    1025183259846466 c1  (expected file not found in videos/speak-2026-05-28)
video-missing    1025183259846466 c2  (expected file not found in videos/speak-2026-05-28)
image-pending    3168461323541319 c1  (HANDOVER §8.5 — image handling not yet built)
video-missing    1702125114253320 c1  (expected file not found in videos/speak-2026-05-28)
video-missing    1455344832587564 c1  (expected file not found in videos/speak-2026-05-28)
video-missing    1423478249815696 c1  (expected file not found in videos/speak-2026-05-28)
video-missing    907241488442183 c1  (expected file not found in videos/speak-2026-05-28)
video-missing    907241488442183 c2  (expected file not found in videos/speak-2026-05-28)
image-pending    4381498082098693 c1  (HANDOVER §8.5 — image handling not yet built)
image-pending    937126962525743 c1  (HANDOVER §8.5 — image handling not yet built)
image-pending    1870864700272075 c1  (HANDOVER §8.5 — image handling not yet built)
image-pending    966756389550787 c1  (HANDOVER §8.5 — image handling not yet built)
video-missing    1504814224354172 c1  (expected file not found in videos/speak-2026-05-28)
image-pending    1436356841859719 c1  (HANDOVER §8.5 — image handling not yet built)
image-pending    955217750470875 c1  (HANDOVER §8.5 — image handling not yet built)
video-missing    975212928462901 c1  (expected file not found in videos/speak-2026-05-28)
video-missing    975212928462901 c2  (expected file not found in videos/speak-2026-05-28)
video-missing    4299949753600978 c1  (expected file not found in videos/speak-2026-05-28)
video-missing    4656598287998933 c1  (expected file not found in videos/speak-2026-05-28)
video-missing    4656598287998933 c2  (expected file not found in videos/speak-2026-05-28)
video-missing    957326197133117 c1  (expected file not found in videos/speak-2026-05-28)
video-missing    27761175520152002 c1  (expected file not found in videos/speak-2026-05-28)
video-missing    1423805543126653 c1  (expected file not found in videos/speak-2026-05-28)
video-missing    1863381187645320 c1  (expected file not found in videos/speak-2026-05-28)
video-missing    1354319536557789 c1  (expected file not found in videos/speak-2026-05-28)
video-missing    1354319536557789 c2  (expected file not found in videos/speak-2026-05-28)
image-pending    1371714995017332 c1  (HANDOVER §8.5 — image handling not yet built)
video-missing    1012801984537772 c1  (expected file not found in videos/speak-2026-05-28)
video-missing    986952170609928 c1  (expected file not found in videos/speak-2026-05-28)
video-missing    1461546512436699 c1  (expected file not found in videos/speak-2026-05-28)
video-missing    2185883358864727 c1  (expected file not found in videos/speak-2026-05-28)
video-missing    1584320866588635 c1  (expected file not found in videos/speak-2026-05-28)
video-missing    1584320866588635 c2  (expected file not found in videos/speak-2026-05-28)
video-missing    967418929242935 c1  (expected file not found in videos/speak-2026-05-28)
video-missing    1699240827929762 c1  (expected file not found in videos/speak-2026-05-28)
image-pending    1989114385016444 c1  (HANDOVER §8.5 — image handling not yet built)
image-pending    1180474305143580 c1  (HANDOVER §8.5 — image handling not yet built)
image-pending    1523275049329911 c1  (HANDOVER §8.5 — image handling not yet built)
image-pending    1007545868397308 c1  (HANDOVER §8.5 — image handling not yet built)
video-missing    979171714521444 c1  (expected file not found in videos/speak-2026-05-28)
video-missing    1268004648838087 c1  (expected file not found in videos/speak-2026-05-28)
image-pending    2615303405532088 c1  (HANDOVER §8.5 — image handling not yet built)
image-pending    1722855165377936 c1  (HANDOVER §8.5 — image handling not yet built)
video-missing    1679047706465638 c1  (expected file not found in videos/speak-2026-05-28)
video-missing    1679047706465638 c2  (expected file not found in videos/speak-2026-05-28)
image-pending    1912404702812679 c1  (HANDOVER §8.5 — image handling not yet built)
image-pending    977785525105256 c1  (HANDOVER §8.5 — image handling not yet built)
video-missing    1636727890930488 c1  (expected file not found in videos/speak-2026-05-28)
video-missing    1649965256047697 c1  (expected file not found in videos/speak-2026-05-28)
image-pending    996628142751306 c1  (HANDOVER §8.5 — image handling not yet built)
video-missing    978349198487631 c1  (expected file not found in videos/speak-2026-05-28)
image-pending    1018605950704770 c1  (HANDOVER §8.5 — image handling not yet built)
image-pending    1504075784460748 c1  (HANDOVER §8.5 — image handling not yet built)
video-missing    1625008681908447 c1  (expected file not found in videos/speak-2026-05-28)
image-pending    2123622455160578 c1  (HANDOVER §8.5 — image handling not yet built)
video-missing    4414703708763836 c1  (expected file not found in videos/speak-2026-05-28)
video-missing    1299279412179602 c1  (expected file not found in videos/speak-2026-05-28)
image-pending    1001070409307203 c1  (HANDOVER §8.5 — image handling not yet built)
video-missing    26608011495527132 c1  (expected file not found in videos/speak-2026-05-28)
video-missing    2202084363943844 c1  (expected file not found in videos/speak-2026-05-28)
image-pending    988646373523441 c1  (HANDOVER §8.5 — image handling not yet built)
video-missing    1926300091360153 c1  (expected file not found in videos/speak-2026-05-28)
video-missing    814364101745371 c1  (expected file not found in videos/speak-2026-05-28)
image-pending    1290230149928068 c1  (HANDOVER §8.5 — image handling not yet built)
image-pending    1330176722563058 c1  (HANDOVER §8.5 — image handling not yet built)
video-missing    2102088060368750 c1  (expected file not found in videos/speak-2026-05-28)
video-missing    1032999059252853 c1  (expected file not found in videos/speak-2026-05-28)
image-pending    1340993541306373 c1  (HANDOVER §8.5 — image handling not yet built)
video-missing    2050693275862385 c1  (expected file not found in videos/speak-2026-05-28)
image-pending    982799454502188 c1  (HANDOVER §8.5 — image handling not yet built)
image-pending    1007616418488592 c1  (HANDOVER §8.5 — image handling not yet built)
video-missing    959036526969934 c1  (expected file not found in videos/speak-2026-05-28)
video-missing    1004925288670093 c1  (expected file not found in videos/speak-2026-05-28)
video-missing    1001703399211204 c1  (expected file not found in videos/speak-2026-05-28)
video-missing    4543106166016517 c1  (expected file not found in videos/speak-2026-05-28)
video-missing    1298637602395868 c1  (expected file not found in videos/speak-2026-05-28)
video-missing    1699869191461549 c1  (expected file not found in videos/speak-2026-05-28)
video-missing    1731144918318253 c1  (expected file not found in videos/speak-2026-05-28)
video-missing    1683959243026950 c1  (expected file not found in videos/speak-2026-05-28)
video-missing    828403169952623 c1  (expected file not found in videos/speak-2026-05-28)
video-missing    1970468397185095 c1  (expected file not found in videos/speak-2026-05-28)
video-missing    1420997880074503 c1  (expected file not found in videos/speak-2026-05-28)
video-missing    1272409597641796 c1  (expected file not found in videos/speak-2026-05-28)
video-missing    1002306968923239 c1  (expected file not found in videos/speak-2026-05-28)
image-pending    1548407809971404 c1  (HANDOVER §8.5 — image handling not yet built)
video-missing    1538571144294300 c1  (expected file not found in videos/speak-2026-05-28)
video-missing    986780890500190 c1  (expected file not found in videos/speak-2026-05-28)
video-missing    1705354023788942 c1  (expected file not found in videos/speak-2026-05-28)
video-missing    2172143276919007 c1  (expected file not found in videos/speak-2026-05-28)
image-pending    2818308171853650 c1  (HANDOVER §8.5 — image handling not yet built)
video-missing    987550287471337 c1  (expected file not found in videos/speak-2026-05-28)
image-pending    916016971040855 c1  (HANDOVER §8.5 — image handling not yet built)
image-pending    1269205738745435 c1  (HANDOVER §8.5 — image handling not yet built)
video-missing    1308293250826550 c1  (expected file not found in videos/speak-2026-05-28)
video-missing    27062389410060906 c1  (expected file not found in videos/speak-2026-05-28)
video-missing    4662256220671300 c1  (expected file not found in videos/speak-2026-05-28)
image-pending    1617219542882302 c1  (HANDOVER §8.5 — image handling not yet built)
video-missing    1261690111953722 c1  (expected file not found in videos/speak-2026-05-28)
video-missing    2089576521611209 c1  (expected file not found in videos/speak-2026-05-28)
video-missing    1278024200717284 c1  (expected file not found in videos/speak-2026-05-28)
video-missing    1338347311548874 c1  (expected file not found in videos/speak-2026-05-28)
video-missing    951211874458336 c1  (expected file not found in videos/speak-2026-05-28)
video-missing    1519858729720688 c1  (expected file not found in videos/speak-2026-05-28)
image-pending    3023855381141087 c1  (HANDOVER §8.5 — image handling not yet built)
video-missing    839328322553440 c1  (expected file not found in videos/speak-2026-05-28)
video-missing    5556134447944905 c1  (expected file not found in videos/speak-2026-05-28)
video-missing    1634713001203580 c1  (expected file not found in videos/speak-2026-05-28)
video-missing    1673927490555749 c1  (expected file not found in videos/speak-2026-05-28)
image-pending    1438706687804965 c1  (HANDOVER §8.5 — image handling not yet built)
video-missing    2542277012890636 c1  (expected file not found in videos/speak-2026-05-28)
image-pending    1746030886561775 c1  (HANDOVER §8.5 — image handling not yet built)
image-pending    1850984988953139 c1  (HANDOVER §8.5 — image handling not yet built)
video-missing    1761931841853756 c1  (expected file not found in videos/speak-2026-05-28)
video-missing    1625614782088872 c1  (expected file not found in videos/speak-2026-05-28)
video-missing    1739810054043469 c1  (expected file not found in videos/speak-2026-05-28)
image-pending    946693224900503 c1  (HANDOVER §8.5 — image handling not yet built)
video-missing    2232051690890513 c1  (expected file not found in videos/speak-2026-05-28)
image-pending    2114264902748435 c1  (HANDOVER §8.5 — image handling not yet built)
image-pending    1348625590667968 c1  (HANDOVER §8.5 — image handling not yet built)
video-missing    849158314800012 c1  (expected file not found in videos/speak-2026-05-28)
image-pending    1690856705399774 c1  (HANDOVER §8.5 — image handling not yet built)
image-pending    996669666653329 c1  (HANDOVER §8.5 — image handling not yet built)
video-missing    1463097405268077 c1  (expected file not found in videos/speak-2026-05-28)
video-missing    2261180301362326 c1  (expected file not found in videos/speak-2026-05-28)
image-pending    1311975701147652 c1  (HANDOVER §8.5 — image handling not yet built)
image-pending    26785921624433628 c1  (HANDOVER §8.5 — image handling not yet built)
image-pending    1711003010108867 c1  (HANDOVER §8.5 — image handling not yet built)
video-missing    978100101601454 c1  (expected file not found in videos/speak-2026-05-28)
video-missing    1958241181475528 c1  (expected file not found in videos/speak-2026-05-28)
video-missing    1320449610225357 c1  (expected file not found in videos/speak-2026-05-28)
video-missing    1488559926247110 c1  (expected file not found in videos/speak-2026-05-28)
video-missing    976836221724398 c1  (expected file not found in videos/speak-2026-05-28)
image-pending    3612649308891423 c1  (HANDOVER §8.5 — image handling not yet built)
image-pending    1695953811824540 c1  (HANDOVER §8.5 — image handling not yet built)
video-missing    3683272181812596 c1  (expected file not found in videos/speak-2026-05-28)
image-pending    1462562512019265 c1  (HANDOVER §8.5 — image handling not yet built)
image-pending    1699537454377677 c1  (HANDOVER §8.5 — image handling not yet built)
video-missing    843553531646457 c1  (expected file not found in videos/speak-2026-05-28)
video-missing    1874137889964648 c1  (expected file not found in videos/speak-2026-05-28)
video-missing    980452671587272 c1  (expected file not found in videos/speak-2026-05-28)
image-pending    1030631859636226 c1  (HANDOVER §8.5 — image handling not yet built)
video-missing    1331465865566756 c1  (expected file not found in videos/speak-2026-05-28)
video-missing    2232309780639834 c1  (expected file not found in videos/speak-2026-05-28)
video-missing    1555343659599303 c1  (expected file not found in videos/speak-2026-05-28)
video-missing    2288521135287995 c1  (expected file not found in videos/speak-2026-05-28)
video-missing    1270983715198489 c1  (expected file not found in videos/speak-2026-05-28)
video-missing    1219640046770149 c1  (expected file not found in videos/speak-2026-05-28)
image-pending    1843816546314835 c1  (HANDOVER §8.5 — image handling not yet built)
image-pending    1721247792563319 c1  (HANDOVER §8.5 — image handling not yet built)
image-pending    2026313331431297 c1  (HANDOVER §8.5 — image handling not yet built)
video-missing    1299842732260392 c1  (expected file not found in videos/speak-2026-05-28)
video-missing    1526650375749461 c1  (expected file not found in videos/speak-2026-05-28)
video-missing    965781116414278 c1  (expected file not found in videos/speak-2026-05-28)
image-pending    1524665769371305 c1  (HANDOVER §8.5 — image handling not yet built)
image-pending    1512328707144605 c1  (HANDOVER §8.5 — image handling not yet built)
video-missing    1350452400342391 c1  (expected file not found in videos/speak-2026-05-28)
image-pending    910087955374902 c1  (HANDOVER §8.5 — image handling not yet built)
video-missing    1315261493364586 c1  (expected file not found in videos/speak-2026-05-28)
video-missing    1023094966957348 c1  (expected file not found in videos/speak-2026-05-28)
video-missing    1303897177736385 c1  (expected file not found in videos/speak-2026-05-28)
image-pending    1523808239447144 c1  (HANDOVER §8.5 — image handling not yet built)
video-missing    1474497644161792 c1  (expected file not found in videos/speak-2026-05-28)
video-missing    4464751233758639 c1  (expected file not found in videos/speak-2026-05-28)
video-missing    1436399234920270 c1  (expected file not found in videos/speak-2026-05-28)
video-missing    1458598338904030 c1  (expected file not found in videos/speak-2026-05-28)
image-pending    921430744236406 c1  (HANDOVER §8.5 — image handling not yet built)
video-missing    1488658602746915 c1  (expected file not found in videos/speak-2026-05-28)
video-missing    1528136602181728 c1  (expected file not found in videos/speak-2026-05-28)
video-missing    1468554098355153 c1  (expected file not found in videos/speak-2026-05-28)
image-pending    976167185159135 c1  (HANDOVER §8.5 — image handling not yet built)
image-pending    981725324452667 c1  (HANDOVER §8.5 — image handling not yet built)
video-missing    1260842742797875 c1  (expected file not found in videos/speak-2026-05-28)
video-missing    1162914672647521 c1  (expected file not found in videos/speak-2026-05-28)
video-missing    1668920971050841 c1  (expected file not found in videos/speak-2026-05-28)
image-pending    984552850830572 c1  (HANDOVER §8.5 — image handling not yet built)
video-missing    3136612050060206 c1  (expected file not found in videos/speak-2026-05-28)
image-pending    2193988224789038 c1  (HANDOVER §8.5 — image handling not yet built)
video-missing    3459192197573145 c1  (expected file not found in videos/speak-2026-05-28)
video-missing    1296971231953495 c1  (expected file not found in videos/speak-2026-05-28)
video-missing    4411149202443101 c1  (expected file not found in videos/speak-2026-05-28)
image-pending    1353668810192687 c1  (HANDOVER §8.5 — image handling not yet built)
image-pending    2169604913793894 c1  (HANDOVER §8.5 — image handling not yet built)
video-missing    1341376541205692 c1  (expected file not found in videos/speak-2026-05-28)
video-missing    946329088258669 c1  (expected file not found in videos/speak-2026-05-28)
image-pending    3374184896083305 c1  (HANDOVER §8.5 — image handling not yet built)
image-pending    872954725822675 c1  (HANDOVER §8.5 — image handling not yet built)
video-missing    27319524414305949 c1  (expected file not found in videos/speak-2026-05-28)
image-pending    2175556386513732 c1  (HANDOVER §8.5 — image handling not yet built)
video-missing    964722633118492 c1  (expected file not found in videos/speak-2026-05-28)
video-missing    1644968956718575 c1  (expected file not found in videos/speak-2026-05-28)
image-pending    1527344584948238 c1  (HANDOVER §8.5 — image handling not yet built)
video-missing    1523027242713526 c1  (expected file not found in videos/speak-2026-05-28)
video-missing    1705218783836576 c1  (expected file not found in videos/speak-2026-05-28)
video-missing    1950580198901419 c1  (expected file not found in videos/speak-2026-05-28)
video-missing    985175807435018 c1  (expected file not found in videos/speak-2026-05-28)
image-pending    1344101824260395 c1  (HANDOVER §8.5 — image handling not yet built)
video-missing    4331934297066718 c1  (expected file not found in videos/speak-2026-05-28)
video-missing    36466674802917725 c1  (expected file not found in videos/speak-2026-05-28)
video-missing    4677075092579685 c1  (expected file not found in videos/speak-2026-05-28)
video-missing    965443276215137 c1  (expected file not found in videos/speak-2026-05-28)
video-missing    3523661674448830 c1  (expected file not found in videos/speak-2026-05-28)
video-missing    1507072220828073 c1  (expected file not found in videos/speak-2026-05-28)
video-missing    1218320853575578 c1  (expected file not found in videos/speak-2026-05-28)
image-pending    3151281405059697 c1  (HANDOVER §8.5 — image handling not yet built)
image-pending    1481297893680636 c1  (HANDOVER §8.5 — image handling not yet built)
image-pending    1363978889013443 c1  (HANDOVER §8.5 — image handling not yet built)
image-pending    3543442239141682 c1  (HANDOVER §8.5 — image handling not yet built)
video-missing    1338665601530814 c1  (expected file not found in videos/speak-2026-05-28)
video-missing    2949484045259273 c1  (expected file not found in videos/speak-2026-05-28)
video-missing    2192304651520426 c1  (expected file not found in videos/speak-2026-05-28)
video-missing    27431669269751080 c1  (expected file not found in videos/speak-2026-05-28)
image-pending    1666262044540720 c1  (HANDOVER §8.5 — image handling not yet built)
image-pending    1876587829964047 c1  (HANDOVER §8.5 — image handling not yet built)
image-pending    1898985020768632 c1  (HANDOVER §8.5 — image handling not yet built)
video-missing    1710181849992294 c1  (expected file not found in videos/speak-2026-05-28)
image-pending    832431889563903 c1  (HANDOVER §8.5 — image handling not yet built)
image-pending    955139496914472 c1  (HANDOVER §8.5 — image handling not yet built)
image-pending    1013822097858801 c1  (HANDOVER §8.5 — image handling not yet built)
video-missing    1663477624946866 c1  (expected file not found in videos/speak-2026-05-28)
image-pending    1992547984982834 c1  (HANDOVER §8.5 — image handling not yet built)
video-missing    830101776485773 c1  (expected file not found in videos/speak-2026-05-28)
video-missing    2269461827160656 c1  (expected file not found in videos/speak-2026-05-28)
video-missing    2670415679998157 c1  (expected file not found in videos/speak-2026-05-28)
image-pending    3326471764197428 c1  (HANDOVER §8.5 — image handling not yet built)
video-missing    1453497739397576 c1  (expected file not found in videos/speak-2026-05-28)
video-missing    857131873555304 c1  (expected file not found in videos/speak-2026-05-28)
image-pending    2159229341536299 c1  (HANDOVER §8.5 — image handling not yet built)
video-missing    1680044263195735 c1  (expected file not found in videos/speak-2026-05-28)
image-pending    846790037987374 c1  (HANDOVER §8.5 — image handling not yet built)
image-pending    2332610873895228 c1  (HANDOVER §8.5 — image handling not yet built)
video-missing    1693789268706283 c1  (expected file not found in videos/speak-2026-05-28)
image-pending    4266155890365297 c1  (HANDOVER §8.5 — image handling not yet built)
video-missing    992842269911474 c1  (expected file not found in videos/speak-2026-05-28)
image-pending    1267922611775757 c1  (HANDOVER §8.5 — image handling not yet built)
video-missing    1231937165682015 c1  (expected file not found in videos/speak-2026-05-28)
image-pending    984117120867336 c1  (HANDOVER §8.5 — image handling not yet built)
image-pending    1300840278392620 c1  (HANDOVER §8.5 — image handling not yet built)
video-missing    1650799302871252 c1  (expected file not found in videos/speak-2026-05-28)
video-missing    1001586688978298 c1  (expected file not found in videos/speak-2026-05-28)
video-missing    1359714762885017 c1  (expected file not found in videos/speak-2026-05-28)
image-pending    979822011104793 c1  (HANDOVER §8.5 — image handling not yet built)
video-missing    4523620474587053 c1  (expected file not found in videos/speak-2026-05-28)
video-missing    873751791684505 c1  (expected file not found in videos/speak-2026-05-28)
video-missing    1526878345475597 c1  (expected file not found in videos/speak-2026-05-28)
image-pending    27470240192583320 c1  (HANDOVER §8.5 — image handling not yet built)
image-pending    1121913453442002 c1  (HANDOVER §8.5 — image handling not yet built)
image-pending    963376396406091 c1  (HANDOVER §8.5 — image handling not yet built)
video-missing    1634069947828137 c1  (expected file not found in videos/speak-2026-05-28)
image-pending    965920736147953 c1  (HANDOVER §8.5 — image handling not yet built)
video-missing    1956795365043001 c1  (expected file not found in videos/speak-2026-05-28)
video-missing    2050225852539726 c1  (expected file not found in videos/speak-2026-05-28)
image-pending    1514281163563941 c1  (HANDOVER §8.5 — image handling not yet built)
image-pending    2418102665357420 c1  (HANDOVER §8.5 — image handling not yet built)
video-missing    1351375390168060 c1  (expected file not found in videos/speak-2026-05-28)
video-missing    3607767542719261 c1  (expected file not found in videos/speak-2026-05-28)
video-missing    1518223599717367 c1  (expected file not found in videos/speak-2026-05-28)
image-pending    960583213441621 c1  (HANDOVER §8.5 — image handling not yet built)
video-missing    958822990292209 c1  (expected file not found in videos/speak-2026-05-28)
video-missing    2138312746729530 c1  (expected file not found in videos/speak-2026-05-28)
image-pending    1717675119674906 c1  (HANDOVER §8.5 — image handling not yet built)
video-missing    954686407341711 c1  (expected file not found in videos/speak-2026-05-28)
video-missing    1647512356470313 c1  (expected file not found in videos/speak-2026-05-28)
image-pending    846964897931734 c1  (HANDOVER §8.5 — image handling not yet built)
video-missing    1483447700147791 c1  (expected file not found in videos/speak-2026-05-28)
video-missing    2949623458576500 c1  (expected file not found in videos/speak-2026-05-28)
video-missing    1451671353430345 c1  (expected file not found in videos/speak-2026-05-28)
video-missing    1366600195363586 c1  (expected file not found in videos/speak-2026-05-28)
video-missing    877424745369343 c1  (expected file not found in videos/speak-2026-05-28)
image-pending    1893837821295060 c1  (HANDOVER §8.5 — image handling not yet built)
image-pending    973701448693560 c1  (HANDOVER §8.5 — image handling not yet built)
video-missing    1462447305071109 c1  (expected file not found in videos/speak-2026-05-28)
image-pending    1664114454830134 c1  (HANDOVER §8.5 — image handling not yet built)
image-pending    953965020868723 c1  (HANDOVER §8.5 — image handling not yet built)
video-missing    999026622563243 c1  (expected file not found in videos/speak-2026-05-28)
video-missing    1264498688784512 c1  (expected file not found in videos/speak-2026-05-28)
video-missing    27066322223002471 c1  (expected file not found in videos/speak-2026-05-28)
video-missing    2790530311284073 c1  (expected file not found in videos/speak-2026-05-28)
video-missing    981516334707302 c1  (expected file not found in videos/speak-2026-05-28)
video-missing    1280963240408142 c1  (expected file not found in videos/speak-2026-05-28)
image-pending    1312278813663610 c1  (HANDOVER §8.5 — image handling not yet built)
video-missing    1509981547194463 c1  (expected file not found in videos/speak-2026-05-28)
video-missing    1660273955322607 c1  (expected file not found in videos/speak-2026-05-28)
video-missing    992882040086797 c1  (expected file not found in videos/speak-2026-05-28)
video-missing    1159439009664099 c1  (expected file not found in videos/speak-2026-05-28)
video-missing    862219932984615 c1  (expected file not found in videos/speak-2026-05-28)
video-missing    2160956141366071 c1  (expected file not found in videos/speak-2026-05-28)
image-pending    979015341152149 c1  (HANDOVER §8.5 — image handling not yet built)
video-missing    1344856197529183 c1  (expected file not found in videos/speak-2026-05-28)
video-missing    1369230195045119 c1  (expected file not found in videos/speak-2026-05-28)
video-missing    1661742538367682 c1  (expected file not found in videos/speak-2026-05-28)
image-pending    1472454324111543 c1  (HANDOVER §8.5 — image handling not yet built)
video-missing    4455631948003164 c1  (expected file not found in videos/speak-2026-05-28)
video-missing    1780412102930849 c1  (expected file not found in videos/speak-2026-05-28)
image-pending    1302751741317619 c1  (HANDOVER §8.5 — image handling not yet built)
video-missing    2043977353208672 c1  (expected file not found in videos/speak-2026-05-28)
video-missing    1498554648598532 c1  (expected file not found in videos/speak-2026-05-28)
video-missing    811492168503079 c1  (expected file not found in videos/speak-2026-05-28)
video-missing    1451317539636729 c1  (expected file not found in videos/speak-2026-05-28)
video-missing    3486600421501469 c1  (expected file not found in videos/speak-2026-05-28)
video-missing    3366608370165977 c1  (expected file not found in videos/speak-2026-05-28)
image-pending    1456329252465495 c1  (HANDOVER §8.5 — image handling not yet built)
video-missing    1365819245397090 c1  (expected file not found in videos/speak-2026-05-28)
video-missing    1508794880964936 c1  (expected file not found in videos/speak-2026-05-28)
video-missing    2210948663012754 c1  (expected file not found in videos/speak-2026-05-28)
video-missing    2293526401055314 c1  (expected file not found in videos/speak-2026-05-28)
video-missing    1272679727943730 c1  (expected file not found in videos/speak-2026-05-28)
image-pending    2828136437545129 c1  (HANDOVER §8.5 — image handling not yet built)
video-missing    4257554624506386 c1  (expected file not found in videos/speak-2026-05-28)
video-missing    1561459892270055 c1  (expected file not found in videos/speak-2026-05-28)
video-missing    1889231938405720 c1  (expected file not found in videos/speak-2026-05-28)
image-pending    1519693696488016 c1  (HANDOVER §8.5 — image handling not yet built)
image-pending    4514480732130503 c1  (HANDOVER §8.5 — image handling not yet built)
image-pending    1304987824406433 c1  (HANDOVER §8.5 — image handling not yet built)
image-pending    1526553852322388 c1  (HANDOVER §8.5 — image handling not yet built)
video-missing    2306968799837808 c1  (expected file not found in videos/speak-2026-05-28)
video-missing    1491844269351628 c1  (expected file not found in videos/speak-2026-05-28)
image-pending    1312274917041690 c1  (HANDOVER §8.5 — image handling not yet built)
video-missing    1774371350397401 c1  (expected file not found in videos/speak-2026-05-28)
video-missing    2052328829019178 c1  (expected file not found in videos/speak-2026-05-28)
image-pending    1621390285643499 c1  (HANDOVER §8.5 — image handling not yet built)
video-missing    1681076706268121 c1  (expected file not found in videos/speak-2026-05-28)
video-missing    956681473797990 c1  (expected file not found in videos/speak-2026-05-28)
video-missing    4538443786475863 c1  (expected file not found in videos/speak-2026-05-28)
video-missing    1546038010436187 c1  (expected file not found in videos/speak-2026-05-28)
video-missing    2107068533503841 c1  (expected file not found in videos/speak-2026-05-28)
image-pending    1495604902366314 c1  (HANDOVER §8.5 — image handling not yet built)
image-pending    1507448694122989 c1  (HANDOVER §8.5 — image handling not yet built)
image-pending    1361445712556645 c1  (HANDOVER §8.5 — image handling not yet built)
image-pending    2081227575942607 c1  (HANDOVER §8.5 — image handling not yet built)
video-missing    1023806976978129 c1  (expected file not found in videos/speak-2026-05-28)
video-missing    1439837127915225 c1  (expected file not found in videos/speak-2026-05-28)
video-missing    26950045157983838 c1  (expected file not found in videos/speak-2026-05-28)
image-pending    1282686637401932 c1  (HANDOVER §8.5 — image handling not yet built)
video-missing    1277879731124254 c1  (expected file not found in videos/speak-2026-05-28)
image-pending    1488590209403784 c1  (HANDOVER §8.5 — image handling not yet built)
image-pending    1284609963788438 c1  (HANDOVER §8.5 — image handling not yet built)
video-missing    36895818233350403 c1  (expected file not found in videos/speak-2026-05-28)
image-pending    863765179401347 c1  (HANDOVER §8.5 — image handling not yet built)
image-pending    2055668831647789 c1  (HANDOVER §8.5 — image handling not yet built)
video-missing    737963706045339 c1  (expected file not found in videos/speak-2026-05-28)
video-missing    1673181017262599 c1  (expected file not found in videos/speak-2026-05-28)
video-missing    998303869551409 c1  (expected file not found in videos/speak-2026-05-28)
image-pending    3886356061674126 c1  (HANDOVER §8.5 — image handling not yet built)
image-pending    4299509246977073 c1  (HANDOVER §8.5 — image handling not yet built)
image-pending    1886106895436373 c1  (HANDOVER §8.5 — image handling not yet built)
video-missing    26677900448575861 c1  (expected file not found in videos/speak-2026-05-28)
image-pending    1326782649596775 c1  (HANDOVER §8.5 — image handling not yet built)
image-pending    826943846763419 c1  (HANDOVER §8.5 — image handling not yet built)
video-missing    997870759511089 c1  (expected file not found in videos/speak-2026-05-28)
video-missing    2341343219692930 c1  (expected file not found in videos/speak-2026-05-28)
video-missing    1270919421694490 c1  (expected file not found in videos/speak-2026-05-28)
video-missing    1435483718596690 c1  (expected file not found in videos/speak-2026-05-28)
image-pending    27265130383173607 c1  (HANDOVER §8.5 — image handling not yet built)
video-missing    1774098223567469 c1  (expected file not found in videos/speak-2026-05-28)
video-missing    987659023842680 c1  (expected file not found in videos/speak-2026-05-28)
video-missing    2469994710102957 c1  (expected file not found in videos/speak-2026-05-28)
video-missing    1549403550135747 c1  (expected file not found in videos/speak-2026-05-28)
video-missing    971993685722604 c1  (expected file not found in videos/speak-2026-05-28)
image-pending    1308655804095641 c1  (HANDOVER §8.5 — image handling not yet built)
image-pending    27129663056718311 c1  (HANDOVER §8.5 — image handling not yet built)
image-pending    953636253971483 c1  (HANDOVER §8.5 — image handling not yet built)
image-pending    2136728710228922 c1  (HANDOVER §8.5 — image handling not yet built)
image-pending    3815161481954918 c1  (HANDOVER §8.5 — image handling not yet built)
image-pending    1725666668604616 c1  (HANDOVER §8.5 — image handling not yet built)
video-missing    4489962791235897 c1  (expected file not found in videos/speak-2026-05-28)
image-pending    1647866073089279 c1  (HANDOVER §8.5 — image handling not yet built)
image-pending    3105698306279931 c1  (HANDOVER §8.5 — image handling not yet built)
image-pending    2434128750364003 c1  (HANDOVER §8.5 — image handling not yet built)
video-missing    1021408316901785 c1  (expected file not found in videos/speak-2026-05-28)
video-missing    968255859445005 c1  (expected file not found in videos/speak-2026-05-28)
video-missing    976199088148597 c1  (expected file not found in videos/speak-2026-05-28)
image-pending    1303078241937033 c1  (HANDOVER §8.5 — image handling not yet built)
video-missing    1841863680533457 c1  (expected file not found in videos/speak-2026-05-28)
video-missing    1012192001299610 c1  (expected file not found in videos/speak-2026-05-28)
image-pending    1533629578551616 c1  (HANDOVER §8.5 — image handling not yet built)
video-missing    1964343234449550 c1  (expected file not found in videos/speak-2026-05-28)
video-missing    2055892498664210 c1  (expected file not found in videos/speak-2026-05-28)
video-missing    4385218365029683 c1  (expected file not found in videos/speak-2026-05-28)
image-pending    1442719527625450 c1  (HANDOVER §8.5 — image handling not yet built)
video-missing    978757994966193 c1  (expected file not found in videos/speak-2026-05-28)
image-pending    2577248076043281 c1  (HANDOVER §8.5 — image handling not yet built)
video-missing    992458820158573 c1  (expected file not found in videos/speak-2026-05-28)
image-pending    1503410514790226 c1  (HANDOVER §8.5 — image handling not yet built)
video-missing    1039964261702065 c1  (expected file not found in videos/speak-2026-05-28)
video-missing    3203083366560485 c1  (expected file not found in videos/speak-2026-05-28)
image-pending    992187797005259 c1  (HANDOVER §8.5 — image handling not yet built)
video-missing    1481168347385867 c1  (expected file not found in videos/speak-2026-05-28)
image-pending    2194496814657992 c1  (HANDOVER §8.5 — image handling not yet built)
video-missing    1004154132161586 c1  (expected file not found in videos/speak-2026-05-28)
video-missing    1358148319702897 c1  (expected file not found in videos/speak-2026-05-28)
video-missing    835739362489578 c1  (expected file not found in videos/speak-2026-05-28)
image-pending    2026801312048895 c1  (HANDOVER §8.5 — image handling not yet built)
image-pending    908123565578196 c1  (HANDOVER §8.5 — image handling not yet built)
video-missing    1464117248307161 c1  (expected file not found in videos/speak-2026-05-28)
video-missing    1675975513451631 c1  (expected file not found in videos/speak-2026-05-28)
video-missing    2053832972218957 c1  (expected file not found in videos/speak-2026-05-28)
video-missing    2278419683002716 c1  (expected file not found in videos/speak-2026-05-28)
video-missing    1331067938900199 c1  (expected file not found in videos/speak-2026-05-28)
image-pending    1327541139349183 c1  (HANDOVER §8.5 — image handling not yet built)
image-pending    27761956440073796 c1  (HANDOVER §8.5 — image handling not yet built)
image-pending    1032514779105979 c1  (HANDOVER §8.5 — image handling not yet built)
image-pending    2086161135275889 c1  (HANDOVER §8.5 — image handling not yet built)
image-pending    2171680736914806 c1  (HANDOVER §8.5 — image handling not yet built)
image-pending    1483416433527923 c1  (HANDOVER §8.5 — image handling not yet built)
video-missing    1701089074353062 c1  (expected file not found in videos/speak-2026-05-28)
image-pending    2089620562431471 c1  (HANDOVER §8.5 — image handling not yet built)
image-pending    974972858792269 c1  (HANDOVER §8.5 — image handling not yet built)
image-pending    2443715852807438 c1  (HANDOVER §8.5 — image handling not yet built)
video-missing    981088661168178 c1  (expected file not found in videos/speak-2026-05-28)
video-missing    1612187606557622 c1  (expected file not found in videos/speak-2026-05-28)
image-pending    2001354107150504 c1  (HANDOVER §8.5 — image handling not yet built)
video-missing    2187335485435817 c1  (expected file not found in videos/speak-2026-05-28)
image-pending    2497969573991206 c1  (HANDOVER §8.5 — image handling not yet built)
video-missing    940219288839561 c1  (expected file not found in videos/speak-2026-05-28)
video-missing    1530504242089721 c1  (expected file not found in videos/speak-2026-05-28)
video-missing    1671811164128468 c1  (expected file not found in videos/speak-2026-05-28)
video-missing    1313688020873917 c1  (expected file not found in videos/speak-2026-05-28)
video-missing    1692512178436355 c1  (expected file not found in videos/speak-2026-05-28)
image-pending    1641262706986028 c1  (HANDOVER §8.5 — image handling not yet built)
image-pending    4425674537715586 c1  (HANDOVER §8.5 — image handling not yet built)
video-missing    1634276717876414 c1  (expected file not found in videos/speak-2026-05-28)
video-missing    2042243990050632 c1  (expected file not found in videos/speak-2026-05-28)
image-pending    1394858472401913 c1  (HANDOVER §8.5 — image handling not yet built)
image-pending    1024035350282433 c1  (HANDOVER §8.5 — image handling not yet built)
image-pending    1479161960622485 c1  (HANDOVER §8.5 — image handling not yet built)
video-missing    1502380308236623 c1  (expected file not found in videos/speak-2026-05-28)
video-missing    1615703343729116 c1  (expected file not found in videos/speak-2026-05-28)
video-missing    2207331173364184 c1  (expected file not found in videos/speak-2026-05-28)
video-missing    2387685518379033 c1  (expected file not found in videos/speak-2026-05-28)
image-pending    1006041085412689 c1  (HANDOVER §8.5 — image handling not yet built)
video-missing    4452720225045717 c1  (expected file not found in videos/speak-2026-05-28)
image-pending    997863812990606 c1  (HANDOVER §8.5 — image handling not yet built)
video-missing    1299217428502944 c1  (expected file not found in videos/speak-2026-05-28)
video-missing    1294953552768925 c1  (expected file not found in videos/speak-2026-05-28)
video-missing    2461928600977632 c1  (expected file not found in videos/speak-2026-05-28)
video-missing    1000892459082240 c1  (expected file not found in videos/speak-2026-05-28)
video-missing    913418895073896 c1  (expected file not found in videos/speak-2026-05-28)
image-pending    1514416657145258 c1  (HANDOVER §8.5 — image handling not yet built)
image-pending    1861447391656380 c1  (HANDOVER §8.5 — image handling not yet built)
image-pending    970895729139140 c1  (HANDOVER §8.5 — image handling not yet built)
video-missing    989018764058981 c1  (expected file not found in videos/speak-2026-05-28)
video-missing    1387542069872862 c1  (expected file not found in videos/speak-2026-05-28)
image-pending    1685052896162937 c1  (HANDOVER §8.5 — image handling not yet built)
image-pending    1718707579263593 c1  (HANDOVER §8.5 — image handling not yet built)
image-pending    2173314196760633 c1  (HANDOVER §8.5 — image handling not yet built)
video-missing    917724521315341 c1  (expected file not found in videos/speak-2026-05-28)
video-missing    978305345181786 c1  (expected file not found in videos/speak-2026-05-28)
image-pending    1678833469905624 c1  (HANDOVER §8.5 — image handling not yet built)
image-pending    2186080955485447 c1  (HANDOVER §8.5 — image handling not yet built)
image-pending    962400713215437 c1  (HANDOVER §8.5 — image handling not yet built)
video-missing    1286160403503775 c1  (expected file not found in videos/speak-2026-05-28)
image-pending    4543418892548711 c1  (HANDOVER §8.5 — image handling not yet built)
image-pending    1007441335150579 c1  (HANDOVER §8.5 — image handling not yet built)
image-pending    1661600201555223 c1  (HANDOVER §8.5 — image handling not yet built)
image-pending    1007126291825574 c1  (HANDOVER §8.5 — image handling not yet built)
video-missing    1031088175936601 c1  (expected file not found in videos/speak-2026-05-28)
video-missing    1502091371580549 c1  (expected file not found in videos/speak-2026-05-28)
image-pending    1706775733652511 c1  (HANDOVER §8.5 — image handling not yet built)
video-missing    1776125330415808 c1  (expected file not found in videos/speak-2026-05-28)
video-missing    980302251637417 c1  (expected file not found in videos/speak-2026-05-28)
image-pending    1535384431504647 c1  (HANDOVER §8.5 — image handling not yet built)
image-pending    2097807704098049 c1  (HANDOVER §8.5 — image handling not yet built)
image-pending    1297021825953893 c1  (HANDOVER §8.5 — image handling not yet built)
video-missing    1309889731336599 c1  (expected file not found in videos/speak-2026-05-28)
image-pending    1995586864498000 c1  (HANDOVER §8.5 — image handling not yet built)
video-missing    27624238273844265 c1  (expected file not found in videos/speak-2026-05-28)
image-pending    1321315943264656 c1  (HANDOVER §8.5 — image handling not yet built)
video-missing    1339727008011845 c1  (expected file not found in videos/speak-2026-05-28)
video-missing    2131941060921179 c1  (expected file not found in videos/speak-2026-05-28)
video-missing    2506999763068373 c1  (expected file not found in videos/speak-2026-05-28)
image-pending    911054865297212 c1  (HANDOVER §8.5 — image handling not yet built)
video-missing    1652381445974862 c1  (expected file not found in videos/speak-2026-05-28)
image-pending    1645474619841718 c1  (HANDOVER §8.5 — image handling not yet built)
video-missing    2130269317548421 c1  (expected file not found in videos/speak-2026-05-28)
video-missing    1746067493026512 c1  (expected file not found in videos/speak-2026-05-28)
video-missing    1341547921175091 c1  (expected file not found in videos/speak-2026-05-28)
video-missing    981095061033187 c1  (expected file not found in videos/speak-2026-05-28)
video-missing    1333835812009046 c1  (expected file not found in videos/speak-2026-05-28)
image-pending    2027089348162571 c1  (HANDOVER §8.5 — image handling not yet built)
image-pending    1423200726237100 c1  (HANDOVER §8.5 — image handling not yet built)
image-pending    1460791208693332 c1  (HANDOVER §8.5 — image handling not yet built)
video-missing    925941977140167 c1  (expected file not found in videos/speak-2026-05-28)
image-pending    1458897579308572 c1  (HANDOVER §8.5 — image handling not yet built)
image-pending    2018501609034659 c1  (HANDOVER §8.5 — image handling not yet built)
video-missing    951203074404020 c1  (expected file not found in videos/speak-2026-05-28)
image-pending    1348038503841835 c1  (HANDOVER §8.5 — image handling not yet built)
video-missing    1499323614990575 c1  (expected file not found in videos/speak-2026-05-28)
image-pending    1667800054551439 c1  (HANDOVER §8.5 — image handling not yet built)
video-missing    1000357165784386 c1  (expected file not found in videos/speak-2026-05-28)
video-missing    2030808957821726 c1  (expected file not found in videos/speak-2026-05-28)
image-pending    792901740420411 c1  (HANDOVER §8.5 — image handling not yet built)
image-pending    1296417582035696 c1  (HANDOVER §8.5 — image handling not yet built)
video-missing    1688695622134242 c1  (expected file not found in videos/speak-2026-05-28)
image-pending    4399234863698958 c1  (HANDOVER §8.5 — image handling not yet built)
video-missing    1000192482358784 c1  (expected file not found in videos/speak-2026-05-28)
video-missing    1005408028606473 c1  (expected file not found in videos/speak-2026-05-28)
video-missing    1023187290056481 c1  (expected file not found in videos/speak-2026-05-28)
video-missing    1622588172178302 c1  (expected file not found in videos/speak-2026-05-28)
video-missing    1700666164422105 c1  (expected file not found in videos/speak-2026-05-28)
video-missing    966471072929727 c1  (expected file not found in videos/speak-2026-05-28)
video-missing    1313861727509478 c1  (expected file not found in videos/speak-2026-05-28)
image-pending    1509372957385073 c1  (HANDOVER §8.5 — image handling not yet built)
image-pending    2071246297108178 c1  (HANDOVER §8.5 — image handling not yet built)
video-missing    2189973628488436 c1  (expected file not found in videos/speak-2026-05-28)
image-pending    2071807143431609 c1  (HANDOVER §8.5 — image handling not yet built)
image-pending    4381955542054400 c1  (HANDOVER §8.5 — image handling not yet built)
image-pending    1014411550935613 c1  (HANDOVER §8.5 — image handling not yet built)
video-missing    1305788721100429 c1  (expected file not found in videos/speak-2026-05-28)
video-missing    1526582985779680 c1  (expected file not found in videos/speak-2026-05-28)
image-pending    1642385400355485 c1  (HANDOVER §8.5 — image handling not yet built)
image-pending    1654422975776578 c1  (HANDOVER §8.5 — image handling not yet built)
video-missing    2645369759190286 c1  (expected file not found in videos/speak-2026-05-28)
video-missing    812446955026177 c1  (expected file not found in videos/speak-2026-05-28)
image-pending    986287747324004 c1  (HANDOVER §8.5 — image handling not yet built)
image-pending    1352599756716513 c1  (HANDOVER §8.5 — image handling not yet built)
image-pending    1536101888090040 c1  (HANDOVER §8.5 — image handling not yet built)
image-pending    1753660896067787 c1  (HANDOVER §8.5 — image handling not yet built)
video-missing    3346225928889753 c1  (expected file not found in videos/speak-2026-05-28)
