# Step 3 run log
# competitor : speakx
# started_at : 2026-06-12T08:25:56
# input      : facebook/inputs/fb-ads-speakx-2026-06-12-0818.csv
# videos     : facebook/videos/speakx-2026-06-12
# master     : facebook/master/speakx.csv  (updated)
# enriched   : facebook/inputs/fb-ads-speakx-2026-06-12-0818_enriched.csv
# bucket     : video-ads
# public_base: https://dcfd27564ef899969db9a562c7e1945f.r2.cloudflarestorage.com
# dry_run    : False
#
# counts     : {'uploaded': 44, 'carried-forward': 176, 'image-pending': 3, 'video-missing': 10, 'no-creative': 0, 'error': 0}
#
carried-forward  2162968067812618 c0  → https://pub-893b4a6a607b4221a894bf861da7914e.r2.dev/2162968067812618.mp4
carried-forward  4317358591866176 c0  → https://pub-893b4a6a607b4221a894bf861da7914e.r2.dev/4317358591866176.mp4
carried-forward  27292861753737186 c0  → https://pub-893b4a6a607b4221a894bf861da7914e.r2.dev/27292861753737186.mp4
video-missing    27292861753737186 c0  (expected file not found in facebook/videos/speakx-2026-06-12)
carried-forward  1692395758675404 c0  → https://pub-893b4a6a607b4221a894bf861da7914e.r2.dev/1692395758675404.mp4
carried-forward  2443712506142477 c0  → https://pub-893b4a6a607b4221a894bf861da7914e.r2.dev/2443712506142477.mp4
video-missing    2443712506142477 c0  (expected file not found in facebook/videos/speakx-2026-06-12)
carried-forward  26844394018563524 c0  → https://pub-893b4a6a607b4221a894bf861da7914e.r2.dev/26844394018563524.mp4
video-missing    26844394018563524 c0  (expected file not found in facebook/videos/speakx-2026-06-12)
carried-forward  1333380855312442 c0  → https://pub-893b4a6a607b4221a894bf861da7914e.r2.dev/1333380855312442.mp4
carried-forward  861317746449714 c0  → https://pub-893b4a6a607b4221a894bf861da7914e.r2.dev/861317746449714.mp4
carried-forward  1287946936434940 c0  → https://pub-893b4a6a607b4221a894bf861da7914e.r2.dev/1287946936434940.mp4
video-missing    1287946936434940 c0  (expected file not found in facebook/videos/speakx-2026-06-12)
carried-forward  884765954660063 c0  → https://pub-893b4a6a607b4221a894bf861da7914e.r2.dev/884765954660063.mp4
uploaded         2009437412992427 c0  (video) ← 2009437412992427.mp4  → https://dcfd27564ef899969db9a562c7e1945f.r2.cloudflarestorage.com/2009437412992427.mp4
video-missing    2009437412992427 c0  (expected file not found in facebook/videos/speakx-2026-06-12)
carried-forward  1945016303042855 c0  → https://pub-893b4a6a607b4221a894bf861da7914e.r2.dev/1945016303042855.mp4
carried-forward  2504659850014715 c0  → https://pub-893b4a6a607b4221a894bf861da7914e.r2.dev/2504659850014715.mp4
carried-forward  3907189146244683 c0  → https://pub-893b4a6a607b4221a894bf861da7914e.r2.dev/3907189146244683.mp4
carried-forward  1507220527751466 c0  → https://pub-893b4a6a607b4221a894bf861da7914e.r2.dev/1507220527751466.mp4
carried-forward  36517908114474049 c0  → https://pub-893b4a6a607b4221a894bf861da7914e.r2.dev/36517908114474049.mp4
carried-forward  2245758992828721 c0  → https://pub-893b4a6a607b4221a894bf861da7914e.r2.dev/2245758992828721.mp4
carried-forward  1306104707759795 c0  → https://pub-893b4a6a607b4221a894bf861da7914e.r2.dev/1306104707759795.mp4
carried-forward  1646829209907293 c0  → https://pub-893b4a6a607b4221a894bf861da7914e.r2.dev/1646829209907293.mp4
carried-forward  1361741085811598 c0  → https://pub-893b4a6a607b4221a894bf861da7914e.r2.dev/1361741085811598.mp4
carried-forward  878992604485262 c0  → https://pub-893b4a6a607b4221a894bf861da7914e.r2.dev/878992604485262.mp4
carried-forward  1008889414931118 c0  → https://pub-893b4a6a607b4221a894bf861da7914e.r2.dev/1008889414931118.mp4
uploaded         1013212574970448 c0  (video) ← 1013212574970448.mp4  → https://dcfd27564ef899969db9a562c7e1945f.r2.cloudflarestorage.com/1013212574970448.mp4
carried-forward  2887194411625477 c0  → https://pub-893b4a6a607b4221a894bf861da7914e.r2.dev/2887194411625477.mp4
carried-forward  1656371092252840 c0  → https://pub-893b4a6a607b4221a894bf861da7914e.r2.dev/1656371092252840.mp4
carried-forward  1271227128122015 c0  → https://pub-893b4a6a607b4221a894bf861da7914e.r2.dev/1271227128122015.mp4
carried-forward  1890571951655444 c0  → https://pub-893b4a6a607b4221a894bf861da7914e.r2.dev/1890571951655444.mp4
carried-forward  1541795334197554 c0  → https://pub-893b4a6a607b4221a894bf861da7914e.r2.dev/1541795334197554.mp4
carried-forward  1573736987697228 c0  → https://pub-893b4a6a607b4221a894bf861da7914e.r2.dev/1573736987697228.mp4
carried-forward  1459744116192629 c0  → https://pub-893b4a6a607b4221a894bf861da7914e.r2.dev/1459744116192629.mp4
carried-forward  928672226847609 c0  → https://pub-893b4a6a607b4221a894bf861da7914e.r2.dev/928672226847609.mp4
uploaded         1362357932437068 c0  (video) ← 1362357932437068.mp4  → https://dcfd27564ef899969db9a562c7e1945f.r2.cloudflarestorage.com/1362357932437068.mp4
carried-forward  1543328573849703 c0  → https://pub-893b4a6a607b4221a894bf861da7914e.r2.dev/1543328573849703.mp4
uploaded         1983198572319105 c0  (video) ← 1983198572319105.mp4  → https://dcfd27564ef899969db9a562c7e1945f.r2.cloudflarestorage.com/1983198572319105.mp4
carried-forward  1559092795653919 c0  → https://pub-893b4a6a607b4221a894bf861da7914e.r2.dev/1559092795653919.mp4
carried-forward  1264668848807533 c0  → https://dcfd27564ef899969db9a562c7e1945f.r2.cloudflarestorage.com/1264668848807533.mp4
carried-forward  1553179199937865 c0  → https://pub-893b4a6a607b4221a894bf861da7914e.r2.dev/1553179199937865.mp4
carried-forward  1712870236507784 c0  → https://pub-893b4a6a607b4221a894bf861da7914e.r2.dev/1712870236507784.mp4
carried-forward  1631437637912562 c0  → https://pub-893b4a6a607b4221a894bf861da7914e.r2.dev/1631437637912562.mp4
uploaded         983216337888875 c0  (video) ← 983216337888875.mp4  → https://dcfd27564ef899969db9a562c7e1945f.r2.cloudflarestorage.com/983216337888875.mp4
carried-forward  1689862095613058 c0  → https://pub-893b4a6a607b4221a894bf861da7914e.r2.dev/1689862095613058.mp4
carried-forward  1006329295201378 c0  → https://pub-893b4a6a607b4221a894bf861da7914e.r2.dev/1006329295201378.mp4
carried-forward  975868448384290 c0  → https://pub-893b4a6a607b4221a894bf861da7914e.r2.dev/975868448384290.mp4
carried-forward  2295536704309986 c0  → https://pub-893b4a6a607b4221a894bf861da7914e.r2.dev/2295536704309986.mp4
carried-forward  1650498256245529 c0  → https://pub-893b4a6a607b4221a894bf861da7914e.r2.dev/1650498256245529.mp4
carried-forward  2087931068421187 c0  → https://pub-893b4a6a607b4221a894bf861da7914e.r2.dev/2087931068421187.mp4
carried-forward  2205072176896653 c0  → https://pub-893b4a6a607b4221a894bf861da7914e.r2.dev/2205072176896653.mp4
carried-forward  1676862793642995 c0  → https://pub-893b4a6a607b4221a894bf861da7914e.r2.dev/1676862793642995.mp4
carried-forward  1406313074589852 c0  → https://pub-893b4a6a607b4221a894bf861da7914e.r2.dev/1406313074589852.mp4
carried-forward  2055225678395208 c0  → https://pub-893b4a6a607b4221a894bf861da7914e.r2.dev/2055225678395208.mp4
uploaded         998550299423313 c0  (video) ← 998550299423313.mp4  → https://dcfd27564ef899969db9a562c7e1945f.r2.cloudflarestorage.com/998550299423313.mp4
uploaded         874484212365190 c0  (video) ← 874484212365190.mp4  → https://dcfd27564ef899969db9a562c7e1945f.r2.cloudflarestorage.com/874484212365190.mp4
carried-forward  1007530385081900 c0  → https://pub-893b4a6a607b4221a894bf861da7914e.r2.dev/1007530385081900.mp4
carried-forward  1312620537668127 c0  → https://pub-893b4a6a607b4221a894bf861da7914e.r2.dev/1312620537668127.mp4
carried-forward  1718754532619881 c0  → https://pub-893b4a6a607b4221a894bf861da7914e.r2.dev/1718754532619881.mp4
carried-forward  824616770475280 c0  → https://pub-893b4a6a607b4221a894bf861da7914e.r2.dev/824616770475280.mp4
carried-forward  820194970971284 c0  → https://pub-893b4a6a607b4221a894bf861da7914e.r2.dev/820194970971284.mp4
carried-forward  1528983802208134 c0  → https://pub-893b4a6a607b4221a894bf861da7914e.r2.dev/1528983802208134.mp4
carried-forward  1357098709656712 c0  → https://pub-893b4a6a607b4221a894bf861da7914e.r2.dev/1357098709656712.mp4
uploaded         2253803472091205 c0  (video) ← 2253803472091205.mp4  → https://dcfd27564ef899969db9a562c7e1945f.r2.cloudflarestorage.com/2253803472091205.mp4
carried-forward  2445266529284122 c0  → https://pub-893b4a6a607b4221a894bf861da7914e.r2.dev/2445266529284122.mp4
carried-forward  975392855199734 c0  → https://pub-893b4a6a607b4221a894bf861da7914e.r2.dev/975392855199734.mp4
carried-forward  27039326735676879 c0  → https://dcfd27564ef899969db9a562c7e1945f.r2.cloudflarestorage.com/27039326735676879.mp4
uploaded         27149779458007487 c0  (video) ← 27149779458007487.mp4  → https://dcfd27564ef899969db9a562c7e1945f.r2.cloudflarestorage.com/27149779458007487.mp4
carried-forward  1730346694625329 c0  → https://dcfd27564ef899969db9a562c7e1945f.r2.cloudflarestorage.com/1730346694625329.mp4
carried-forward  1748068816627011 c0  → https://pub-893b4a6a607b4221a894bf861da7914e.r2.dev/1748068816627011.mp4
carried-forward  1000338829196892 c0  → https://pub-893b4a6a607b4221a894bf861da7914e.r2.dev/1000338829196892.mp4
uploaded         1515349576107394 c0  (video) ← 1515349576107394.mp4  → https://dcfd27564ef899969db9a562c7e1945f.r2.cloudflarestorage.com/1515349576107394.mp4
carried-forward  918355924593292 c0  → https://pub-893b4a6a607b4221a894bf861da7914e.r2.dev/918355924593292.mp4
carried-forward  2027539371487379 c0  → https://pub-893b4a6a607b4221a894bf861da7914e.r2.dev/2027539371487379.mp4
carried-forward  1387399283411233 c0  → https://pub-893b4a6a607b4221a894bf861da7914e.r2.dev/1387399283411233.mp4
uploaded         2640130723049758 c0  (video) ← 2640130723049758.mp4  → https://dcfd27564ef899969db9a562c7e1945f.r2.cloudflarestorage.com/2640130723049758.mp4
carried-forward  4495689713987746 c0  → https://pub-893b4a6a607b4221a894bf861da7914e.r2.dev/4495689713987746.mp4
carried-forward  1355959489761084 c0  → https://pub-893b4a6a607b4221a894bf861da7914e.r2.dev/1355959489761084.mp4
uploaded         4601170513445450 c0  (video) ← 4601170513445450.mp4  → https://dcfd27564ef899969db9a562c7e1945f.r2.cloudflarestorage.com/4601170513445450.mp4
carried-forward  2050501535881254 c0  → https://pub-893b4a6a607b4221a894bf861da7914e.r2.dev/2050501535881254.mp4
carried-forward  4304356203209733 c0  → https://pub-893b4a6a607b4221a894bf861da7914e.r2.dev/4304356203209733.mp4
carried-forward  1751381559566795 c0  → https://pub-893b4a6a607b4221a894bf861da7914e.r2.dev/1751381559566795.mp4
carried-forward  2011866696882033 c0  → https://pub-893b4a6a607b4221a894bf861da7914e.r2.dev/2011866696882033.mp4
carried-forward  2053832001834030 c0  → https://pub-893b4a6a607b4221a894bf861da7914e.r2.dev/2053832001834030.mp4
carried-forward  929060776855189 c0  → https://pub-893b4a6a607b4221a894bf861da7914e.r2.dev/929060776855189.mp4
carried-forward  1534951244867864 c0  → https://pub-893b4a6a607b4221a894bf861da7914e.r2.dev/1534951244867864.mp4
carried-forward  1455497906349902 c0  → https://pub-893b4a6a607b4221a894bf861da7914e.r2.dev/1455497906349902.mp4
carried-forward  1043103124812012 c0  → https://pub-893b4a6a607b4221a894bf861da7914e.r2.dev/1043103124812012.mp4
carried-forward  1496154588035776 c0  → https://pub-893b4a6a607b4221a894bf861da7914e.r2.dev/1496154588035776.mp4
carried-forward  4432264630363822 c0  → https://pub-893b4a6a607b4221a894bf861da7914e.r2.dev/4432264630363822.mp4
carried-forward  1451452453663844 c0  → https://dcfd27564ef899969db9a562c7e1945f.r2.cloudflarestorage.com/1451452453663844.mp4
carried-forward  976542395354747 c0  → https://pub-893b4a6a607b4221a894bf861da7914e.r2.dev/976542395354747.mp4
video-missing    976542395354747 c0  (expected file not found in facebook/videos/speakx-2026-06-12)
carried-forward  965991376247034 c0  → https://pub-893b4a6a607b4221a894bf861da7914e.r2.dev/965991376247034.mp4
carried-forward  1385625296768441 c0  → https://pub-893b4a6a607b4221a894bf861da7914e.r2.dev/1385625296768441.mp4
carried-forward  1027447753065197 c0  → https://pub-893b4a6a607b4221a894bf861da7914e.r2.dev/1027447753065197.mp4
carried-forward  2180793392740960 c0  → https://pub-893b4a6a607b4221a894bf861da7914e.r2.dev/2180793392740960.mp4
carried-forward  1005340095418175 c0  → https://pub-893b4a6a607b4221a894bf861da7914e.r2.dev/1005340095418175.mp4
carried-forward  983503630938689 c0  → https://pub-893b4a6a607b4221a894bf861da7914e.r2.dev/983503630938689.mp4
carried-forward  997704165962187 c0  → https://pub-893b4a6a607b4221a894bf861da7914e.r2.dev/997704165962187.mp4
carried-forward  2073537180176297 c0  → https://pub-893b4a6a607b4221a894bf861da7914e.r2.dev/2073537180176297.mp4
carried-forward  1317357846423381 c0  → https://pub-893b4a6a607b4221a894bf861da7914e.r2.dev/1317357846423381.mp4
carried-forward  2177042646483754 c0  → https://pub-893b4a6a607b4221a894bf861da7914e.r2.dev/2177042646483754.mp4
carried-forward  4511383839140943 c0  → https://pub-893b4a6a607b4221a894bf861da7914e.r2.dev/4511383839140943.mp4
uploaded         2312156932524239 c0  (video) ← 2312156932524239.mp4  → https://dcfd27564ef899969db9a562c7e1945f.r2.cloudflarestorage.com/2312156932524239.mp4
carried-forward  2215935059244884 c0  → https://pub-893b4a6a607b4221a894bf861da7914e.r2.dev/2215935059244884.mp4
carried-forward  3028455167350044 c0  → https://pub-893b4a6a607b4221a894bf861da7914e.r2.dev/3028455167350044.mp4
carried-forward  1361766756008318 c0  → https://pub-893b4a6a607b4221a894bf861da7914e.r2.dev/1361766756008318.mp4
uploaded         1308818070876182 c0  (video) ← 1308818070876182.mp4  → https://dcfd27564ef899969db9a562c7e1945f.r2.cloudflarestorage.com/1308818070876182.mp4
carried-forward  878652348591010 c0  → https://pub-893b4a6a607b4221a894bf861da7914e.r2.dev/878652348591010.mp4
carried-forward  1518844083190295 c0  → https://pub-893b4a6a607b4221a894bf861da7914e.r2.dev/1518844083190295.mp4
uploaded         1531246168408197 c0  (video) ← 1531246168408197.mp4  → https://dcfd27564ef899969db9a562c7e1945f.r2.cloudflarestorage.com/1531246168408197.mp4
carried-forward  2380382949113659 c0  → https://dcfd27564ef899969db9a562c7e1945f.r2.cloudflarestorage.com/2380382949113659.mp4
carried-forward  4322078088052764 c0  → https://pub-893b4a6a607b4221a894bf861da7914e.r2.dev/4322078088052764.mp4
carried-forward  1561713398936768 c0  → https://pub-893b4a6a607b4221a894bf861da7914e.r2.dev/1561713398936768.mp4
carried-forward  1316777246578170 c0  → https://pub-893b4a6a607b4221a894bf861da7914e.r2.dev/1316777246578170.mp4
carried-forward  993366446988196 c0  → https://pub-893b4a6a607b4221a894bf861da7914e.r2.dev/993366446988196.mp4
carried-forward  1314381756861108 c0  → https://pub-893b4a6a607b4221a894bf861da7914e.r2.dev/1314381756861108.mp4
carried-forward  1015528570998771 c0  → https://pub-893b4a6a607b4221a894bf861da7914e.r2.dev/1015528570998771.mp4
carried-forward  986106167606403 c0  → https://dcfd27564ef899969db9a562c7e1945f.r2.cloudflarestorage.com/986106167606403.mp4
carried-forward  1019027777130898 c0  → https://pub-893b4a6a607b4221a894bf861da7914e.r2.dev/1019027777130898.mp4
uploaded         1013684581594802 c0  (video) ← 1013684581594802.mp4  → https://dcfd27564ef899969db9a562c7e1945f.r2.cloudflarestorage.com/1013684581594802.mp4
uploaded         1057542156838977 c0  (video) ← 1057542156838977.mp4  → https://dcfd27564ef899969db9a562c7e1945f.r2.cloudflarestorage.com/1057542156838977.mp4
carried-forward  1527222942372722 c0  → https://pub-893b4a6a607b4221a894bf861da7914e.r2.dev/1527222942372722.mp4
carried-forward  1371947624756416 c0  → https://dcfd27564ef899969db9a562c7e1945f.r2.cloudflarestorage.com/1371947624756416.mp4
carried-forward  1664834988132991 c0  → https://pub-893b4a6a607b4221a894bf861da7914e.r2.dev/1664834988132991.mp4
carried-forward  3689448171208985 c0  → https://pub-893b4a6a607b4221a894bf861da7914e.r2.dev/3689448171208985.mp4
carried-forward  1888179688562464 c0  → https://pub-893b4a6a607b4221a894bf861da7914e.r2.dev/1888179688562464.mp4
carried-forward  880180717685885 c0  → https://pub-893b4a6a607b4221a894bf861da7914e.r2.dev/880180717685885.mp4
carried-forward  794762543589793 c0  → https://pub-893b4a6a607b4221a894bf861da7914e.r2.dev/794762543589793.mp4
carried-forward  1681625439656874 c0  → https://dcfd27564ef899969db9a562c7e1945f.r2.cloudflarestorage.com/1681625439656874.mp4
carried-forward  1755985579113125 c0  → https://pub-893b4a6a607b4221a894bf861da7914e.r2.dev/1755985579113125.mp4
uploaded         1529478111859234 c0  (video) ← 1529478111859234.mp4  → https://dcfd27564ef899969db9a562c7e1945f.r2.cloudflarestorage.com/1529478111859234.mp4
carried-forward  972418258831307 c0  → https://pub-893b4a6a607b4221a894bf861da7914e.r2.dev/972418258831307.mp4
carried-forward  1283594347179158 c0  → https://pub-893b4a6a607b4221a894bf861da7914e.r2.dev/1283594347179158.mp4
carried-forward  1017963330951251 c0  → https://dcfd27564ef899969db9a562c7e1945f.r2.cloudflarestorage.com/1017963330951251.mp4
carried-forward  1795514791415516 c0  → https://pub-893b4a6a607b4221a894bf861da7914e.r2.dev/1795514791415516.mp4
carried-forward  1519137703335884 c0  → https://pub-893b4a6a607b4221a894bf861da7914e.r2.dev/1519137703335884.mp4
carried-forward  1339557674759234 c0  → https://pub-893b4a6a607b4221a894bf861da7914e.r2.dev/1339557674759234.mp4
carried-forward  3987052924921931 c0  → https://pub-893b4a6a607b4221a894bf861da7914e.r2.dev/3987052924921931.mp4
carried-forward  1665305344789047 c0  → https://pub-893b4a6a607b4221a894bf861da7914e.r2.dev/1665305344789047.mp4
carried-forward  1724422962333351 c0  → https://pub-893b4a6a607b4221a894bf861da7914e.r2.dev/1724422962333351.mp4
carried-forward  847846551131630 c0  → https://pub-893b4a6a607b4221a894bf861da7914e.r2.dev/847846551131630.mp4
carried-forward  3194390794101462 c0  → https://pub-893b4a6a607b4221a894bf861da7914e.r2.dev/3194390794101462.mp4
carried-forward  1537332977762360 c0  → https://pub-893b4a6a607b4221a894bf861da7914e.r2.dev/1537332977762360.mp4
uploaded         691760497365738 c0  (video) ← 691760497365738.mp4  → https://dcfd27564ef899969db9a562c7e1945f.r2.cloudflarestorage.com/691760497365738.mp4
carried-forward  1030440172717015 c0  → https://pub-893b4a6a607b4221a894bf861da7914e.r2.dev/1030440172717015.mp4
carried-forward  1359996982637929 c0  → https://pub-893b4a6a607b4221a894bf861da7914e.r2.dev/1359996982637929.mp4
carried-forward  2852148961823035 c0  → https://pub-893b4a6a607b4221a894bf861da7914e.r2.dev/2852148961823035.mp4
carried-forward  952737910984432 c0  → https://pub-893b4a6a607b4221a894bf861da7914e.r2.dev/952737910984432.mp4
carried-forward  873618651754187 c0  → https://pub-893b4a6a607b4221a894bf861da7914e.r2.dev/873618651754187.mp4
carried-forward  993829903054464 c0  → https://dcfd27564ef899969db9a562c7e1945f.r2.cloudflarestorage.com/993829903054464.mp4
uploaded         4473968839557115 c0  (video) ← 4473968839557115.mp4  → https://dcfd27564ef899969db9a562c7e1945f.r2.cloudflarestorage.com/4473968839557115.mp4
carried-forward  1812790096772217 c0  → https://dcfd27564ef899969db9a562c7e1945f.r2.cloudflarestorage.com/1812790096772217.mp4
carried-forward  2065465224040395 c0  → https://pub-893b4a6a607b4221a894bf861da7914e.r2.dev/2065465224040395.mp4
carried-forward  1883151975705319 c0  → https://pub-893b4a6a607b4221a894bf861da7914e.r2.dev/1883151975705319.mp4
uploaded         940203322383049 c0  (video) ← 940203322383049.mp4  → https://dcfd27564ef899969db9a562c7e1945f.r2.cloudflarestorage.com/940203322383049.mp4
uploaded         1033816292419500 c0  (video) ← 1033816292419500.mp4  → https://dcfd27564ef899969db9a562c7e1945f.r2.cloudflarestorage.com/1033816292419500.mp4
uploaded         1436395304911998 c0  (video) ← 1436395304911998.mp4  → https://dcfd27564ef899969db9a562c7e1945f.r2.cloudflarestorage.com/1436395304911998.mp4
uploaded         2875471912820841 c0  (video) ← 2875471912820841.mp4  → https://dcfd27564ef899969db9a562c7e1945f.r2.cloudflarestorage.com/2875471912820841.mp4
uploaded         1165796592370540 c0  (video) ← 1165796592370540.mp4  → https://dcfd27564ef899969db9a562c7e1945f.r2.cloudflarestorage.com/1165796592370540.mp4
carried-forward  872479192551236 c0  → https://pub-893b4a6a607b4221a894bf861da7914e.r2.dev/872479192551236.mp4
uploaded         3505206902990144 c0  (video) ← 3505206902990144.mp4  → https://dcfd27564ef899969db9a562c7e1945f.r2.cloudflarestorage.com/3505206902990144.mp4
carried-forward  1017961491189825 c0  → https://pub-893b4a6a607b4221a894bf861da7914e.r2.dev/1017961491189825.mp4
uploaded         1591966805893885 c0  (video) ← 1591966805893885.mp4  → https://dcfd27564ef899969db9a562c7e1945f.r2.cloudflarestorage.com/1591966805893885.mp4
carried-forward  1350966316920951 c0  → https://pub-893b4a6a607b4221a894bf861da7914e.r2.dev/1350966316920951.mp4
carried-forward  983037457947633 c0  → https://pub-893b4a6a607b4221a894bf861da7914e.r2.dev/983037457947633.mp4
carried-forward  1019696327203383 c0  → https://dcfd27564ef899969db9a562c7e1945f.r2.cloudflarestorage.com/1019696327203383.mp4
uploaded         1492658115275135 c0  (video) ← 1492658115275135.mp4  → https://dcfd27564ef899969db9a562c7e1945f.r2.cloudflarestorage.com/1492658115275135.mp4
carried-forward  1707722113596111 c0  → https://pub-893b4a6a607b4221a894bf861da7914e.r2.dev/1707722113596111.mp4
carried-forward  1524055402758387 c0  → https://pub-893b4a6a607b4221a894bf861da7914e.r2.dev/1524055402758387.mp4
carried-forward  36389016304045469 c0  → https://pub-893b4a6a607b4221a894bf861da7914e.r2.dev/36389016304045469.mp4
uploaded         971854005467557 c0  (video) ← 971854005467557.mp4  → https://dcfd27564ef899969db9a562c7e1945f.r2.cloudflarestorage.com/971854005467557.mp4
uploaded         1473581078140211 c0  (video) ← 1473581078140211.mp4  → https://dcfd27564ef899969db9a562c7e1945f.r2.cloudflarestorage.com/1473581078140211.mp4
carried-forward  1002307968916209 c0  → https://pub-893b4a6a607b4221a894bf861da7914e.r2.dev/1002307968916209.mp4
uploaded         1026930139840138 c0  (video) ← 1026930139840138.mp4  → https://dcfd27564ef899969db9a562c7e1945f.r2.cloudflarestorage.com/1026930139840138.mp4
carried-forward  998521345905657 c0  → https://dcfd27564ef899969db9a562c7e1945f.r2.cloudflarestorage.com/998521345905657.mp4
uploaded         864406799548908 c0  (video) ← 864406799548908.mp4  → https://dcfd27564ef899969db9a562c7e1945f.r2.cloudflarestorage.com/864406799548908.mp4
uploaded         1681602069650676 c0  (video) ← 1681602069650676.mp4  → https://dcfd27564ef899969db9a562c7e1945f.r2.cloudflarestorage.com/1681602069650676.mp4
carried-forward  1018266577731610 c0  → https://dcfd27564ef899969db9a562c7e1945f.r2.cloudflarestorage.com/1018266577731610.mp4
carried-forward  1536798551167599 c0  → https://dcfd27564ef899969db9a562c7e1945f.r2.cloudflarestorage.com/1536798551167599.mp4
uploaded         2103193720227930 c0  (video) ← 2103193720227930.mp4  → https://dcfd27564ef899969db9a562c7e1945f.r2.cloudflarestorage.com/2103193720227930.mp4
uploaded         847771278003454 c0  (video) ← 847771278003454.mp4  → https://dcfd27564ef899969db9a562c7e1945f.r2.cloudflarestorage.com/847771278003454.mp4
uploaded         1018113810666965 c0  (video) ← 1018113810666965.mp4  → https://dcfd27564ef899969db9a562c7e1945f.r2.cloudflarestorage.com/1018113810666965.mp4
carried-forward  1023443820344511 c0  → https://dcfd27564ef899969db9a562c7e1945f.r2.cloudflarestorage.com/1023443820344511.mp4
carried-forward  2092553101321689 c0  → https://dcfd27564ef899969db9a562c7e1945f.r2.cloudflarestorage.com/2092553101321689.mp4
video-missing    2092553101321689 c0  (expected file not found in facebook/videos/speakx-2026-06-12)
carried-forward  1311019194506588 c0  → https://dcfd27564ef899969db9a562c7e1945f.r2.cloudflarestorage.com/1311019194506588.mp4
carried-forward  2420249835122409 c0  → https://dcfd27564ef899969db9a562c7e1945f.r2.cloudflarestorage.com/2420249835122409.mp4
carried-forward  1308281881491141 c0  → https://dcfd27564ef899969db9a562c7e1945f.r2.cloudflarestorage.com/1308281881491141.mp4
uploaded         1031255179567911 c0  (video) ← 1031255179567911.mp4  → https://dcfd27564ef899969db9a562c7e1945f.r2.cloudflarestorage.com/1031255179567911.mp4
carried-forward  972999335641391 c0  → https://dcfd27564ef899969db9a562c7e1945f.r2.cloudflarestorage.com/972999335641391.mp4
carried-forward  1681006989507648 c0  → https://dcfd27564ef899969db9a562c7e1945f.r2.cloudflarestorage.com/1681006989507648.mp4
video-missing    1681006989507648 c0  (expected file not found in facebook/videos/speakx-2026-06-12)
carried-forward  1653131032409183 c0  → https://dcfd27564ef899969db9a562c7e1945f.r2.cloudflarestorage.com/1653131032409183.mp4
carried-forward  1016408487631842 c0  → https://dcfd27564ef899969db9a562c7e1945f.r2.cloudflarestorage.com/1016408487631842.mp4
uploaded         1701137244411815 c0  (video) ← 1701137244411815.mp4  → https://dcfd27564ef899969db9a562c7e1945f.r2.cloudflarestorage.com/1701137244411815.mp4
video-missing    1701137244411815 c0  (expected file not found in facebook/videos/speakx-2026-06-12)
carried-forward  1327506092053493 c0  → https://dcfd27564ef899969db9a562c7e1945f.r2.cloudflarestorage.com/1327506092053493.mp4
carried-forward  1010201854756042 c0  → https://dcfd27564ef899969db9a562c7e1945f.r2.cloudflarestorage.com/1010201854756042.mp4
image-pending    1587003312849731 c0  (HANDOVER §8.5 — image handling not yet built)
carried-forward  1935452127101651 c0  → https://dcfd27564ef899969db9a562c7e1945f.r2.cloudflarestorage.com/1935452127101651.mp4
carried-forward  1315260573546336 c0  → https://dcfd27564ef899969db9a562c7e1945f.r2.cloudflarestorage.com/1315260573546336.mp4
video-missing    1315260573546336 c0  (expected file not found in facebook/videos/speakx-2026-06-12)
carried-forward  1527023688816595 c0  → https://dcfd27564ef899969db9a562c7e1945f.r2.cloudflarestorage.com/1527023688816595.mp4
carried-forward  1341044771217348 c0  → https://dcfd27564ef899969db9a562c7e1945f.r2.cloudflarestorage.com/1341044771217348.mp4
carried-forward  2143158666473457 c0  → https://dcfd27564ef899969db9a562c7e1945f.r2.cloudflarestorage.com/2143158666473457.mp4
carried-forward  1332278622154395 c0  → https://dcfd27564ef899969db9a562c7e1945f.r2.cloudflarestorage.com/1332278622154395.mp4
image-pending    1551047923410116 c0  (HANDOVER §8.5 — image handling not yet built)
carried-forward  1774406133527244 c0  → https://dcfd27564ef899969db9a562c7e1945f.r2.cloudflarestorage.com/1774406133527244.mp4
carried-forward  802986049419170 c0  → https://dcfd27564ef899969db9a562c7e1945f.r2.cloudflarestorage.com/802986049419170.mp4
uploaded         845484834915284 c0  (video) ← 845484834915284.mp4  → https://dcfd27564ef899969db9a562c7e1945f.r2.cloudflarestorage.com/845484834915284.mp4
image-pending    1502553454983449 c0  (HANDOVER §8.5 — image handling not yet built)
uploaded         1032088779257493 c0  (video) ← 1032088779257493.mp4  → https://dcfd27564ef899969db9a562c7e1945f.r2.cloudflarestorage.com/1032088779257493.mp4
uploaded         985249144363806 c0  (video) ← 985249144363806.mp4  → https://dcfd27564ef899969db9a562c7e1945f.r2.cloudflarestorage.com/985249144363806.mp4
carried-forward  27533535899632138 c0  → https://dcfd27564ef899969db9a562c7e1945f.r2.cloudflarestorage.com/27533535899632138.mp4
carried-forward  1473297194097493 c0  → https://dcfd27564ef899969db9a562c7e1945f.r2.cloudflarestorage.com/1473297194097493.mp4
carried-forward  1645428323393253 c0  → https://dcfd27564ef899969db9a562c7e1945f.r2.cloudflarestorage.com/1645428323393253.mp4
carried-forward  997953383090881 c0  → https://dcfd27564ef899969db9a562c7e1945f.r2.cloudflarestorage.com/997953383090881.mp4
uploaded         2852221428457241 c0  (video) ← 2852221428457241.mp4  → https://dcfd27564ef899969db9a562c7e1945f.r2.cloudflarestorage.com/2852221428457241.mp4
carried-forward  985072957572062 c0  → https://dcfd27564ef899969db9a562c7e1945f.r2.cloudflarestorage.com/985072957572062.mp4
carried-forward  36121185230830159 c0  → https://dcfd27564ef899969db9a562c7e1945f.r2.cloudflarestorage.com/36121185230830159.mp4
uploaded         1318839933771493 c0  (video) ← 1318839933771493.mp4  → https://dcfd27564ef899969db9a562c7e1945f.r2.cloudflarestorage.com/1318839933771493.mp4
carried-forward  1696016167950307 c0  → https://dcfd27564ef899969db9a562c7e1945f.r2.cloudflarestorage.com/1696016167950307.mp4
carried-forward  2518993185212523 c0  → https://dcfd27564ef899969db9a562c7e1945f.r2.cloudflarestorage.com/2518993185212523.mp4
carried-forward  1001955356099173 c0  → https://dcfd27564ef899969db9a562c7e1945f.r2.cloudflarestorage.com/1001955356099173.mp4
carried-forward  1209738614498577 c0  → https://dcfd27564ef899969db9a562c7e1945f.r2.cloudflarestorage.com/1209738614498577.mp4
carried-forward  1632127831228011 c0  → https://dcfd27564ef899969db9a562c7e1945f.r2.cloudflarestorage.com/1632127831228011.mp4
carried-forward  830432456491902 c0  → https://dcfd27564ef899969db9a562c7e1945f.r2.cloudflarestorage.com/830432456491902.mp4
uploaded         1513995210370651 c0  (video) ← 1513995210370651.mp4  → https://dcfd27564ef899969db9a562c7e1945f.r2.cloudflarestorage.com/1513995210370651.mp4
carried-forward  1606018377805781 c0  → https://dcfd27564ef899969db9a562c7e1945f.r2.cloudflarestorage.com/1606018377805781.mp4
carried-forward  1008374951703241 c0  → https://dcfd27564ef899969db9a562c7e1945f.r2.cloudflarestorage.com/1008374951703241.mp4
