# Step 3 run log
# competitor : speakx
# started_at : 2026-05-27T10:34:46
# input      : inputs/fb-ads-speakx-2026-05-26-1015.csv
# videos     : videos/speakx-2026-05-26
# master     : master/speakx.csv  (unchanged (dry-run))
# enriched   : inputs/fb-ads-speakx-2026-05-26-1015_enriched.csv
# bucket     : video-ads
# public_base: https://pub-893b4a6a607b4221a894bf861da7914e.r2.dev
# dry_run    : True
#
# counts     : {'uploaded': 188, 'carried-forward': 0, 'image-pending': 0, 'video-missing': 2, 'no-creative': 0, 'error': 0}
#
would-upload     1477183203777341 c0  ← 1477183203777341.mp4  → https://pub-893b4a6a607b4221a894bf861da7914e.r2.dev/1477183203777341.mp4  [DRY-RUN]
would-upload     1293067956117881 c0  ← 1293067956117881.mp4  → https://pub-893b4a6a607b4221a894bf861da7914e.r2.dev/1293067956117881.mp4  [DRY-RUN]
would-upload     1182441817236590 c0  ← 1182441817236590.mp4  → https://pub-893b4a6a607b4221a894bf861da7914e.r2.dev/1182441817236590.mp4  [DRY-RUN]
would-upload     967017965779261 c0  ← 967017965779261.mp4  → https://pub-893b4a6a607b4221a894bf861da7914e.r2.dev/967017965779261.mp4  [DRY-RUN]
would-upload     1261894342696646 c0  ← 1261894342696646.mp4  → https://pub-893b4a6a607b4221a894bf861da7914e.r2.dev/1261894342696646.mp4  [DRY-RUN]
would-upload     2203881063685200 c0  ← 2203881063685200.mp4  → https://pub-893b4a6a607b4221a894bf861da7914e.r2.dev/2203881063685200.mp4  [DRY-RUN]
would-upload     1386304936584896 c0  ← 1386304936584896.mp4  → https://pub-893b4a6a607b4221a894bf861da7914e.r2.dev/1386304936584896.mp4  [DRY-RUN]
would-upload     2162968067812618 c0  ← 2162968067812618.mp4  → https://pub-893b4a6a607b4221a894bf861da7914e.r2.dev/2162968067812618.mp4  [DRY-RUN]
would-upload     2718857995158689 c0  ← 2718857995158689.mp4  → https://pub-893b4a6a607b4221a894bf861da7914e.r2.dev/2718857995158689.mp4  [DRY-RUN]
would-upload     950441070968656 c0  ← 950441070968656.mp4  → https://pub-893b4a6a607b4221a894bf861da7914e.r2.dev/950441070968656.mp4  [DRY-RUN]
would-upload     953470727433696 c0  ← 953470727433696.mp4  → https://pub-893b4a6a607b4221a894bf861da7914e.r2.dev/953470727433696.mp4  [DRY-RUN]
would-upload     1913593379351763 c0  ← 1913593379351763.mp4  → https://pub-893b4a6a607b4221a894bf861da7914e.r2.dev/1913593379351763.mp4  [DRY-RUN]
would-upload     953292117697900 c0  ← 953292117697900.mp4  → https://pub-893b4a6a607b4221a894bf861da7914e.r2.dev/953292117697900.mp4  [DRY-RUN]
would-upload     842899398339565 c0  ← 842899398339565.mp4  → https://pub-893b4a6a607b4221a894bf861da7914e.r2.dev/842899398339565.mp4  [DRY-RUN]
would-upload     922333753982552 c0  ← 922333753982552.mp4  → https://pub-893b4a6a607b4221a894bf861da7914e.r2.dev/922333753982552.mp4  [DRY-RUN]
would-upload     1670382757639077 c0  ← 1670382757639077.mp4  → https://pub-893b4a6a607b4221a894bf861da7914e.r2.dev/1670382757639077.mp4  [DRY-RUN]
would-upload     995718232905948 c0  ← 995718232905948.mp4  → https://pub-893b4a6a607b4221a894bf861da7914e.r2.dev/995718232905948.mp4  [DRY-RUN]
would-upload     26831805176478505 c0  ← 26831805176478505.mp4  → https://pub-893b4a6a607b4221a894bf861da7914e.r2.dev/26831805176478505.mp4  [DRY-RUN]
would-upload     1668568907754755 c0  ← 1668568907754755.mp4  → https://pub-893b4a6a607b4221a894bf861da7914e.r2.dev/1668568907754755.mp4  [DRY-RUN]
would-upload     1333380855312442 c0  ← 1333380855312442.mp4  → https://pub-893b4a6a607b4221a894bf861da7914e.r2.dev/1333380855312442.mp4  [DRY-RUN]
would-upload     1494320365675491 c0  ← 1494320365675491.mp4  → https://pub-893b4a6a607b4221a894bf861da7914e.r2.dev/1494320365675491.mp4  [DRY-RUN]
would-upload     1865042314101385 c0  ← 1865042314101385.mp4  → https://pub-893b4a6a607b4221a894bf861da7914e.r2.dev/1865042314101385.mp4  [DRY-RUN]
would-upload     2185353608668047 c0  ← 2185353608668047.mp4  → https://pub-893b4a6a607b4221a894bf861da7914e.r2.dev/2185353608668047.mp4  [DRY-RUN]
would-upload     1470861051315043 c0  ← 1470861051315043.mp4  → https://pub-893b4a6a607b4221a894bf861da7914e.r2.dev/1470861051315043.mp4  [DRY-RUN]
would-upload     3391983870966275 c0  ← 3391983870966275.mp4  → https://pub-893b4a6a607b4221a894bf861da7914e.r2.dev/3391983870966275.mp4  [DRY-RUN]
would-upload     906995315729188 c0  ← 906995315729188.mp4  → https://pub-893b4a6a607b4221a894bf861da7914e.r2.dev/906995315729188.mp4  [DRY-RUN]
would-upload     3226076084220389 c0  ← 3226076084220389.mp4  → https://pub-893b4a6a607b4221a894bf861da7914e.r2.dev/3226076084220389.mp4  [DRY-RUN]
would-upload     1281577630753736 c0  ← 1281577630753736.mp4  → https://pub-893b4a6a607b4221a894bf861da7914e.r2.dev/1281577630753736.mp4  [DRY-RUN]
would-upload     1467213678402110 c0  ← 1467213678402110.mp4  → https://pub-893b4a6a607b4221a894bf861da7914e.r2.dev/1467213678402110.mp4  [DRY-RUN]
would-upload     1382923387003958 c0  ← 1382923387003958.mp4  → https://pub-893b4a6a607b4221a894bf861da7914e.r2.dev/1382923387003958.mp4  [DRY-RUN]
would-upload     1646829209907293 c0  ← 1646829209907293.mp4  → https://pub-893b4a6a607b4221a894bf861da7914e.r2.dev/1646829209907293.mp4  [DRY-RUN]
would-upload     2677142752658813 c0  ← 2677142752658813.mp4  → https://pub-893b4a6a607b4221a894bf861da7914e.r2.dev/2677142752658813.mp4  [DRY-RUN]
would-upload     1694023131623811 c0  ← 1694023131623811.mp4  → https://pub-893b4a6a607b4221a894bf861da7914e.r2.dev/1694023131623811.mp4  [DRY-RUN]
would-upload     26864506773237930 c0  ← 26864506773237930.mp4  → https://pub-893b4a6a607b4221a894bf861da7914e.r2.dev/26864506773237930.mp4  [DRY-RUN]
would-upload     1277243397882538 c0  ← 1277243397882538.mp4  → https://pub-893b4a6a607b4221a894bf861da7914e.r2.dev/1277243397882538.mp4  [DRY-RUN]
would-upload     2429663597501268 c0  ← 2429663597501268.mp4  → https://pub-893b4a6a607b4221a894bf861da7914e.r2.dev/2429663597501268.mp4  [DRY-RUN]
would-upload     1702346954551106 c0  ← 1702346954551106.mp4  → https://pub-893b4a6a607b4221a894bf861da7914e.r2.dev/1702346954551106.mp4  [DRY-RUN]
would-upload     1429462188410527 c0  ← 1429462188410527.mp4  → https://pub-893b4a6a607b4221a894bf861da7914e.r2.dev/1429462188410527.mp4  [DRY-RUN]
would-upload     1306098638255345 c0  ← 1306098638255345.mp4  → https://pub-893b4a6a607b4221a894bf861da7914e.r2.dev/1306098638255345.mp4  [DRY-RUN]
would-upload     2165128834325739 c0  ← 2165128834325739.mp4  → https://pub-893b4a6a607b4221a894bf861da7914e.r2.dev/2165128834325739.mp4  [DRY-RUN]
would-upload     861281100343417 c0  ← 861281100343417.mp4  → https://pub-893b4a6a607b4221a894bf861da7914e.r2.dev/861281100343417.mp4  [DRY-RUN]
would-upload     2442362952880772 c0  ← 2442362952880772.mp4  → https://pub-893b4a6a607b4221a894bf861da7914e.r2.dev/2442362952880772.mp4  [DRY-RUN]
would-upload     1006329295201378 c0  ← 1006329295201378.mp4  → https://pub-893b4a6a607b4221a894bf861da7914e.r2.dev/1006329295201378.mp4  [DRY-RUN]
would-upload     1542208837423364 c0  ← 1542208837423364.mp4  → https://pub-893b4a6a607b4221a894bf861da7914e.r2.dev/1542208837423364.mp4  [DRY-RUN]
would-upload     1008847321469743 c0  ← 1008847321469743.mp4  → https://pub-893b4a6a607b4221a894bf861da7914e.r2.dev/1008847321469743.mp4  [DRY-RUN]
would-upload     810679145097987 c0  ← 810679145097987.mp4  → https://pub-893b4a6a607b4221a894bf861da7914e.r2.dev/810679145097987.mp4  [DRY-RUN]
would-upload     958273773623414 c0  ← 958273773623414.mp4  → https://pub-893b4a6a607b4221a894bf861da7914e.r2.dev/958273773623414.mp4  [DRY-RUN]
would-upload     2331531480702586 c0  ← 2331531480702586.mp4  → https://pub-893b4a6a607b4221a894bf861da7914e.r2.dev/2331531480702586.mp4  [DRY-RUN]
would-upload     1655535008789619 c0  ← 1655535008789619.mp4  → https://pub-893b4a6a607b4221a894bf861da7914e.r2.dev/1655535008789619.mp4  [DRY-RUN]
would-upload     1631492917935092 c0  ← 1631492917935092.mp4  → https://pub-893b4a6a607b4221a894bf861da7914e.r2.dev/1631492917935092.mp4  [DRY-RUN]
would-upload     1263424899236990 c0  ← 1263424899236990.mp4  → https://pub-893b4a6a607b4221a894bf861da7914e.r2.dev/1263424899236990.mp4  [DRY-RUN]
would-upload     813412201592967 c0  ← 813412201592967.mp4  → https://pub-893b4a6a607b4221a894bf861da7914e.r2.dev/813412201592967.mp4  [DRY-RUN]
would-upload     1674695527105346 c0  ← 1674695527105346.mp4  → https://pub-893b4a6a607b4221a894bf861da7914e.r2.dev/1674695527105346.mp4  [DRY-RUN]
would-upload     1666733754369589 c0  ← 1666733754369589.mp4  → https://pub-893b4a6a607b4221a894bf861da7914e.r2.dev/1666733754369589.mp4  [DRY-RUN]
would-upload     940578045564403 c0  ← 940578045564403.mp4  → https://pub-893b4a6a607b4221a894bf861da7914e.r2.dev/940578045564403.mp4  [DRY-RUN]
would-upload     1293999789370021 c0  ← 1293999789370021.mp4  → https://pub-893b4a6a607b4221a894bf861da7914e.r2.dev/1293999789370021.mp4  [DRY-RUN]
would-upload     802134739188636 c0  ← 802134739188636.mp4  → https://pub-893b4a6a607b4221a894bf861da7914e.r2.dev/802134739188636.mp4  [DRY-RUN]
would-upload     2504659850014715 c0  ← 2504659850014715.mp4  → https://pub-893b4a6a607b4221a894bf861da7914e.r2.dev/2504659850014715.mp4  [DRY-RUN]
would-upload     2047136142819030 c0  ← 2047136142819030.mp4  → https://pub-893b4a6a607b4221a894bf861da7914e.r2.dev/2047136142819030.mp4  [DRY-RUN]
would-upload     1534951244867864 c0  ← 1534951244867864.mp4  → https://pub-893b4a6a607b4221a894bf861da7914e.r2.dev/1534951244867864.mp4  [DRY-RUN]
would-upload     2295536704309986 c0  ← 2295536704309986.mp4  → https://pub-893b4a6a607b4221a894bf861da7914e.r2.dev/2295536704309986.mp4  [DRY-RUN]
would-upload     2235801616953885 c0  ← 2235801616953885.mp4  → https://pub-893b4a6a607b4221a894bf861da7914e.r2.dev/2235801616953885.mp4  [DRY-RUN]
would-upload     1816385469321451 c0  ← 1816385469321451.mp4  → https://pub-893b4a6a607b4221a894bf861da7914e.r2.dev/1816385469321451.mp4  [DRY-RUN]
would-upload     965390732957236 c0  ← 965390732957236.mp4  → https://pub-893b4a6a607b4221a894bf861da7914e.r2.dev/965390732957236.mp4  [DRY-RUN]
would-upload     1482004609604227 c0  ← 1482004609604227.mp4  → https://pub-893b4a6a607b4221a894bf861da7914e.r2.dev/1482004609604227.mp4  [DRY-RUN]
would-upload     822646964213690 c0  ← 822646964213690.mp4  → https://pub-893b4a6a607b4221a894bf861da7914e.r2.dev/822646964213690.mp4  [DRY-RUN]
would-upload     1685482815926044 c0  ← 1685482815926044.mp4  → https://pub-893b4a6a607b4221a894bf861da7914e.r2.dev/1685482815926044.mp4  [DRY-RUN]
would-upload     1282823553919831 c0  ← 1282823553919831.mp4  → https://pub-893b4a6a607b4221a894bf861da7914e.r2.dev/1282823553919831.mp4  [DRY-RUN]
would-upload     1446240430854536 c0  ← 1446240430854536.mp4  → https://pub-893b4a6a607b4221a894bf861da7914e.r2.dev/1446240430854536.mp4  [DRY-RUN]
would-upload     1751381559566795 c0  ← 1751381559566795.mp4  → https://pub-893b4a6a607b4221a894bf861da7914e.r2.dev/1751381559566795.mp4  [DRY-RUN]
would-upload     2191004834982270 c0  ← 2191004834982270.mp4  → https://pub-893b4a6a607b4221a894bf861da7914e.r2.dev/2191004834982270.mp4  [DRY-RUN]
would-upload     35711967805116200 c0  ← 35711967805116200.mp4  → https://pub-893b4a6a607b4221a894bf861da7914e.r2.dev/35711967805116200.mp4  [DRY-RUN]
would-upload     942092611562781 c0  ← 942092611562781.mp4  → https://pub-893b4a6a607b4221a894bf861da7914e.r2.dev/942092611562781.mp4  [DRY-RUN]
would-upload     1685505725983692 c0  ← 1685505725983692.mp4  → https://pub-893b4a6a607b4221a894bf861da7914e.r2.dev/1685505725983692.mp4  [DRY-RUN]
would-upload     2528750337543867 c0  ← 2528750337543867.mp4  → https://pub-893b4a6a607b4221a894bf861da7914e.r2.dev/2528750337543867.mp4  [DRY-RUN]
would-upload     1301259608777420 c0  ← 1301259608777420.mp4  → https://pub-893b4a6a607b4221a894bf861da7914e.r2.dev/1301259608777420.mp4  [DRY-RUN]
would-upload     2033981820847254 c0  ← 2033981820847254.mp4  → https://pub-893b4a6a607b4221a894bf861da7914e.r2.dev/2033981820847254.mp4  [DRY-RUN]
would-upload     958926196946861 c0  ← 958926196946861.mp4  → https://pub-893b4a6a607b4221a894bf861da7914e.r2.dev/958926196946861.mp4  [DRY-RUN]
would-upload     1476659844143221 c0  ← 1476659844143221.mp4  → https://pub-893b4a6a607b4221a894bf861da7914e.r2.dev/1476659844143221.mp4  [DRY-RUN]
would-upload     1682994332739683 c0  ← 1682994332739683.mp4  → https://pub-893b4a6a607b4221a894bf861da7914e.r2.dev/1682994332739683.mp4  [DRY-RUN]
would-upload     2048236592746332 c0  ← 2048236592746332.mp4  → https://pub-893b4a6a607b4221a894bf861da7914e.r2.dev/2048236592746332.mp4  [DRY-RUN]
would-upload     2053832001834030 c0  ← 2053832001834030.mp4  → https://pub-893b4a6a607b4221a894bf861da7914e.r2.dev/2053832001834030.mp4  [DRY-RUN]
would-upload     812647415013944 c0  ← 812647415013944.mp4  → https://pub-893b4a6a607b4221a894bf861da7914e.r2.dev/812647415013944.mp4  [DRY-RUN]
would-upload     2405709006591713 c0  ← 2405709006591713.mp4  → https://pub-893b4a6a607b4221a894bf861da7914e.r2.dev/2405709006591713.mp4  [DRY-RUN]
would-upload     1480436776901571 c0  ← 1480436776901571.mp4  → https://pub-893b4a6a607b4221a894bf861da7914e.r2.dev/1480436776901571.mp4  [DRY-RUN]
would-upload     970516062537557 c0  ← 970516062537557.mp4  → https://pub-893b4a6a607b4221a894bf861da7914e.r2.dev/970516062537557.mp4  [DRY-RUN]
would-upload     26440235635678026 c0  ← 26440235635678026.mp4  → https://pub-893b4a6a607b4221a894bf861da7914e.r2.dev/26440235635678026.mp4  [DRY-RUN]
would-upload     969146279157123 c0  ← 969146279157123.mp4  → https://pub-893b4a6a607b4221a894bf861da7914e.r2.dev/969146279157123.mp4  [DRY-RUN]
would-upload     983234034190027 c0  ← 983234034190027.mp4  → https://pub-893b4a6a607b4221a894bf861da7914e.r2.dev/983234034190027.mp4  [DRY-RUN]
would-upload     2004608190130920 c0  ← 2004608190130920.mp4  → https://pub-893b4a6a607b4221a894bf861da7914e.r2.dev/2004608190130920.mp4  [DRY-RUN]
would-upload     1468615711427185 c0  ← 1468615711427185.mp4  → https://pub-893b4a6a607b4221a894bf861da7914e.r2.dev/1468615711427185.mp4  [DRY-RUN]
would-upload     984918357242547 c0  ← 984918357242547.mp4  → https://pub-893b4a6a607b4221a894bf861da7914e.r2.dev/984918357242547.mp4  [DRY-RUN]
would-upload     3028455167350044 c0  ← 3028455167350044.mp4  → https://pub-893b4a6a607b4221a894bf861da7914e.r2.dev/3028455167350044.mp4  [DRY-RUN]
would-upload     1279276767638086 c0  ← 1279276767638086.mp4  → https://pub-893b4a6a607b4221a894bf861da7914e.r2.dev/1279276767638086.mp4  [DRY-RUN]
would-upload     931187749685280 c0  ← 931187749685280.mp4  → https://pub-893b4a6a607b4221a894bf861da7914e.r2.dev/931187749685280.mp4  [DRY-RUN]
would-upload     1348762350434051 c0  ← 1348762350434051.mp4  → https://pub-893b4a6a607b4221a894bf861da7914e.r2.dev/1348762350434051.mp4  [DRY-RUN]
would-upload     1687496652376090 c0  ← 1687496652376090.mp4  → https://pub-893b4a6a607b4221a894bf861da7914e.r2.dev/1687496652376090.mp4  [DRY-RUN]
would-upload     1598629301201879 c0  ← 1598629301201879.mp4  → https://pub-893b4a6a607b4221a894bf861da7914e.r2.dev/1598629301201879.mp4  [DRY-RUN]
would-upload     962132652878187 c0  ← 962132652878187.mp4  → https://pub-893b4a6a607b4221a894bf861da7914e.r2.dev/962132652878187.mp4  [DRY-RUN]
would-upload     993529143162192 c0  ← 993529143162192.mp4  → https://pub-893b4a6a607b4221a894bf861da7914e.r2.dev/993529143162192.mp4  [DRY-RUN]
would-upload     1349370937055281 c0  ← 1349370937055281.mp4  → https://pub-893b4a6a607b4221a894bf861da7914e.r2.dev/1349370937055281.mp4  [DRY-RUN]
would-upload     1478426623765158 c0  ← 1478426623765158.mp4  → https://pub-893b4a6a607b4221a894bf861da7914e.r2.dev/1478426623765158.mp4  [DRY-RUN]
would-upload     2850844975268677 c0  ← 2850844975268677.mp4  → https://pub-893b4a6a607b4221a894bf861da7914e.r2.dev/2850844975268677.mp4  [DRY-RUN]
would-upload     1686360975738216 c0  ← 1686360975738216.mp4  → https://pub-893b4a6a607b4221a894bf861da7914e.r2.dev/1686360975738216.mp4  [DRY-RUN]
would-upload     4446530095614785 c0  ← 4446530095614785.mp4  → https://pub-893b4a6a607b4221a894bf861da7914e.r2.dev/4446530095614785.mp4  [DRY-RUN]
would-upload     999336602437836 c0  ← 999336602437836.mp4  → https://pub-893b4a6a607b4221a894bf861da7914e.r2.dev/999336602437836.mp4  [DRY-RUN]
would-upload     2204005596804828 c0  ← 2204005596804828.mp4  → https://pub-893b4a6a607b4221a894bf861da7914e.r2.dev/2204005596804828.mp4  [DRY-RUN]
would-upload     982953024519886 c0  ← 982953024519886.mp4  → https://pub-893b4a6a607b4221a894bf861da7914e.r2.dev/982953024519886.mp4  [DRY-RUN]
would-upload     1416378913857622 c0  ← 1416378913857622.mp4  → https://pub-893b4a6a607b4221a894bf861da7914e.r2.dev/1416378913857622.mp4  [DRY-RUN]
would-upload     2468043330284583 c0  ← 2468043330284583.mp4  → https://pub-893b4a6a607b4221a894bf861da7914e.r2.dev/2468043330284583.mp4  [DRY-RUN]
would-upload     1026640269709018 c0  ← 1026640269709018.mp4  → https://pub-893b4a6a607b4221a894bf861da7914e.r2.dev/1026640269709018.mp4  [DRY-RUN]
would-upload     1561713398936768 c0  ← 1561713398936768.mp4  → https://pub-893b4a6a607b4221a894bf861da7914e.r2.dev/1561713398936768.mp4  [DRY-RUN]
would-upload     2161668907979676 c0  ← 2161668907979676.mp4  → https://pub-893b4a6a607b4221a894bf861da7914e.r2.dev/2161668907979676.mp4  [DRY-RUN]
would-upload     1025052986513701 c0  ← 1025052986513701.mp4  → https://pub-893b4a6a607b4221a894bf861da7914e.r2.dev/1025052986513701.mp4  [DRY-RUN]
would-upload     1294983332740325 c0  ← 1294983332740325.mp4  → https://pub-893b4a6a607b4221a894bf861da7914e.r2.dev/1294983332740325.mp4  [DRY-RUN]
would-upload     1498207608381120 c0  ← 1498207608381120.mp4  → https://pub-893b4a6a607b4221a894bf861da7914e.r2.dev/1498207608381120.mp4  [DRY-RUN]
would-upload     838145219358586 c0  ← 838145219358586.mp4  → https://pub-893b4a6a607b4221a894bf861da7914e.r2.dev/838145219358586.mp4  [DRY-RUN]
would-upload     951439150997123 c0  ← 951439150997123.mp4  → https://pub-893b4a6a607b4221a894bf861da7914e.r2.dev/951439150997123.mp4  [DRY-RUN]
would-upload     1672373224199119 c0  ← 1672373224199119.mp4  → https://pub-893b4a6a607b4221a894bf861da7914e.r2.dev/1672373224199119.mp4  [DRY-RUN]
would-upload     2809428052749261 c0  ← 2809428052749261.mp4  → https://pub-893b4a6a607b4221a894bf861da7914e.r2.dev/2809428052749261.mp4  [DRY-RUN]
would-upload     1000338829196892 c0  ← 1000338829196892.mp4  → https://pub-893b4a6a607b4221a894bf861da7914e.r2.dev/1000338829196892.mp4  [DRY-RUN]
would-upload     831865046236591 c0  ← 831865046236591.mp4  → https://pub-893b4a6a607b4221a894bf861da7914e.r2.dev/831865046236591.mp4  [DRY-RUN]
would-upload     1671433074080008 c0  ← 1671433074080008.mp4  → https://pub-893b4a6a607b4221a894bf861da7914e.r2.dev/1671433074080008.mp4  [DRY-RUN]
would-upload     1342031744648586 c0  ← 1342031744648586.mp4  → https://pub-893b4a6a607b4221a894bf861da7914e.r2.dev/1342031744648586.mp4  [DRY-RUN]
would-upload     2217341015763503 c0  ← 2217341015763503.mp4  → https://pub-893b4a6a607b4221a894bf861da7914e.r2.dev/2217341015763503.mp4  [DRY-RUN]
would-upload     1641975910360142 c0  ← 1641975910360142.mp4  → https://pub-893b4a6a607b4221a894bf861da7914e.r2.dev/1641975910360142.mp4  [DRY-RUN]
would-upload     2030240231207465 c0  ← 2030240231207465.mp4  → https://pub-893b4a6a607b4221a894bf861da7914e.r2.dev/2030240231207465.mp4  [DRY-RUN]
would-upload     952737910984432 c0  ← 952737910984432.mp4  → https://pub-893b4a6a607b4221a894bf861da7914e.r2.dev/952737910984432.mp4  [DRY-RUN]
would-upload     3443849799125735 c0  ← 3443849799125735.mp4  → https://pub-893b4a6a607b4221a894bf861da7914e.r2.dev/3443849799125735.mp4  [DRY-RUN]
would-upload     847846551131630 c0  ← 847846551131630.mp4  → https://pub-893b4a6a607b4221a894bf861da7914e.r2.dev/847846551131630.mp4  [DRY-RUN]
would-upload     1607956950303032 c0  ← 1607956950303032.mp4  → https://pub-893b4a6a607b4221a894bf861da7914e.r2.dev/1607956950303032.mp4  [DRY-RUN]
would-upload     937743845921852 c0  ← 937743845921852.mp4  → https://pub-893b4a6a607b4221a894bf861da7914e.r2.dev/937743845921852.mp4  [DRY-RUN]
would-upload     2170637817088886 c0  ← 2170637817088886.mp4  → https://pub-893b4a6a607b4221a894bf861da7914e.r2.dev/2170637817088886.mp4  [DRY-RUN]
would-upload     1483250163405257 c0  ← 1483250163405257.mp4  → https://pub-893b4a6a607b4221a894bf861da7914e.r2.dev/1483250163405257.mp4  [DRY-RUN]
would-upload     1531687464577242 c0  ← 1531687464577242.mp4  → https://pub-893b4a6a607b4221a894bf861da7914e.r2.dev/1531687464577242.mp4  [DRY-RUN]
would-upload     1598934404482182 c0  ← 1598934404482182.mp4  → https://pub-893b4a6a607b4221a894bf861da7914e.r2.dev/1598934404482182.mp4  [DRY-RUN]
video-missing    1573817090586316 c0  (expected file not found in videos/speakx-2026-05-26)
video-missing    1573817090586316 c1  (expected file not found in videos/speakx-2026-05-26)
would-upload     931936369278461 c0  ← 931936369278461.mp4  → https://pub-893b4a6a607b4221a894bf861da7914e.r2.dev/931936369278461.mp4  [DRY-RUN]
would-upload     1030503980140114 c0  ← 1030503980140114.mp4  → https://pub-893b4a6a607b4221a894bf861da7914e.r2.dev/1030503980140114.mp4  [DRY-RUN]
would-upload     884905214442278 c0  ← 884905214442278.mp4  → https://pub-893b4a6a607b4221a894bf861da7914e.r2.dev/884905214442278.mp4  [DRY-RUN]
would-upload     880800171143322 c0  ← 880800171143322.mp4  → https://pub-893b4a6a607b4221a894bf861da7914e.r2.dev/880800171143322.mp4  [DRY-RUN]
would-upload     1511111056828106 c0  ← 1511111056828106.mp4  → https://pub-893b4a6a607b4221a894bf861da7914e.r2.dev/1511111056828106.mp4  [DRY-RUN]
would-upload     1606416436942554 c0  ← 1606416436942554.mp4  → https://pub-893b4a6a607b4221a894bf861da7914e.r2.dev/1606416436942554.mp4  [DRY-RUN]
would-upload     954809496875720 c0  ← 954809496875720.mp4  → https://pub-893b4a6a607b4221a894bf861da7914e.r2.dev/954809496875720.mp4  [DRY-RUN]
would-upload     4438025873093504 c0  ← 4438025873093504.mp4  → https://pub-893b4a6a607b4221a894bf861da7914e.r2.dev/4438025873093504.mp4  [DRY-RUN]
would-upload     1384125720047598 c0  ← 1384125720047598.mp4  → https://pub-893b4a6a607b4221a894bf861da7914e.r2.dev/1384125720047598.mp4  [DRY-RUN]
would-upload     1569837701108499 c0  ← 1569837701108499.mp4  → https://pub-893b4a6a607b4221a894bf861da7914e.r2.dev/1569837701108499.mp4  [DRY-RUN]
would-upload     25689263567435851 c0  ← 25689263567435851.mp4  → https://pub-893b4a6a607b4221a894bf861da7914e.r2.dev/25689263567435851.mp4  [DRY-RUN]
would-upload     1598944374618214 c0  ← 1598944374618214.mp4  → https://pub-893b4a6a607b4221a894bf861da7914e.r2.dev/1598944374618214.mp4  [DRY-RUN]
would-upload     1857730538277430 c0  ← 1857730538277430.mp4  → https://pub-893b4a6a607b4221a894bf861da7914e.r2.dev/1857730538277430.mp4  [DRY-RUN]
would-upload     937087548666909 c0  ← 937087548666909.mp4  → https://pub-893b4a6a607b4221a894bf861da7914e.r2.dev/937087548666909.mp4  [DRY-RUN]
would-upload     767982765971645 c0  ← 767982765971645.mp4  → https://pub-893b4a6a607b4221a894bf861da7914e.r2.dev/767982765971645.mp4  [DRY-RUN]
would-upload     1242925180598225 c0  ← 1242925180598225.mp4  → https://pub-893b4a6a607b4221a894bf861da7914e.r2.dev/1242925180598225.mp4  [DRY-RUN]
would-upload     903649205408344 c0  ← 903649205408344.mp4  → https://pub-893b4a6a607b4221a894bf861da7914e.r2.dev/903649205408344.mp4  [DRY-RUN]
would-upload     858959107181092 c0  ← 858959107181092.mp4  → https://pub-893b4a6a607b4221a894bf861da7914e.r2.dev/858959107181092.mp4  [DRY-RUN]
would-upload     1615741946275334 c0  ← 1615741946275334.mp4  → https://pub-893b4a6a607b4221a894bf861da7914e.r2.dev/1615741946275334.mp4  [DRY-RUN]
would-upload     965434199345665 c0  ← 965434199345665.mp4  → https://pub-893b4a6a607b4221a894bf861da7914e.r2.dev/965434199345665.mp4  [DRY-RUN]
would-upload     4487212464857580 c0  ← 4487212464857580.mp4  → https://pub-893b4a6a607b4221a894bf861da7914e.r2.dev/4487212464857580.mp4  [DRY-RUN]
would-upload     1420564419556783 c0  ← 1420564419556783.mp4  → https://pub-893b4a6a607b4221a894bf861da7914e.r2.dev/1420564419556783.mp4  [DRY-RUN]
would-upload     2337690173390963 c0  ← 2337690173390963.mp4  → https://pub-893b4a6a607b4221a894bf861da7914e.r2.dev/2337690173390963.mp4  [DRY-RUN]
would-upload     1447298590404255 c0  ← 1447298590404255.mp4  → https://pub-893b4a6a607b4221a894bf861da7914e.r2.dev/1447298590404255.mp4  [DRY-RUN]
would-upload     2163947724344247 c0  ← 2163947724344247.mp4  → https://pub-893b4a6a607b4221a894bf861da7914e.r2.dev/2163947724344247.mp4  [DRY-RUN]
would-upload     2105293576950861 c0  ← 2105293576950861.mp4  → https://pub-893b4a6a607b4221a894bf861da7914e.r2.dev/2105293576950861.mp4  [DRY-RUN]
would-upload     1624410095245730 c0  ← 1624410095245730.mp4  → https://pub-893b4a6a607b4221a894bf861da7914e.r2.dev/1624410095245730.mp4  [DRY-RUN]
would-upload     960506216864353 c0  ← 960506216864353.mp4  → https://pub-893b4a6a607b4221a894bf861da7914e.r2.dev/960506216864353.mp4  [DRY-RUN]
would-upload     1696524301725159 c0  ← 1696524301725159.mp4  → https://pub-893b4a6a607b4221a894bf861da7914e.r2.dev/1696524301725159.mp4  [DRY-RUN]
would-upload     1224354406554260 c0  ← 1224354406554260.mp4  → https://pub-893b4a6a607b4221a894bf861da7914e.r2.dev/1224354406554260.mp4  [DRY-RUN]
would-upload     3003093209899598 c0  ← 3003093209899598.mp4  → https://pub-893b4a6a607b4221a894bf861da7914e.r2.dev/3003093209899598.mp4  [DRY-RUN]
would-upload     1327836129169546 c0  ← 1327836129169546.mp4  → https://pub-893b4a6a607b4221a894bf861da7914e.r2.dev/1327836129169546.mp4  [DRY-RUN]
would-upload     2216320602522093 c0  ← 2216320602522093.mp4  → https://pub-893b4a6a607b4221a894bf861da7914e.r2.dev/2216320602522093.mp4  [DRY-RUN]
would-upload     3034428376940626 c0  ← 3034428376940626.mp4  → https://pub-893b4a6a607b4221a894bf861da7914e.r2.dev/3034428376940626.mp4  [DRY-RUN]
would-upload     1722146582095771 c0  ← 1722146582095771.mp4  → https://pub-893b4a6a607b4221a894bf861da7914e.r2.dev/1722146582095771.mp4  [DRY-RUN]
would-upload     918714334465060 c0  ← 918714334465060.mp4  → https://pub-893b4a6a607b4221a894bf861da7914e.r2.dev/918714334465060.mp4  [DRY-RUN]
would-upload     4214340422164193 c0  ← 4214340422164193.mp4  → https://pub-893b4a6a607b4221a894bf861da7914e.r2.dev/4214340422164193.mp4  [DRY-RUN]
would-upload     1824295468237331 c0  ← 1824295468237331.mp4  → https://pub-893b4a6a607b4221a894bf861da7914e.r2.dev/1824295468237331.mp4  [DRY-RUN]
would-upload     1627007201772082 c0  ← 1627007201772082.mp4  → https://pub-893b4a6a607b4221a894bf861da7914e.r2.dev/1627007201772082.mp4  [DRY-RUN]
would-upload     4025885004370334 c0  ← 4025885004370334.mp4  → https://pub-893b4a6a607b4221a894bf861da7914e.r2.dev/4025885004370334.mp4  [DRY-RUN]
would-upload     1201463028826137 c0  ← 1201463028826137.mp4  → https://pub-893b4a6a607b4221a894bf861da7914e.r2.dev/1201463028826137.mp4  [DRY-RUN]
would-upload     839466612486237 c0  ← 839466612486237.mp4  → https://pub-893b4a6a607b4221a894bf861da7914e.r2.dev/839466612486237.mp4  [DRY-RUN]
would-upload     1566297197911206 c0  ← 1566297197911206.mp4  → https://pub-893b4a6a607b4221a894bf861da7914e.r2.dev/1566297197911206.mp4  [DRY-RUN]
would-upload     3357549721086679 c0  ← 3357549721086679.mp4  → https://pub-893b4a6a607b4221a894bf861da7914e.r2.dev/3357549721086679.mp4  [DRY-RUN]
would-upload     1953642172029834 c0  ← 1953642172029834.mp4  → https://pub-893b4a6a607b4221a894bf861da7914e.r2.dev/1953642172029834.mp4  [DRY-RUN]
would-upload     931857945993685 c0  ← 931857945993685.mp4  → https://pub-893b4a6a607b4221a894bf861da7914e.r2.dev/931857945993685.mp4  [DRY-RUN]
would-upload     1846567089393685 c0  ← 1846567089393685.mp4  → https://pub-893b4a6a607b4221a894bf861da7914e.r2.dev/1846567089393685.mp4  [DRY-RUN]
would-upload     1166838812014048 c0  ← 1166838812014048.mp4  → https://pub-893b4a6a607b4221a894bf861da7914e.r2.dev/1166838812014048.mp4  [DRY-RUN]
would-upload     1366359718626426 c0  ← 1366359718626426.mp4  → https://pub-893b4a6a607b4221a894bf861da7914e.r2.dev/1366359718626426.mp4  [DRY-RUN]
would-upload     2393357557844949 c0  ← 2393357557844949.mp4  → https://pub-893b4a6a607b4221a894bf861da7914e.r2.dev/2393357557844949.mp4  [DRY-RUN]
would-upload     891251400369366 c0  ← 891251400369366.mp4  → https://pub-893b4a6a607b4221a894bf861da7914e.r2.dev/891251400369366.mp4  [DRY-RUN]
would-upload     1871665510183650 c0  ← 1871665510183650.mp4  → https://pub-893b4a6a607b4221a894bf861da7914e.r2.dev/1871665510183650.mp4  [DRY-RUN]
