# Step 3 run log
# competitor : speak
# started_at : 2026-05-29T07:54:41
# input      : inputs/fb-ads-speak-image-recovery-2026-05-29-0751.csv
# videos     : videos/speak-2026-05-28
# master     : master/speak.csv  (updated)
# enriched   : inputs/fb-ads-speak-image-recovery-2026-05-29-0751_enriched.csv
# bucket     : video-ads
# public_base: https://pub-893b4a6a607b4221a894bf861da7914e.r2.dev
# dry_run    : False
#
# counts     : {'uploaded': 34, 'carried-forward': 252, 'image-pending': 28, 'video-missing': 0, 'no-creative': 0, 'error': 0}
#
carried-forward  27198260846527222 c0  → https://pub-893b4a6a607b4221a894bf861da7914e.r2.dev/27198260846527222.jpg
carried-forward  731083580063013 c0  → https://pub-893b4a6a607b4221a894bf861da7914e.r2.dev/731083580063013.jpg
carried-forward  1014965510961636 c0  → https://pub-893b4a6a607b4221a894bf861da7914e.r2.dev/1014965510961636.jpg
carried-forward  2473979766370375 c0  → https://pub-893b4a6a607b4221a894bf861da7914e.r2.dev/2473979766370375.jpg
carried-forward  1701531751026756 c0  → https://pub-893b4a6a607b4221a894bf861da7914e.r2.dev/1701531751026756.jpg
carried-forward  1458988538822614 c0  → https://pub-893b4a6a607b4221a894bf861da7914e.r2.dev/1458988538822614.jpg
carried-forward  1431358325413228 c0  → https://pub-893b4a6a607b4221a894bf861da7914e.r2.dev/1431358325413228.jpg
carried-forward  1699549754571814 c0  → https://pub-893b4a6a607b4221a894bf861da7914e.r2.dev/1699549754571814.jpg
carried-forward  963114753265377 c0  → https://pub-893b4a6a607b4221a894bf861da7914e.r2.dev/963114753265377.jpg
carried-forward  3639471726218225 c0  → https://pub-893b4a6a607b4221a894bf861da7914e.r2.dev/3639471726218225.jpg
carried-forward  1237623024926992 c0  → https://pub-893b4a6a607b4221a894bf861da7914e.r2.dev/1237623024926992.jpg
carried-forward  26844934468466719 c0  → https://pub-893b4a6a607b4221a894bf861da7914e.r2.dev/26844934468466719.jpg
image-pending    1523144502676799 c0  (HANDOVER §8.5 — image handling not yet built)
carried-forward  926050050454542 c0  → https://pub-893b4a6a607b4221a894bf861da7914e.r2.dev/926050050454542.jpg
carried-forward  3426091624211762 c0  → https://pub-893b4a6a607b4221a894bf861da7914e.r2.dev/3426091624211762.jpg
carried-forward  1651238326152859 c0  → https://pub-893b4a6a607b4221a894bf861da7914e.r2.dev/1651238326152859.jpg
carried-forward  1348645673773158 c0  → https://pub-893b4a6a607b4221a894bf861da7914e.r2.dev/1348645673773158.jpg
carried-forward  1631344354644181 c0  → https://pub-893b4a6a607b4221a894bf861da7914e.r2.dev/1631344354644181.jpg
carried-forward  813112935206331 c0  → https://pub-893b4a6a607b4221a894bf861da7914e.r2.dev/813112935206331.jpg
image-pending    969631819183911 c0  (HANDOVER §8.5 — image handling not yet built)
carried-forward  27007737625513293 c0  → https://pub-893b4a6a607b4221a894bf861da7914e.r2.dev/27007737625513293.jpg
carried-forward  965070629748830 c0  → https://pub-893b4a6a607b4221a894bf861da7914e.r2.dev/965070629748830.jpg
carried-forward  2059028512164597 c0  → https://pub-893b4a6a607b4221a894bf861da7914e.r2.dev/2059028512164597.jpg
carried-forward  1413369150102613 c0  → https://pub-893b4a6a607b4221a894bf861da7914e.r2.dev/1413369150102613.jpg
carried-forward  1286078293146147 c0  → https://pub-893b4a6a607b4221a894bf861da7914e.r2.dev/1286078293146147.jpg
carried-forward  1657190205561543 c0  → https://pub-893b4a6a607b4221a894bf861da7914e.r2.dev/1657190205561543.jpg
carried-forward  1857250851632659 c0  → https://pub-893b4a6a607b4221a894bf861da7914e.r2.dev/1857250851632659.jpg
image-pending    2823444601337495 c0  (HANDOVER §8.5 — image handling not yet built)
carried-forward  1337075441626226 c0  → https://pub-893b4a6a607b4221a894bf861da7914e.r2.dev/1337075441626226.jpg
carried-forward  24896239910073608 c0  → https://pub-893b4a6a607b4221a894bf861da7914e.r2.dev/24896239910073608.jpg
carried-forward  1715817009412475 c0  → https://pub-893b4a6a607b4221a894bf861da7914e.r2.dev/1715817009412475.jpg
image-pending    1759999045317511 c0  (HANDOVER §8.5 — image handling not yet built)
carried-forward  954332070740654 c0  → https://pub-893b4a6a607b4221a894bf861da7914e.r2.dev/954332070740654.jpg
carried-forward  965608739652462 c0  → https://pub-893b4a6a607b4221a894bf861da7914e.r2.dev/965608739652462.jpg
carried-forward  936410945889239 c0  → https://pub-893b4a6a607b4221a894bf861da7914e.r2.dev/936410945889239.jpg
carried-forward  858464849948887 c0  → https://pub-893b4a6a607b4221a894bf861da7914e.r2.dev/858464849948887.jpg
carried-forward  1172656642590234 c0  → https://pub-893b4a6a607b4221a894bf861da7914e.r2.dev/1172656642590234.jpg
carried-forward  2128995570996017 c0  → https://pub-893b4a6a607b4221a894bf861da7914e.r2.dev/2128995570996017.jpg
carried-forward  1482466190280727 c0  → https://pub-893b4a6a607b4221a894bf861da7914e.r2.dev/1482466190280727.jpg
carried-forward  1465638521606571 c0  → https://pub-893b4a6a607b4221a894bf861da7914e.r2.dev/1465638521606571.jpg
carried-forward  988288340843948 c0  → https://pub-893b4a6a607b4221a894bf861da7914e.r2.dev/988288340843948.jpg
carried-forward  25409986105366420 c0  → https://pub-893b4a6a607b4221a894bf861da7914e.r2.dev/25409986105366420.jpg
carried-forward  1642222820336005 c0  → https://pub-893b4a6a607b4221a894bf861da7914e.r2.dev/1642222820336005.jpg
image-pending    1886610845355906 c0  (HANDOVER §8.5 — image handling not yet built)
carried-forward  1317452730449790 c0  → https://pub-893b4a6a607b4221a894bf861da7914e.r2.dev/1317452730449790.jpg
carried-forward  2846515679049452 c0  → https://pub-893b4a6a607b4221a894bf861da7914e.r2.dev/2846515679049452.jpg
carried-forward  1506378631042028 c0  → https://pub-893b4a6a607b4221a894bf861da7914e.r2.dev/1506378631042028.jpg
carried-forward  4367602336785958 c0  → https://pub-893b4a6a607b4221a894bf861da7914e.r2.dev/4367602336785958.jpg
carried-forward  1499783705182426 c0  → https://pub-893b4a6a607b4221a894bf861da7914e.r2.dev/1499783705182426.jpg
image-pending    1518059543244673 c0  (HANDOVER §8.5 — image handling not yet built)
carried-forward  996511729496681 c0  → https://pub-893b4a6a607b4221a894bf861da7914e.r2.dev/996511729496681.jpg
carried-forward  1388506709834515 c0  → https://pub-893b4a6a607b4221a894bf861da7914e.r2.dev/1388506709834515.jpg
image-pending    1332452412150402 c0  (HANDOVER §8.5 — image handling not yet built)
carried-forward  1764537024954067 c0  → https://pub-893b4a6a607b4221a894bf861da7914e.r2.dev/1764537024954067.jpg
carried-forward  1958559284774235 c0  → https://pub-893b4a6a607b4221a894bf861da7914e.r2.dev/1958559284774235.jpg
carried-forward  1731722644475414 c0  → https://pub-893b4a6a607b4221a894bf861da7914e.r2.dev/1731722644475414.jpg
carried-forward  2420161978458104 c0  → https://pub-893b4a6a607b4221a894bf861da7914e.r2.dev/2420161978458104.jpg
carried-forward  997494673014336 c0  → https://pub-893b4a6a607b4221a894bf861da7914e.r2.dev/997494673014336.jpg
carried-forward  994018219730050 c0  → https://pub-893b4a6a607b4221a894bf861da7914e.r2.dev/994018219730050.jpg
carried-forward  1527723392094796 c0  → https://pub-893b4a6a607b4221a894bf861da7914e.r2.dev/1527723392094796.jpg
carried-forward  1006537718704741 c0  → https://pub-893b4a6a607b4221a894bf861da7914e.r2.dev/1006537718704741.jpg
carried-forward  2354499795026589 c0  → https://pub-893b4a6a607b4221a894bf861da7914e.r2.dev/2354499795026589.jpg
carried-forward  1333835875480662 c0  → https://pub-893b4a6a607b4221a894bf861da7914e.r2.dev/1333835875480662.jpg
image-pending    975633765098252 c0  (HANDOVER §8.5 — image handling not yet built)
carried-forward  26730537789950353 c0  → https://pub-893b4a6a607b4221a894bf861da7914e.r2.dev/26730537789950353.jpg
carried-forward  3367102446784542 c0  → https://pub-893b4a6a607b4221a894bf861da7914e.r2.dev/3367102446784542.jpg
carried-forward  1464244891636156 c0  → https://pub-893b4a6a607b4221a894bf861da7914e.r2.dev/1464244891636156.jpg
carried-forward  2733458067054681 c0  → https://pub-893b4a6a607b4221a894bf861da7914e.r2.dev/2733458067054681.jpg
carried-forward  1916909412341882 c0  → https://pub-893b4a6a607b4221a894bf861da7914e.r2.dev/1916909412341882.jpg
carried-forward  1588063578924723 c0  → https://pub-893b4a6a607b4221a894bf861da7914e.r2.dev/1588063578924723.jpg
carried-forward  973407848433658 c0  → https://pub-893b4a6a607b4221a894bf861da7914e.r2.dev/973407848433658.jpg
carried-forward  2467870936970993 c0  → https://pub-893b4a6a607b4221a894bf861da7914e.r2.dev/2467870936970993.jpg
carried-forward  854737320366586 c0  → https://pub-893b4a6a607b4221a894bf861da7914e.r2.dev/854737320366586.jpg
carried-forward  1027198693070238 c0  → https://pub-893b4a6a607b4221a894bf861da7914e.r2.dev/1027198693070238.jpg
carried-forward  2094909941067582 c0  → https://pub-893b4a6a607b4221a894bf861da7914e.r2.dev/2094909941067582.jpg
carried-forward  978169361375147 c0  → https://pub-893b4a6a607b4221a894bf861da7914e.r2.dev/978169361375147.jpg
carried-forward  4503549829927619 c0  → https://pub-893b4a6a607b4221a894bf861da7914e.r2.dev/4503549829927619.jpg
carried-forward  1403101445202826 c0  → https://pub-893b4a6a607b4221a894bf861da7914e.r2.dev/1403101445202826.jpg
carried-forward  1714756419875830 c0  → https://pub-893b4a6a607b4221a894bf861da7914e.r2.dev/1714756419875830.jpg
carried-forward  989276833481532 c0  → https://pub-893b4a6a607b4221a894bf861da7914e.r2.dev/989276833481532.jpg
carried-forward  953628137297365 c0  → https://pub-893b4a6a607b4221a894bf861da7914e.r2.dev/953628137297365.jpg
carried-forward  1500712998112835 c0  → https://pub-893b4a6a607b4221a894bf861da7914e.r2.dev/1500712998112835.jpg
carried-forward  1530755911867358 c0  → https://pub-893b4a6a607b4221a894bf861da7914e.r2.dev/1530755911867358.jpg
carried-forward  1661775548503946 c0  → https://pub-893b4a6a607b4221a894bf861da7914e.r2.dev/1661775548503946.jpg
image-pending    1574745304661400 c0  (HANDOVER §8.5 — image handling not yet built)
carried-forward  821871773949633 c0  → https://pub-893b4a6a607b4221a894bf861da7914e.r2.dev/821871773949633.jpg
carried-forward  730865933421519 c0  → https://pub-893b4a6a607b4221a894bf861da7914e.r2.dev/730865933421519.jpg
carried-forward  1471099638036223 c0  → https://pub-893b4a6a607b4221a894bf861da7914e.r2.dev/1471099638036223.jpg
carried-forward  768391356059570 c0  → https://pub-893b4a6a607b4221a894bf861da7914e.r2.dev/768391356059570.jpg
carried-forward  1300002281572910 c0  → https://pub-893b4a6a607b4221a894bf861da7914e.r2.dev/1300002281572910.jpg
carried-forward  1286163746920302 c0  → https://pub-893b4a6a607b4221a894bf861da7914e.r2.dev/1286163746920302.jpg
carried-forward  1509390620572433 c0  → https://pub-893b4a6a607b4221a894bf861da7914e.r2.dev/1509390620572433.jpg
carried-forward  2683214662053134 c0  → https://pub-893b4a6a607b4221a894bf861da7914e.r2.dev/2683214662053134.jpg
carried-forward  1414232987411038 c0  → https://pub-893b4a6a607b4221a894bf861da7914e.r2.dev/1414232987411038.jpg
carried-forward  1952545798704123 c0  → https://pub-893b4a6a607b4221a894bf861da7914e.r2.dev/1952545798704123.jpg
carried-forward  26404642739215762 c0  → https://pub-893b4a6a607b4221a894bf861da7914e.r2.dev/26404642739215762.jpg
carried-forward  989237553565279 c0  → https://pub-893b4a6a607b4221a894bf861da7914e.r2.dev/989237553565279.jpg
carried-forward  1020626120318525 c0  → https://pub-893b4a6a607b4221a894bf861da7914e.r2.dev/1020626120318525.jpg
image-pending    1741594823932744 c0  (HANDOVER §8.5 — image handling not yet built)
carried-forward  887609414352581 c0  → https://pub-893b4a6a607b4221a894bf861da7914e.r2.dev/887609414352581.jpg
carried-forward  1957267591821732 c0  → https://pub-893b4a6a607b4221a894bf861da7914e.r2.dev/1957267591821732.jpg
carried-forward  2181066392745101 c0  → https://pub-893b4a6a607b4221a894bf861da7914e.r2.dev/2181066392745101.jpg
carried-forward  1872999996717512 c0  → https://pub-893b4a6a607b4221a894bf861da7914e.r2.dev/1872999996717512.jpg
carried-forward  1012368231444569 c0  → https://pub-893b4a6a607b4221a894bf861da7914e.r2.dev/1012368231444569.jpg
carried-forward  4470742829845104 c0  → https://pub-893b4a6a607b4221a894bf861da7914e.r2.dev/4470742829845104.jpg
carried-forward  2336720563479808 c0  → https://pub-893b4a6a607b4221a894bf861da7914e.r2.dev/2336720563479808.jpg
carried-forward  859169880572097 c0  → https://pub-893b4a6a607b4221a894bf861da7914e.r2.dev/859169880572097.jpg
carried-forward  3168461323541319 c0  → https://pub-893b4a6a607b4221a894bf861da7914e.r2.dev/3168461323541319.jpg
carried-forward  4381498082098693 c0  → https://pub-893b4a6a607b4221a894bf861da7914e.r2.dev/4381498082098693.jpg
image-pending    937126962525743 c0  (HANDOVER §8.5 — image handling not yet built)
carried-forward  1870864700272075 c0  → https://pub-893b4a6a607b4221a894bf861da7914e.r2.dev/1870864700272075.jpg
carried-forward  2188971835229617 c0  → https://pub-893b4a6a607b4221a894bf861da7914e.r2.dev/2188971835229617.jpg
carried-forward  966756389550787 c0  → https://pub-893b4a6a607b4221a894bf861da7914e.r2.dev/966756389550787.jpg
carried-forward  1436356841859719 c0  → https://pub-893b4a6a607b4221a894bf861da7914e.r2.dev/1436356841859719.jpg
carried-forward  955217750470875 c0  → https://pub-893b4a6a607b4221a894bf861da7914e.r2.dev/955217750470875.jpg
carried-forward  1371714995017332 c0  → https://pub-893b4a6a607b4221a894bf861da7914e.r2.dev/1371714995017332.jpg
carried-forward  1989114385016444 c0  → https://pub-893b4a6a607b4221a894bf861da7914e.r2.dev/1989114385016444.jpg
carried-forward  1180474305143580 c0  → https://pub-893b4a6a607b4221a894bf861da7914e.r2.dev/1180474305143580.jpg
carried-forward  1523275049329911 c0  → https://pub-893b4a6a607b4221a894bf861da7914e.r2.dev/1523275049329911.jpg
carried-forward  1007545868397308 c0  → https://pub-893b4a6a607b4221a894bf861da7914e.r2.dev/1007545868397308.jpg
carried-forward  2615303405532088 c0  → https://pub-893b4a6a607b4221a894bf861da7914e.r2.dev/2615303405532088.jpg
carried-forward  1722855165377936 c0  → https://pub-893b4a6a607b4221a894bf861da7914e.r2.dev/1722855165377936.jpg
carried-forward  1912404702812679 c0  → https://pub-893b4a6a607b4221a894bf861da7914e.r2.dev/1912404702812679.jpg
carried-forward  977785525105256 c0  → https://pub-893b4a6a607b4221a894bf861da7914e.r2.dev/977785525105256.jpg
carried-forward  996628142751306 c0  → https://pub-893b4a6a607b4221a894bf861da7914e.r2.dev/996628142751306.jpg
carried-forward  1018605950704770 c0  → https://pub-893b4a6a607b4221a894bf861da7914e.r2.dev/1018605950704770.jpg
carried-forward  1504075784460748 c0  → https://pub-893b4a6a607b4221a894bf861da7914e.r2.dev/1504075784460748.jpg
carried-forward  2123622455160578 c0  → https://pub-893b4a6a607b4221a894bf861da7914e.r2.dev/2123622455160578.jpg
carried-forward  1001070409307203 c0  → https://pub-893b4a6a607b4221a894bf861da7914e.r2.dev/1001070409307203.jpg
carried-forward  988646373523441 c0  → https://pub-893b4a6a607b4221a894bf861da7914e.r2.dev/988646373523441.jpg
image-pending    1290230149928068 c0  (HANDOVER §8.5 — image handling not yet built)
carried-forward  1330176722563058 c0  → https://pub-893b4a6a607b4221a894bf861da7914e.r2.dev/1330176722563058.jpg
carried-forward  1340993541306373 c0  → https://pub-893b4a6a607b4221a894bf861da7914e.r2.dev/1340993541306373.jpg
carried-forward  982799454502188 c0  → https://pub-893b4a6a607b4221a894bf861da7914e.r2.dev/982799454502188.jpg
carried-forward  1007616418488592 c0  → https://pub-893b4a6a607b4221a894bf861da7914e.r2.dev/1007616418488592.jpg
carried-forward  1548407809971404 c0  → https://pub-893b4a6a607b4221a894bf861da7914e.r2.dev/1548407809971404.jpg
carried-forward  2818308171853650 c0  → https://pub-893b4a6a607b4221a894bf861da7914e.r2.dev/2818308171853650.jpg
carried-forward  916016971040855 c0  → https://pub-893b4a6a607b4221a894bf861da7914e.r2.dev/916016971040855.jpg
carried-forward  1269205738745435 c0  → https://pub-893b4a6a607b4221a894bf861da7914e.r2.dev/1269205738745435.jpg
carried-forward  1617219542882302 c0  → https://pub-893b4a6a607b4221a894bf861da7914e.r2.dev/1617219542882302.jpg
carried-forward  3023855381141087 c0  → https://pub-893b4a6a607b4221a894bf861da7914e.r2.dev/3023855381141087.jpg
carried-forward  1438706687804965 c0  → https://pub-893b4a6a607b4221a894bf861da7914e.r2.dev/1438706687804965.jpg
image-pending    1746030886561775 c0  (HANDOVER §8.5 — image handling not yet built)
carried-forward  1850984988953139 c0  → https://pub-893b4a6a607b4221a894bf861da7914e.r2.dev/1850984988953139.jpg
carried-forward  946693224900503 c0  → https://pub-893b4a6a607b4221a894bf861da7914e.r2.dev/946693224900503.jpg
carried-forward  2114264902748435 c0  → https://pub-893b4a6a607b4221a894bf861da7914e.r2.dev/2114264902748435.jpg
carried-forward  1348625590667968 c0  → https://pub-893b4a6a607b4221a894bf861da7914e.r2.dev/1348625590667968.jpg
carried-forward  1690856705399774 c0  → https://pub-893b4a6a607b4221a894bf861da7914e.r2.dev/1690856705399774.jpg
carried-forward  996669666653329 c0  → https://pub-893b4a6a607b4221a894bf861da7914e.r2.dev/996669666653329.jpg
carried-forward  1311975701147652 c0  → https://pub-893b4a6a607b4221a894bf861da7914e.r2.dev/1311975701147652.jpg
carried-forward  26785921624433628 c0  → https://pub-893b4a6a607b4221a894bf861da7914e.r2.dev/26785921624433628.jpg
carried-forward  1711003010108867 c0  → https://pub-893b4a6a607b4221a894bf861da7914e.r2.dev/1711003010108867.jpg
carried-forward  3612649308891423 c0  → https://pub-893b4a6a607b4221a894bf861da7914e.r2.dev/3612649308891423.jpg
carried-forward  1695953811824540 c0  → https://pub-893b4a6a607b4221a894bf861da7914e.r2.dev/1695953811824540.jpg
carried-forward  1462562512019265 c0  → https://pub-893b4a6a607b4221a894bf861da7914e.r2.dev/1462562512019265.jpg
carried-forward  1699537454377677 c0  → https://pub-893b4a6a607b4221a894bf861da7914e.r2.dev/1699537454377677.jpg
carried-forward  1030631859636226 c0  → https://pub-893b4a6a607b4221a894bf861da7914e.r2.dev/1030631859636226.jpg
carried-forward  1843816546314835 c0  → https://pub-893b4a6a607b4221a894bf861da7914e.r2.dev/1843816546314835.jpg
image-pending    1721247792563319 c0  (HANDOVER §8.5 — image handling not yet built)
carried-forward  2026313331431297 c0  → https://pub-893b4a6a607b4221a894bf861da7914e.r2.dev/2026313331431297.jpg
carried-forward  1524665769371305 c0  → https://pub-893b4a6a607b4221a894bf861da7914e.r2.dev/1524665769371305.jpg
carried-forward  1512328707144605 c0  → https://pub-893b4a6a607b4221a894bf861da7914e.r2.dev/1512328707144605.jpg
carried-forward  910087955374902 c0  → https://pub-893b4a6a607b4221a894bf861da7914e.r2.dev/910087955374902.jpg
carried-forward  1523808239447144 c0  → https://pub-893b4a6a607b4221a894bf861da7914e.r2.dev/1523808239447144.jpg
carried-forward  921430744236406 c0  → https://pub-893b4a6a607b4221a894bf861da7914e.r2.dev/921430744236406.jpg
carried-forward  976167185159135 c0  → https://pub-893b4a6a607b4221a894bf861da7914e.r2.dev/976167185159135.jpg
image-pending    981725324452667 c0  (HANDOVER §8.5 — image handling not yet built)
carried-forward  984552850830572 c0  → https://pub-893b4a6a607b4221a894bf861da7914e.r2.dev/984552850830572.jpg
carried-forward  2193988224789038 c0  → https://pub-893b4a6a607b4221a894bf861da7914e.r2.dev/2193988224789038.jpg
carried-forward  1353668810192687 c0  → https://pub-893b4a6a607b4221a894bf861da7914e.r2.dev/1353668810192687.jpg
carried-forward  2169604913793894 c0  → https://pub-893b4a6a607b4221a894bf861da7914e.r2.dev/2169604913793894.jpg
carried-forward  3374184896083305 c0  → https://pub-893b4a6a607b4221a894bf861da7914e.r2.dev/3374184896083305.jpg
carried-forward  872954725822675 c0  → https://pub-893b4a6a607b4221a894bf861da7914e.r2.dev/872954725822675.jpg
carried-forward  2175556386513732 c0  → https://pub-893b4a6a607b4221a894bf861da7914e.r2.dev/2175556386513732.jpg
carried-forward  1527344584948238 c0  → https://pub-893b4a6a607b4221a894bf861da7914e.r2.dev/1527344584948238.jpg
carried-forward  1344101824260395 c0  → https://pub-893b4a6a607b4221a894bf861da7914e.r2.dev/1344101824260395.jpg
carried-forward  3151281405059697 c0  → https://pub-893b4a6a607b4221a894bf861da7914e.r2.dev/3151281405059697.jpg
carried-forward  1481297893680636 c0  → https://pub-893b4a6a607b4221a894bf861da7914e.r2.dev/1481297893680636.jpg
carried-forward  1363978889013443 c0  → https://pub-893b4a6a607b4221a894bf861da7914e.r2.dev/1363978889013443.jpg
carried-forward  3543442239141682 c0  → https://pub-893b4a6a607b4221a894bf861da7914e.r2.dev/3543442239141682.jpg
carried-forward  1666262044540720 c0  → https://pub-893b4a6a607b4221a894bf861da7914e.r2.dev/1666262044540720.jpg
image-pending    1876587829964047 c0  (HANDOVER §8.5 — image handling not yet built)
carried-forward  1898985020768632 c0  → https://pub-893b4a6a607b4221a894bf861da7914e.r2.dev/1898985020768632.jpg
carried-forward  832431889563903 c0  → https://pub-893b4a6a607b4221a894bf861da7914e.r2.dev/832431889563903.jpg
carried-forward  955139496914472 c0  → https://pub-893b4a6a607b4221a894bf861da7914e.r2.dev/955139496914472.jpg
carried-forward  1013822097858801 c0  → https://pub-893b4a6a607b4221a894bf861da7914e.r2.dev/1013822097858801.jpg
carried-forward  1992547984982834 c0  → https://pub-893b4a6a607b4221a894bf861da7914e.r2.dev/1992547984982834.jpg
carried-forward  3326471764197428 c0  → https://pub-893b4a6a607b4221a894bf861da7914e.r2.dev/3326471764197428.jpg
carried-forward  2159229341536299 c0  → https://pub-893b4a6a607b4221a894bf861da7914e.r2.dev/2159229341536299.jpg
carried-forward  846790037987374 c0  → https://pub-893b4a6a607b4221a894bf861da7914e.r2.dev/846790037987374.jpg
carried-forward  2332610873895228 c0  → https://pub-893b4a6a607b4221a894bf861da7914e.r2.dev/2332610873895228.jpg
carried-forward  4266155890365297 c0  → https://pub-893b4a6a607b4221a894bf861da7914e.r2.dev/4266155890365297.jpg
carried-forward  1267922611775757 c0  → https://pub-893b4a6a607b4221a894bf861da7914e.r2.dev/1267922611775757.jpg
carried-forward  984117120867336 c0  → https://pub-893b4a6a607b4221a894bf861da7914e.r2.dev/984117120867336.jpg
image-pending    1300840278392620 c0  (HANDOVER §8.5 — image handling not yet built)
carried-forward  979822011104793 c0  → https://pub-893b4a6a607b4221a894bf861da7914e.r2.dev/979822011104793.jpg
carried-forward  27470240192583320 c0  → https://pub-893b4a6a607b4221a894bf861da7914e.r2.dev/27470240192583320.jpg
carried-forward  1121913453442002 c0  → https://pub-893b4a6a607b4221a894bf861da7914e.r2.dev/1121913453442002.jpg
carried-forward  963376396406091 c0  → https://pub-893b4a6a607b4221a894bf861da7914e.r2.dev/963376396406091.jpg
carried-forward  965920736147953 c0  → https://pub-893b4a6a607b4221a894bf861da7914e.r2.dev/965920736147953.jpg
carried-forward  1514281163563941 c0  → https://pub-893b4a6a607b4221a894bf861da7914e.r2.dev/1514281163563941.jpg
carried-forward  2418102665357420 c0  → https://pub-893b4a6a607b4221a894bf861da7914e.r2.dev/2418102665357420.jpg
carried-forward  960583213441621 c0  → https://pub-893b4a6a607b4221a894bf861da7914e.r2.dev/960583213441621.jpg
carried-forward  1717675119674906 c0  → https://pub-893b4a6a607b4221a894bf861da7914e.r2.dev/1717675119674906.jpg
carried-forward  846964897931734 c0  → https://pub-893b4a6a607b4221a894bf861da7914e.r2.dev/846964897931734.jpg
carried-forward  1893837821295060 c0  → https://pub-893b4a6a607b4221a894bf861da7914e.r2.dev/1893837821295060.jpg
carried-forward  973701448693560 c0  → https://pub-893b4a6a607b4221a894bf861da7914e.r2.dev/973701448693560.jpg
carried-forward  1664114454830134 c0  → https://pub-893b4a6a607b4221a894bf861da7914e.r2.dev/1664114454830134.jpg
carried-forward  953965020868723 c0  → https://pub-893b4a6a607b4221a894bf861da7914e.r2.dev/953965020868723.jpg
carried-forward  1312278813663610 c0  → https://pub-893b4a6a607b4221a894bf861da7914e.r2.dev/1312278813663610.jpg
carried-forward  979015341152149 c0  → https://pub-893b4a6a607b4221a894bf861da7914e.r2.dev/979015341152149.jpg
carried-forward  1472454324111543 c0  → https://pub-893b4a6a607b4221a894bf861da7914e.r2.dev/1472454324111543.jpg
carried-forward  1302751741317619 c0  → https://pub-893b4a6a607b4221a894bf861da7914e.r2.dev/1302751741317619.jpg
carried-forward  1456329252465495 c0  → https://pub-893b4a6a607b4221a894bf861da7914e.r2.dev/1456329252465495.jpg
carried-forward  2828136437545129 c0  → https://pub-893b4a6a607b4221a894bf861da7914e.r2.dev/2828136437545129.jpg
carried-forward  1519693696488016 c0  → https://pub-893b4a6a607b4221a894bf861da7914e.r2.dev/1519693696488016.jpg
carried-forward  4514480732130503 c0  → https://pub-893b4a6a607b4221a894bf861da7914e.r2.dev/4514480732130503.jpg
carried-forward  1304987824406433 c0  → https://pub-893b4a6a607b4221a894bf861da7914e.r2.dev/1304987824406433.jpg
carried-forward  1526553852322388 c0  → https://pub-893b4a6a607b4221a894bf861da7914e.r2.dev/1526553852322388.jpg
image-pending    1312274917041690 c0  (HANDOVER §8.5 — image handling not yet built)
carried-forward  1621390285643499 c0  → https://pub-893b4a6a607b4221a894bf861da7914e.r2.dev/1621390285643499.jpg
carried-forward  1495604902366314 c0  → https://pub-893b4a6a607b4221a894bf861da7914e.r2.dev/1495604902366314.jpg
carried-forward  1507448694122989 c0  → https://pub-893b4a6a607b4221a894bf861da7914e.r2.dev/1507448694122989.jpg
carried-forward  1361445712556645 c0  → https://pub-893b4a6a607b4221a894bf861da7914e.r2.dev/1361445712556645.jpg
carried-forward  2081227575942607 c0  → https://pub-893b4a6a607b4221a894bf861da7914e.r2.dev/2081227575942607.jpg
carried-forward  1282686637401932 c0  → https://pub-893b4a6a607b4221a894bf861da7914e.r2.dev/1282686637401932.jpg
carried-forward  1488590209403784 c0  → https://pub-893b4a6a607b4221a894bf861da7914e.r2.dev/1488590209403784.jpg
carried-forward  1284609963788438 c0  → https://pub-893b4a6a607b4221a894bf861da7914e.r2.dev/1284609963788438.jpg
carried-forward  863765179401347 c0  → https://pub-893b4a6a607b4221a894bf861da7914e.r2.dev/863765179401347.jpg
carried-forward  2055668831647789 c0  → https://pub-893b4a6a607b4221a894bf861da7914e.r2.dev/2055668831647789.jpg
carried-forward  3886356061674126 c0  → https://pub-893b4a6a607b4221a894bf861da7914e.r2.dev/3886356061674126.jpg
image-pending    4299509246977073 c0  (HANDOVER §8.5 — image handling not yet built)
carried-forward  1886106895436373 c0  → https://pub-893b4a6a607b4221a894bf861da7914e.r2.dev/1886106895436373.jpg
image-pending    1326782649596775 c0  (HANDOVER §8.5 — image handling not yet built)
carried-forward  826943846763419 c0  → https://pub-893b4a6a607b4221a894bf861da7914e.r2.dev/826943846763419.jpg
carried-forward  27265130383173607 c0  → https://pub-893b4a6a607b4221a894bf861da7914e.r2.dev/27265130383173607.jpg
carried-forward  1308655804095641 c0  → https://pub-893b4a6a607b4221a894bf861da7914e.r2.dev/1308655804095641.jpg
carried-forward  27129663056718311 c0  → https://pub-893b4a6a607b4221a894bf861da7914e.r2.dev/27129663056718311.jpg
carried-forward  953636253971483 c0  → https://pub-893b4a6a607b4221a894bf861da7914e.r2.dev/953636253971483.jpg
carried-forward  2136728710228922 c0  → https://pub-893b4a6a607b4221a894bf861da7914e.r2.dev/2136728710228922.jpg
carried-forward  3815161481954918 c0  → https://pub-893b4a6a607b4221a894bf861da7914e.r2.dev/3815161481954918.jpg
image-pending    1725666668604616 c0  (HANDOVER §8.5 — image handling not yet built)
image-pending    1647866073089279 c0  (HANDOVER §8.5 — image handling not yet built)
carried-forward  3105698306279931 c0  → https://pub-893b4a6a607b4221a894bf861da7914e.r2.dev/3105698306279931.jpg
carried-forward  2434128750364003 c0  → https://pub-893b4a6a607b4221a894bf861da7914e.r2.dev/2434128750364003.jpg
carried-forward  1303078241937033 c0  → https://pub-893b4a6a607b4221a894bf861da7914e.r2.dev/1303078241937033.jpg
carried-forward  1533629578551616 c0  → https://pub-893b4a6a607b4221a894bf861da7914e.r2.dev/1533629578551616.jpg
carried-forward  1442719527625450 c0  → https://pub-893b4a6a607b4221a894bf861da7914e.r2.dev/1442719527625450.jpg
carried-forward  2577248076043281 c0  → https://pub-893b4a6a607b4221a894bf861da7914e.r2.dev/2577248076043281.jpg
carried-forward  1503410514790226 c0  → https://pub-893b4a6a607b4221a894bf861da7914e.r2.dev/1503410514790226.jpg
carried-forward  992187797005259 c0  → https://pub-893b4a6a607b4221a894bf861da7914e.r2.dev/992187797005259.jpg
carried-forward  2194496814657992 c0  → https://pub-893b4a6a607b4221a894bf861da7914e.r2.dev/2194496814657992.jpg
carried-forward  2026801312048895 c0  → https://pub-893b4a6a607b4221a894bf861da7914e.r2.dev/2026801312048895.jpg
carried-forward  908123565578196 c0  → https://pub-893b4a6a607b4221a894bf861da7914e.r2.dev/908123565578196.jpg
carried-forward  1327541139349183 c0  → https://pub-893b4a6a607b4221a894bf861da7914e.r2.dev/1327541139349183.jpg
carried-forward  27761956440073796 c0  → https://pub-893b4a6a607b4221a894bf861da7914e.r2.dev/27761956440073796.jpg
carried-forward  1032514779105979 c0  → https://pub-893b4a6a607b4221a894bf861da7914e.r2.dev/1032514779105979.jpg
carried-forward  2086161135275889 c0  → https://pub-893b4a6a607b4221a894bf861da7914e.r2.dev/2086161135275889.jpg
carried-forward  2171680736914806 c0  → https://pub-893b4a6a607b4221a894bf861da7914e.r2.dev/2171680736914806.jpg
carried-forward  1483416433527923 c0  → https://pub-893b4a6a607b4221a894bf861da7914e.r2.dev/1483416433527923.jpg
image-pending    2089620562431471 c0  (HANDOVER §8.5 — image handling not yet built)
carried-forward  974972858792269 c0  → https://pub-893b4a6a607b4221a894bf861da7914e.r2.dev/974972858792269.jpg
carried-forward  2443715852807438 c0  → https://pub-893b4a6a607b4221a894bf861da7914e.r2.dev/2443715852807438.jpg
carried-forward  2001354107150504 c0  → https://pub-893b4a6a607b4221a894bf861da7914e.r2.dev/2001354107150504.jpg
carried-forward  2497969573991206 c0  → https://pub-893b4a6a607b4221a894bf861da7914e.r2.dev/2497969573991206.jpg
carried-forward  1641262706986028 c0  → https://pub-893b4a6a607b4221a894bf861da7914e.r2.dev/1641262706986028.jpg
carried-forward  4425674537715586 c0  → https://pub-893b4a6a607b4221a894bf861da7914e.r2.dev/4425674537715586.jpg
image-pending    1394858472401913 c0  (HANDOVER §8.5 — image handling not yet built)
carried-forward  1024035350282433 c0  → https://pub-893b4a6a607b4221a894bf861da7914e.r2.dev/1024035350282433.jpg
carried-forward  1479161960622485 c0  → https://pub-893b4a6a607b4221a894bf861da7914e.r2.dev/1479161960622485.jpg
carried-forward  1006041085412689 c0  → https://pub-893b4a6a607b4221a894bf861da7914e.r2.dev/1006041085412689.jpg
carried-forward  997863812990606 c0  → https://pub-893b4a6a607b4221a894bf861da7914e.r2.dev/997863812990606.jpg
carried-forward  1514416657145258 c0  → https://pub-893b4a6a607b4221a894bf861da7914e.r2.dev/1514416657145258.jpg
carried-forward  1861447391656380 c0  → https://pub-893b4a6a607b4221a894bf861da7914e.r2.dev/1861447391656380.jpg
carried-forward  970895729139140 c0  → https://pub-893b4a6a607b4221a894bf861da7914e.r2.dev/970895729139140.jpg
image-pending    1685052896162937 c0  (HANDOVER §8.5 — image handling not yet built)
image-pending    1718707579263593 c0  (HANDOVER §8.5 — image handling not yet built)
carried-forward  2173314196760633 c0  → https://pub-893b4a6a607b4221a894bf861da7914e.r2.dev/2173314196760633.jpg
uploaded         1678833469905624 c0  (image) ← 1678833469905624.jpg  → https://pub-893b4a6a607b4221a894bf861da7914e.r2.dev/1678833469905624.jpg
uploaded         2186080955485447 c0  (image) ← 2186080955485447.jpg  → https://pub-893b4a6a607b4221a894bf861da7914e.r2.dev/2186080955485447.jpg
uploaded         962400713215437 c0  (image) ← 962400713215437.jpg  → https://pub-893b4a6a607b4221a894bf861da7914e.r2.dev/962400713215437.jpg
uploaded         4543418892548711 c0  (image) ← 4543418892548711.jpg  → https://pub-893b4a6a607b4221a894bf861da7914e.r2.dev/4543418892548711.jpg
uploaded         1007441335150579 c0  (image) ← 1007441335150579.jpg  → https://pub-893b4a6a607b4221a894bf861da7914e.r2.dev/1007441335150579.jpg
uploaded         1661600201555223 c0  (image) ← 1661600201555223.jpg  → https://pub-893b4a6a607b4221a894bf861da7914e.r2.dev/1661600201555223.jpg
uploaded         1007126291825574 c0  (image) ← 1007126291825574.jpg  → https://pub-893b4a6a607b4221a894bf861da7914e.r2.dev/1007126291825574.jpg
uploaded         1706775733652511 c0  (image) ← 1706775733652511.jpg  → https://pub-893b4a6a607b4221a894bf861da7914e.r2.dev/1706775733652511.jpg
uploaded         1535384431504647 c0  (image) ← 1535384431504647.jpg  → https://pub-893b4a6a607b4221a894bf861da7914e.r2.dev/1535384431504647.jpg
uploaded         2097807704098049 c0  (image) ← 2097807704098049.jpg  → https://pub-893b4a6a607b4221a894bf861da7914e.r2.dev/2097807704098049.jpg
uploaded         1297021825953893 c0  (image) ← 1297021825953893.jpg  → https://pub-893b4a6a607b4221a894bf861da7914e.r2.dev/1297021825953893.jpg
image-pending    1995586864498000 c0  (HANDOVER §8.5 — image handling not yet built)
uploaded         1321315943264656 c0  (image) ← 1321315943264656.jpg  → https://pub-893b4a6a607b4221a894bf861da7914e.r2.dev/1321315943264656.jpg
uploaded         911054865297212 c0  (image) ← 911054865297212.jpg  → https://pub-893b4a6a607b4221a894bf861da7914e.r2.dev/911054865297212.jpg
uploaded         1645474619841718 c0  (image) ← 1645474619841718.jpg  → https://pub-893b4a6a607b4221a894bf861da7914e.r2.dev/1645474619841718.jpg
uploaded         2027089348162571 c0  (image) ← 2027089348162571.jpg  → https://pub-893b4a6a607b4221a894bf861da7914e.r2.dev/2027089348162571.jpg
uploaded         1423200726237100 c0  (image) ← 1423200726237100.jpg  → https://pub-893b4a6a607b4221a894bf861da7914e.r2.dev/1423200726237100.jpg
uploaded         1460791208693332 c0  (image) ← 1460791208693332.jpg  → https://pub-893b4a6a607b4221a894bf861da7914e.r2.dev/1460791208693332.jpg
uploaded         1458897579308572 c0  (image) ← 1458897579308572.jpg  → https://pub-893b4a6a607b4221a894bf861da7914e.r2.dev/1458897579308572.jpg
uploaded         2018501609034659 c0  (image) ← 2018501609034659.jpg  → https://pub-893b4a6a607b4221a894bf861da7914e.r2.dev/2018501609034659.jpg
uploaded         1348038503841835 c0  (image) ← 1348038503841835.jpg  → https://pub-893b4a6a607b4221a894bf861da7914e.r2.dev/1348038503841835.jpg
uploaded         1667800054551439 c0  (image) ← 1667800054551439.jpg  → https://pub-893b4a6a607b4221a894bf861da7914e.r2.dev/1667800054551439.jpg
uploaded         792901740420411 c0  (image) ← 792901740420411.jpg  → https://pub-893b4a6a607b4221a894bf861da7914e.r2.dev/792901740420411.jpg
uploaded         1296417582035696 c0  (image) ← 1296417582035696.jpg  → https://pub-893b4a6a607b4221a894bf861da7914e.r2.dev/1296417582035696.jpg
uploaded         4399234863698958 c0  (image) ← 4399234863698958.jpg  → https://pub-893b4a6a607b4221a894bf861da7914e.r2.dev/4399234863698958.jpg
uploaded         2071807143431609 c0  (image) ← 2071807143431609.jpg  → https://pub-893b4a6a607b4221a894bf861da7914e.r2.dev/2071807143431609.jpg
uploaded         1509372957385073 c0  (image) ← 1509372957385073.jpg  → https://pub-893b4a6a607b4221a894bf861da7914e.r2.dev/1509372957385073.jpg
uploaded         2071246297108178 c0  (image) ← 2071246297108178.jpg  → https://pub-893b4a6a607b4221a894bf861da7914e.r2.dev/2071246297108178.jpg
uploaded         4381955542054400 c0  (image) ← 4381955542054400.jpg  → https://pub-893b4a6a607b4221a894bf861da7914e.r2.dev/4381955542054400.jpg
uploaded         1014411550935613 c0  (image) ← 1014411550935613.jpg  → https://pub-893b4a6a607b4221a894bf861da7914e.r2.dev/1014411550935613.jpg
uploaded         1642385400355485 c0  (image) ← 1642385400355485.jpg  → https://pub-893b4a6a607b4221a894bf861da7914e.r2.dev/1642385400355485.jpg
uploaded         1654422975776578 c0  (image) ← 1654422975776578.jpg  → https://pub-893b4a6a607b4221a894bf861da7914e.r2.dev/1654422975776578.jpg
image-pending    986287747324004 c0  (HANDOVER §8.5 — image handling not yet built)
uploaded         1352599756716513 c0  (image) ← 1352599756716513.jpg  → https://pub-893b4a6a607b4221a894bf861da7914e.r2.dev/1352599756716513.jpg
uploaded         1536101888090040 c0  (image) ← 1536101888090040.jpg  → https://pub-893b4a6a607b4221a894bf861da7914e.r2.dev/1536101888090040.jpg
uploaded         1753660896067787 c0  (image) ← 1753660896067787.jpg  → https://pub-893b4a6a607b4221a894bf861da7914e.r2.dev/1753660896067787.jpg
