# Step 3 run log
# competitor : speakx
# started_at : 2026-06-04T12:38:20
# input      : inputs/fb-ads-speakx-2026-06-04-1227.csv
# videos     : videos/speakx-2026-06-04
# master     : master/speakx.csv  (unchanged (dry-run))
# enriched   : inputs/fb-ads-speakx-2026-06-04-1227_enriched.csv
# bucket     : video-ads
# public_base: https://pub-893b4a6a607b4221a894bf861da7914e.r2.dev
# dry_run    : True
#
# counts     : {'uploaded': 134, 'carried-forward': 36, 'image-pending': 0, 'video-missing': 0, 'no-creative': 0, 'error': 0}
#
carried-forward  1913593379351763 c0  → https://pub-893b4a6a607b4221a894bf861da7914e.r2.dev/1913593379351763.mp4
carried-forward  2162968067812618 c0  → https://pub-893b4a6a607b4221a894bf861da7914e.r2.dev/2162968067812618.mp4
carried-forward  1333380855312442 c0  → https://pub-893b4a6a607b4221a894bf861da7914e.r2.dev/1333380855312442.mp4
carried-forward  2504659850014715 c0  → https://pub-893b4a6a607b4221a894bf861da7914e.r2.dev/2504659850014715.mp4
would-upload     4317358591866176 c0  (video) ← 4317358591866176.mp4  → https://pub-893b4a6a607b4221a894bf861da7914e.r2.dev/4317358591866176.mp4  [DRY-RUN]
carried-forward  1494320365675491 c0  → https://pub-893b4a6a607b4221a894bf861da7914e.r2.dev/1494320365675491.mp4
would-upload     1507220527751466 c0  (video) ← 1507220527751466.mp4  → https://pub-893b4a6a607b4221a894bf861da7914e.r2.dev/1507220527751466.mp4  [DRY-RUN]
would-upload     2443712506142477 c0  (video) ← 2443712506142477.mp4  → https://pub-893b4a6a607b4221a894bf861da7914e.r2.dev/2443712506142477.mp4  [DRY-RUN]
would-upload     27292861753737186 c0  (video) ← 27292861753737186.mp4  → https://pub-893b4a6a607b4221a894bf861da7914e.r2.dev/27292861753737186.mp4  [DRY-RUN]
carried-forward  1646829209907293 c0  → https://pub-893b4a6a607b4221a894bf861da7914e.r2.dev/1646829209907293.mp4
would-upload     884765954660063 c0  (video) ← 884765954660063.mp4  → https://pub-893b4a6a607b4221a894bf861da7914e.r2.dev/884765954660063.mp4  [DRY-RUN]
would-upload     1287946936434940 c0  (video) ← 1287946936434940.mp4  → https://pub-893b4a6a607b4221a894bf861da7914e.r2.dev/1287946936434940.mp4  [DRY-RUN]
would-upload     2284848355255499 c0  (video) ← 2284848355255499.mp4  → https://pub-893b4a6a607b4221a894bf861da7914e.r2.dev/2284848355255499.mp4  [DRY-RUN]
would-upload     1692395758675404 c0  (video) ← 1692395758675404.mp4  → https://pub-893b4a6a607b4221a894bf861da7914e.r2.dev/1692395758675404.mp4  [DRY-RUN]
would-upload     1945016303042855 c0  (video) ← 1945016303042855.mp4  → https://pub-893b4a6a607b4221a894bf861da7914e.r2.dev/1945016303042855.mp4  [DRY-RUN]
would-upload     1635365307514500 c0  (video) ← 1635365307514500.mp4  → https://pub-893b4a6a607b4221a894bf861da7914e.r2.dev/1635365307514500.mp4  [DRY-RUN]
would-upload     861317746449714 c0  (video) ← 861317746449714.mp4  → https://pub-893b4a6a607b4221a894bf861da7914e.r2.dev/861317746449714.mp4  [DRY-RUN]
carried-forward  861281100343417 c0  → https://pub-893b4a6a607b4221a894bf861da7914e.r2.dev/861281100343417.mp4
would-upload     1534214218051412 c0  (video) ← 1534214218051412.mp4  → https://pub-893b4a6a607b4221a894bf861da7914e.r2.dev/1534214218051412.mp4  [DRY-RUN]
carried-forward  1702346954551106 c0  → https://pub-893b4a6a607b4221a894bf861da7914e.r2.dev/1702346954551106.mp4
would-upload     1008889414931118 c0  (video) ← 1008889414931118.mp4  → https://pub-893b4a6a607b4221a894bf861da7914e.r2.dev/1008889414931118.mp4  [DRY-RUN]
carried-forward  1598629301201879 c0  → https://pub-893b4a6a607b4221a894bf861da7914e.r2.dev/1598629301201879.mp4
would-upload     1271227128122015 c0  (video) ← 1271227128122015.mp4  → https://pub-893b4a6a607b4221a894bf861da7914e.r2.dev/1271227128122015.mp4  [DRY-RUN]
carried-forward  1006329295201378 c0  → https://pub-893b4a6a607b4221a894bf861da7914e.r2.dev/1006329295201378.mp4
carried-forward  2295536704309986 c0  → https://pub-893b4a6a607b4221a894bf861da7914e.r2.dev/2295536704309986.mp4
carried-forward  2048236592746332 c0  → https://pub-893b4a6a607b4221a894bf861da7914e.r2.dev/2048236592746332.mp4
carried-forward  1348762350434051 c0  → https://pub-893b4a6a607b4221a894bf861da7914e.r2.dev/1348762350434051.mp4
would-upload     1650498256245529 c0  (video) ← 1650498256245529.mp4  → https://pub-893b4a6a607b4221a894bf861da7914e.r2.dev/1650498256245529.mp4  [DRY-RUN]
would-upload     1718754532619881 c0  (video) ← 1718754532619881.mp4  → https://pub-893b4a6a607b4221a894bf861da7914e.r2.dev/1718754532619881.mp4  [DRY-RUN]
would-upload     1318836490216975 c0  (video) ← 1318836490216975.mp4  → https://pub-893b4a6a607b4221a894bf861da7914e.r2.dev/1318836490216975.mp4  [DRY-RUN]
would-upload     975392855199734 c0  (video) ← 975392855199734.mp4  → https://pub-893b4a6a607b4221a894bf861da7914e.r2.dev/975392855199734.mp4  [DRY-RUN]
would-upload     26968972736117345 c0  (video) ← 26968972736117345.mp4  → https://pub-893b4a6a607b4221a894bf861da7914e.r2.dev/26968972736117345.mp4  [DRY-RUN]
would-upload     918355924593292 c0  (video) ← 918355924593292.mp4  → https://pub-893b4a6a607b4221a894bf861da7914e.r2.dev/918355924593292.mp4  [DRY-RUN]
would-upload     1306104707759795 c0  (video) ← 1306104707759795.mp4  → https://pub-893b4a6a607b4221a894bf861da7914e.r2.dev/1306104707759795.mp4  [DRY-RUN]
would-upload     4514909948796940 c0  (video) ← 4514909948796940.mp4  → https://pub-893b4a6a607b4221a894bf861da7914e.r2.dev/4514909948796940.mp4  [DRY-RUN]
would-upload     2887194411625477 c0  (video) ← 2887194411625477.mp4  → https://pub-893b4a6a607b4221a894bf861da7914e.r2.dev/2887194411625477.mp4  [DRY-RUN]
would-upload     1970602930490694 c0  (video) ← 1970602930490694.mp4  → https://pub-893b4a6a607b4221a894bf861da7914e.r2.dev/1970602930490694.mp4  [DRY-RUN]
would-upload     1459744116192629 c0  (video) ← 1459744116192629.mp4  → https://pub-893b4a6a607b4221a894bf861da7914e.r2.dev/1459744116192629.mp4  [DRY-RUN]
would-upload     1357098709656712 c0  (video) ← 1357098709656712.mp4  → https://pub-893b4a6a607b4221a894bf861da7914e.r2.dev/1357098709656712.mp4  [DRY-RUN]
would-upload     1553179199937865 c0  (video) ← 1553179199937865.mp4  → https://pub-893b4a6a607b4221a894bf861da7914e.r2.dev/1553179199937865.mp4  [DRY-RUN]
carried-forward  1534951244867864 c0  → https://pub-893b4a6a607b4221a894bf861da7914e.r2.dev/1534951244867864.mp4
would-upload     820194970971284 c0  (video) ← 820194970971284.mp4  → https://pub-893b4a6a607b4221a894bf861da7914e.r2.dev/820194970971284.mp4  [DRY-RUN]
would-upload     4304356203209733 c0  (video) ← 4304356203209733.mp4  → https://pub-893b4a6a607b4221a894bf861da7914e.r2.dev/4304356203209733.mp4  [DRY-RUN]
would-upload     1385625296768441 c0  (video) ← 1385625296768441.mp4  → https://pub-893b4a6a607b4221a894bf861da7914e.r2.dev/1385625296768441.mp4  [DRY-RUN]
would-upload     976542395354747 c0  (video) ← 976542395354747.mp4  → https://pub-893b4a6a607b4221a894bf861da7914e.r2.dev/976542395354747.mp4  [DRY-RUN]
would-upload     2205572380178415 c0  (video) ← 2205572380178415.mp4  → https://pub-893b4a6a607b4221a894bf861da7914e.r2.dev/2205572380178415.mp4  [DRY-RUN]
carried-forward  1751381559566795 c0  → https://pub-893b4a6a607b4221a894bf861da7914e.r2.dev/1751381559566795.mp4
would-upload     2073537180176297 c0  (video) ← 2073537180176297.mp4  → https://pub-893b4a6a607b4221a894bf861da7914e.r2.dev/2073537180176297.mp4  [DRY-RUN]
would-upload     2055225678395208 c0  (video) ← 2055225678395208.mp4  → https://pub-893b4a6a607b4221a894bf861da7914e.r2.dev/2055225678395208.mp4  [DRY-RUN]
carried-forward  1416378913857622 c0  → https://pub-893b4a6a607b4221a894bf861da7914e.r2.dev/1416378913857622.mp4
would-upload     929060776855189 c0  (video) ← 929060776855189.mp4  → https://pub-893b4a6a607b4221a894bf861da7914e.r2.dev/929060776855189.mp4  [DRY-RUN]
carried-forward  2053832001834030 c0  → https://pub-893b4a6a607b4221a894bf861da7914e.r2.dev/2053832001834030.mp4
would-upload     2205072176896653 c0  (video) ← 2205072176896653.mp4  → https://pub-893b4a6a607b4221a894bf861da7914e.r2.dev/2205072176896653.mp4  [DRY-RUN]
carried-forward  26440235635678026 c0  → https://pub-893b4a6a607b4221a894bf861da7914e.r2.dev/26440235635678026.mp4
would-upload     878652348591010 c0  (video) ← 878652348591010.mp4  → https://pub-893b4a6a607b4221a894bf861da7914e.r2.dev/878652348591010.mp4  [DRY-RUN]
carried-forward  969146279157123 c0  → https://pub-893b4a6a607b4221a894bf861da7914e.r2.dev/969146279157123.mp4
carried-forward  3028455167350044 c0  → https://pub-893b4a6a607b4221a894bf861da7914e.r2.dev/3028455167350044.mp4
would-upload     4322078088052764 c0  (video) ← 4322078088052764.mp4  → https://pub-893b4a6a607b4221a894bf861da7914e.r2.dev/4322078088052764.mp4  [DRY-RUN]
would-upload     1455497906349902 c0  (video) ← 1455497906349902.mp4  → https://pub-893b4a6a607b4221a894bf861da7914e.r2.dev/1455497906349902.mp4  [DRY-RUN]
would-upload     975868448384290 c0  (video) ← 975868448384290.mp4  → https://pub-893b4a6a607b4221a894bf861da7914e.r2.dev/975868448384290.mp4  [DRY-RUN]
would-upload     1316777246578170 c0  (video) ← 1316777246578170.mp4  → https://pub-893b4a6a607b4221a894bf861da7914e.r2.dev/1316777246578170.mp4  [DRY-RUN]
would-upload     1314381756861108 c0  (video) ← 1314381756861108.mp4  → https://pub-893b4a6a607b4221a894bf861da7914e.r2.dev/1314381756861108.mp4  [DRY-RUN]
would-upload     1317357846423381 c0  (video) ← 1317357846423381.mp4  → https://pub-893b4a6a607b4221a894bf861da7914e.r2.dev/1317357846423381.mp4  [DRY-RUN]
would-upload     4511383839140943 c0  (video) ← 4511383839140943.mp4  → https://pub-893b4a6a607b4221a894bf861da7914e.r2.dev/4511383839140943.mp4  [DRY-RUN]
would-upload     1662266588372476 c0  (video) ← 1662266588372476.mp4  → https://pub-893b4a6a607b4221a894bf861da7914e.r2.dev/1662266588372476.mp4  [DRY-RUN]
would-upload     1355959489761084 c0  (video) ← 1355959489761084.mp4  → https://pub-893b4a6a607b4221a894bf861da7914e.r2.dev/1355959489761084.mp4  [DRY-RUN]
would-upload     3907189146244683 c0  (video) ← 3907189146244683.mp4  → https://pub-893b4a6a607b4221a894bf861da7914e.r2.dev/3907189146244683.mp4  [DRY-RUN]
would-upload     4432264630363822 c0  (video) ← 4432264630363822.mp4  → https://pub-893b4a6a607b4221a894bf861da7914e.r2.dev/4432264630363822.mp4  [DRY-RUN]
would-upload     1631437637912562 c0  (video) ← 1631437637912562.mp4  → https://pub-893b4a6a607b4221a894bf861da7914e.r2.dev/1631437637912562.mp4  [DRY-RUN]
would-upload     1527222942372722 c0  (video) ← 1527222942372722.mp4  → https://pub-893b4a6a607b4221a894bf861da7914e.r2.dev/1527222942372722.mp4  [DRY-RUN]
would-upload     993366446988196 c0  (video) ← 993366446988196.mp4  → https://pub-893b4a6a607b4221a894bf861da7914e.r2.dev/993366446988196.mp4  [DRY-RUN]
would-upload     1528983802208134 c0  (video) ← 1528983802208134.mp4  → https://pub-893b4a6a607b4221a894bf861da7914e.r2.dev/1528983802208134.mp4  [DRY-RUN]
carried-forward  1026640269709018 c0  → https://pub-893b4a6a607b4221a894bf861da7914e.r2.dev/1026640269709018.mp4
would-upload     794762543589793 c0  (video) ← 794762543589793.mp4  → https://pub-893b4a6a607b4221a894bf861da7914e.r2.dev/794762543589793.mp4  [DRY-RUN]
would-upload     1566808484881295 c0  (video) ← 1566808484881295.mp4  → https://pub-893b4a6a607b4221a894bf861da7914e.r2.dev/1566808484881295.mp4  [DRY-RUN]
would-upload     2011866696882033 c0  (video) ← 2011866696882033.mp4  → https://pub-893b4a6a607b4221a894bf861da7914e.r2.dev/2011866696882033.mp4  [DRY-RUN]
would-upload     878992604485262 c0  (video) ← 878992604485262.mp4  → https://pub-893b4a6a607b4221a894bf861da7914e.r2.dev/878992604485262.mp4  [DRY-RUN]
would-upload     997704165962187 c0  (video) ← 997704165962187.mp4  → https://pub-893b4a6a607b4221a894bf861da7914e.r2.dev/997704165962187.mp4  [DRY-RUN]
would-upload     965991376247034 c0  (video) ← 965991376247034.mp4  → https://pub-893b4a6a607b4221a894bf861da7914e.r2.dev/965991376247034.mp4  [DRY-RUN]
would-upload     1015528570998771 c0  (video) ← 1015528570998771.mp4  → https://pub-893b4a6a607b4221a894bf861da7914e.r2.dev/1015528570998771.mp4  [DRY-RUN]
carried-forward  1561713398936768 c0  → https://pub-893b4a6a607b4221a894bf861da7914e.r2.dev/1561713398936768.mp4
carried-forward  1294983332740325 c0  → https://pub-893b4a6a607b4221a894bf861da7914e.r2.dev/1294983332740325.mp4
carried-forward  1025052986513701 c0  → https://pub-893b4a6a607b4221a894bf861da7914e.r2.dev/1025052986513701.mp4
would-upload     1519137703335884 c0  (video) ← 1519137703335884.mp4  → https://pub-893b4a6a607b4221a894bf861da7914e.r2.dev/1519137703335884.mp4  [DRY-RUN]
would-upload     1890571951655444 c0  (video) ← 1890571951655444.mp4  → https://pub-893b4a6a607b4221a894bf861da7914e.r2.dev/1890571951655444.mp4  [DRY-RUN]
would-upload     880180717685885 c0  (video) ← 880180717685885.mp4  → https://pub-893b4a6a607b4221a894bf861da7914e.r2.dev/880180717685885.mp4  [DRY-RUN]
carried-forward  1000338829196892 c0  → https://pub-893b4a6a607b4221a894bf861da7914e.r2.dev/1000338829196892.mp4
would-upload     1007530385081900 c0  (video) ← 1007530385081900.mp4  → https://pub-893b4a6a607b4221a894bf861da7914e.r2.dev/1007530385081900.mp4  [DRY-RUN]
would-upload     1724422962333351 c0  (video) ← 1724422962333351.mp4  → https://pub-893b4a6a607b4221a894bf861da7914e.r2.dev/1724422962333351.mp4  [DRY-RUN]
would-upload     1359996982637929 c0  (video) ← 1359996982637929.mp4  → https://pub-893b4a6a607b4221a894bf861da7914e.r2.dev/1359996982637929.mp4  [DRY-RUN]
would-upload     1043103124812012 c0  (video) ← 1043103124812012.mp4  → https://pub-893b4a6a607b4221a894bf861da7914e.r2.dev/1043103124812012.mp4  [DRY-RUN]
carried-forward  2030240231207465 c0  → https://pub-893b4a6a607b4221a894bf861da7914e.r2.dev/2030240231207465.mp4
carried-forward  951439150997123 c0  → https://pub-893b4a6a607b4221a894bf861da7914e.r2.dev/951439150997123.mp4
carried-forward  3443849799125735 c0  → https://pub-893b4a6a607b4221a894bf861da7914e.r2.dev/3443849799125735.mp4
would-upload     1027447753065197 c0  (video) ← 1027447753065197.mp4  → https://pub-893b4a6a607b4221a894bf861da7914e.r2.dev/1027447753065197.mp4  [DRY-RUN]
carried-forward  1342031744648586 c0  → https://pub-893b4a6a607b4221a894bf861da7914e.r2.dev/1342031744648586.mp4
would-upload     26844394018563524 c0  (video) ← 26844394018563524.mp4  → https://pub-893b4a6a607b4221a894bf861da7914e.r2.dev/26844394018563524.mp4  [DRY-RUN]
would-upload     1005340095418175 c0  (video) ← 1005340095418175.mp4  → https://pub-893b4a6a607b4221a894bf861da7914e.r2.dev/1005340095418175.mp4  [DRY-RUN]
would-upload     989290027036103 c0  (video) ← 989290027036103.mp4  → https://pub-893b4a6a607b4221a894bf861da7914e.r2.dev/989290027036103.mp4  [DRY-RUN]
carried-forward  847846551131630 c0  → https://pub-893b4a6a607b4221a894bf861da7914e.r2.dev/847846551131630.mp4
carried-forward  2217341015763503 c0  → https://pub-893b4a6a607b4221a894bf861da7914e.r2.dev/2217341015763503.mp4
would-upload     2215935059244884 c0  (video) ← 2215935059244884.mp4  → https://pub-893b4a6a607b4221a894bf861da7914e.r2.dev/2215935059244884.mp4  [DRY-RUN]
would-upload     37337901365796958 c0  (video) ← 37337901365796958.mp4  → https://pub-893b4a6a607b4221a894bf861da7914e.r2.dev/37337901365796958.mp4  [DRY-RUN]
would-upload     1019027777130898 c0  (video) ← 1019027777130898.mp4  → https://pub-893b4a6a607b4221a894bf861da7914e.r2.dev/1019027777130898.mp4  [DRY-RUN]
carried-forward  1671433074080008 c0  → https://pub-893b4a6a607b4221a894bf861da7914e.r2.dev/1671433074080008.mp4
would-upload     1361741085811598 c0  (video) ← 1361741085811598.mp4  → https://pub-893b4a6a607b4221a894bf861da7914e.r2.dev/1361741085811598.mp4  [DRY-RUN]
would-upload     2050501535881254 c0  (video) ← 2050501535881254.mp4  → https://pub-893b4a6a607b4221a894bf861da7914e.r2.dev/2050501535881254.mp4  [DRY-RUN]
would-upload     1712870236507784 c0  (video) ← 1712870236507784.mp4  → https://pub-893b4a6a607b4221a894bf861da7914e.r2.dev/1712870236507784.mp4  [DRY-RUN]
would-upload     1755985579113125 c0  (video) ← 1755985579113125.mp4  → https://pub-893b4a6a607b4221a894bf861da7914e.r2.dev/1755985579113125.mp4  [DRY-RUN]
would-upload     1665305344789047 c0  (video) ← 1665305344789047.mp4  → https://pub-893b4a6a607b4221a894bf861da7914e.r2.dev/1665305344789047.mp4  [DRY-RUN]
carried-forward  952737910984432 c0  → https://pub-893b4a6a607b4221a894bf861da7914e.r2.dev/952737910984432.mp4
would-upload     1537332977762360 c0  (video) ← 1537332977762360.mp4  → https://pub-893b4a6a607b4221a894bf861da7914e.r2.dev/1537332977762360.mp4  [DRY-RUN]
carried-forward  1641975910360142 c0  → https://pub-893b4a6a607b4221a894bf861da7914e.r2.dev/1641975910360142.mp4
would-upload     1541795334197554 c0  (video) ← 1541795334197554.mp4  → https://pub-893b4a6a607b4221a894bf861da7914e.r2.dev/1541795334197554.mp4  [DRY-RUN]
would-upload     3194390794101462 c0  (video) ← 3194390794101462.mp4  → https://pub-893b4a6a607b4221a894bf861da7914e.r2.dev/3194390794101462.mp4  [DRY-RUN]
would-upload     972418258831307 c0  (video) ← 972418258831307.mp4  → https://pub-893b4a6a607b4221a894bf861da7914e.r2.dev/972418258831307.mp4  [DRY-RUN]
would-upload     872479192551236 c0  (video) ← 872479192551236.mp4  → https://pub-893b4a6a607b4221a894bf861da7914e.r2.dev/872479192551236.mp4  [DRY-RUN]
carried-forward  1607956950303032 c0  → https://pub-893b4a6a607b4221a894bf861da7914e.r2.dev/1607956950303032.mp4
would-upload     1804477307581471 c0  (video) ← 1804477307581471.mp4  → https://pub-893b4a6a607b4221a894bf861da7914e.r2.dev/1804477307581471.mp4  [DRY-RUN]
would-upload     1350966316920951 c0  (video) ← 1350966316920951.mp4  → https://pub-893b4a6a607b4221a894bf861da7914e.r2.dev/1350966316920951.mp4  [DRY-RUN]
would-upload     983037457947633 c0  (video) ← 983037457947633.mp4  → https://pub-893b4a6a607b4221a894bf861da7914e.r2.dev/983037457947633.mp4  [DRY-RUN]
would-upload     2027539371487379 c0  (video) ← 2027539371487379.mp4  → https://pub-893b4a6a607b4221a894bf861da7914e.r2.dev/2027539371487379.mp4  [DRY-RUN]
would-upload     1664834988132991 c0  (video) ← 1664834988132991.mp4  → https://pub-893b4a6a607b4221a894bf861da7914e.r2.dev/1664834988132991.mp4  [DRY-RUN]
would-upload     2077159863678503 c0  (video) ← 2077159863678503.mp4  → https://pub-893b4a6a607b4221a894bf861da7914e.r2.dev/2077159863678503.mp4  [DRY-RUN]
would-upload     1883151975705319 c0  (video) ← 1883151975705319.mp4  → https://pub-893b4a6a607b4221a894bf861da7914e.r2.dev/1883151975705319.mp4  [DRY-RUN]
would-upload     1518844083190295 c0  (video) ← 1518844083190295.mp4  → https://pub-893b4a6a607b4221a894bf861da7914e.r2.dev/1518844083190295.mp4  [DRY-RUN]
carried-forward  937743845921852 c0  → https://pub-893b4a6a607b4221a894bf861da7914e.r2.dev/937743845921852.mp4
would-upload     1559092795653919 c0  (video) ← 1559092795653919.mp4  → https://pub-893b4a6a607b4221a894bf861da7914e.r2.dev/1559092795653919.mp4  [DRY-RUN]
would-upload     1283594347179158 c0  (video) ← 1283594347179158.mp4  → https://pub-893b4a6a607b4221a894bf861da7914e.r2.dev/1283594347179158.mp4  [DRY-RUN]
would-upload     1795514791415516 c0  (video) ← 1795514791415516.mp4  → https://pub-893b4a6a607b4221a894bf861da7914e.r2.dev/1795514791415516.mp4  [DRY-RUN]
would-upload     4495689713987746 c0  (video) ← 4495689713987746.mp4  → https://pub-893b4a6a607b4221a894bf861da7914e.r2.dev/4495689713987746.mp4  [DRY-RUN]
would-upload     1573736987697228 c0  (video) ← 1573736987697228.mp4  → https://pub-893b4a6a607b4221a894bf861da7914e.r2.dev/1573736987697228.mp4  [DRY-RUN]
would-upload     2087931068421187 c0  (video) ← 2087931068421187.mp4  → https://pub-893b4a6a607b4221a894bf861da7914e.r2.dev/2087931068421187.mp4  [DRY-RUN]
would-upload     1529888078840502 c0  (video) ← 1529888078840502.mp4  → https://pub-893b4a6a607b4221a894bf861da7914e.r2.dev/1529888078840502.mp4  [DRY-RUN]
would-upload     2445266529284122 c0  (video) ← 2445266529284122.mp4  → https://pub-893b4a6a607b4221a894bf861da7914e.r2.dev/2445266529284122.mp4  [DRY-RUN]
would-upload     3689448171208985 c0  (video) ← 3689448171208985.mp4  → https://pub-893b4a6a607b4221a894bf861da7914e.r2.dev/3689448171208985.mp4  [DRY-RUN]
would-upload     1002307968916209 c0  (video) ← 1002307968916209.mp4  → https://pub-893b4a6a607b4221a894bf861da7914e.r2.dev/1002307968916209.mp4  [DRY-RUN]
would-upload     2245758992828721 c0  (video) ← 2245758992828721.mp4  → https://pub-893b4a6a607b4221a894bf861da7914e.r2.dev/2245758992828721.mp4  [DRY-RUN]
would-upload     1385223413421257 c0  (video) ← 1385223413421257.mp4  → https://pub-893b4a6a607b4221a894bf861da7914e.r2.dev/1385223413421257.mp4  [DRY-RUN]
would-upload     873618651754187 c0  (video) ← 873618651754187.mp4  → https://pub-893b4a6a607b4221a894bf861da7914e.r2.dev/873618651754187.mp4  [DRY-RUN]
would-upload     1707722113596111 c0  (video) ← 1707722113596111.mp4  → https://pub-893b4a6a607b4221a894bf861da7914e.r2.dev/1707722113596111.mp4  [DRY-RUN]
would-upload     3987052924921931 c0  (video) ← 3987052924921931.mp4  → https://pub-893b4a6a607b4221a894bf861da7914e.r2.dev/3987052924921931.mp4  [DRY-RUN]
would-upload     1656371092252840 c0  (video) ← 1656371092252840.mp4  → https://pub-893b4a6a607b4221a894bf861da7914e.r2.dev/1656371092252840.mp4  [DRY-RUN]
would-upload     1030440172717015 c0  (video) ← 1030440172717015.mp4  → https://pub-893b4a6a607b4221a894bf861da7914e.r2.dev/1030440172717015.mp4  [DRY-RUN]
would-upload     824616770475280 c0  (video) ← 824616770475280.mp4  → https://pub-893b4a6a607b4221a894bf861da7914e.r2.dev/824616770475280.mp4  [DRY-RUN]
would-upload     1496154588035776 c0  (video) ← 1496154588035776.mp4  → https://pub-893b4a6a607b4221a894bf861da7914e.r2.dev/1496154588035776.mp4  [DRY-RUN]
would-upload     1616518609443578 c0  (video) ← 1616518609443578.mp4  → https://pub-893b4a6a607b4221a894bf861da7914e.r2.dev/1616518609443578.mp4  [DRY-RUN]
would-upload     1543328573849703 c0  (video) ← 1543328573849703.mp4  → https://pub-893b4a6a607b4221a894bf861da7914e.r2.dev/1543328573849703.mp4  [DRY-RUN]
would-upload     36389016304045469 c0  (video) ← 36389016304045469.mp4  → https://pub-893b4a6a607b4221a894bf861da7914e.r2.dev/36389016304045469.mp4  [DRY-RUN]
would-upload     1689862095613058 c0  (video) ← 1689862095613058.mp4  → https://pub-893b4a6a607b4221a894bf861da7914e.r2.dev/1689862095613058.mp4  [DRY-RUN]
would-upload     1312620537668127 c0  (video) ← 1312620537668127.mp4  → https://pub-893b4a6a607b4221a894bf861da7914e.r2.dev/1312620537668127.mp4  [DRY-RUN]
would-upload     2852148961823035 c0  (video) ← 2852148961823035.mp4  → https://pub-893b4a6a607b4221a894bf861da7914e.r2.dev/2852148961823035.mp4  [DRY-RUN]
would-upload     4807246549502326 c0  (video) ← 4807246549502326.mp4  → https://pub-893b4a6a607b4221a894bf861da7914e.r2.dev/4807246549502326.mp4  [DRY-RUN]
would-upload     1676862793642995 c0  (video) ← 1676862793642995.mp4  → https://pub-893b4a6a607b4221a894bf861da7914e.r2.dev/1676862793642995.mp4  [DRY-RUN]
would-upload     36517908114474049 c0  (video) ← 36517908114474049.mp4  → https://pub-893b4a6a607b4221a894bf861da7914e.r2.dev/36517908114474049.mp4  [DRY-RUN]
would-upload     978342788423757 c0  (video) ← 978342788423757.mp4  → https://pub-893b4a6a607b4221a894bf861da7914e.r2.dev/978342788423757.mp4  [DRY-RUN]
would-upload     1017961491189825 c0  (video) ← 1017961491189825.mp4  → https://pub-893b4a6a607b4221a894bf861da7914e.r2.dev/1017961491189825.mp4  [DRY-RUN]
would-upload     1333107758784573 c0  (video) ← 1333107758784573.mp4  → https://pub-893b4a6a607b4221a894bf861da7914e.r2.dev/1333107758784573.mp4  [DRY-RUN]
would-upload     1524055402758387 c0  (video) ← 1524055402758387.mp4  → https://pub-893b4a6a607b4221a894bf861da7914e.r2.dev/1524055402758387.mp4  [DRY-RUN]
would-upload     1748068816627011 c0  (video) ← 1748068816627011.mp4  → https://pub-893b4a6a607b4221a894bf861da7914e.r2.dev/1748068816627011.mp4  [DRY-RUN]
would-upload     2180793392740960 c0  (video) ← 2180793392740960.mp4  → https://pub-893b4a6a607b4221a894bf861da7914e.r2.dev/2180793392740960.mp4  [DRY-RUN]
would-upload     1339557674759234 c0  (video) ← 1339557674759234.mp4  → https://pub-893b4a6a607b4221a894bf861da7914e.r2.dev/1339557674759234.mp4  [DRY-RUN]
would-upload     1361766756008318 c0  (video) ← 1361766756008318.mp4  → https://pub-893b4a6a607b4221a894bf861da7914e.r2.dev/1361766756008318.mp4  [DRY-RUN]
would-upload     1387399283411233 c0  (video) ← 1387399283411233.mp4  → https://pub-893b4a6a607b4221a894bf861da7914e.r2.dev/1387399283411233.mp4  [DRY-RUN]
would-upload     1406313074589852 c0  (video) ← 1406313074589852.mp4  → https://pub-893b4a6a607b4221a894bf861da7914e.r2.dev/1406313074589852.mp4  [DRY-RUN]
would-upload     2065465224040395 c0  (video) ← 2065465224040395.mp4  → https://pub-893b4a6a607b4221a894bf861da7914e.r2.dev/2065465224040395.mp4  [DRY-RUN]
would-upload     928672226847609 c0  (video) ← 928672226847609.mp4  → https://pub-893b4a6a607b4221a894bf861da7914e.r2.dev/928672226847609.mp4  [DRY-RUN]
would-upload     983503630938689 c0  (video) ← 983503630938689.mp4  → https://pub-893b4a6a607b4221a894bf861da7914e.r2.dev/983503630938689.mp4  [DRY-RUN]
would-upload     1888179688562464 c0  (video) ← 1888179688562464.mp4  → https://pub-893b4a6a607b4221a894bf861da7914e.r2.dev/1888179688562464.mp4  [DRY-RUN]
would-upload     2177042646483754 c0  (video) ← 2177042646483754.mp4  → https://pub-893b4a6a607b4221a894bf861da7914e.r2.dev/2177042646483754.mp4  [DRY-RUN]
