# Carousel image recovery log (HANDOVER §8.5 stopgap)
# competitor : wispr-flow
# started_at : 2026-05-29T05:03:07
# input      : inputs/fb-ads-wispr-flow-2026-05-28-1848.csv
# images-dir : images/wispr-flow-2026-05-28
# master     : master/wispr-flow.csv
# bucket     : video-ads
# public_base: https://pub-893b4a6a607b4221a894bf861da7914e.r2.dev
# dry_run    : False
#
# counts     : {'uploaded': 22, 'carried-forward': 0, 'skipped-not-carousel': 473, 'skipped-no-thumb-url': 0, 'url-expired': 0, 'download-failed': 0, 'upload-failed': 0}
#
uploaded         1664643048177567 c0  ← 1664643048177567.jpg  → https://pub-893b4a6a607b4221a894bf861da7914e.r2.dev/1664643048177567.jpg
uploaded         1664643048177567 c1  ← 1664643048177567_c2.jpg  → https://pub-893b4a6a607b4221a894bf861da7914e.r2.dev/1664643048177567_c2.jpg
uploaded         1664643048177567 c2  ← 1664643048177567_c3.jpg  → https://pub-893b4a6a607b4221a894bf861da7914e.r2.dev/1664643048177567_c3.jpg
uploaded         1664643048177567 c3  ← 1664643048177567_c4.jpg  → https://pub-893b4a6a607b4221a894bf861da7914e.r2.dev/1664643048177567_c4.jpg
uploaded         1664643048177567 c4  ← 1664643048177567_c5.jpg  → https://pub-893b4a6a607b4221a894bf861da7914e.r2.dev/1664643048177567_c5.jpg
uploaded         1664643048177567 c5  ← 1664643048177567_c6.jpg  → https://pub-893b4a6a607b4221a894bf861da7914e.r2.dev/1664643048177567_c6.jpg
uploaded         1664643048177567 c6  ← 1664643048177567_c7.jpg  → https://pub-893b4a6a607b4221a894bf861da7914e.r2.dev/1664643048177567_c7.jpg
uploaded         1664643048177567 c7  ← 1664643048177567_c8.jpg  → https://pub-893b4a6a607b4221a894bf861da7914e.r2.dev/1664643048177567_c8.jpg
uploaded         2046399032578125 c0  ← 2046399032578125.jpg  → https://pub-893b4a6a607b4221a894bf861da7914e.r2.dev/2046399032578125.jpg
uploaded         2046399032578125 c1  ← 2046399032578125_c2.jpg  → https://pub-893b4a6a607b4221a894bf861da7914e.r2.dev/2046399032578125_c2.jpg
uploaded         2046399032578125 c2  ← 2046399032578125_c3.jpg  → https://pub-893b4a6a607b4221a894bf861da7914e.r2.dev/2046399032578125_c3.jpg
uploaded         2046399032578125 c3  ← 2046399032578125_c4.jpg  → https://pub-893b4a6a607b4221a894bf861da7914e.r2.dev/2046399032578125_c4.jpg
uploaded         2046399032578125 c4  ← 2046399032578125_c5.jpg  → https://pub-893b4a6a607b4221a894bf861da7914e.r2.dev/2046399032578125_c5.jpg
uploaded         2046399032578125 c5  ← 2046399032578125_c6.jpg  → https://pub-893b4a6a607b4221a894bf861da7914e.r2.dev/2046399032578125_c6.jpg
uploaded         2046399032578125 c6  ← 2046399032578125_c7.jpg  → https://pub-893b4a6a607b4221a894bf861da7914e.r2.dev/2046399032578125_c7.jpg
uploaded         932472703114618 c0  ← 932472703114618.jpg  → https://pub-893b4a6a607b4221a894bf861da7914e.r2.dev/932472703114618.jpg
uploaded         932472703114618 c1  ← 932472703114618_c2.jpg  → https://pub-893b4a6a607b4221a894bf861da7914e.r2.dev/932472703114618_c2.jpg
uploaded         932472703114618 c2  ← 932472703114618_c3.jpg  → https://pub-893b4a6a607b4221a894bf861da7914e.r2.dev/932472703114618_c3.jpg
uploaded         932472703114618 c3  ← 932472703114618_c4.jpg  → https://pub-893b4a6a607b4221a894bf861da7914e.r2.dev/932472703114618_c4.jpg
uploaded         932472703114618 c4  ← 932472703114618_c5.jpg  → https://pub-893b4a6a607b4221a894bf861da7914e.r2.dev/932472703114618_c5.jpg
uploaded         932472703114618 c5  ← 932472703114618_c6.jpg  → https://pub-893b4a6a607b4221a894bf861da7914e.r2.dev/932472703114618_c6.jpg
uploaded         932472703114618 c6  ← 932472703114618_c7.jpg  → https://pub-893b4a6a607b4221a894bf861da7914e.r2.dev/932472703114618_c7.jpg
