# Step 3 run log
# competitor : wispr-flow
# started_at : 2026-05-29T06:46:52
# input      : inputs/fb-ads-wispr-flow-image-recovery-2026-05-29-0646.csv
# videos     : videos/wispr-flow-2026-05-28
# master     : master/wispr-flow.csv  (unchanged (dry-run))
# enriched   : inputs/fb-ads-wispr-flow-image-recovery-2026-05-29-0646_enriched.csv
# bucket     : video-ads
# public_base: https://pub-893b4a6a607b4221a894bf861da7914e.r2.dev
# dry_run    : True
#
# counts     : {'uploaded': 98, 'carried-forward': 0, 'image-pending': 4, 'video-missing': 0, 'no-creative': 0, 'error': 0}
#
would-upload     1002523858919101 c0  (image) ← 1002523858919101.jpg  → https://pub-893b4a6a607b4221a894bf861da7914e.r2.dev/1002523858919101.jpg  [DRY-RUN]
would-upload     1007115604994768 c0  (image) ← 1007115604994768.jpg  → https://pub-893b4a6a607b4221a894bf861da7914e.r2.dev/1007115604994768.jpg  [DRY-RUN]
would-upload     1031277119430910 c0  (image) ← 1031277119430910.jpg  → https://pub-893b4a6a607b4221a894bf861da7914e.r2.dev/1031277119430910.jpg  [DRY-RUN]
would-upload     1168519741972828 c0  (image) ← 1168519741972828.jpg  → https://pub-893b4a6a607b4221a894bf861da7914e.r2.dev/1168519741972828.jpg  [DRY-RUN]
would-upload     1213777460734259 c0  (image) ← 1213777460734259.jpg  → https://pub-893b4a6a607b4221a894bf861da7914e.r2.dev/1213777460734259.jpg  [DRY-RUN]
would-upload     1249200367294137 c0  (image) ← 1249200367294137.jpg  → https://pub-893b4a6a607b4221a894bf861da7914e.r2.dev/1249200367294137.jpg  [DRY-RUN]
would-upload     1265112498602213 c0  (image) ← 1265112498602213.jpg  → https://pub-893b4a6a607b4221a894bf861da7914e.r2.dev/1265112498602213.jpg  [DRY-RUN]
would-upload     1285569029603660 c0  (image) ← 1285569029603660.jpg  → https://pub-893b4a6a607b4221a894bf861da7914e.r2.dev/1285569029603660.jpg  [DRY-RUN]
would-upload     1295577742655066 c0  (image) ← 1295577742655066.jpg  → https://pub-893b4a6a607b4221a894bf861da7914e.r2.dev/1295577742655066.jpg  [DRY-RUN]
would-upload     1304930827640000 c0  (image) ← 1304930827640000.jpg  → https://pub-893b4a6a607b4221a894bf861da7914e.r2.dev/1304930827640000.jpg  [DRY-RUN]
would-upload     1307188548234290 c0  (image) ← 1307188548234290.jpg  → https://pub-893b4a6a607b4221a894bf861da7914e.r2.dev/1307188548234290.jpg  [DRY-RUN]
would-upload     1307431290729921 c0  (image) ← 1307431290729921.jpg  → https://pub-893b4a6a607b4221a894bf861da7914e.r2.dev/1307431290729921.jpg  [DRY-RUN]
would-upload     1308275597318776 c0  (image) ← 1308275597318776.jpg  → https://pub-893b4a6a607b4221a894bf861da7914e.r2.dev/1308275597318776.jpg  [DRY-RUN]
would-upload     1316066920475716 c0  (image) ← 1316066920475716.jpg  → https://pub-893b4a6a607b4221a894bf861da7914e.r2.dev/1316066920475716.jpg  [DRY-RUN]
would-upload     1321820823242307 c0  (image) ← 1321820823242307.jpg  → https://pub-893b4a6a607b4221a894bf861da7914e.r2.dev/1321820823242307.jpg  [DRY-RUN]
would-upload     1334618508565781 c0  (image) ← 1334618508565781.jpg  → https://pub-893b4a6a607b4221a894bf861da7914e.r2.dev/1334618508565781.jpg  [DRY-RUN]
would-upload     1338416851516422 c0  (image) ← 1338416851516422.jpg  → https://pub-893b4a6a607b4221a894bf861da7914e.r2.dev/1338416851516422.jpg  [DRY-RUN]
would-upload     1389245473014883 c0  (image) ← 1389245473014883.jpg  → https://pub-893b4a6a607b4221a894bf861da7914e.r2.dev/1389245473014883.jpg  [DRY-RUN]
would-upload     1407053411186041 c0  (image) ← 1407053411186041.jpg  → https://pub-893b4a6a607b4221a894bf861da7914e.r2.dev/1407053411186041.jpg  [DRY-RUN]
would-upload     1452317883341969 c0  (image) ← 1452317883341969.jpg  → https://pub-893b4a6a607b4221a894bf861da7914e.r2.dev/1452317883341969.jpg  [DRY-RUN]
would-upload     1452497216627357 c0  (image) ← 1452497216627357.jpg  → https://pub-893b4a6a607b4221a894bf861da7914e.r2.dev/1452497216627357.jpg  [DRY-RUN]
would-upload     1472379261037057 c0  (image) ← 1472379261037057.jpg  → https://pub-893b4a6a607b4221a894bf861da7914e.r2.dev/1472379261037057.jpg  [DRY-RUN]
would-upload     1474647687730449 c0  (image) ← 1474647687730449.jpg  → https://pub-893b4a6a607b4221a894bf861da7914e.r2.dev/1474647687730449.jpg  [DRY-RUN]
would-upload     1495051495368238 c0  (image) ← 1495051495368238.jpg  → https://pub-893b4a6a607b4221a894bf861da7914e.r2.dev/1495051495368238.jpg  [DRY-RUN]
would-upload     1499832728262493 c0  (image) ← 1499832728262493.jpg  → https://pub-893b4a6a607b4221a894bf861da7914e.r2.dev/1499832728262493.jpg  [DRY-RUN]
would-upload     1507366707840407 c0  (image) ← 1507366707840407.jpg  → https://pub-893b4a6a607b4221a894bf861da7914e.r2.dev/1507366707840407.jpg  [DRY-RUN]
would-upload     1519449926514198 c0  (image) ← 1519449926514198.jpg  → https://pub-893b4a6a607b4221a894bf861da7914e.r2.dev/1519449926514198.jpg  [DRY-RUN]
would-upload     1519993253052122 c0  (image) ← 1519993253052122.jpg  → https://pub-893b4a6a607b4221a894bf861da7914e.r2.dev/1519993253052122.jpg  [DRY-RUN]
would-upload     1531644281691946 c0  (image) ← 1531644281691946.jpg  → https://pub-893b4a6a607b4221a894bf861da7914e.r2.dev/1531644281691946.jpg  [DRY-RUN]
would-upload     1532309055242158 c0  (image) ← 1532309055242158.jpg  → https://pub-893b4a6a607b4221a894bf861da7914e.r2.dev/1532309055242158.jpg  [DRY-RUN]
would-upload     1566718835460461 c0  (image) ← 1566718835460461.jpg  → https://pub-893b4a6a607b4221a894bf861da7914e.r2.dev/1566718835460461.jpg  [DRY-RUN]
would-upload     1576375724042094 c0  (image) ← 1576375724042094.jpg  → https://pub-893b4a6a607b4221a894bf861da7914e.r2.dev/1576375724042094.jpg  [DRY-RUN]
would-upload     1606915600884130 c0  (image) ← 1606915600884130.jpg  → https://pub-893b4a6a607b4221a894bf861da7914e.r2.dev/1606915600884130.jpg  [DRY-RUN]
would-upload     1613872029715012 c0  (image) ← 1613872029715012.jpg  → https://pub-893b4a6a607b4221a894bf861da7914e.r2.dev/1613872029715012.jpg  [DRY-RUN]
would-upload     1630983688019061 c0  (image) ← 1630983688019061.jpg  → https://pub-893b4a6a607b4221a894bf861da7914e.r2.dev/1630983688019061.jpg  [DRY-RUN]
would-upload     1640811040476262 c0  (image) ← 1640811040476262.jpg  → https://pub-893b4a6a607b4221a894bf861da7914e.r2.dev/1640811040476262.jpg  [DRY-RUN]
would-upload     1644842533399361 c0  (image) ← 1644842533399361.jpg  → https://pub-893b4a6a607b4221a894bf861da7914e.r2.dev/1644842533399361.jpg  [DRY-RUN]
would-upload     1662376828284378 c0  (image) ← 1662376828284378.jpg  → https://pub-893b4a6a607b4221a894bf861da7914e.r2.dev/1662376828284378.jpg  [DRY-RUN]
would-upload     1664156547958622 c0  (image) ← 1664156547958622.jpg  → https://pub-893b4a6a607b4221a894bf861da7914e.r2.dev/1664156547958622.jpg  [DRY-RUN]
would-upload     1671995874069322 c0  (image) ← 1671995874069322.jpg  → https://pub-893b4a6a607b4221a894bf861da7914e.r2.dev/1671995874069322.jpg  [DRY-RUN]
would-upload     1680340000078907 c0  (image) ← 1680340000078907.jpg  → https://pub-893b4a6a607b4221a894bf861da7914e.r2.dev/1680340000078907.jpg  [DRY-RUN]
would-upload     1690940302047579 c0  (image) ← 1690940302047579.jpg  → https://pub-893b4a6a607b4221a894bf861da7914e.r2.dev/1690940302047579.jpg  [DRY-RUN]
would-upload     1700430384710408 c0  (image) ← 1700430384710408.jpg  → https://pub-893b4a6a607b4221a894bf861da7914e.r2.dev/1700430384710408.jpg  [DRY-RUN]
would-upload     1706333260361238 c0  (image) ← 1706333260361238.jpg  → https://pub-893b4a6a607b4221a894bf861da7914e.r2.dev/1706333260361238.jpg  [DRY-RUN]
would-upload     1721178389296475 c0  (image) ← 1721178389296475.jpg  → https://pub-893b4a6a607b4221a894bf861da7914e.r2.dev/1721178389296475.jpg  [DRY-RUN]
would-upload     1729770374849541 c0  (image) ← 1729770374849541.jpg  → https://pub-893b4a6a607b4221a894bf861da7914e.r2.dev/1729770374849541.jpg  [DRY-RUN]
would-upload     1769589530676290 c0  (image) ← 1769589530676290.jpg  → https://pub-893b4a6a607b4221a894bf861da7914e.r2.dev/1769589530676290.jpg  [DRY-RUN]
would-upload     1781458526560240 c0  (image) ← 1781458526560240.jpg  → https://pub-893b4a6a607b4221a894bf861da7914e.r2.dev/1781458526560240.jpg  [DRY-RUN]
would-upload     1789766065330509 c0  (image) ← 1789766065330509.jpg  → https://pub-893b4a6a607b4221a894bf861da7914e.r2.dev/1789766065330509.jpg  [DRY-RUN]
would-upload     1793352381634692 c0  (image) ← 1793352381634692.jpg  → https://pub-893b4a6a607b4221a894bf861da7914e.r2.dev/1793352381634692.jpg  [DRY-RUN]
would-upload     1888210885110974 c0  (image) ← 1888210885110974.jpg  → https://pub-893b4a6a607b4221a894bf861da7914e.r2.dev/1888210885110974.jpg  [DRY-RUN]
would-upload     1898113890892128 c0  (image) ← 1898113890892128.jpg  → https://pub-893b4a6a607b4221a894bf861da7914e.r2.dev/1898113890892128.jpg  [DRY-RUN]
would-upload     1906852649972064 c0  (image) ← 1906852649972064.jpg  → https://pub-893b4a6a607b4221a894bf861da7914e.r2.dev/1906852649972064.jpg  [DRY-RUN]
would-upload     1908695443093591 c0  (image) ← 1908695443093591.jpg  → https://pub-893b4a6a607b4221a894bf861da7914e.r2.dev/1908695443093591.jpg  [DRY-RUN]
would-upload     1949617632324117 c0  (image) ← 1949617632324117.jpg  → https://pub-893b4a6a607b4221a894bf861da7914e.r2.dev/1949617632324117.jpg  [DRY-RUN]
would-upload     1949715605678668 c0  (image) ← 1949715605678668.jpg  → https://pub-893b4a6a607b4221a894bf861da7914e.r2.dev/1949715605678668.jpg  [DRY-RUN]
would-upload     1957249268287320 c0  (image) ← 1957249268287320.jpg  → https://pub-893b4a6a607b4221a894bf861da7914e.r2.dev/1957249268287320.jpg  [DRY-RUN]
would-upload     2038970610166024 c0  (image) ← 2038970610166024.jpg  → https://pub-893b4a6a607b4221a894bf861da7914e.r2.dev/2038970610166024.jpg  [DRY-RUN]
would-upload     2051239912455354 c0  (image) ← 2051239912455354.jpg  → https://pub-893b4a6a607b4221a894bf861da7914e.r2.dev/2051239912455354.jpg  [DRY-RUN]
would-upload     2074295093462029 c0  (image) ← 2074295093462029.jpg  → https://pub-893b4a6a607b4221a894bf861da7914e.r2.dev/2074295093462029.jpg  [DRY-RUN]
would-upload     2078216392740498 c0  (image) ← 2078216392740498.jpg  → https://pub-893b4a6a607b4221a894bf861da7914e.r2.dev/2078216392740498.jpg  [DRY-RUN]
would-upload     2078334223081418 c0  (image) ← 2078334223081418.jpg  → https://pub-893b4a6a607b4221a894bf861da7914e.r2.dev/2078334223081418.jpg  [DRY-RUN]
would-upload     2082253205967465 c0  (image) ← 2082253205967465.jpg  → https://pub-893b4a6a607b4221a894bf861da7914e.r2.dev/2082253205967465.jpg  [DRY-RUN]
would-upload     2089850335192636 c0  (image) ← 2089850335192636.jpg  → https://pub-893b4a6a607b4221a894bf861da7914e.r2.dev/2089850335192636.jpg  [DRY-RUN]
would-upload     2151758269557506 c0  (image) ← 2151758269557506.jpg  → https://pub-893b4a6a607b4221a894bf861da7914e.r2.dev/2151758269557506.jpg  [DRY-RUN]
would-upload     2152493262262632 c0  (image) ← 2152493262262632.jpg  → https://pub-893b4a6a607b4221a894bf861da7914e.r2.dev/2152493262262632.jpg  [DRY-RUN]
would-upload     2164552131032487 c0  (image) ← 2164552131032487.jpg  → https://pub-893b4a6a607b4221a894bf861da7914e.r2.dev/2164552131032487.jpg  [DRY-RUN]
would-upload     2169539090512694 c0  (image) ← 2169539090512694.jpg  → https://pub-893b4a6a607b4221a894bf861da7914e.r2.dev/2169539090512694.jpg  [DRY-RUN]
would-upload     2210336443061066 c0  (image) ← 2210336443061066.jpg  → https://pub-893b4a6a607b4221a894bf861da7914e.r2.dev/2210336443061066.jpg  [DRY-RUN]
would-upload     2220276032124660 c0  (image) ← 2220276032124660.jpg  → https://pub-893b4a6a607b4221a894bf861da7914e.r2.dev/2220276032124660.jpg  [DRY-RUN]
would-upload     2225304311630453 c0  (image) ← 2225304311630453.jpg  → https://pub-893b4a6a607b4221a894bf861da7914e.r2.dev/2225304311630453.jpg  [DRY-RUN]
would-upload     2389191254910998 c0  (image) ← 2389191254910998.jpg  → https://pub-893b4a6a607b4221a894bf861da7914e.r2.dev/2389191254910998.jpg  [DRY-RUN]
image-pending    2548523478938206 c0  (HANDOVER §8.5 — image handling not yet built)
would-upload     25627006063641773 c0  (image) ← 25627006063641773.jpg  → https://pub-893b4a6a607b4221a894bf861da7914e.r2.dev/25627006063641773.jpg  [DRY-RUN]
would-upload     26296350260044370 c0  (image) ← 26296350260044370.jpg  → https://pub-893b4a6a607b4221a894bf861da7914e.r2.dev/26296350260044370.jpg  [DRY-RUN]
would-upload     2643031549458709 c0  (image) ← 2643031549458709.jpg  → https://pub-893b4a6a607b4221a894bf861da7914e.r2.dev/2643031549458709.jpg  [DRY-RUN]
would-upload     27904360405834066 c0  (image) ← 27904360405834066.jpg  → https://pub-893b4a6a607b4221a894bf861da7914e.r2.dev/27904360405834066.jpg  [DRY-RUN]
image-pending    2835607609983877 c0  (HANDOVER §8.5 — image handling not yet built)
would-upload     2921813558166857 c0  (image) ← 2921813558166857.jpg  → https://pub-893b4a6a607b4221a894bf861da7914e.r2.dev/2921813558166857.jpg  [DRY-RUN]
would-upload     2922112728180732 c0  (image) ← 2922112728180732.jpg  → https://pub-893b4a6a607b4221a894bf861da7914e.r2.dev/2922112728180732.jpg  [DRY-RUN]
would-upload     2936171560055456 c0  (image) ← 2936171560055456.jpg  → https://pub-893b4a6a607b4221a894bf861da7914e.r2.dev/2936171560055456.jpg  [DRY-RUN]
would-upload     3209703732565022 c0  (image) ← 3209703732565022.jpg  → https://pub-893b4a6a607b4221a894bf861da7914e.r2.dev/3209703732565022.jpg  [DRY-RUN]
would-upload     4086432868320778 c0  (image) ← 4086432868320778.jpg  → https://pub-893b4a6a607b4221a894bf861da7914e.r2.dev/4086432868320778.jpg  [DRY-RUN]
would-upload     4093643220928515 c0  (image) ← 4093643220928515.jpg  → https://pub-893b4a6a607b4221a894bf861da7914e.r2.dev/4093643220928515.jpg  [DRY-RUN]
would-upload     4235413386773154 c0  (image) ← 4235413386773154.jpg  → https://pub-893b4a6a607b4221a894bf861da7914e.r2.dev/4235413386773154.jpg  [DRY-RUN]
would-upload     4297648813878804 c0  (image) ← 4297648813878804.jpg  → https://pub-893b4a6a607b4221a894bf861da7914e.r2.dev/4297648813878804.jpg  [DRY-RUN]
would-upload     4447325295586275 c0  (image) ← 4447325295586275.jpg  → https://pub-893b4a6a607b4221a894bf861da7914e.r2.dev/4447325295586275.jpg  [DRY-RUN]
would-upload     4570173356640395 c0  (image) ← 4570173356640395.jpg  → https://pub-893b4a6a607b4221a894bf861da7914e.r2.dev/4570173356640395.jpg  [DRY-RUN]
would-upload     736357786207635 c0  (image) ← 736357786207635.jpg  → https://pub-893b4a6a607b4221a894bf861da7914e.r2.dev/736357786207635.jpg  [DRY-RUN]
would-upload     778691951844405 c0  (image) ← 778691951844405.jpg  → https://pub-893b4a6a607b4221a894bf861da7914e.r2.dev/778691951844405.jpg  [DRY-RUN]
would-upload     779017941808368 c0  (image) ← 779017941808368.jpg  → https://pub-893b4a6a607b4221a894bf861da7914e.r2.dev/779017941808368.jpg  [DRY-RUN]
would-upload     811543085145765 c0  (image) ← 811543085145765.jpg  → https://pub-893b4a6a607b4221a894bf861da7914e.r2.dev/811543085145765.jpg  [DRY-RUN]
would-upload     829943616823793 c0  (image) ← 829943616823793.jpg  → https://pub-893b4a6a607b4221a894bf861da7914e.r2.dev/829943616823793.jpg  [DRY-RUN]
image-pending    930919783186924 c0  (HANDOVER §8.5 — image handling not yet built)
would-upload     953817067634152 c0  (image) ← 953817067634152.jpg  → https://pub-893b4a6a607b4221a894bf861da7914e.r2.dev/953817067634152.jpg  [DRY-RUN]
would-upload     956292073891297 c0  (image) ← 956292073891297.jpg  → https://pub-893b4a6a607b4221a894bf861da7914e.r2.dev/956292073891297.jpg  [DRY-RUN]
image-pending    967758139096013 c0  (HANDOVER §8.5 — image handling not yet built)
would-upload     969535065655350 c0  (image) ← 969535065655350.jpg  → https://pub-893b4a6a607b4221a894bf861da7914e.r2.dev/969535065655350.jpg  [DRY-RUN]
would-upload     973271205414719 c0  (image) ← 973271205414719.jpg  → https://pub-893b4a6a607b4221a894bf861da7914e.r2.dev/973271205414719.jpg  [DRY-RUN]
would-upload     976814981925609 c0  (image) ← 976814981925609.jpg  → https://pub-893b4a6a607b4221a894bf861da7914e.r2.dev/976814981925609.jpg  [DRY-RUN]
would-upload     984591057764568 c0  (image) ← 984591057764568.jpg  → https://pub-893b4a6a607b4221a894bf861da7914e.r2.dev/984591057764568.jpg  [DRY-RUN]
would-upload     987728243617910 c0  (image) ← 987728243617910.jpg  → https://pub-893b4a6a607b4221a894bf861da7914e.r2.dev/987728243617910.jpg  [DRY-RUN]
