# Step 3 run log
# competitor : wispr-flow
# started_at : 2026-05-29T06:48:01
# input      : inputs/fb-ads-wispr-flow-image-recovery-2026-05-29-0646.csv
# videos     : videos/wispr-flow-2026-05-28
# master     : master/wispr-flow.csv  (updated)
# enriched   : inputs/fb-ads-wispr-flow-image-recovery-2026-05-29-0646_enriched.csv
# bucket     : video-ads
# public_base: https://pub-893b4a6a607b4221a894bf861da7914e.r2.dev
# dry_run    : False
#
# counts     : {'uploaded': 12, 'carried-forward': 86, 'image-pending': 4, 'video-missing': 0, 'no-creative': 0, 'error': 0}
#
carried-forward  1002523858919101 c0  → https://pub-893b4a6a607b4221a894bf861da7914e.r2.dev/1002523858919101.jpg
carried-forward  1007115604994768 c0  → https://pub-893b4a6a607b4221a894bf861da7914e.r2.dev/1007115604994768.jpg
carried-forward  1031277119430910 c0  → https://pub-893b4a6a607b4221a894bf861da7914e.r2.dev/1031277119430910.jpg
carried-forward  1168519741972828 c0  → https://pub-893b4a6a607b4221a894bf861da7914e.r2.dev/1168519741972828.jpg
carried-forward  1213777460734259 c0  → https://pub-893b4a6a607b4221a894bf861da7914e.r2.dev/1213777460734259.jpg
carried-forward  1249200367294137 c0  → https://pub-893b4a6a607b4221a894bf861da7914e.r2.dev/1249200367294137.jpg
carried-forward  1265112498602213 c0  → https://pub-893b4a6a607b4221a894bf861da7914e.r2.dev/1265112498602213.jpg
carried-forward  1285569029603660 c0  → https://pub-893b4a6a607b4221a894bf861da7914e.r2.dev/1285569029603660.jpg
carried-forward  1295577742655066 c0  → https://pub-893b4a6a607b4221a894bf861da7914e.r2.dev/1295577742655066.jpg
carried-forward  1304930827640000 c0  → https://pub-893b4a6a607b4221a894bf861da7914e.r2.dev/1304930827640000.jpg
carried-forward  1307188548234290 c0  → https://pub-893b4a6a607b4221a894bf861da7914e.r2.dev/1307188548234290.jpg
carried-forward  1307431290729921 c0  → https://pub-893b4a6a607b4221a894bf861da7914e.r2.dev/1307431290729921.jpg
carried-forward  1308275597318776 c0  → https://pub-893b4a6a607b4221a894bf861da7914e.r2.dev/1308275597318776.jpg
carried-forward  1316066920475716 c0  → https://pub-893b4a6a607b4221a894bf861da7914e.r2.dev/1316066920475716.jpg
carried-forward  1321820823242307 c0  → https://pub-893b4a6a607b4221a894bf861da7914e.r2.dev/1321820823242307.jpg
carried-forward  1334618508565781 c0  → https://pub-893b4a6a607b4221a894bf861da7914e.r2.dev/1334618508565781.jpg
carried-forward  1338416851516422 c0  → https://pub-893b4a6a607b4221a894bf861da7914e.r2.dev/1338416851516422.jpg
carried-forward  1389245473014883 c0  → https://pub-893b4a6a607b4221a894bf861da7914e.r2.dev/1389245473014883.jpg
carried-forward  1407053411186041 c0  → https://pub-893b4a6a607b4221a894bf861da7914e.r2.dev/1407053411186041.jpg
carried-forward  1452317883341969 c0  → https://pub-893b4a6a607b4221a894bf861da7914e.r2.dev/1452317883341969.jpg
carried-forward  1452497216627357 c0  → https://pub-893b4a6a607b4221a894bf861da7914e.r2.dev/1452497216627357.jpg
carried-forward  1472379261037057 c0  → https://pub-893b4a6a607b4221a894bf861da7914e.r2.dev/1472379261037057.jpg
carried-forward  1474647687730449 c0  → https://pub-893b4a6a607b4221a894bf861da7914e.r2.dev/1474647687730449.jpg
carried-forward  1495051495368238 c0  → https://pub-893b4a6a607b4221a894bf861da7914e.r2.dev/1495051495368238.jpg
carried-forward  1499832728262493 c0  → https://pub-893b4a6a607b4221a894bf861da7914e.r2.dev/1499832728262493.jpg
carried-forward  1507366707840407 c0  → https://pub-893b4a6a607b4221a894bf861da7914e.r2.dev/1507366707840407.jpg
carried-forward  1519449926514198 c0  → https://pub-893b4a6a607b4221a894bf861da7914e.r2.dev/1519449926514198.jpg
carried-forward  1519993253052122 c0  → https://pub-893b4a6a607b4221a894bf861da7914e.r2.dev/1519993253052122.jpg
carried-forward  1531644281691946 c0  → https://pub-893b4a6a607b4221a894bf861da7914e.r2.dev/1531644281691946.jpg
carried-forward  1532309055242158 c0  → https://pub-893b4a6a607b4221a894bf861da7914e.r2.dev/1532309055242158.jpg
carried-forward  1566718835460461 c0  → https://pub-893b4a6a607b4221a894bf861da7914e.r2.dev/1566718835460461.jpg
carried-forward  1576375724042094 c0  → https://pub-893b4a6a607b4221a894bf861da7914e.r2.dev/1576375724042094.jpg
carried-forward  1606915600884130 c0  → https://pub-893b4a6a607b4221a894bf861da7914e.r2.dev/1606915600884130.jpg
carried-forward  1613872029715012 c0  → https://pub-893b4a6a607b4221a894bf861da7914e.r2.dev/1613872029715012.jpg
carried-forward  1630983688019061 c0  → https://pub-893b4a6a607b4221a894bf861da7914e.r2.dev/1630983688019061.jpg
carried-forward  1640811040476262 c0  → https://pub-893b4a6a607b4221a894bf861da7914e.r2.dev/1640811040476262.jpg
carried-forward  1644842533399361 c0  → https://pub-893b4a6a607b4221a894bf861da7914e.r2.dev/1644842533399361.jpg
carried-forward  1662376828284378 c0  → https://pub-893b4a6a607b4221a894bf861da7914e.r2.dev/1662376828284378.jpg
carried-forward  1664156547958622 c0  → https://pub-893b4a6a607b4221a894bf861da7914e.r2.dev/1664156547958622.jpg
carried-forward  1671995874069322 c0  → https://pub-893b4a6a607b4221a894bf861da7914e.r2.dev/1671995874069322.jpg
carried-forward  1680340000078907 c0  → https://pub-893b4a6a607b4221a894bf861da7914e.r2.dev/1680340000078907.jpg
carried-forward  1690940302047579 c0  → https://pub-893b4a6a607b4221a894bf861da7914e.r2.dev/1690940302047579.jpg
carried-forward  1700430384710408 c0  → https://pub-893b4a6a607b4221a894bf861da7914e.r2.dev/1700430384710408.jpg
carried-forward  1706333260361238 c0  → https://pub-893b4a6a607b4221a894bf861da7914e.r2.dev/1706333260361238.jpg
carried-forward  1721178389296475 c0  → https://pub-893b4a6a607b4221a894bf861da7914e.r2.dev/1721178389296475.jpg
carried-forward  1729770374849541 c0  → https://pub-893b4a6a607b4221a894bf861da7914e.r2.dev/1729770374849541.jpg
carried-forward  1769589530676290 c0  → https://pub-893b4a6a607b4221a894bf861da7914e.r2.dev/1769589530676290.jpg
carried-forward  1781458526560240 c0  → https://pub-893b4a6a607b4221a894bf861da7914e.r2.dev/1781458526560240.jpg
carried-forward  1789766065330509 c0  → https://pub-893b4a6a607b4221a894bf861da7914e.r2.dev/1789766065330509.jpg
carried-forward  1793352381634692 c0  → https://pub-893b4a6a607b4221a894bf861da7914e.r2.dev/1793352381634692.jpg
carried-forward  1888210885110974 c0  → https://pub-893b4a6a607b4221a894bf861da7914e.r2.dev/1888210885110974.jpg
carried-forward  1898113890892128 c0  → https://pub-893b4a6a607b4221a894bf861da7914e.r2.dev/1898113890892128.jpg
carried-forward  1906852649972064 c0  → https://pub-893b4a6a607b4221a894bf861da7914e.r2.dev/1906852649972064.jpg
carried-forward  1908695443093591 c0  → https://pub-893b4a6a607b4221a894bf861da7914e.r2.dev/1908695443093591.jpg
carried-forward  1949617632324117 c0  → https://pub-893b4a6a607b4221a894bf861da7914e.r2.dev/1949617632324117.jpg
carried-forward  1949715605678668 c0  → https://pub-893b4a6a607b4221a894bf861da7914e.r2.dev/1949715605678668.jpg
carried-forward  1957249268287320 c0  → https://pub-893b4a6a607b4221a894bf861da7914e.r2.dev/1957249268287320.jpg
carried-forward  2038970610166024 c0  → https://pub-893b4a6a607b4221a894bf861da7914e.r2.dev/2038970610166024.jpg
carried-forward  2051239912455354 c0  → https://pub-893b4a6a607b4221a894bf861da7914e.r2.dev/2051239912455354.jpg
carried-forward  2074295093462029 c0  → https://pub-893b4a6a607b4221a894bf861da7914e.r2.dev/2074295093462029.jpg
carried-forward  2078216392740498 c0  → https://pub-893b4a6a607b4221a894bf861da7914e.r2.dev/2078216392740498.jpg
carried-forward  2078334223081418 c0  → https://pub-893b4a6a607b4221a894bf861da7914e.r2.dev/2078334223081418.jpg
carried-forward  2082253205967465 c0  → https://pub-893b4a6a607b4221a894bf861da7914e.r2.dev/2082253205967465.jpg
carried-forward  2089850335192636 c0  → https://pub-893b4a6a607b4221a894bf861da7914e.r2.dev/2089850335192636.jpg
carried-forward  2151758269557506 c0  → https://pub-893b4a6a607b4221a894bf861da7914e.r2.dev/2151758269557506.jpg
carried-forward  2152493262262632 c0  → https://pub-893b4a6a607b4221a894bf861da7914e.r2.dev/2152493262262632.jpg
carried-forward  2164552131032487 c0  → https://pub-893b4a6a607b4221a894bf861da7914e.r2.dev/2164552131032487.jpg
carried-forward  2169539090512694 c0  → https://pub-893b4a6a607b4221a894bf861da7914e.r2.dev/2169539090512694.jpg
carried-forward  2210336443061066 c0  → https://pub-893b4a6a607b4221a894bf861da7914e.r2.dev/2210336443061066.jpg
carried-forward  2220276032124660 c0  → https://pub-893b4a6a607b4221a894bf861da7914e.r2.dev/2220276032124660.jpg
carried-forward  2225304311630453 c0  → https://pub-893b4a6a607b4221a894bf861da7914e.r2.dev/2225304311630453.jpg
carried-forward  2389191254910998 c0  → https://pub-893b4a6a607b4221a894bf861da7914e.r2.dev/2389191254910998.jpg
image-pending    2548523478938206 c0  (HANDOVER §8.5 — image handling not yet built)
carried-forward  25627006063641773 c0  → https://pub-893b4a6a607b4221a894bf861da7914e.r2.dev/25627006063641773.jpg
carried-forward  26296350260044370 c0  → https://pub-893b4a6a607b4221a894bf861da7914e.r2.dev/26296350260044370.jpg
carried-forward  2643031549458709 c0  → https://pub-893b4a6a607b4221a894bf861da7914e.r2.dev/2643031549458709.jpg
carried-forward  27904360405834066 c0  → https://pub-893b4a6a607b4221a894bf861da7914e.r2.dev/27904360405834066.jpg
image-pending    2835607609983877 c0  (HANDOVER §8.5 — image handling not yet built)
carried-forward  2921813558166857 c0  → https://pub-893b4a6a607b4221a894bf861da7914e.r2.dev/2921813558166857.jpg
carried-forward  2922112728180732 c0  → https://pub-893b4a6a607b4221a894bf861da7914e.r2.dev/2922112728180732.jpg
carried-forward  2936171560055456 c0  → https://pub-893b4a6a607b4221a894bf861da7914e.r2.dev/2936171560055456.jpg
carried-forward  3209703732565022 c0  → https://pub-893b4a6a607b4221a894bf861da7914e.r2.dev/3209703732565022.jpg
carried-forward  4086432868320778 c0  → https://pub-893b4a6a607b4221a894bf861da7914e.r2.dev/4086432868320778.jpg
carried-forward  4093643220928515 c0  → https://pub-893b4a6a607b4221a894bf861da7914e.r2.dev/4093643220928515.jpg
carried-forward  4235413386773154 c0  → https://pub-893b4a6a607b4221a894bf861da7914e.r2.dev/4235413386773154.jpg
carried-forward  4297648813878804 c0  → https://pub-893b4a6a607b4221a894bf861da7914e.r2.dev/4297648813878804.jpg
carried-forward  4447325295586275 c0  → https://pub-893b4a6a607b4221a894bf861da7914e.r2.dev/4447325295586275.jpg
carried-forward  4570173356640395 c0  → https://pub-893b4a6a607b4221a894bf861da7914e.r2.dev/4570173356640395.jpg
uploaded         736357786207635 c0  (image) ← 736357786207635.jpg  → https://pub-893b4a6a607b4221a894bf861da7914e.r2.dev/736357786207635.jpg
uploaded         778691951844405 c0  (image) ← 778691951844405.jpg  → https://pub-893b4a6a607b4221a894bf861da7914e.r2.dev/778691951844405.jpg
uploaded         779017941808368 c0  (image) ← 779017941808368.jpg  → https://pub-893b4a6a607b4221a894bf861da7914e.r2.dev/779017941808368.jpg
uploaded         811543085145765 c0  (image) ← 811543085145765.jpg  → https://pub-893b4a6a607b4221a894bf861da7914e.r2.dev/811543085145765.jpg
uploaded         829943616823793 c0  (image) ← 829943616823793.jpg  → https://pub-893b4a6a607b4221a894bf861da7914e.r2.dev/829943616823793.jpg
image-pending    930919783186924 c0  (HANDOVER §8.5 — image handling not yet built)
uploaded         953817067634152 c0  (image) ← 953817067634152.jpg  → https://pub-893b4a6a607b4221a894bf861da7914e.r2.dev/953817067634152.jpg
uploaded         956292073891297 c0  (image) ← 956292073891297.jpg  → https://pub-893b4a6a607b4221a894bf861da7914e.r2.dev/956292073891297.jpg
image-pending    967758139096013 c0  (HANDOVER §8.5 — image handling not yet built)
uploaded         969535065655350 c0  (image) ← 969535065655350.jpg  → https://pub-893b4a6a607b4221a894bf861da7914e.r2.dev/969535065655350.jpg
uploaded         973271205414719 c0  (image) ← 973271205414719.jpg  → https://pub-893b4a6a607b4221a894bf861da7914e.r2.dev/973271205414719.jpg
uploaded         976814981925609 c0  (image) ← 976814981925609.jpg  → https://pub-893b4a6a607b4221a894bf861da7914e.r2.dev/976814981925609.jpg
uploaded         984591057764568 c0  (image) ← 984591057764568.jpg  → https://pub-893b4a6a607b4221a894bf861da7914e.r2.dev/984591057764568.jpg
uploaded         987728243617910 c0  (image) ← 987728243617910.jpg  → https://pub-893b4a6a607b4221a894bf861da7914e.r2.dev/987728243617910.jpg
