# Step 3 run log
# competitor : zinglish
# started_at : 2026-06-11T10:41:00
# input      : facebook/inputs/fb-ads-zinglish-2026-06-11-0912.csv
# videos     : facebook/videos/zinglish-2026-06-11
# master     : facebook/master/zinglish.csv  (updated)
# enriched   : facebook/inputs/fb-ads-zinglish-2026-06-11-0912_enriched.csv
# bucket     : video-ads
# public_base: https://dcfd27564ef899969db9a562c7e1945f.r2.cloudflarestorage.com
# dry_run    : False
#
# counts     : {'uploaded': 0, 'carried-forward': 31, 'image-pending': 0, 'video-missing': 0, 'no-creative': 0, 'error': 0}
#
carried-forward  1212657180911138 c0  → https://pub-893b4a6a607b4221a894bf861da7914e.r2.dev/1212657180911138.mp4
carried-forward  908822938160022 c0  → https://pub-893b4a6a607b4221a894bf861da7914e.r2.dev/908822938160022.mp4
carried-forward  900964249487648 c0  → https://pub-893b4a6a607b4221a894bf861da7914e.r2.dev/900964249487648.mp4
carried-forward  1414823376812512 c0  → https://pub-893b4a6a607b4221a894bf861da7914e.r2.dev/1414823376812512.mp4
carried-forward  2145402302955929 c0  → https://pub-893b4a6a607b4221a894bf861da7914e.r2.dev/2145402302955929.mp4
carried-forward  1214331300401198 c0  → https://pub-893b4a6a607b4221a894bf861da7914e.r2.dev/1214331300401198.mp4
carried-forward  1417738519758197 c0  → https://pub-893b4a6a607b4221a894bf861da7914e.r2.dev/1417738519758197.mp4
carried-forward  1457798545962459 c0  → https://pub-893b4a6a607b4221a894bf861da7914e.r2.dev/1457798545962459.mp4
carried-forward  1403710238171409 c0  → https://pub-893b4a6a607b4221a894bf861da7914e.r2.dev/1403710238171409.mp4
carried-forward  895901269731389 c0  → https://pub-893b4a6a607b4221a894bf861da7914e.r2.dev/895901269731389.mp4
carried-forward  25674228382269402 c0  → https://pub-893b4a6a607b4221a894bf861da7914e.r2.dev/25674228382269402.mp4
carried-forward  1505919334867604 c0  → https://pub-893b4a6a607b4221a894bf861da7914e.r2.dev/1505919334867604.mp4
carried-forward  1981093915820751 c0  → https://pub-893b4a6a607b4221a894bf861da7914e.r2.dev/1981093915820751.mp4
carried-forward  1228162876124945 c0  → https://pub-893b4a6a607b4221a894bf861da7914e.r2.dev/1228162876124945.mp4
carried-forward  894945046633710 c0  → https://pub-893b4a6a607b4221a894bf861da7914e.r2.dev/894945046633710.mp4
carried-forward  826441597149033 c0  → https://pub-893b4a6a607b4221a894bf861da7914e.r2.dev/826441597149033.mp4
carried-forward  1443156474268077 c0  → https://pub-893b4a6a607b4221a894bf861da7914e.r2.dev/1443156474268077.mp4
carried-forward  1286723966731755 c0  → https://pub-893b4a6a607b4221a894bf861da7914e.r2.dev/1286723966731755.mp4
carried-forward  2004457904289111 c0  → https://pub-893b4a6a607b4221a894bf861da7914e.r2.dev/2004457904289111.mp4
carried-forward  1299322238926571 c0  → https://pub-893b4a6a607b4221a894bf861da7914e.r2.dev/1299322238926571.mp4
carried-forward  1445137293761554 c0  → https://pub-893b4a6a607b4221a894bf861da7914e.r2.dev/1445137293761554.mp4
carried-forward  1263111225719321 c0  → https://pub-893b4a6a607b4221a894bf861da7914e.r2.dev/1263111225719321.mp4
carried-forward  1421135246404699 c0  → https://pub-893b4a6a607b4221a894bf861da7914e.r2.dev/1421135246404699.mp4
carried-forward  1428345402211481 c0  → https://pub-893b4a6a607b4221a894bf861da7914e.r2.dev/1428345402211481.mp4
carried-forward  1446451490465131 c0  → https://pub-893b4a6a607b4221a894bf861da7914e.r2.dev/1446451490465131.mp4
carried-forward  834079296351372 c0  → https://pub-893b4a6a607b4221a894bf861da7914e.r2.dev/834079296351372.mp4
carried-forward  906064629056046 c0  → https://pub-893b4a6a607b4221a894bf861da7914e.r2.dev/906064629056046.mp4
carried-forward  1241603491508608 c0  → https://pub-893b4a6a607b4221a894bf861da7914e.r2.dev/1241603491508608.mp4
carried-forward  1424324155822363 c0  → https://pub-893b4a6a607b4221a894bf861da7914e.r2.dev/1424324155822363.mp4
carried-forward  937128972045324 c0  → https://pub-893b4a6a607b4221a894bf861da7914e.r2.dev/937128972045324.mp4
carried-forward  1345444240674582 c0  → https://pub-893b4a6a607b4221a894bf861da7914e.r2.dev/1345444240674582.mp4
