# Step 3 run log (Google pipeline)
# competitor : mysivi
# started_at : 2026-06-01T23:10:12
# input      : inputs/g-ads-mysivi-2026-06-01.csv
# videos     : videos/mysivi-2026-06-01
# images     : images/mysivi-2026-06-01
# master     : master/mysivi.csv  (updated)
# enriched   : inputs/g-ads-mysivi-2026-06-01_enriched.csv
# bucket     : video-ads
# public_base: https://pub-893b4a6a607b4221a894bf861da7914e.r2.dev
# dry_run    : False
#
# counts     : {'uploaded-video': 0, 'uploaded-image': 0, 'carried-forward': 14, 'text-no-asset': 1, 'asset-missing': 556, 'unsupported': 0, 'no-creative': 0, 'scrape-error': 0, 'error': 0}
#
asset-missing    CR00040292024506646529  (expected local file not found; will upsert on next Step 3 run after Step 2 produces the file)
asset-missing    CR00040292024506646529  (expected local file not found; will upsert on next Step 3 run after Step 2 produces the file)
asset-missing    CR00040292024506646529  (expected local file not found; will upsert on next Step 3 run after Step 2 produces the file)
asset-missing    CR00080860868245454849  (expected local file not found; will upsert on next Step 3 run after Step 2 produces the file)
asset-missing    CR00080860868245454849  (expected local file not found; will upsert on next Step 3 run after Step 2 produces the file)
asset-missing    CR00080860868245454849  (expected local file not found; will upsert on next Step 3 run after Step 2 produces the file)
asset-missing    CR00080860868245454849  (expected local file not found; will upsert on next Step 3 run after Step 2 produces the file)
asset-missing    CR00202131314252447745  (expected local file not found; will upsert on next Step 3 run after Step 2 produces the file)
asset-missing    CR00202131314252447745  (expected local file not found; will upsert on next Step 3 run after Step 2 produces the file)
asset-missing    CR00202131314252447745  (expected local file not found; will upsert on next Step 3 run after Step 2 produces the file)
asset-missing    CR00202131314252447745  (expected local file not found; will upsert on next Step 3 run after Step 2 produces the file)
asset-missing    CR00356683599275098113  (expected local file not found; will upsert on next Step 3 run after Step 2 produces the file)
asset-missing    CR00356683599275098113  (expected local file not found; will upsert on next Step 3 run after Step 2 produces the file)
asset-missing    CR00356683599275098113  (expected local file not found; will upsert on next Step 3 run after Step 2 produces the file)
asset-missing    CR00374679349036580865  (expected local file not found; will upsert on next Step 3 run after Step 2 produces the file)
asset-missing    CR00374679349036580865  (expected local file not found; will upsert on next Step 3 run after Step 2 produces the file)
asset-missing    CR00374679349036580865  (expected local file not found; will upsert on next Step 3 run after Step 2 produces the file)
asset-missing    CR00426987352007639041  (expected local file not found; will upsert on next Step 3 run after Step 2 produces the file)
asset-missing    CR00426987352007639041  (expected local file not found; will upsert on next Step 3 run after Step 2 produces the file)
asset-missing    CR00426987352007639041  (expected local file not found; will upsert on next Step 3 run after Step 2 produces the file)
asset-missing    CR00426987352007639041  (expected local file not found; will upsert on next Step 3 run after Step 2 produces the file)
asset-missing    CR00521681553999265793  (expected local file not found; will upsert on next Step 3 run after Step 2 produces the file)
asset-missing    CR00521681553999265793  (expected local file not found; will upsert on next Step 3 run after Step 2 produces the file)
asset-missing    CR00521681553999265793  (expected local file not found; will upsert on next Step 3 run after Step 2 produces the file)
asset-missing    CR00521681553999265793  (expected local file not found; will upsert on next Step 3 run after Step 2 produces the file)
asset-missing    CR00703816754651987969  (expected local file not found; will upsert on next Step 3 run after Step 2 produces the file)
asset-missing    CR00703816754651987969  (expected local file not found; will upsert on next Step 3 run after Step 2 produces the file)
asset-missing    CR00703816754651987969  (expected local file not found; will upsert on next Step 3 run after Step 2 produces the file)
asset-missing    CR00703816754651987969  (expected local file not found; will upsert on next Step 3 run after Step 2 produces the file)
asset-missing    CR00726059943601373185  (expected local file not found; will upsert on next Step 3 run after Step 2 produces the file)
asset-missing    CR00726059943601373185  (expected local file not found; will upsert on next Step 3 run after Step 2 produces the file)
asset-missing    CR00726059943601373185  (expected local file not found; will upsert on next Step 3 run after Step 2 produces the file)
asset-missing    CR00843402298418790401  (expected local file not found; will upsert on next Step 3 run after Step 2 produces the file)
asset-missing    CR00843402298418790401  (expected local file not found; will upsert on next Step 3 run after Step 2 produces the file)
asset-missing    CR00843402298418790401  (expected local file not found; will upsert on next Step 3 run after Step 2 produces the file)
asset-missing    CR00860993548160335873  (expected local file not found; will upsert on next Step 3 run after Step 2 produces the file)
asset-missing    CR00860993548160335873  (expected local file not found; will upsert on next Step 3 run after Step 2 produces the file)
asset-missing    CR00860993548160335873  (expected local file not found; will upsert on next Step 3 run after Step 2 produces the file)
asset-missing    CR00860993548160335873  (expected local file not found; will upsert on next Step 3 run after Step 2 produces the file)
asset-missing    CR01241396645493473281  (expected local file not found; will upsert on next Step 3 run after Step 2 produces the file)
asset-missing    CR01241396645493473281  (expected local file not found; will upsert on next Step 3 run after Step 2 produces the file)
asset-missing    CR01241396645493473281  (expected local file not found; will upsert on next Step 3 run after Step 2 produces the file)
asset-missing    CR01241396645493473281  (expected local file not found; will upsert on next Step 3 run after Step 2 produces the file)
carried-forward  CR01282886948695834625 v0  → https://pub-893b4a6a607b4221a894bf861da7914e.r2.dev/g_CR01282886948695834625.jpg
asset-missing    CR01304809423847292929  (expected local file not found; will upsert on next Step 3 run after Step 2 produces the file)
asset-missing    CR01304809423847292929  (expected local file not found; will upsert on next Step 3 run after Step 2 produces the file)
asset-missing    CR01304809423847292929  (expected local file not found; will upsert on next Step 3 run after Step 2 produces the file)
asset-missing    CR01304809423847292929  (expected local file not found; will upsert on next Step 3 run after Step 2 produces the file)
asset-missing    CR01304809423847292929  (expected local file not found; will upsert on next Step 3 run after Step 2 produces the file)
carried-forward  CR01362799453802594305 v0  → https://pub-893b4a6a607b4221a894bf861da7914e.r2.dev/g_CR01362799453802594305.jpg
carried-forward  CR01362799453802594305 v1  → https://pub-893b4a6a607b4221a894bf861da7914e.r2.dev/g_CR01362799453802594305.jpg
carried-forward  CR01362799453802594305 v2  → https://pub-893b4a6a607b4221a894bf861da7914e.r2.dev/g_CR01362799453802594305.jpg
asset-missing    CR01621832135469957121  (expected local file not found; will upsert on next Step 3 run after Step 2 produces the file)
asset-missing    CR01621832135469957121  (expected local file not found; will upsert on next Step 3 run after Step 2 produces the file)
asset-missing    CR01621832135469957121  (expected local file not found; will upsert on next Step 3 run after Step 2 produces the file)
asset-missing    CR01621832135469957121  (expected local file not found; will upsert on next Step 3 run after Step 2 produces the file)
asset-missing    CR01621832135469957121  (expected local file not found; will upsert on next Step 3 run after Step 2 produces the file)
asset-missing    CR01697097348523491329  (expected local file not found; will upsert on next Step 3 run after Step 2 produces the file)
asset-missing    CR01697097348523491329  (expected local file not found; will upsert on next Step 3 run after Step 2 produces the file)
asset-missing    CR01697097348523491329  (expected local file not found; will upsert on next Step 3 run after Step 2 produces the file)
asset-missing    CR01697097348523491329  (expected local file not found; will upsert on next Step 3 run after Step 2 produces the file)
asset-missing    CR01810583028867530753  (expected local file not found; will upsert on next Step 3 run after Step 2 produces the file)
asset-missing    CR01810583028867530753  (expected local file not found; will upsert on next Step 3 run after Step 2 produces the file)
asset-missing    CR01810583028867530753  (expected local file not found; will upsert on next Step 3 run after Step 2 produces the file)
asset-missing    CR01810583028867530753  (expected local file not found; will upsert on next Step 3 run after Step 2 produces the file)
asset-missing    CR01948288064153452545  (expected local file not found; will upsert on next Step 3 run after Step 2 produces the file)
asset-missing    CR01948288064153452545  (expected local file not found; will upsert on next Step 3 run after Step 2 produces the file)
asset-missing    CR01948288064153452545  (expected local file not found; will upsert on next Step 3 run after Step 2 produces the file)
asset-missing    CR01948288064153452545  (expected local file not found; will upsert on next Step 3 run after Step 2 produces the file)
asset-missing    CR01948288064153452545  (expected local file not found; will upsert on next Step 3 run after Step 2 produces the file)
asset-missing    CR02000079459868213249  (expected local file not found; will upsert on next Step 3 run after Step 2 produces the file)
asset-missing    CR02000079459868213249  (expected local file not found; will upsert on next Step 3 run after Step 2 produces the file)
asset-missing    CR02280664888722325505  (expected local file not found; will upsert on next Step 3 run after Step 2 produces the file)
asset-missing    CR02280664888722325505  (expected local file not found; will upsert on next Step 3 run after Step 2 produces the file)
asset-missing    CR02280664888722325505  (expected local file not found; will upsert on next Step 3 run after Step 2 produces the file)
asset-missing    CR02280664888722325505  (expected local file not found; will upsert on next Step 3 run after Step 2 produces the file)
asset-missing    CR02292858000227958785  (expected local file not found; will upsert on next Step 3 run after Step 2 produces the file)
asset-missing    CR02292858000227958785  (expected local file not found; will upsert on next Step 3 run after Step 2 produces the file)
asset-missing    CR02292858000227958785  (expected local file not found; will upsert on next Step 3 run after Step 2 produces the file)
asset-missing    CR02292858000227958785  (expected local file not found; will upsert on next Step 3 run after Step 2 produces the file)
asset-missing    CR02352052854409134081  (expected local file not found; will upsert on next Step 3 run after Step 2 produces the file)
asset-missing    CR02352052854409134081  (expected local file not found; will upsert on next Step 3 run after Step 2 produces the file)
asset-missing    CR02578210301614751745  (expected local file not found; will upsert on next Step 3 run after Step 2 produces the file)
asset-missing    CR02578210301614751745  (expected local file not found; will upsert on next Step 3 run after Step 2 produces the file)
asset-missing    CR02578210301614751745  (expected local file not found; will upsert on next Step 3 run after Step 2 produces the file)
asset-missing    CR02719062826374135809  (expected local file not found; will upsert on next Step 3 run after Step 2 produces the file)
asset-missing    CR02719062826374135809  (expected local file not found; will upsert on next Step 3 run after Step 2 produces the file)
asset-missing    CR02719062826374135809  (expected local file not found; will upsert on next Step 3 run after Step 2 produces the file)
asset-missing    CR02719062826374135809  (expected local file not found; will upsert on next Step 3 run after Step 2 produces the file)
asset-missing    CR02719062826374135809  (expected local file not found; will upsert on next Step 3 run after Step 2 produces the file)
asset-missing    CR02725022660433018881  (expected local file not found; will upsert on next Step 3 run after Step 2 produces the file)
asset-missing    CR02725022660433018881  (expected local file not found; will upsert on next Step 3 run after Step 2 produces the file)
asset-missing    CR02725022660433018881  (expected local file not found; will upsert on next Step 3 run after Step 2 produces the file)
carried-forward  CR02944692808646131713 v0  → https://pub-893b4a6a607b4221a894bf861da7914e.r2.dev/g_CR02944692808646131713.mp4
asset-missing    CR02944692808646131713  (expected local file not found; will upsert on next Step 3 run after Step 2 produces the file)
asset-missing    CR03041052427156455425  (expected local file not found; will upsert on next Step 3 run after Step 2 produces the file)
asset-missing    CR03041052427156455425  (expected local file not found; will upsert on next Step 3 run after Step 2 produces the file)
asset-missing    CR03041052427156455425  (expected local file not found; will upsert on next Step 3 run after Step 2 produces the file)
asset-missing    CR03359961213537615873  (expected local file not found; will upsert on next Step 3 run after Step 2 produces the file)
asset-missing    CR03359961213537615873  (expected local file not found; will upsert on next Step 3 run after Step 2 produces the file)
asset-missing    CR03359961213537615873  (expected local file not found; will upsert on next Step 3 run after Step 2 produces the file)
asset-missing    CR03359961213537615873  (expected local file not found; will upsert on next Step 3 run after Step 2 produces the file)
asset-missing    CR03379897730171142145  (expected local file not found; will upsert on next Step 3 run after Step 2 produces the file)
asset-missing    CR03379897730171142145  (expected local file not found; will upsert on next Step 3 run after Step 2 produces the file)
asset-missing    CR03379897730171142145  (expected local file not found; will upsert on next Step 3 run after Step 2 produces the file)
asset-missing    CR03379897730171142145  (expected local file not found; will upsert on next Step 3 run after Step 2 produces the file)
asset-missing    CR03611905025913126913  (expected local file not found; will upsert on next Step 3 run after Step 2 produces the file)
asset-missing    CR03679388926457413633  (expected local file not found; will upsert on next Step 3 run after Step 2 produces the file)
asset-missing    CR03679388926457413633  (expected local file not found; will upsert on next Step 3 run after Step 2 produces the file)
asset-missing    CR03679388926457413633  (expected local file not found; will upsert on next Step 3 run after Step 2 produces the file)
asset-missing    CR03679388926457413633  (expected local file not found; will upsert on next Step 3 run after Step 2 produces the file)
asset-missing    CR03714334867731775489  (expected local file not found; will upsert on next Step 3 run after Step 2 produces the file)
asset-missing    CR03714334867731775489  (expected local file not found; will upsert on next Step 3 run after Step 2 produces the file)
asset-missing    CR03714334867731775489  (expected local file not found; will upsert on next Step 3 run after Step 2 produces the file)
asset-missing    CR03714334867731775489  (expected local file not found; will upsert on next Step 3 run after Step 2 produces the file)
asset-missing    CR04267229787317075969  (expected local file not found; will upsert on next Step 3 run after Step 2 produces the file)
asset-missing    CR04267229787317075969  (expected local file not found; will upsert on next Step 3 run after Step 2 produces the file)
asset-missing    CR04267229787317075969  (expected local file not found; will upsert on next Step 3 run after Step 2 produces the file)
asset-missing    CR04267229787317075969  (expected local file not found; will upsert on next Step 3 run after Step 2 produces the file)
asset-missing    CR04442344606226448385  (expected local file not found; will upsert on next Step 3 run after Step 2 produces the file)
asset-missing    CR04442344606226448385  (expected local file not found; will upsert on next Step 3 run after Step 2 produces the file)
asset-missing    CR04442344606226448385  (expected local file not found; will upsert on next Step 3 run after Step 2 produces the file)
carried-forward  CR04503504528204627969 v0  → https://pub-893b4a6a607b4221a894bf861da7914e.r2.dev/g_CR04503504528204627969.mp4
asset-missing    CR04503504528204627969  (expected local file not found; will upsert on next Step 3 run after Step 2 produces the file)
asset-missing    CR04808896356720574465  (expected local file not found; will upsert on next Step 3 run after Step 2 produces the file)
asset-missing    CR04808896356720574465  (expected local file not found; will upsert on next Step 3 run after Step 2 produces the file)
asset-missing    CR04808896356720574465  (expected local file not found; will upsert on next Step 3 run after Step 2 produces the file)
asset-missing    CR04808896356720574465  (expected local file not found; will upsert on next Step 3 run after Step 2 produces the file)
asset-missing    CR04959480521458450433  (expected local file not found; will upsert on next Step 3 run after Step 2 produces the file)
asset-missing    CR04959480521458450433  (expected local file not found; will upsert on next Step 3 run after Step 2 produces the file)
asset-missing    CR04959480521458450433  (expected local file not found; will upsert on next Step 3 run after Step 2 produces the file)
asset-missing    CR04959480521458450433  (expected local file not found; will upsert on next Step 3 run after Step 2 produces the file)
asset-missing    CR05037975111831912449  (expected local file not found; will upsert on next Step 3 run after Step 2 produces the file)
asset-missing    CR05037975111831912449  (expected local file not found; will upsert on next Step 3 run after Step 2 produces the file)
asset-missing    CR05037975111831912449  (expected local file not found; will upsert on next Step 3 run after Step 2 produces the file)
asset-missing    CR05037975111831912449  (expected local file not found; will upsert on next Step 3 run after Step 2 produces the file)
asset-missing    CR05037975111831912449  (expected local file not found; will upsert on next Step 3 run after Step 2 produces the file)
asset-missing    CR05056138382497808385  (expected local file not found; will upsert on next Step 3 run after Step 2 produces the file)
asset-missing    CR05056138382497808385  (expected local file not found; will upsert on next Step 3 run after Step 2 produces the file)
asset-missing    CR05056138382497808385  (expected local file not found; will upsert on next Step 3 run after Step 2 produces the file)
asset-missing    CR05056138382497808385  (expected local file not found; will upsert on next Step 3 run after Step 2 produces the file)
asset-missing    CR05132609759807012865  (expected local file not found; will upsert on next Step 3 run after Step 2 produces the file)
asset-missing    CR05132609759807012865  (expected local file not found; will upsert on next Step 3 run after Step 2 produces the file)
asset-missing    CR05132609759807012865  (expected local file not found; will upsert on next Step 3 run after Step 2 produces the file)
asset-missing    CR05212164141950697473  (expected local file not found; will upsert on next Step 3 run after Step 2 produces the file)
asset-missing    CR05212164141950697473  (expected local file not found; will upsert on next Step 3 run after Step 2 produces the file)
asset-missing    CR05212164141950697473  (expected local file not found; will upsert on next Step 3 run after Step 2 produces the file)
asset-missing    CR05212164141950697473  (expected local file not found; will upsert on next Step 3 run after Step 2 produces the file)
asset-missing    CR05286711786228154369  (expected local file not found; will upsert on next Step 3 run after Step 2 produces the file)
asset-missing    CR05286711786228154369  (expected local file not found; will upsert on next Step 3 run after Step 2 produces the file)
asset-missing    CR05286711786228154369  (expected local file not found; will upsert on next Step 3 run after Step 2 produces the file)
asset-missing    CR05294247040061014017  (expected local file not found; will upsert on next Step 3 run after Step 2 produces the file)
asset-missing    CR05294247040061014017  (expected local file not found; will upsert on next Step 3 run after Step 2 produces the file)
asset-missing    CR05294247040061014017  (expected local file not found; will upsert on next Step 3 run after Step 2 produces the file)
asset-missing    CR05294247040061014017  (expected local file not found; will upsert on next Step 3 run after Step 2 produces the file)
asset-missing    CR05345301805934837761  (expected local file not found; will upsert on next Step 3 run after Step 2 produces the file)
asset-missing    CR05345301805934837761  (expected local file not found; will upsert on next Step 3 run after Step 2 produces the file)
asset-missing    CR05345301805934837761  (expected local file not found; will upsert on next Step 3 run after Step 2 produces the file)
asset-missing    CR05353549448813215745  (expected local file not found; will upsert on next Step 3 run after Step 2 produces the file)
asset-missing    CR05353549448813215745  (expected local file not found; will upsert on next Step 3 run after Step 2 produces the file)
asset-missing    CR05353549448813215745  (expected local file not found; will upsert on next Step 3 run after Step 2 produces the file)
asset-missing    CR05353549448813215745  (expected local file not found; will upsert on next Step 3 run after Step 2 produces the file)
asset-missing    CR05579308323053764609  (expected local file not found; will upsert on next Step 3 run after Step 2 produces the file)
asset-missing    CR05579308323053764609  (expected local file not found; will upsert on next Step 3 run after Step 2 produces the file)
asset-missing    CR05579308323053764609  (expected local file not found; will upsert on next Step 3 run after Step 2 produces the file)
asset-missing    CR05579308323053764609  (expected local file not found; will upsert on next Step 3 run after Step 2 produces the file)
asset-missing    CR05600036659857981441  (expected local file not found; will upsert on next Step 3 run after Step 2 produces the file)
asset-missing    CR05600036659857981441  (expected local file not found; will upsert on next Step 3 run after Step 2 produces the file)
asset-missing    CR05600036659857981441  (expected local file not found; will upsert on next Step 3 run after Step 2 produces the file)
asset-missing    CR05600036659857981441  (expected local file not found; will upsert on next Step 3 run after Step 2 produces the file)
asset-missing    CR05635146333875601409  (expected local file not found; will upsert on next Step 3 run after Step 2 produces the file)
asset-missing    CR05635146333875601409  (expected local file not found; will upsert on next Step 3 run after Step 2 produces the file)
asset-missing    CR05635146333875601409  (expected local file not found; will upsert on next Step 3 run after Step 2 produces the file)
asset-missing    CR05635146333875601409  (expected local file not found; will upsert on next Step 3 run after Step 2 produces the file)
asset-missing    CR05803348385742192641  (expected local file not found; will upsert on next Step 3 run after Step 2 produces the file)
asset-missing    CR05803348385742192641  (expected local file not found; will upsert on next Step 3 run after Step 2 produces the file)
asset-missing    CR05803348385742192641  (expected local file not found; will upsert on next Step 3 run after Step 2 produces the file)
asset-missing    CR05803348385742192641  (expected local file not found; will upsert on next Step 3 run after Step 2 produces the file)
asset-missing    CR06114939260815540225  (expected local file not found; will upsert on next Step 3 run after Step 2 produces the file)
asset-missing    CR06114939260815540225  (expected local file not found; will upsert on next Step 3 run after Step 2 produces the file)
asset-missing    CR06114939260815540225  (expected local file not found; will upsert on next Step 3 run after Step 2 produces the file)
asset-missing    CR06118408769756987393  (expected local file not found; will upsert on next Step 3 run after Step 2 produces the file)
asset-missing    CR06118408769756987393  (expected local file not found; will upsert on next Step 3 run after Step 2 produces the file)
asset-missing    CR06118408769756987393  (expected local file not found; will upsert on next Step 3 run after Step 2 produces the file)
asset-missing    CR06118408769756987393  (expected local file not found; will upsert on next Step 3 run after Step 2 produces the file)
asset-missing    CR06118408769756987393  (expected local file not found; will upsert on next Step 3 run after Step 2 produces the file)
asset-missing    CR06118408769756987393  (expected local file not found; will upsert on next Step 3 run after Step 2 produces the file)
asset-missing    CR06200431649994309633  (expected local file not found; will upsert on next Step 3 run after Step 2 produces the file)
asset-missing    CR06200431649994309633  (expected local file not found; will upsert on next Step 3 run after Step 2 produces the file)
asset-missing    CR06200431649994309633  (expected local file not found; will upsert on next Step 3 run after Step 2 produces the file)
asset-missing    CR06200431649994309633  (expected local file not found; will upsert on next Step 3 run after Step 2 produces the file)
asset-missing    CR06200431649994309633  (expected local file not found; will upsert on next Step 3 run after Step 2 produces the file)
asset-missing    CR06742815444576501761  (expected local file not found; will upsert on next Step 3 run after Step 2 produces the file)
asset-missing    CR06742815444576501761  (expected local file not found; will upsert on next Step 3 run after Step 2 produces the file)
asset-missing    CR06742815444576501761  (expected local file not found; will upsert on next Step 3 run after Step 2 produces the file)
asset-missing    CR06742815444576501761  (expected local file not found; will upsert on next Step 3 run after Step 2 produces the file)
asset-missing    CR06848845680169975809  (expected local file not found; will upsert on next Step 3 run after Step 2 produces the file)
asset-missing    CR06848845680169975809  (expected local file not found; will upsert on next Step 3 run after Step 2 produces the file)
asset-missing    CR06848845680169975809  (expected local file not found; will upsert on next Step 3 run after Step 2 produces the file)
asset-missing    CR06848845680169975809  (expected local file not found; will upsert on next Step 3 run after Step 2 produces the file)
asset-missing    CR06894171947513413633  (expected local file not found; will upsert on next Step 3 run after Step 2 produces the file)
asset-missing    CR06894171947513413633  (expected local file not found; will upsert on next Step 3 run after Step 2 produces the file)
asset-missing    CR06894171947513413633  (expected local file not found; will upsert on next Step 3 run after Step 2 produces the file)
asset-missing    CR06921612527927296001  (expected local file not found; will upsert on next Step 3 run after Step 2 produces the file)
asset-missing    CR06921612527927296001  (expected local file not found; will upsert on next Step 3 run after Step 2 produces the file)
asset-missing    CR06921612527927296001  (expected local file not found; will upsert on next Step 3 run after Step 2 produces the file)
asset-missing    CR06921612527927296001  (expected local file not found; will upsert on next Step 3 run after Step 2 produces the file)
asset-missing    CR06921612527927296001  (expected local file not found; will upsert on next Step 3 run after Step 2 produces the file)
asset-missing    CR07014545930766516225  (expected local file not found; will upsert on next Step 3 run after Step 2 produces the file)
asset-missing    CR07014545930766516225  (expected local file not found; will upsert on next Step 3 run after Step 2 produces the file)
asset-missing    CR07014545930766516225  (expected local file not found; will upsert on next Step 3 run after Step 2 produces the file)
asset-missing    CR07058426752636289025  (expected local file not found; will upsert on next Step 3 run after Step 2 produces the file)
asset-missing    CR07058426752636289025  (expected local file not found; will upsert on next Step 3 run after Step 2 produces the file)
asset-missing    CR07058426752636289025  (expected local file not found; will upsert on next Step 3 run after Step 2 produces the file)
asset-missing    CR07058426752636289025  (expected local file not found; will upsert on next Step 3 run after Step 2 produces the file)
asset-missing    CR07058426752636289025  (expected local file not found; will upsert on next Step 3 run after Step 2 produces the file)
asset-missing    CR07153038491255832577  (expected local file not found; will upsert on next Step 3 run after Step 2 produces the file)
asset-missing    CR07153038491255832577  (expected local file not found; will upsert on next Step 3 run after Step 2 produces the file)
asset-missing    CR07153038491255832577  (expected local file not found; will upsert on next Step 3 run after Step 2 produces the file)
asset-missing    CR07153038491255832577  (expected local file not found; will upsert on next Step 3 run after Step 2 produces the file)
asset-missing    CR07200835636104790017  (expected local file not found; will upsert on next Step 3 run after Step 2 produces the file)
asset-missing    CR07200835636104790017  (expected local file not found; will upsert on next Step 3 run after Step 2 produces the file)
asset-missing    CR07200835636104790017  (expected local file not found; will upsert on next Step 3 run after Step 2 produces the file)
asset-missing    CR07200835636104790017  (expected local file not found; will upsert on next Step 3 run after Step 2 produces the file)
asset-missing    CR07215400557400293377  (expected local file not found; will upsert on next Step 3 run after Step 2 produces the file)
asset-missing    CR07215400557400293377  (expected local file not found; will upsert on next Step 3 run after Step 2 produces the file)
asset-missing    CR07215400557400293377  (expected local file not found; will upsert on next Step 3 run after Step 2 produces the file)
asset-missing    CR07215400557400293377  (expected local file not found; will upsert on next Step 3 run after Step 2 produces the file)
asset-missing    CR07301036192328318977  (expected local file not found; will upsert on next Step 3 run after Step 2 produces the file)
asset-missing    CR07301036192328318977  (expected local file not found; will upsert on next Step 3 run after Step 2 produces the file)
asset-missing    CR07301036192328318977  (expected local file not found; will upsert on next Step 3 run after Step 2 produces the file)
asset-missing    CR07301036192328318977  (expected local file not found; will upsert on next Step 3 run after Step 2 produces the file)
asset-missing    CR07549967987088818177  (expected local file not found; will upsert on next Step 3 run after Step 2 produces the file)
asset-missing    CR07549967987088818177  (expected local file not found; will upsert on next Step 3 run after Step 2 produces the file)
asset-missing    CR07549967987088818177  (expected local file not found; will upsert on next Step 3 run after Step 2 produces the file)
asset-missing    CR07549967987088818177  (expected local file not found; will upsert on next Step 3 run after Step 2 produces the file)
asset-missing    CR07607579931073052673  (expected local file not found; will upsert on next Step 3 run after Step 2 produces the file)
asset-missing    CR07607579931073052673  (expected local file not found; will upsert on next Step 3 run after Step 2 produces the file)
asset-missing    CR07607579931073052673  (expected local file not found; will upsert on next Step 3 run after Step 2 produces the file)
asset-missing    CR07607579931073052673  (expected local file not found; will upsert on next Step 3 run after Step 2 produces the file)
asset-missing    CR07649973903984427009  (expected local file not found; will upsert on next Step 3 run after Step 2 produces the file)
asset-missing    CR07649973903984427009  (expected local file not found; will upsert on next Step 3 run after Step 2 produces the file)
asset-missing    CR07649973903984427009  (expected local file not found; will upsert on next Step 3 run after Step 2 produces the file)
asset-missing    CR07806690079430148097  (expected local file not found; will upsert on next Step 3 run after Step 2 produces the file)
asset-missing    CR07806690079430148097  (expected local file not found; will upsert on next Step 3 run after Step 2 produces the file)
asset-missing    CR07806690079430148097  (expected local file not found; will upsert on next Step 3 run after Step 2 produces the file)
asset-missing    CR07806690079430148097  (expected local file not found; will upsert on next Step 3 run after Step 2 produces the file)
asset-missing    CR07806690079430148097  (expected local file not found; will upsert on next Step 3 run after Step 2 produces the file)
asset-missing    CR07912052533508440065  (expected local file not found; will upsert on next Step 3 run after Step 2 produces the file)
asset-missing    CR07912052533508440065  (expected local file not found; will upsert on next Step 3 run after Step 2 produces the file)
asset-missing    CR07912052533508440065  (expected local file not found; will upsert on next Step 3 run after Step 2 produces the file)
asset-missing    CR07912052533508440065  (expected local file not found; will upsert on next Step 3 run after Step 2 produces the file)
asset-missing    CR07912052533508440065  (expected local file not found; will upsert on next Step 3 run after Step 2 produces the file)
asset-missing    CR07970046343034961921  (expected local file not found; will upsert on next Step 3 run after Step 2 produces the file)
asset-missing    CR07970046343034961921  (expected local file not found; will upsert on next Step 3 run after Step 2 produces the file)
asset-missing    CR07970046343034961921  (expected local file not found; will upsert on next Step 3 run after Step 2 produces the file)
asset-missing    CR07970046343034961921  (expected local file not found; will upsert on next Step 3 run after Step 2 produces the file)
asset-missing    CR07982494395209351169  (expected local file not found; will upsert on next Step 3 run after Step 2 produces the file)
asset-missing    CR07982494395209351169  (expected local file not found; will upsert on next Step 3 run after Step 2 produces the file)
asset-missing    CR07982494395209351169  (expected local file not found; will upsert on next Step 3 run after Step 2 produces the file)
asset-missing    CR07982494395209351169  (expected local file not found; will upsert on next Step 3 run after Step 2 produces the file)
asset-missing    CR08014230698833477633  (expected local file not found; will upsert on next Step 3 run after Step 2 produces the file)
asset-missing    CR08014230698833477633  (expected local file not found; will upsert on next Step 3 run after Step 2 produces the file)
asset-missing    CR08014230698833477633  (expected local file not found; will upsert on next Step 3 run after Step 2 produces the file)
asset-missing    CR08023856235939889153  (expected local file not found; will upsert on next Step 3 run after Step 2 produces the file)
asset-missing    CR08023856235939889153  (expected local file not found; will upsert on next Step 3 run after Step 2 produces the file)
asset-missing    CR08023856235939889153  (expected local file not found; will upsert on next Step 3 run after Step 2 produces the file)
asset-missing    CR08023856235939889153  (expected local file not found; will upsert on next Step 3 run after Step 2 produces the file)
asset-missing    CR08023856235939889153  (expected local file not found; will upsert on next Step 3 run after Step 2 produces the file)
asset-missing    CR08321099240185004033  (expected local file not found; will upsert on next Step 3 run after Step 2 produces the file)
asset-missing    CR08321099240185004033  (expected local file not found; will upsert on next Step 3 run after Step 2 produces the file)
asset-missing    CR08321099240185004033  (expected local file not found; will upsert on next Step 3 run after Step 2 produces the file)
asset-missing    CR08321099240185004033  (expected local file not found; will upsert on next Step 3 run after Step 2 produces the file)
asset-missing    CR08354442986859266049  (expected local file not found; will upsert on next Step 3 run after Step 2 produces the file)
asset-missing    CR08354442986859266049  (expected local file not found; will upsert on next Step 3 run after Step 2 produces the file)
asset-missing    CR08354442986859266049  (expected local file not found; will upsert on next Step 3 run after Step 2 produces the file)
asset-missing    CR08354442986859266049  (expected local file not found; will upsert on next Step 3 run after Step 2 produces the file)
asset-missing    CR08554145565825302529  (expected local file not found; will upsert on next Step 3 run after Step 2 produces the file)
asset-missing    CR08554145565825302529  (expected local file not found; will upsert on next Step 3 run after Step 2 produces the file)
asset-missing    CR08554145565825302529  (expected local file not found; will upsert on next Step 3 run after Step 2 produces the file)
asset-missing    CR08554145565825302529  (expected local file not found; will upsert on next Step 3 run after Step 2 produces the file)
asset-missing    CR08608946161656528897  (expected local file not found; will upsert on next Step 3 run after Step 2 produces the file)
asset-missing    CR08608946161656528897  (expected local file not found; will upsert on next Step 3 run after Step 2 produces the file)
asset-missing    CR08608946161656528897  (expected local file not found; will upsert on next Step 3 run after Step 2 produces the file)
asset-missing    CR08646403980194217985  (expected local file not found; will upsert on next Step 3 run after Step 2 produces the file)
asset-missing    CR08646403980194217985  (expected local file not found; will upsert on next Step 3 run after Step 2 produces the file)
asset-missing    CR08646403980194217985  (expected local file not found; will upsert on next Step 3 run after Step 2 produces the file)
asset-missing    CR08646403980194217985  (expected local file not found; will upsert on next Step 3 run after Step 2 produces the file)
asset-missing    CR08646403980194217985  (expected local file not found; will upsert on next Step 3 run after Step 2 produces the file)
asset-missing    CR08725913789167304705  (expected local file not found; will upsert on next Step 3 run after Step 2 produces the file)
asset-missing    CR08725913789167304705  (expected local file not found; will upsert on next Step 3 run after Step 2 produces the file)
asset-missing    CR08725913789167304705  (expected local file not found; will upsert on next Step 3 run after Step 2 produces the file)
asset-missing    CR08725913789167304705  (expected local file not found; will upsert on next Step 3 run after Step 2 produces the file)
asset-missing    CR08817339624125890561  (expected local file not found; will upsert on next Step 3 run after Step 2 produces the file)
asset-missing    CR08817339624125890561  (expected local file not found; will upsert on next Step 3 run after Step 2 produces the file)
asset-missing    CR08817339624125890561  (expected local file not found; will upsert on next Step 3 run after Step 2 produces the file)
asset-missing    CR08817339624125890561  (expected local file not found; will upsert on next Step 3 run after Step 2 produces the file)
asset-missing    CR08848692301271138305  (expected local file not found; will upsert on next Step 3 run after Step 2 produces the file)
asset-missing    CR08848692301271138305  (expected local file not found; will upsert on next Step 3 run after Step 2 produces the file)
asset-missing    CR08848692301271138305  (expected local file not found; will upsert on next Step 3 run after Step 2 produces the file)
asset-missing    CR09345366433959247873  (expected local file not found; will upsert on next Step 3 run after Step 2 produces the file)
asset-missing    CR09345366433959247873  (expected local file not found; will upsert on next Step 3 run after Step 2 produces the file)
asset-missing    CR09345366433959247873  (expected local file not found; will upsert on next Step 3 run after Step 2 produces the file)
asset-missing    CR09345366433959247873  (expected local file not found; will upsert on next Step 3 run after Step 2 produces the file)
asset-missing    CR09345366433959247873  (expected local file not found; will upsert on next Step 3 run after Step 2 produces the file)
asset-missing    CR09459151018257285121  (expected local file not found; will upsert on next Step 3 run after Step 2 produces the file)
asset-missing    CR09459151018257285121  (expected local file not found; will upsert on next Step 3 run after Step 2 produces the file)
asset-missing    CR09459151018257285121  (expected local file not found; will upsert on next Step 3 run after Step 2 produces the file)
asset-missing    CR09459151018257285121  (expected local file not found; will upsert on next Step 3 run after Step 2 produces the file)
asset-missing    CR09499031567717105665  (expected local file not found; will upsert on next Step 3 run after Step 2 produces the file)
asset-missing    CR09499031567717105665  (expected local file not found; will upsert on next Step 3 run after Step 2 produces the file)
asset-missing    CR09499031567717105665  (expected local file not found; will upsert on next Step 3 run after Step 2 produces the file)
asset-missing    CR09499031567717105665  (expected local file not found; will upsert on next Step 3 run after Step 2 produces the file)
asset-missing    CR09499031567717105665  (expected local file not found; will upsert on next Step 3 run after Step 2 produces the file)
asset-missing    CR10031492037930385409  (expected local file not found; will upsert on next Step 3 run after Step 2 produces the file)
asset-missing    CR10031492037930385409  (expected local file not found; will upsert on next Step 3 run after Step 2 produces the file)
asset-missing    CR10031492037930385409  (expected local file not found; will upsert on next Step 3 run after Step 2 produces the file)
asset-missing    CR10214324397674594305  (expected local file not found; will upsert on next Step 3 run after Step 2 produces the file)
asset-missing    CR10214324397674594305  (expected local file not found; will upsert on next Step 3 run after Step 2 produces the file)
asset-missing    CR10214324397674594305  (expected local file not found; will upsert on next Step 3 run after Step 2 produces the file)
asset-missing    CR10214324397674594305  (expected local file not found; will upsert on next Step 3 run after Step 2 produces the file)
asset-missing    CR10229427014515818497  (expected local file not found; will upsert on next Step 3 run after Step 2 produces the file)
asset-missing    CR10229427014515818497  (expected local file not found; will upsert on next Step 3 run after Step 2 produces the file)
asset-missing    CR10229427014515818497  (expected local file not found; will upsert on next Step 3 run after Step 2 produces the file)
asset-missing    CR10331137543801667585  (expected local file not found; will upsert on next Step 3 run after Step 2 produces the file)
asset-missing    CR10331137543801667585  (expected local file not found; will upsert on next Step 3 run after Step 2 produces the file)
asset-missing    CR10331137543801667585  (expected local file not found; will upsert on next Step 3 run after Step 2 produces the file)
asset-missing    CR10331137543801667585  (expected local file not found; will upsert on next Step 3 run after Step 2 produces the file)
asset-missing    CR10579649574228459521  (expected local file not found; will upsert on next Step 3 run after Step 2 produces the file)
asset-missing    CR10579649574228459521  (expected local file not found; will upsert on next Step 3 run after Step 2 produces the file)
asset-missing    CR10579649574228459521  (expected local file not found; will upsert on next Step 3 run after Step 2 produces the file)
asset-missing    CR10579649574228459521  (expected local file not found; will upsert on next Step 3 run after Step 2 produces the file)
carried-forward  CR10723979880036302849 v0  → https://pub-893b4a6a607b4221a894bf861da7914e.r2.dev/g_CR10723979880036302849.jpg
asset-missing    CR11142920585045082113  (expected local file not found; will upsert on next Step 3 run after Step 2 produces the file)
asset-missing    CR11142920585045082113  (expected local file not found; will upsert on next Step 3 run after Step 2 produces the file)
asset-missing    CR11142920585045082113  (expected local file not found; will upsert on next Step 3 run after Step 2 produces the file)
asset-missing    CR11142920585045082113  (expected local file not found; will upsert on next Step 3 run after Step 2 produces the file)
asset-missing    CR11176165315543302145  (expected local file not found; will upsert on next Step 3 run after Step 2 produces the file)
asset-missing    CR11176165315543302145  (expected local file not found; will upsert on next Step 3 run after Step 2 produces the file)
asset-missing    CR11176165315543302145  (expected local file not found; will upsert on next Step 3 run after Step 2 produces the file)
asset-missing    CR11176165315543302145  (expected local file not found; will upsert on next Step 3 run after Step 2 produces the file)
asset-missing    CR11203510685122166785  (expected local file not found; will upsert on next Step 3 run after Step 2 produces the file)
asset-missing    CR11203510685122166785  (expected local file not found; will upsert on next Step 3 run after Step 2 produces the file)
asset-missing    CR11203510685122166785  (expected local file not found; will upsert on next Step 3 run after Step 2 produces the file)
asset-missing    CR11203510685122166785  (expected local file not found; will upsert on next Step 3 run after Step 2 produces the file)
asset-missing    CR11383191500943785985  (expected local file not found; will upsert on next Step 3 run after Step 2 produces the file)
asset-missing    CR11383191500943785985  (expected local file not found; will upsert on next Step 3 run after Step 2 produces the file)
asset-missing    CR11383191500943785985  (expected local file not found; will upsert on next Step 3 run after Step 2 produces the file)
asset-missing    CR11463094093266026497  (expected local file not found; will upsert on next Step 3 run after Step 2 produces the file)
asset-missing    CR11463094093266026497  (expected local file not found; will upsert on next Step 3 run after Step 2 produces the file)
asset-missing    CR11463094093266026497  (expected local file not found; will upsert on next Step 3 run after Step 2 produces the file)
asset-missing    CR11513262970595442689  (expected local file not found; will upsert on next Step 3 run after Step 2 produces the file)
asset-missing    CR11513262970595442689  (expected local file not found; will upsert on next Step 3 run after Step 2 produces the file)
asset-missing    CR11513262970595442689  (expected local file not found; will upsert on next Step 3 run after Step 2 produces the file)
asset-missing    CR11513262970595442689  (expected local file not found; will upsert on next Step 3 run after Step 2 produces the file)
asset-missing    CR11884472046186397697  (expected local file not found; will upsert on next Step 3 run after Step 2 produces the file)
asset-missing    CR11884472046186397697  (expected local file not found; will upsert on next Step 3 run after Step 2 produces the file)
asset-missing    CR11929589981846175745  (expected local file not found; will upsert on next Step 3 run after Step 2 produces the file)
asset-missing    CR11929589981846175745  (expected local file not found; will upsert on next Step 3 run after Step 2 produces the file)
asset-missing    CR11929589981846175745  (expected local file not found; will upsert on next Step 3 run after Step 2 produces the file)
asset-missing    CR11929589981846175745  (expected local file not found; will upsert on next Step 3 run after Step 2 produces the file)
asset-missing    CR11929589981846175745  (expected local file not found; will upsert on next Step 3 run after Step 2 produces the file)
asset-missing    CR12007664146460966913  (expected local file not found; will upsert on next Step 3 run after Step 2 produces the file)
asset-missing    CR12007664146460966913  (expected local file not found; will upsert on next Step 3 run after Step 2 produces the file)
asset-missing    CR12007664146460966913  (expected local file not found; will upsert on next Step 3 run after Step 2 produces the file)
asset-missing    CR12007664146460966913  (expected local file not found; will upsert on next Step 3 run after Step 2 produces the file)
asset-missing    CR12126851138192408577  (expected local file not found; will upsert on next Step 3 run after Step 2 produces the file)
asset-missing    CR12126851138192408577  (expected local file not found; will upsert on next Step 3 run after Step 2 produces the file)
asset-missing    CR12126851138192408577  (expected local file not found; will upsert on next Step 3 run after Step 2 produces the file)
asset-missing    CR12126851138192408577  (expected local file not found; will upsert on next Step 3 run after Step 2 produces the file)
asset-missing    CR12697472178082283521  (expected local file not found; will upsert on next Step 3 run after Step 2 produces the file)
asset-missing    CR12697472178082283521  (expected local file not found; will upsert on next Step 3 run after Step 2 produces the file)
asset-missing    CR12697472178082283521  (expected local file not found; will upsert on next Step 3 run after Step 2 produces the file)
asset-missing    CR12697472178082283521  (expected local file not found; will upsert on next Step 3 run after Step 2 produces the file)
asset-missing    CR12901464570383564801  (expected local file not found; will upsert on next Step 3 run after Step 2 produces the file)
asset-missing    CR12901464570383564801  (expected local file not found; will upsert on next Step 3 run after Step 2 produces the file)
asset-missing    CR12901464570383564801  (expected local file not found; will upsert on next Step 3 run after Step 2 produces the file)
asset-missing    CR12901464570383564801  (expected local file not found; will upsert on next Step 3 run after Step 2 produces the file)
asset-missing    CR12901464570383564801  (expected local file not found; will upsert on next Step 3 run after Step 2 produces the file)
asset-missing    CR13018947619739664385  (expected local file not found; will upsert on next Step 3 run after Step 2 produces the file)
asset-missing    CR13018947619739664385  (expected local file not found; will upsert on next Step 3 run after Step 2 produces the file)
asset-missing    CR13018947619739664385  (expected local file not found; will upsert on next Step 3 run after Step 2 produces the file)
asset-missing    CR13018947619739664385  (expected local file not found; will upsert on next Step 3 run after Step 2 produces the file)
asset-missing    CR13059207337502310401  (expected local file not found; will upsert on next Step 3 run after Step 2 produces the file)
asset-missing    CR13059207337502310401  (expected local file not found; will upsert on next Step 3 run after Step 2 produces the file)
asset-missing    CR13059207337502310401  (expected local file not found; will upsert on next Step 3 run after Step 2 produces the file)
asset-missing    CR13059207337502310401  (expected local file not found; will upsert on next Step 3 run after Step 2 produces the file)
asset-missing    CR13059207337502310401  (expected local file not found; will upsert on next Step 3 run after Step 2 produces the file)
carried-forward  CR13185899114568613889 v0  → https://pub-893b4a6a607b4221a894bf861da7914e.r2.dev/g_CR13185899114568613889.jpg
carried-forward  CR13185899114568613889 v1  → https://pub-893b4a6a607b4221a894bf861da7914e.r2.dev/g_CR13185899114568613889.jpg
carried-forward  CR13185899114568613889 v2  → https://pub-893b4a6a607b4221a894bf861da7914e.r2.dev/g_CR13185899114568613889.jpg
asset-missing    CR13276385872107798529  (expected local file not found; will upsert on next Step 3 run after Step 2 produces the file)
asset-missing    CR13276385872107798529  (expected local file not found; will upsert on next Step 3 run after Step 2 produces the file)
asset-missing    CR13276385872107798529  (expected local file not found; will upsert on next Step 3 run after Step 2 produces the file)
asset-missing    CR13276385872107798529  (expected local file not found; will upsert on next Step 3 run after Step 2 produces the file)
asset-missing    CR13631751397459361793  (expected local file not found; will upsert on next Step 3 run after Step 2 produces the file)
asset-missing    CR13631751397459361793  (expected local file not found; will upsert on next Step 3 run after Step 2 produces the file)
asset-missing    CR13631751397459361793  (expected local file not found; will upsert on next Step 3 run after Step 2 produces the file)
asset-missing    CR13631751397459361793  (expected local file not found; will upsert on next Step 3 run after Step 2 produces the file)
asset-missing    CR13802194597620744193  (expected local file not found; will upsert on next Step 3 run after Step 2 produces the file)
asset-missing    CR13802194597620744193  (expected local file not found; will upsert on next Step 3 run after Step 2 produces the file)
asset-missing    CR13802194597620744193  (expected local file not found; will upsert on next Step 3 run after Step 2 produces the file)
asset-missing    CR13802194597620744193  (expected local file not found; will upsert on next Step 3 run after Step 2 produces the file)
asset-missing    CR13802194597620744193  (expected local file not found; will upsert on next Step 3 run after Step 2 produces the file)
asset-missing    CR13838613609598418945  (expected local file not found; will upsert on next Step 3 run after Step 2 produces the file)
asset-missing    CR13838613609598418945  (expected local file not found; will upsert on next Step 3 run after Step 2 produces the file)
asset-missing    CR13838613609598418945  (expected local file not found; will upsert on next Step 3 run after Step 2 produces the file)
asset-missing    CR13838613609598418945  (expected local file not found; will upsert on next Step 3 run after Step 2 produces the file)
asset-missing    CR13862778581664399361  (expected local file not found; will upsert on next Step 3 run after Step 2 produces the file)
asset-missing    CR13862778581664399361  (expected local file not found; will upsert on next Step 3 run after Step 2 produces the file)
asset-missing    CR13862778581664399361  (expected local file not found; will upsert on next Step 3 run after Step 2 produces the file)
asset-missing    CR13862778581664399361  (expected local file not found; will upsert on next Step 3 run after Step 2 produces the file)
asset-missing    CR13876541374867701761  (expected local file not found; will upsert on next Step 3 run after Step 2 produces the file)
asset-missing    CR13876541374867701761  (expected local file not found; will upsert on next Step 3 run after Step 2 produces the file)
asset-missing    CR13876541374867701761  (expected local file not found; will upsert on next Step 3 run after Step 2 produces the file)
asset-missing    CR13876541374867701761  (expected local file not found; will upsert on next Step 3 run after Step 2 produces the file)
asset-missing    CR13911443722224009217  (expected local file not found; will upsert on next Step 3 run after Step 2 produces the file)
asset-missing    CR13911443722224009217  (expected local file not found; will upsert on next Step 3 run after Step 2 produces the file)
asset-missing    CR13911443722224009217  (expected local file not found; will upsert on next Step 3 run after Step 2 produces the file)
asset-missing    CR13911443722224009217  (expected local file not found; will upsert on next Step 3 run after Step 2 produces the file)
asset-missing    CR13911443722224009217  (expected local file not found; will upsert on next Step 3 run after Step 2 produces the file)
asset-missing    CR14038620109040254977  (expected local file not found; will upsert on next Step 3 run after Step 2 produces the file)
asset-missing    CR14038620109040254977  (expected local file not found; will upsert on next Step 3 run after Step 2 produces the file)
asset-missing    CR14038620109040254977  (expected local file not found; will upsert on next Step 3 run after Step 2 produces the file)
asset-missing    CR14038620109040254977  (expected local file not found; will upsert on next Step 3 run after Step 2 produces the file)
asset-missing    CR14079136013012172801  (expected local file not found; will upsert on next Step 3 run after Step 2 produces the file)
asset-missing    CR14079136013012172801  (expected local file not found; will upsert on next Step 3 run after Step 2 produces the file)
asset-missing    CR14079136013012172801  (expected local file not found; will upsert on next Step 3 run after Step 2 produces the file)
asset-missing    CR14315073341268951041  (expected local file not found; will upsert on next Step 3 run after Step 2 produces the file)
asset-missing    CR14315073341268951041  (expected local file not found; will upsert on next Step 3 run after Step 2 produces the file)
asset-missing    CR14315073341268951041  (expected local file not found; will upsert on next Step 3 run after Step 2 produces the file)
asset-missing    CR14315073341268951041  (expected local file not found; will upsert on next Step 3 run after Step 2 produces the file)
asset-missing    CR14375313959857160193  (expected local file not found; will upsert on next Step 3 run after Step 2 produces the file)
asset-missing    CR14375313959857160193  (expected local file not found; will upsert on next Step 3 run after Step 2 produces the file)
asset-missing    CR14375313959857160193  (expected local file not found; will upsert on next Step 3 run after Step 2 produces the file)
asset-missing    CR14375313959857160193  (expected local file not found; will upsert on next Step 3 run after Step 2 produces the file)
asset-missing    CR14375313959857160193  (expected local file not found; will upsert on next Step 3 run after Step 2 produces the file)
asset-missing    CR14394113727496454145  (expected local file not found; will upsert on next Step 3 run after Step 2 produces the file)
asset-missing    CR14394113727496454145  (expected local file not found; will upsert on next Step 3 run after Step 2 produces the file)
asset-missing    CR14394113727496454145  (expected local file not found; will upsert on next Step 3 run after Step 2 produces the file)
asset-missing    CR14394113727496454145  (expected local file not found; will upsert on next Step 3 run after Step 2 produces the file)
asset-missing    CR14429343729317838849  (expected local file not found; will upsert on next Step 3 run after Step 2 produces the file)
asset-missing    CR14429343729317838849  (expected local file not found; will upsert on next Step 3 run after Step 2 produces the file)
asset-missing    CR14429343729317838849  (expected local file not found; will upsert on next Step 3 run after Step 2 produces the file)
asset-missing    CR14429343729317838849  (expected local file not found; will upsert on next Step 3 run after Step 2 produces the file)
carried-forward  CR14743227043185426433 v0  → https://pub-893b4a6a607b4221a894bf861da7914e.r2.dev/g_CR14743227043185426433.jpg
carried-forward  CR14743227043185426433 v1  → https://pub-893b4a6a607b4221a894bf861da7914e.r2.dev/g_CR14743227043185426433.jpg
asset-missing    CR14838045395501711361  (expected local file not found; will upsert on next Step 3 run after Step 2 produces the file)
asset-missing    CR14838045395501711361  (expected local file not found; will upsert on next Step 3 run after Step 2 produces the file)
asset-missing    CR14838045395501711361  (expected local file not found; will upsert on next Step 3 run after Step 2 produces the file)
text-no-asset    CR15016091744338968577  (Text ad — no upload, analysis in Step 4 uses headline+desc)
asset-missing    CR15043846553150160897  (expected local file not found; will upsert on next Step 3 run after Step 2 produces the file)
asset-missing    CR15043846553150160897  (expected local file not found; will upsert on next Step 3 run after Step 2 produces the file)
asset-missing    CR15043846553150160897  (expected local file not found; will upsert on next Step 3 run after Step 2 produces the file)
asset-missing    CR15043846553150160897  (expected local file not found; will upsert on next Step 3 run after Step 2 produces the file)
asset-missing    CR15145950432720846849  (expected local file not found; will upsert on next Step 3 run after Step 2 produces the file)
asset-missing    CR15145950432720846849  (expected local file not found; will upsert on next Step 3 run after Step 2 produces the file)
asset-missing    CR15145950432720846849  (expected local file not found; will upsert on next Step 3 run after Step 2 produces the file)
carried-forward  CR15405023091943800833 v0  → https://pub-893b4a6a607b4221a894bf861da7914e.r2.dev/g_CR15405023091943800833.jpg
asset-missing    CR15529766646074834945  (expected local file not found; will upsert on next Step 3 run after Step 2 produces the file)
asset-missing    CR15529766646074834945  (expected local file not found; will upsert on next Step 3 run after Step 2 produces the file)
asset-missing    CR15529766646074834945  (expected local file not found; will upsert on next Step 3 run after Step 2 produces the file)
asset-missing    CR15529766646074834945  (expected local file not found; will upsert on next Step 3 run after Step 2 produces the file)
asset-missing    CR15644442616475418625  (expected local file not found; will upsert on next Step 3 run after Step 2 produces the file)
asset-missing    CR15644442616475418625  (expected local file not found; will upsert on next Step 3 run after Step 2 produces the file)
asset-missing    CR15644442616475418625  (expected local file not found; will upsert on next Step 3 run after Step 2 produces the file)
asset-missing    CR15745439665794056193  (expected local file not found; will upsert on next Step 3 run after Step 2 produces the file)
asset-missing    CR15745439665794056193  (expected local file not found; will upsert on next Step 3 run after Step 2 produces the file)
asset-missing    CR15745439665794056193  (expected local file not found; will upsert on next Step 3 run after Step 2 produces the file)
asset-missing    CR15745439665794056193  (expected local file not found; will upsert on next Step 3 run after Step 2 produces the file)
asset-missing    CR15791378283804753921  (expected local file not found; will upsert on next Step 3 run after Step 2 produces the file)
asset-missing    CR15791378283804753921  (expected local file not found; will upsert on next Step 3 run after Step 2 produces the file)
asset-missing    CR15791378283804753921  (expected local file not found; will upsert on next Step 3 run after Step 2 produces the file)
asset-missing    CR15791378283804753921  (expected local file not found; will upsert on next Step 3 run after Step 2 produces the file)
asset-missing    CR15901501013345959937  (expected local file not found; will upsert on next Step 3 run after Step 2 produces the file)
asset-missing    CR15901501013345959937  (expected local file not found; will upsert on next Step 3 run after Step 2 produces the file)
asset-missing    CR15906167340694241281  (expected local file not found; will upsert on next Step 3 run after Step 2 produces the file)
asset-missing    CR15906167340694241281  (expected local file not found; will upsert on next Step 3 run after Step 2 produces the file)
asset-missing    CR15906167340694241281  (expected local file not found; will upsert on next Step 3 run after Step 2 produces the file)
asset-missing    CR15906167340694241281  (expected local file not found; will upsert on next Step 3 run after Step 2 produces the file)
carried-forward  CR16136154343949729793 v0  → https://pub-893b4a6a607b4221a894bf861da7914e.r2.dev/g_CR16136154343949729793.jpg
asset-missing    CR16320445558055501825  (expected local file not found; will upsert on next Step 3 run after Step 2 produces the file)
asset-missing    CR16320445558055501825  (expected local file not found; will upsert on next Step 3 run after Step 2 produces the file)
asset-missing    CR16375494909802577921  (expected local file not found; will upsert on next Step 3 run after Step 2 produces the file)
asset-missing    CR16375494909802577921  (expected local file not found; will upsert on next Step 3 run after Step 2 produces the file)
asset-missing    CR16375494909802577921  (expected local file not found; will upsert on next Step 3 run after Step 2 produces the file)
asset-missing    CR16375494909802577921  (expected local file not found; will upsert on next Step 3 run after Step 2 produces the file)
asset-missing    CR16386687732014907393  (expected local file not found; will upsert on next Step 3 run after Step 2 produces the file)
asset-missing    CR16485149754196492289  (expected local file not found; will upsert on next Step 3 run after Step 2 produces the file)
asset-missing    CR16485149754196492289  (expected local file not found; will upsert on next Step 3 run after Step 2 produces the file)
asset-missing    CR16485149754196492289  (expected local file not found; will upsert on next Step 3 run after Step 2 produces the file)
asset-missing    CR16485149754196492289  (expected local file not found; will upsert on next Step 3 run after Step 2 produces the file)
asset-missing    CR16572687054614298625  (expected local file not found; will upsert on next Step 3 run after Step 2 produces the file)
asset-missing    CR16572687054614298625  (expected local file not found; will upsert on next Step 3 run after Step 2 produces the file)
asset-missing    CR16572687054614298625  (expected local file not found; will upsert on next Step 3 run after Step 2 produces the file)
asset-missing    CR16657325853402726401  (expected local file not found; will upsert on next Step 3 run after Step 2 produces the file)
asset-missing    CR16657325853402726401  (expected local file not found; will upsert on next Step 3 run after Step 2 produces the file)
asset-missing    CR16657325853402726401  (expected local file not found; will upsert on next Step 3 run after Step 2 produces the file)
asset-missing    CR16700473026138865665  (expected local file not found; will upsert on next Step 3 run after Step 2 produces the file)
asset-missing    CR16700473026138865665  (expected local file not found; will upsert on next Step 3 run after Step 2 produces the file)
asset-missing    CR16700473026138865665  (expected local file not found; will upsert on next Step 3 run after Step 2 produces the file)
asset-missing    CR16700473026138865665  (expected local file not found; will upsert on next Step 3 run after Step 2 produces the file)
asset-missing    CR16790182042410156033  (expected local file not found; will upsert on next Step 3 run after Step 2 produces the file)
asset-missing    CR16790182042410156033  (expected local file not found; will upsert on next Step 3 run after Step 2 produces the file)
asset-missing    CR16790182042410156033  (expected local file not found; will upsert on next Step 3 run after Step 2 produces the file)
asset-missing    CR17226006805025390593  (expected local file not found; will upsert on next Step 3 run after Step 2 produces the file)
asset-missing    CR17226006805025390593  (expected local file not found; will upsert on next Step 3 run after Step 2 produces the file)
asset-missing    CR17226006805025390593  (expected local file not found; will upsert on next Step 3 run after Step 2 produces the file)
asset-missing    CR17226006805025390593  (expected local file not found; will upsert on next Step 3 run after Step 2 produces the file)
asset-missing    CR17232173965745586177  (expected local file not found; will upsert on next Step 3 run after Step 2 produces the file)
asset-missing    CR17232173965745586177  (expected local file not found; will upsert on next Step 3 run after Step 2 produces the file)
asset-missing    CR17232173965745586177  (expected local file not found; will upsert on next Step 3 run after Step 2 produces the file)
asset-missing    CR17232173965745586177  (expected local file not found; will upsert on next Step 3 run after Step 2 produces the file)
asset-missing    CR17306694637628424193  (expected local file not found; will upsert on next Step 3 run after Step 2 produces the file)
asset-missing    CR17306694637628424193  (expected local file not found; will upsert on next Step 3 run after Step 2 produces the file)
asset-missing    CR17306694637628424193  (expected local file not found; will upsert on next Step 3 run after Step 2 produces the file)
asset-missing    CR17306694637628424193  (expected local file not found; will upsert on next Step 3 run after Step 2 produces the file)
asset-missing    CR17306694637628424193  (expected local file not found; will upsert on next Step 3 run after Step 2 produces the file)
asset-missing    CR17336333176145969153  (expected local file not found; will upsert on next Step 3 run after Step 2 produces the file)
asset-missing    CR17336333176145969153  (expected local file not found; will upsert on next Step 3 run after Step 2 produces the file)
asset-missing    CR17336333176145969153  (expected local file not found; will upsert on next Step 3 run after Step 2 produces the file)
asset-missing    CR17336333176145969153  (expected local file not found; will upsert on next Step 3 run after Step 2 produces the file)
asset-missing    CR17366205189085724673  (expected local file not found; will upsert on next Step 3 run after Step 2 produces the file)
asset-missing    CR17366205189085724673  (expected local file not found; will upsert on next Step 3 run after Step 2 produces the file)
asset-missing    CR17366205189085724673  (expected local file not found; will upsert on next Step 3 run after Step 2 produces the file)
asset-missing    CR17366205189085724673  (expected local file not found; will upsert on next Step 3 run after Step 2 produces the file)
asset-missing    CR17568883579092467713  (expected local file not found; will upsert on next Step 3 run after Step 2 produces the file)
asset-missing    CR17568883579092467713  (expected local file not found; will upsert on next Step 3 run after Step 2 produces the file)
asset-missing    CR17568883579092467713  (expected local file not found; will upsert on next Step 3 run after Step 2 produces the file)
asset-missing    CR17568883579092467713  (expected local file not found; will upsert on next Step 3 run after Step 2 produces the file)
asset-missing    CR17597063117219561473  (expected local file not found; will upsert on next Step 3 run after Step 2 produces the file)
asset-missing    CR17597063117219561473  (expected local file not found; will upsert on next Step 3 run after Step 2 produces the file)
asset-missing    CR17597063117219561473  (expected local file not found; will upsert on next Step 3 run after Step 2 produces the file)
asset-missing    CR17597063117219561473  (expected local file not found; will upsert on next Step 3 run after Step 2 produces the file)
asset-missing    CR17654615129230147585  (expected local file not found; will upsert on next Step 3 run after Step 2 produces the file)
asset-missing    CR17654615129230147585  (expected local file not found; will upsert on next Step 3 run after Step 2 produces the file)
asset-missing    CR17654615129230147585  (expected local file not found; will upsert on next Step 3 run after Step 2 produces the file)
asset-missing    CR17654615129230147585  (expected local file not found; will upsert on next Step 3 run after Step 2 produces the file)
asset-missing    CR17654615129230147585  (expected local file not found; will upsert on next Step 3 run after Step 2 produces the file)
asset-missing    CR17654615129230147585  (expected local file not found; will upsert on next Step 3 run after Step 2 produces the file)
asset-missing    CR17696936225136443393  (expected local file not found; will upsert on next Step 3 run after Step 2 produces the file)
asset-missing    CR17696936225136443393  (expected local file not found; will upsert on next Step 3 run after Step 2 produces the file)
asset-missing    CR17696936225136443393  (expected local file not found; will upsert on next Step 3 run after Step 2 produces the file)
asset-missing    CR17696936225136443393  (expected local file not found; will upsert on next Step 3 run after Step 2 produces the file)
asset-missing    CR17696936225136443393  (expected local file not found; will upsert on next Step 3 run after Step 2 produces the file)
asset-missing    CR17887535672458215425  (expected local file not found; will upsert on next Step 3 run after Step 2 produces the file)
asset-missing    CR17887535672458215425  (expected local file not found; will upsert on next Step 3 run after Step 2 produces the file)
asset-missing    CR17887535672458215425  (expected local file not found; will upsert on next Step 3 run after Step 2 produces the file)
asset-missing    CR17887535672458215425  (expected local file not found; will upsert on next Step 3 run after Step 2 produces the file)
asset-missing    CR18047545778582323201  (expected local file not found; will upsert on next Step 3 run after Step 2 produces the file)
asset-missing    CR18047545778582323201  (expected local file not found; will upsert on next Step 3 run after Step 2 produces the file)
asset-missing    CR18047545778582323201  (expected local file not found; will upsert on next Step 3 run after Step 2 produces the file)
asset-missing    CR18047545778582323201  (expected local file not found; will upsert on next Step 3 run after Step 2 produces the file)
asset-missing    CR18166541077333409793  (expected local file not found; will upsert on next Step 3 run after Step 2 produces the file)
asset-missing    CR18166541077333409793  (expected local file not found; will upsert on next Step 3 run after Step 2 produces the file)
asset-missing    CR18166541077333409793  (expected local file not found; will upsert on next Step 3 run after Step 2 produces the file)
asset-missing    CR18166541077333409793  (expected local file not found; will upsert on next Step 3 run after Step 2 produces the file)
asset-missing    CR18263089863383318529  (expected local file not found; will upsert on next Step 3 run after Step 2 produces the file)
asset-missing    CR18263089863383318529  (expected local file not found; will upsert on next Step 3 run after Step 2 produces the file)
asset-missing    CR18263089863383318529  (expected local file not found; will upsert on next Step 3 run after Step 2 produces the file)
asset-missing    CR18263089863383318529  (expected local file not found; will upsert on next Step 3 run after Step 2 produces the file)
asset-missing    CR18358005247600754689  (expected local file not found; will upsert on next Step 3 run after Step 2 produces the file)
asset-missing    CR18358005247600754689  (expected local file not found; will upsert on next Step 3 run after Step 2 produces the file)
asset-missing    CR18408405280070041601  (expected local file not found; will upsert on next Step 3 run after Step 2 produces the file)
asset-missing    CR18408405280070041601  (expected local file not found; will upsert on next Step 3 run after Step 2 produces the file)
asset-missing    CR18408405280070041601  (expected local file not found; will upsert on next Step 3 run after Step 2 produces the file)
asset-missing    CR18408405280070041601  (expected local file not found; will upsert on next Step 3 run after Step 2 produces the file)
asset-missing    CR18421546479836463105  (expected local file not found; will upsert on next Step 3 run after Step 2 produces the file)
asset-missing    CR18421546479836463105  (expected local file not found; will upsert on next Step 3 run after Step 2 produces the file)
asset-missing    CR18421546479836463105  (expected local file not found; will upsert on next Step 3 run after Step 2 produces the file)
asset-missing    CR18421546479836463105  (expected local file not found; will upsert on next Step 3 run after Step 2 produces the file)
