# Step 3 run log (Google pipeline)
# competitor : praktika-ai
# started_at : 2026-06-03T18:13:43
# input      : inputs/g-ads-praktika-ai-2026-06-03.csv
# videos     : videos/praktika-ai-2026-06-03
# images     : images/praktika-ai-2026-06-03
# master     : master/praktika-ai.csv  (updated)
# enriched   : inputs/g-ads-praktika-ai-2026-06-03_enriched.csv
# bucket     : video-ads
# public_base: https://pub-893b4a6a607b4221a894bf861da7914e.r2.dev
# dry_run    : False
#
# counts     : {'uploaded-video': 0, 'uploaded-image': 0, 'carried-forward': 15, 'text-no-asset': 0, 'asset-missing': 67, 'unsupported': 0, 'no-creative': 0, 'scrape-error': 0, 'error': 0}
#
asset-missing    CR00035075571977289729  (expected local file not found; will upsert on next Step 3 run after Step 2 produces the file)
asset-missing    CR00035075571977289729  (expected local file not found; will upsert on next Step 3 run after Step 2 produces the file)
asset-missing    CR00035075571977289729  (expected local file not found; will upsert on next Step 3 run after Step 2 produces the file)
asset-missing    CR00914879719684440065  (expected local file not found; will upsert on next Step 3 run after Step 2 produces the file)
asset-missing    CR00914879719684440065  (expected local file not found; will upsert on next Step 3 run after Step 2 produces the file)
asset-missing    CR00914879719684440065  (expected local file not found; will upsert on next Step 3 run after Step 2 produces the file)
asset-missing    CR00914879719684440065  (expected local file not found; will upsert on next Step 3 run after Step 2 produces the file)
asset-missing    CR00914879719684440065  (expected local file not found; will upsert on next Step 3 run after Step 2 produces the file)
carried-forward  CR01084621637585731585 v0  → https://pub-893b4a6a607b4221a894bf861da7914e.r2.dev/g_CR01084621637585731585.jpg
carried-forward  CR01084621637585731585 v1  → https://pub-893b4a6a607b4221a894bf861da7914e.r2.dev/g_CR01084621637585731585.jpg
asset-missing    CR01496360403993624577  (expected local file not found; will upsert on next Step 3 run after Step 2 produces the file)
asset-missing    CR01496360403993624577  (expected local file not found; will upsert on next Step 3 run after Step 2 produces the file)
asset-missing    CR01496360403993624577  (expected local file not found; will upsert on next Step 3 run after Step 2 produces the file)
asset-missing    CR01853694192597860353  (expected local file not found; will upsert on next Step 3 run after Step 2 produces the file)
asset-missing    CR01853694192597860353  (expected local file not found; will upsert on next Step 3 run after Step 2 produces the file)
asset-missing    CR01853694192597860353  (expected local file not found; will upsert on next Step 3 run after Step 2 produces the file)
asset-missing    CR01853694192597860353  (expected local file not found; will upsert on next Step 3 run after Step 2 produces the file)
asset-missing    CR02356181271463329793  (expected local file not found; will upsert on next Step 3 run after Step 2 produces the file)
asset-missing    CR02356181271463329793  (expected local file not found; will upsert on next Step 3 run after Step 2 produces the file)
asset-missing    CR02356181271463329793  (expected local file not found; will upsert on next Step 3 run after Step 2 produces the file)
carried-forward  CR02534039827150536705 v0  → https://pub-893b4a6a607b4221a894bf861da7914e.r2.dev/g_CR02534039827150536705.jpg
carried-forward  CR02534039827150536705 v1  → https://pub-893b4a6a607b4221a894bf861da7914e.r2.dev/g_CR02534039827150536705.jpg
carried-forward  CR02534039827150536705 v2  → https://pub-893b4a6a607b4221a894bf861da7914e.r2.dev/g_CR02534039827150536705.jpg
asset-missing    CR03679656245221916673  (expected local file not found; will upsert on next Step 3 run after Step 2 produces the file)
asset-missing    CR03679656245221916673  (expected local file not found; will upsert on next Step 3 run after Step 2 produces the file)
asset-missing    CR03679656245221916673  (expected local file not found; will upsert on next Step 3 run after Step 2 produces the file)
asset-missing    CR03679656245221916673  (expected local file not found; will upsert on next Step 3 run after Step 2 produces the file)
asset-missing    CR04661116814216921089  (expected local file not found; will upsert on next Step 3 run after Step 2 produces the file)
asset-missing    CR04661116814216921089  (expected local file not found; will upsert on next Step 3 run after Step 2 produces the file)
asset-missing    CR04661116814216921089  (expected local file not found; will upsert on next Step 3 run after Step 2 produces the file)
asset-missing    CR04661116814216921089  (expected local file not found; will upsert on next Step 3 run after Step 2 produces the file)
asset-missing    CR04661116814216921089  (expected local file not found; will upsert on next Step 3 run after Step 2 produces the file)
asset-missing    CR05936792976679239681  (expected local file not found; will upsert on next Step 3 run after Step 2 produces the file)
asset-missing    CR05936792976679239681  (expected local file not found; will upsert on next Step 3 run after Step 2 produces the file)
asset-missing    CR05936792976679239681  (expected local file not found; will upsert on next Step 3 run after Step 2 produces the file)
asset-missing    CR05936792976679239681  (expected local file not found; will upsert on next Step 3 run after Step 2 produces the file)
carried-forward  CR06074318147324739585 v0  → https://pub-893b4a6a607b4221a894bf861da7914e.r2.dev/g_CR06074318147324739585.jpg
carried-forward  CR06074318147324739585 v1  → https://pub-893b4a6a607b4221a894bf861da7914e.r2.dev/g_CR06074318147324739585.jpg
asset-missing    CR07555390752667205633  (expected local file not found; will upsert on next Step 3 run after Step 2 produces the file)
asset-missing    CR07555390752667205633  (expected local file not found; will upsert on next Step 3 run after Step 2 produces the file)
asset-missing    CR07555390752667205633  (expected local file not found; will upsert on next Step 3 run after Step 2 produces the file)
carried-forward  CR07779640298090528769 v0  → https://pub-893b4a6a607b4221a894bf861da7914e.r2.dev/g_CR07779640298090528769.jpg
asset-missing    CR10089534500846436353  (expected local file not found; will upsert on next Step 3 run after Step 2 produces the file)
asset-missing    CR10089534500846436353  (expected local file not found; will upsert on next Step 3 run after Step 2 produces the file)
asset-missing    CR10089534500846436353  (expected local file not found; will upsert on next Step 3 run after Step 2 produces the file)
asset-missing    CR10416099556058988545  (expected local file not found; will upsert on next Step 3 run after Step 2 produces the file)
asset-missing    CR10416099556058988545  (expected local file not found; will upsert on next Step 3 run after Step 2 produces the file)
asset-missing    CR10416099556058988545  (expected local file not found; will upsert on next Step 3 run after Step 2 produces the file)
asset-missing    CR10416099556058988545  (expected local file not found; will upsert on next Step 3 run after Step 2 produces the file)
carried-forward  CR12359054043924922369 v0  → https://pub-893b4a6a607b4221a894bf861da7914e.r2.dev/g_CR12359054043924922369.jpg
asset-missing    CR12839938236155428865  (expected local file not found; will upsert on next Step 3 run after Step 2 produces the file)
asset-missing    CR12839938236155428865  (expected local file not found; will upsert on next Step 3 run after Step 2 produces the file)
asset-missing    CR12839938236155428865  (expected local file not found; will upsert on next Step 3 run after Step 2 produces the file)
asset-missing    CR13970304531028770817  (expected local file not found; will upsert on next Step 3 run after Step 2 produces the file)
asset-missing    CR13970304531028770817  (expected local file not found; will upsert on next Step 3 run after Step 2 produces the file)
asset-missing    CR13970304531028770817  (expected local file not found; will upsert on next Step 3 run after Step 2 produces the file)
asset-missing    CR13970304531028770817  (expected local file not found; will upsert on next Step 3 run after Step 2 produces the file)
asset-missing    CR14511376299001380865  (expected local file not found; will upsert on next Step 3 run after Step 2 produces the file)
asset-missing    CR14511376299001380865  (expected local file not found; will upsert on next Step 3 run after Step 2 produces the file)
asset-missing    CR14511376299001380865  (expected local file not found; will upsert on next Step 3 run after Step 2 produces the file)
asset-missing    CR14511376299001380865  (expected local file not found; will upsert on next Step 3 run after Step 2 produces the file)
asset-missing    CR14668918654356160513  (expected local file not found; will upsert on next Step 3 run after Step 2 produces the file)
asset-missing    CR14668918654356160513  (expected local file not found; will upsert on next Step 3 run after Step 2 produces the file)
asset-missing    CR14668918654356160513  (expected local file not found; will upsert on next Step 3 run after Step 2 produces the file)
asset-missing    CR14668918654356160513  (expected local file not found; will upsert on next Step 3 run after Step 2 produces the file)
carried-forward  CR15375785703371702273 v0  → https://pub-893b4a6a607b4221a894bf861da7914e.r2.dev/g_CR15375785703371702273.jpg
carried-forward  CR15375785703371702273 v1  → https://pub-893b4a6a607b4221a894bf861da7914e.r2.dev/g_CR15375785703371702273.jpg
carried-forward  CR15375785703371702273 v2  → https://pub-893b4a6a607b4221a894bf861da7914e.r2.dev/g_CR15375785703371702273.jpg
asset-missing    CR15511343847715110913  (expected local file not found; will upsert on next Step 3 run after Step 2 produces the file)
asset-missing    CR15511343847715110913  (expected local file not found; will upsert on next Step 3 run after Step 2 produces the file)
asset-missing    CR15511343847715110913  (expected local file not found; will upsert on next Step 3 run after Step 2 produces the file)
asset-missing    CR15511343847715110913  (expected local file not found; will upsert on next Step 3 run after Step 2 produces the file)
asset-missing    CR17213842177742864385  (expected local file not found; will upsert on next Step 3 run after Step 2 produces the file)
asset-missing    CR17213842177742864385  (expected local file not found; will upsert on next Step 3 run after Step 2 produces the file)
asset-missing    CR17213842177742864385  (expected local file not found; will upsert on next Step 3 run after Step 2 produces the file)
asset-missing    CR17614876717418020865  (expected local file not found; will upsert on next Step 3 run after Step 2 produces the file)
asset-missing    CR17614876717418020865  (expected local file not found; will upsert on next Step 3 run after Step 2 produces the file)
asset-missing    CR17614876717418020865  (expected local file not found; will upsert on next Step 3 run after Step 2 produces the file)
asset-missing    CR17614876717418020865  (expected local file not found; will upsert on next Step 3 run after Step 2 produces the file)
carried-forward  CR18127931477415952385 v0  → https://pub-893b4a6a607b4221a894bf861da7914e.r2.dev/g_CR18127931477415952385.jpg
carried-forward  CR18127931477415952385 v1  → https://pub-893b4a6a607b4221a894bf861da7914e.r2.dev/g_CR18127931477415952385.jpg
carried-forward  CR18133990379190484993 v0  → https://pub-893b4a6a607b4221a894bf861da7914e.r2.dev/g_CR18133990379190484993.jpg
