# Step 3 run log (Google pipeline)
# competitor : praktika-ai
# started_at : 2026-06-04T20:43:33
# input      : inputs/g-ads-praktika-ai-2026-06-04.csv
# videos     : videos/praktika-ai-2026-06-04
# images     : images/praktika-ai-2026-06-04
# master     : master/praktika-ai.csv  (updated)
# enriched   : inputs/g-ads-praktika-ai-2026-06-04_enriched.csv
# bucket     : video-ads
# public_base: https://pub-893b4a6a607b4221a894bf861da7914e.r2.dev
# dry_run    : False
#
# counts     : {'uploaded-video': 0, 'uploaded-image': 0, 'carried-forward': 14, 'text-no-asset': 0, 'asset-missing': 0, 'unsupported': 0, 'no-creative': 0, 'scrape-error': 67, 'error': 0}
#
scrape-error     CR00035075571977289729 v0  (Step 1 tag: html5-banner-no-mp4; re-run Step 1 to recover)
scrape-error     CR00035075571977289729 v1  (Step 1 tag: html5-banner-no-mp4; re-run Step 1 to recover)
scrape-error     CR00035075571977289729 v2  (Step 1 tag: html5-banner-no-mp4; re-run Step 1 to recover)
scrape-error     CR00914879719684440065 v0  (Step 1 tag: html5-banner-no-mp4; re-run Step 1 to recover)
scrape-error     CR00914879719684440065 v1  (Step 1 tag: html5-banner-no-mp4; re-run Step 1 to recover)
scrape-error     CR00914879719684440065 v2  (Step 1 tag: html5-banner-no-mp4; re-run Step 1 to recover)
scrape-error     CR00914879719684440065 v3  (Step 1 tag: html5-banner-no-mp4; re-run Step 1 to recover)
scrape-error     CR00914879719684440065 v4  (Step 1 tag: html5-banner-no-mp4; re-run Step 1 to recover)
carried-forward  CR01084621637585731585 v0  → https://pub-893b4a6a607b4221a894bf861da7914e.r2.dev/g_CR01084621637585731585.jpg
carried-forward  CR01084621637585731585 v1  → https://pub-893b4a6a607b4221a894bf861da7914e.r2.dev/g_CR01084621637585731585.jpg
scrape-error     CR01496360403993624577 v0  (Step 1 tag: html5-banner-no-mp4; re-run Step 1 to recover)
scrape-error     CR01496360403993624577 v1  (Step 1 tag: html5-banner-no-mp4; re-run Step 1 to recover)
scrape-error     CR01496360403993624577 v2  (Step 1 tag: html5-banner-no-mp4; re-run Step 1 to recover)
scrape-error     CR01853694192597860353 v0  (Step 1 tag: html5-banner-no-mp4; re-run Step 1 to recover)
scrape-error     CR01853694192597860353 v1  (Step 1 tag: html5-banner-no-mp4; re-run Step 1 to recover)
scrape-error     CR01853694192597860353 v2  (Step 1 tag: html5-banner-no-mp4; re-run Step 1 to recover)
scrape-error     CR01853694192597860353 v3  (Step 1 tag: html5-banner-no-mp4; re-run Step 1 to recover)
scrape-error     CR02356181271463329793 v0  (Step 1 tag: html5-banner-no-mp4; re-run Step 1 to recover)
scrape-error     CR02356181271463329793 v1  (Step 1 tag: html5-banner-no-mp4; re-run Step 1 to recover)
scrape-error     CR02356181271463329793 v2  (Step 1 tag: html5-banner-no-mp4; re-run Step 1 to recover)
carried-forward  CR02534039827150536705 v0  → https://pub-893b4a6a607b4221a894bf861da7914e.r2.dev/g_CR02534039827150536705.jpg
carried-forward  CR02534039827150536705 v1  → https://pub-893b4a6a607b4221a894bf861da7914e.r2.dev/g_CR02534039827150536705.jpg
carried-forward  CR02534039827150536705 v2  → https://pub-893b4a6a607b4221a894bf861da7914e.r2.dev/g_CR02534039827150536705.jpg
scrape-error     CR03679656245221916673 v0  (Step 1 tag: html5-banner-no-mp4; re-run Step 1 to recover)
scrape-error     CR03679656245221916673 v1  (Step 1 tag: html5-banner-no-mp4; re-run Step 1 to recover)
scrape-error     CR03679656245221916673 v2  (Step 1 tag: html5-banner-no-mp4; re-run Step 1 to recover)
scrape-error     CR03679656245221916673 v3  (Step 1 tag: html5-banner-no-mp4; re-run Step 1 to recover)
scrape-error     CR04661116814216921089 v0  (Step 1 tag: html5-banner-no-mp4; re-run Step 1 to recover)
scrape-error     CR04661116814216921089 v1  (Step 1 tag: html5-banner-no-mp4; re-run Step 1 to recover)
scrape-error     CR04661116814216921089 v2  (Step 1 tag: html5-banner-no-mp4; re-run Step 1 to recover)
scrape-error     CR04661116814216921089 v3  (Step 1 tag: html5-banner-no-mp4; re-run Step 1 to recover)
scrape-error     CR04661116814216921089 v4  (Step 1 tag: html5-banner-no-mp4; re-run Step 1 to recover)
scrape-error     CR05936792976679239681 v0  (Step 1 tag: html5-banner-no-mp4; re-run Step 1 to recover)
scrape-error     CR05936792976679239681 v1  (Step 1 tag: html5-banner-no-mp4; re-run Step 1 to recover)
scrape-error     CR05936792976679239681 v2  (Step 1 tag: html5-banner-no-mp4; re-run Step 1 to recover)
scrape-error     CR05936792976679239681 v3  (Step 1 tag: html5-banner-no-mp4; re-run Step 1 to recover)
carried-forward  CR06074318147324739585 v0  → https://pub-893b4a6a607b4221a894bf861da7914e.r2.dev/g_CR06074318147324739585.jpg
carried-forward  CR06074318147324739585 v1  → https://pub-893b4a6a607b4221a894bf861da7914e.r2.dev/g_CR06074318147324739585.jpg
scrape-error     CR07555390752667205633 v0  (Step 1 tag: html5-banner-no-mp4; re-run Step 1 to recover)
scrape-error     CR07555390752667205633 v1  (Step 1 tag: html5-banner-no-mp4; re-run Step 1 to recover)
scrape-error     CR07555390752667205633 v2  (Step 1 tag: html5-banner-no-mp4; re-run Step 1 to recover)
carried-forward  CR07779640298090528769 v0  → https://pub-893b4a6a607b4221a894bf861da7914e.r2.dev/g_CR07779640298090528769.jpg
scrape-error     CR10089534500846436353 v0  (Step 1 tag: html5-banner-no-mp4; re-run Step 1 to recover)
scrape-error     CR10089534500846436353 v1  (Step 1 tag: html5-banner-no-mp4; re-run Step 1 to recover)
scrape-error     CR10089534500846436353 v2  (Step 1 tag: html5-banner-no-mp4; re-run Step 1 to recover)
scrape-error     CR10416099556058988545 v0  (Step 1 tag: html5-banner-no-mp4; re-run Step 1 to recover)
scrape-error     CR10416099556058988545 v1  (Step 1 tag: html5-banner-no-mp4; re-run Step 1 to recover)
scrape-error     CR10416099556058988545 v2  (Step 1 tag: html5-banner-no-mp4; re-run Step 1 to recover)
scrape-error     CR10416099556058988545 v3  (Step 1 tag: html5-banner-no-mp4; re-run Step 1 to recover)
carried-forward  CR12359054043924922369 v0  → https://pub-893b4a6a607b4221a894bf861da7914e.r2.dev/g_CR12359054043924922369.jpg
scrape-error     CR12839938236155428865 v0  (Step 1 tag: image-url-not-extracted; re-run Step 1 to recover)
scrape-error     CR12839938236155428865 v1  (Step 1 tag: image-url-not-extracted; re-run Step 1 to recover)
scrape-error     CR12839938236155428865 v2  (Step 1 tag: image-url-not-extracted; re-run Step 1 to recover)
scrape-error     CR13970304531028770817 v0  (Step 1 tag: html5-banner-no-mp4; re-run Step 1 to recover)
scrape-error     CR13970304531028770817 v1  (Step 1 tag: html5-banner-no-mp4; re-run Step 1 to recover)
scrape-error     CR13970304531028770817 v2  (Step 1 tag: html5-banner-no-mp4; re-run Step 1 to recover)
scrape-error     CR13970304531028770817 v3  (Step 1 tag: html5-banner-no-mp4; re-run Step 1 to recover)
scrape-error     CR14511376299001380865 v0  (Step 1 tag: html5-banner-no-mp4; re-run Step 1 to recover)
scrape-error     CR14511376299001380865 v1  (Step 1 tag: html5-banner-no-mp4; re-run Step 1 to recover)
scrape-error     CR14511376299001380865 v2  (Step 1 tag: html5-banner-no-mp4; re-run Step 1 to recover)
scrape-error     CR14511376299001380865 v3  (Step 1 tag: html5-banner-no-mp4; re-run Step 1 to recover)
scrape-error     CR14668918654356160513 v0  (Step 1 tag: html5-banner-no-mp4; re-run Step 1 to recover)
scrape-error     CR14668918654356160513 v1  (Step 1 tag: html5-banner-no-mp4; re-run Step 1 to recover)
scrape-error     CR14668918654356160513 v2  (Step 1 tag: html5-banner-no-mp4; re-run Step 1 to recover)
scrape-error     CR14668918654356160513 v3  (Step 1 tag: html5-banner-no-mp4; re-run Step 1 to recover)
carried-forward  CR15375785703371702273 v0  → https://pub-893b4a6a607b4221a894bf861da7914e.r2.dev/g_CR15375785703371702273.jpg
carried-forward  CR15375785703371702273 v1  → https://pub-893b4a6a607b4221a894bf861da7914e.r2.dev/g_CR15375785703371702273.jpg
carried-forward  CR15375785703371702273 v2  → https://pub-893b4a6a607b4221a894bf861da7914e.r2.dev/g_CR15375785703371702273.jpg
scrape-error     CR15511343847715110913 v0  (Step 1 tag: html5-banner-no-mp4; re-run Step 1 to recover)
scrape-error     CR15511343847715110913 v1  (Step 1 tag: html5-banner-no-mp4; re-run Step 1 to recover)
scrape-error     CR15511343847715110913 v2  (Step 1 tag: html5-banner-no-mp4; re-run Step 1 to recover)
scrape-error     CR15511343847715110913 v3  (Step 1 tag: html5-banner-no-mp4; re-run Step 1 to recover)
scrape-error     CR17213842177742864385 v0  (Step 1 tag: html5-banner-no-mp4; re-run Step 1 to recover)
scrape-error     CR17213842177742864385 v1  (Step 1 tag: html5-banner-no-mp4; re-run Step 1 to recover)
scrape-error     CR17213842177742864385 v2  (Step 1 tag: html5-banner-no-mp4; re-run Step 1 to recover)
scrape-error     CR17614876717418020865 v0  (Step 1 tag: html5-banner-no-mp4; re-run Step 1 to recover)
scrape-error     CR17614876717418020865 v1  (Step 1 tag: html5-banner-no-mp4; re-run Step 1 to recover)
scrape-error     CR17614876717418020865 v2  (Step 1 tag: html5-banner-no-mp4; re-run Step 1 to recover)
scrape-error     CR17614876717418020865 v3  (Step 1 tag: html5-banner-no-mp4; re-run Step 1 to recover)
carried-forward  CR18127931477415952385 v0  → https://pub-893b4a6a607b4221a894bf861da7914e.r2.dev/g_CR18127931477415952385.jpg
carried-forward  CR18133990379190484993 v0  → https://pub-893b4a6a607b4221a894bf861da7914e.r2.dev/g_CR18133990379190484993.jpg
