# Step 3 run log (Google pipeline)
# competitor : speakx
# started_at : 2026-06-03T13:17:48
# input      : inputs/g-ads-speakx-2026-06-03.csv
# videos     : videos/speakx-2026-06-03
# images     : images/speakx-2026-06-03
# master     : master/speakx.csv  (updated)
# enriched   : inputs/g-ads-speakx-2026-06-03_enriched.csv
# bucket     : video-ads
# public_base: https://pub-893b4a6a607b4221a894bf861da7914e.r2.dev
# dry_run    : False
#
# counts     : {'uploaded-video': 9, 'uploaded-image': 0, 'carried-forward': 0, 'text-no-asset': 0, 'asset-missing': 373, 'unsupported': 0, 'no-creative': 0, 'scrape-error': 0, 'error': 0}
#
asset-missing    CR00141381200873783297  (expected local file not found; will upsert on next Step 3 run after Step 2 produces the file)
asset-missing    CR00141381200873783297  (expected local file not found; will upsert on next Step 3 run after Step 2 produces the file)
asset-missing    CR00141381200873783297  (expected local file not found; will upsert on next Step 3 run after Step 2 produces the file)
asset-missing    CR00141381200873783297  (expected local file not found; will upsert on next Step 3 run after Step 2 produces the file)
asset-missing    CR00141381200873783297  (expected local file not found; will upsert on next Step 3 run after Step 2 produces the file)
asset-missing    CR00214000885871673345  (expected local file not found; will upsert on next Step 3 run after Step 2 produces the file)
asset-missing    CR00214000885871673345  (expected local file not found; will upsert on next Step 3 run after Step 2 produces the file)
asset-missing    CR00214000885871673345  (expected local file not found; will upsert on next Step 3 run after Step 2 produces the file)
asset-missing    CR00214000885871673345  (expected local file not found; will upsert on next Step 3 run after Step 2 produces the file)
asset-missing    CR00615567752383430657  (expected local file not found; will upsert on next Step 3 run after Step 2 produces the file)
asset-missing    CR00615567752383430657  (expected local file not found; will upsert on next Step 3 run after Step 2 produces the file)
asset-missing    CR00615567752383430657  (expected local file not found; will upsert on next Step 3 run after Step 2 produces the file)
asset-missing    CR00615567752383430657  (expected local file not found; will upsert on next Step 3 run after Step 2 produces the file)
asset-missing    CR00697210613914402817  (expected local file not found; will upsert on next Step 3 run after Step 2 produces the file)
asset-missing    CR00697210613914402817  (expected local file not found; will upsert on next Step 3 run after Step 2 produces the file)
asset-missing    CR00697210613914402817  (expected local file not found; will upsert on next Step 3 run after Step 2 produces the file)
asset-missing    CR00697210613914402817  (expected local file not found; will upsert on next Step 3 run after Step 2 produces the file)
asset-missing    CR00810905476345626625  (expected local file not found; will upsert on next Step 3 run after Step 2 produces the file)
asset-missing    CR00810905476345626625  (expected local file not found; will upsert on next Step 3 run after Step 2 produces the file)
asset-missing    CR00810905476345626625  (expected local file not found; will upsert on next Step 3 run after Step 2 produces the file)
asset-missing    CR00810905476345626625  (expected local file not found; will upsert on next Step 3 run after Step 2 produces the file)
asset-missing    CR00810905476345626625  (expected local file not found; will upsert on next Step 3 run after Step 2 produces the file)
asset-missing    CR01547339054457028609  (expected local file not found; will upsert on next Step 3 run after Step 2 produces the file)
asset-missing    CR01547339054457028609  (expected local file not found; will upsert on next Step 3 run after Step 2 produces the file)
asset-missing    CR01547339054457028609  (expected local file not found; will upsert on next Step 3 run after Step 2 produces the file)
asset-missing    CR01547339054457028609  (expected local file not found; will upsert on next Step 3 run after Step 2 produces the file)
asset-missing    CR01547339054457028609  (expected local file not found; will upsert on next Step 3 run after Step 2 produces the file)
asset-missing    CR01788401550008254465  (expected local file not found; will upsert on next Step 3 run after Step 2 produces the file)
asset-missing    CR01788401550008254465  (expected local file not found; will upsert on next Step 3 run after Step 2 produces the file)
asset-missing    CR01788401550008254465  (expected local file not found; will upsert on next Step 3 run after Step 2 produces the file)
asset-missing    CR01788401550008254465  (expected local file not found; will upsert on next Step 3 run after Step 2 produces the file)
asset-missing    CR01788401550008254465  (expected local file not found; will upsert on next Step 3 run after Step 2 produces the file)
asset-missing    CR02024463535395831809  (expected local file not found; will upsert on next Step 3 run after Step 2 produces the file)
asset-missing    CR02024463535395831809  (expected local file not found; will upsert on next Step 3 run after Step 2 produces the file)
asset-missing    CR02024463535395831809  (expected local file not found; will upsert on next Step 3 run after Step 2 produces the file)
asset-missing    CR02024463535395831809  (expected local file not found; will upsert on next Step 3 run after Step 2 produces the file)
asset-missing    CR02024463535395831809  (expected local file not found; will upsert on next Step 3 run after Step 2 produces the file)
asset-missing    CR02126387876743610369  (expected local file not found; will upsert on next Step 3 run after Step 2 produces the file)
asset-missing    CR02126387876743610369  (expected local file not found; will upsert on next Step 3 run after Step 2 produces the file)
asset-missing    CR02126387876743610369  (expected local file not found; will upsert on next Step 3 run after Step 2 produces the file)
asset-missing    CR02126387876743610369  (expected local file not found; will upsert on next Step 3 run after Step 2 produces the file)
asset-missing    CR02126387876743610369  (expected local file not found; will upsert on next Step 3 run after Step 2 produces the file)
asset-missing    CR02137283324010299393  (expected local file not found; will upsert on next Step 3 run after Step 2 produces the file)
asset-missing    CR02137283324010299393  (expected local file not found; will upsert on next Step 3 run after Step 2 produces the file)
asset-missing    CR02137283324010299393  (expected local file not found; will upsert on next Step 3 run after Step 2 produces the file)
asset-missing    CR02137283324010299393  (expected local file not found; will upsert on next Step 3 run after Step 2 produces the file)
asset-missing    CR02137283324010299393  (expected local file not found; will upsert on next Step 3 run after Step 2 produces the file)
asset-missing    CR02271950408668676097  (expected local file not found; will upsert on next Step 3 run after Step 2 produces the file)
asset-missing    CR02271950408668676097  (expected local file not found; will upsert on next Step 3 run after Step 2 produces the file)
asset-missing    CR02271950408668676097  (expected local file not found; will upsert on next Step 3 run after Step 2 produces the file)
asset-missing    CR02271950408668676097  (expected local file not found; will upsert on next Step 3 run after Step 2 produces the file)
asset-missing    CR02394903914920017921  (expected local file not found; will upsert on next Step 3 run after Step 2 produces the file)
asset-missing    CR02394903914920017921  (expected local file not found; will upsert on next Step 3 run after Step 2 produces the file)
asset-missing    CR02394903914920017921  (expected local file not found; will upsert on next Step 3 run after Step 2 produces the file)
asset-missing    CR02394903914920017921  (expected local file not found; will upsert on next Step 3 run after Step 2 produces the file)
asset-missing    CR02394903914920017921  (expected local file not found; will upsert on next Step 3 run after Step 2 produces the file)
asset-missing    CR02580772670513610753  (expected local file not found; will upsert on next Step 3 run after Step 2 produces the file)
asset-missing    CR02580772670513610753  (expected local file not found; will upsert on next Step 3 run after Step 2 produces the file)
asset-missing    CR02580772670513610753  (expected local file not found; will upsert on next Step 3 run after Step 2 produces the file)
asset-missing    CR02580772670513610753  (expected local file not found; will upsert on next Step 3 run after Step 2 produces the file)
asset-missing    CR02580772670513610753  (expected local file not found; will upsert on next Step 3 run after Step 2 produces the file)
asset-missing    CR02638435226392461313  (expected local file not found; will upsert on next Step 3 run after Step 2 produces the file)
asset-missing    CR02638435226392461313  (expected local file not found; will upsert on next Step 3 run after Step 2 produces the file)
asset-missing    CR02638435226392461313  (expected local file not found; will upsert on next Step 3 run after Step 2 produces the file)
asset-missing    CR02638435226392461313  (expected local file not found; will upsert on next Step 3 run after Step 2 produces the file)
asset-missing    CR02963800740188913665  (expected local file not found; will upsert on next Step 3 run after Step 2 produces the file)
asset-missing    CR02963800740188913665  (expected local file not found; will upsert on next Step 3 run after Step 2 produces the file)
asset-missing    CR02963800740188913665  (expected local file not found; will upsert on next Step 3 run after Step 2 produces the file)
asset-missing    CR02963800740188913665  (expected local file not found; will upsert on next Step 3 run after Step 2 produces the file)
asset-missing    CR02963800740188913665  (expected local file not found; will upsert on next Step 3 run after Step 2 produces the file)
asset-missing    CR03483707742550491137  (expected local file not found; will upsert on next Step 3 run after Step 2 produces the file)
asset-missing    CR03483707742550491137  (expected local file not found; will upsert on next Step 3 run after Step 2 produces the file)
asset-missing    CR03483707742550491137  (expected local file not found; will upsert on next Step 3 run after Step 2 produces the file)
asset-missing    CR03483707742550491137  (expected local file not found; will upsert on next Step 3 run after Step 2 produces the file)
asset-missing    CR03483707742550491137  (expected local file not found; will upsert on next Step 3 run after Step 2 produces the file)
asset-missing    CR03631499697509629953  (expected local file not found; will upsert on next Step 3 run after Step 2 produces the file)
asset-missing    CR03631499697509629953  (expected local file not found; will upsert on next Step 3 run after Step 2 produces the file)
asset-missing    CR03631499697509629953  (expected local file not found; will upsert on next Step 3 run after Step 2 produces the file)
asset-missing    CR03631499697509629953  (expected local file not found; will upsert on next Step 3 run after Step 2 produces the file)
asset-missing    CR03631499697509629953  (expected local file not found; will upsert on next Step 3 run after Step 2 produces the file)
asset-missing    CR04148213537715519489  (expected local file not found; will upsert on next Step 3 run after Step 2 produces the file)
asset-missing    CR04148213537715519489  (expected local file not found; will upsert on next Step 3 run after Step 2 produces the file)
asset-missing    CR04148213537715519489  (expected local file not found; will upsert on next Step 3 run after Step 2 produces the file)
asset-missing    CR04148213537715519489  (expected local file not found; will upsert on next Step 3 run after Step 2 produces the file)
asset-missing    CR04148213537715519489  (expected local file not found; will upsert on next Step 3 run after Step 2 produces the file)
asset-missing    CR04170532215010099201  (expected local file not found; will upsert on next Step 3 run after Step 2 produces the file)
asset-missing    CR04170532215010099201  (expected local file not found; will upsert on next Step 3 run after Step 2 produces the file)
asset-missing    CR04170532215010099201  (expected local file not found; will upsert on next Step 3 run after Step 2 produces the file)
asset-missing    CR04170532215010099201  (expected local file not found; will upsert on next Step 3 run after Step 2 produces the file)
asset-missing    CR04362785087301877761  (expected local file not found; will upsert on next Step 3 run after Step 2 produces the file)
asset-missing    CR04362785087301877761  (expected local file not found; will upsert on next Step 3 run after Step 2 produces the file)
asset-missing    CR04362785087301877761  (expected local file not found; will upsert on next Step 3 run after Step 2 produces the file)
asset-missing    CR04362785087301877761  (expected local file not found; will upsert on next Step 3 run after Step 2 produces the file)
asset-missing    CR04362785087301877761  (expected local file not found; will upsert on next Step 3 run after Step 2 produces the file)
asset-missing    CR04569581577851371521  (expected local file not found; will upsert on next Step 3 run after Step 2 produces the file)
asset-missing    CR04569581577851371521  (expected local file not found; will upsert on next Step 3 run after Step 2 produces the file)
asset-missing    CR04569581577851371521  (expected local file not found; will upsert on next Step 3 run after Step 2 produces the file)
asset-missing    CR04569581577851371521  (expected local file not found; will upsert on next Step 3 run after Step 2 produces the file)
asset-missing    CR04569581577851371521  (expected local file not found; will upsert on next Step 3 run after Step 2 produces the file)
asset-missing    CR04605080985791365121  (expected local file not found; will upsert on next Step 3 run after Step 2 produces the file)
asset-missing    CR04605080985791365121  (expected local file not found; will upsert on next Step 3 run after Step 2 produces the file)
asset-missing    CR04605080985791365121  (expected local file not found; will upsert on next Step 3 run after Step 2 produces the file)
asset-missing    CR04605080985791365121  (expected local file not found; will upsert on next Step 3 run after Step 2 produces the file)
asset-missing    CR04861911139509862401  (expected local file not found; will upsert on next Step 3 run after Step 2 produces the file)
asset-missing    CR04861911139509862401  (expected local file not found; will upsert on next Step 3 run after Step 2 produces the file)
asset-missing    CR04861911139509862401  (expected local file not found; will upsert on next Step 3 run after Step 2 produces the file)
asset-missing    CR04861911139509862401  (expected local file not found; will upsert on next Step 3 run after Step 2 produces the file)
asset-missing    CR05126339244993806337  (expected local file not found; will upsert on next Step 3 run after Step 2 produces the file)
asset-missing    CR05126339244993806337  (expected local file not found; will upsert on next Step 3 run after Step 2 produces the file)
asset-missing    CR05126339244993806337  (expected local file not found; will upsert on next Step 3 run after Step 2 produces the file)
asset-missing    CR05248235545045237761  (expected local file not found; will upsert on next Step 3 run after Step 2 produces the file)
asset-missing    CR05248235545045237761  (expected local file not found; will upsert on next Step 3 run after Step 2 produces the file)
asset-missing    CR05248235545045237761  (expected local file not found; will upsert on next Step 3 run after Step 2 produces the file)
asset-missing    CR05248235545045237761  (expected local file not found; will upsert on next Step 3 run after Step 2 produces the file)
asset-missing    CR05248235545045237761  (expected local file not found; will upsert on next Step 3 run after Step 2 produces the file)
asset-missing    CR05433894405587075073  (expected local file not found; will upsert on next Step 3 run after Step 2 produces the file)
asset-missing    CR05433894405587075073  (expected local file not found; will upsert on next Step 3 run after Step 2 produces the file)
asset-missing    CR05433894405587075073  (expected local file not found; will upsert on next Step 3 run after Step 2 produces the file)
asset-missing    CR05433894405587075073  (expected local file not found; will upsert on next Step 3 run after Step 2 produces the file)
asset-missing    CR05640321485999439873  (expected local file not found; will upsert on next Step 3 run after Step 2 produces the file)
asset-missing    CR05640321485999439873  (expected local file not found; will upsert on next Step 3 run after Step 2 produces the file)
asset-missing    CR05640321485999439873  (expected local file not found; will upsert on next Step 3 run after Step 2 produces the file)
asset-missing    CR05640321485999439873  (expected local file not found; will upsert on next Step 3 run after Step 2 produces the file)
asset-missing    CR05717206734947221505  (expected local file not found; will upsert on next Step 3 run after Step 2 produces the file)
asset-missing    CR05717206734947221505  (expected local file not found; will upsert on next Step 3 run after Step 2 produces the file)
asset-missing    CR05717206734947221505  (expected local file not found; will upsert on next Step 3 run after Step 2 produces the file)
asset-missing    CR05717206734947221505  (expected local file not found; will upsert on next Step 3 run after Step 2 produces the file)
asset-missing    CR05717206734947221505  (expected local file not found; will upsert on next Step 3 run after Step 2 produces the file)
asset-missing    CR05797737440466698241  (expected local file not found; will upsert on next Step 3 run after Step 2 produces the file)
asset-missing    CR05797737440466698241  (expected local file not found; will upsert on next Step 3 run after Step 2 produces the file)
asset-missing    CR05797737440466698241  (expected local file not found; will upsert on next Step 3 run after Step 2 produces the file)
asset-missing    CR05797737440466698241  (expected local file not found; will upsert on next Step 3 run after Step 2 produces the file)
asset-missing    CR05797737440466698241  (expected local file not found; will upsert on next Step 3 run after Step 2 produces the file)
asset-missing    CR05840666248475574273  (expected local file not found; will upsert on next Step 3 run after Step 2 produces the file)
asset-missing    CR05840666248475574273  (expected local file not found; will upsert on next Step 3 run after Step 2 produces the file)
asset-missing    CR05840666248475574273  (expected local file not found; will upsert on next Step 3 run after Step 2 produces the file)
asset-missing    CR05840666248475574273  (expected local file not found; will upsert on next Step 3 run after Step 2 produces the file)
asset-missing    CR05840666248475574273  (expected local file not found; will upsert on next Step 3 run after Step 2 produces the file)
asset-missing    CR05848903763821068289  (expected local file not found; will upsert on next Step 3 run after Step 2 produces the file)
asset-missing    CR05848903763821068289  (expected local file not found; will upsert on next Step 3 run after Step 2 produces the file)
asset-missing    CR05848903763821068289  (expected local file not found; will upsert on next Step 3 run after Step 2 produces the file)
asset-missing    CR05848903763821068289  (expected local file not found; will upsert on next Step 3 run after Step 2 produces the file)
asset-missing    CR05848903763821068289  (expected local file not found; will upsert on next Step 3 run after Step 2 produces the file)
asset-missing    CR06323286294688432129  (expected local file not found; will upsert on next Step 3 run after Step 2 produces the file)
asset-missing    CR06323286294688432129  (expected local file not found; will upsert on next Step 3 run after Step 2 produces the file)
asset-missing    CR06323286294688432129  (expected local file not found; will upsert on next Step 3 run after Step 2 produces the file)
asset-missing    CR06323286294688432129  (expected local file not found; will upsert on next Step 3 run after Step 2 produces the file)
asset-missing    CR06697491101378412545  (expected local file not found; will upsert on next Step 3 run after Step 2 produces the file)
asset-missing    CR06697491101378412545  (expected local file not found; will upsert on next Step 3 run after Step 2 produces the file)
asset-missing    CR06697491101378412545  (expected local file not found; will upsert on next Step 3 run after Step 2 produces the file)
asset-missing    CR06697491101378412545  (expected local file not found; will upsert on next Step 3 run after Step 2 produces the file)
asset-missing    CR06697491101378412545  (expected local file not found; will upsert on next Step 3 run after Step 2 produces the file)
asset-missing    CR06966997756581773313  (expected local file not found; will upsert on next Step 3 run after Step 2 produces the file)
asset-missing    CR06966997756581773313  (expected local file not found; will upsert on next Step 3 run after Step 2 produces the file)
asset-missing    CR06966997756581773313  (expected local file not found; will upsert on next Step 3 run after Step 2 produces the file)
asset-missing    CR07002697181148741633  (expected local file not found; will upsert on next Step 3 run after Step 2 produces the file)
asset-missing    CR07002697181148741633  (expected local file not found; will upsert on next Step 3 run after Step 2 produces the file)
asset-missing    CR07002697181148741633  (expected local file not found; will upsert on next Step 3 run after Step 2 produces the file)
asset-missing    CR07002697181148741633  (expected local file not found; will upsert on next Step 3 run after Step 2 produces the file)
asset-missing    CR07029952562572820481  (expected local file not found; will upsert on next Step 3 run after Step 2 produces the file)
asset-missing    CR07029952562572820481  (expected local file not found; will upsert on next Step 3 run after Step 2 produces the file)
asset-missing    CR07029952562572820481  (expected local file not found; will upsert on next Step 3 run after Step 2 produces the file)
asset-missing    CR07029952562572820481  (expected local file not found; will upsert on next Step 3 run after Step 2 produces the file)
asset-missing    CR07351478238167695361  (expected local file not found; will upsert on next Step 3 run after Step 2 produces the file)
asset-missing    CR07351478238167695361  (expected local file not found; will upsert on next Step 3 run after Step 2 produces the file)
asset-missing    CR07351478238167695361  (expected local file not found; will upsert on next Step 3 run after Step 2 produces the file)
asset-missing    CR07351478238167695361  (expected local file not found; will upsert on next Step 3 run after Step 2 produces the file)
asset-missing    CR07351478238167695361  (expected local file not found; will upsert on next Step 3 run after Step 2 produces the file)
asset-missing    CR07448877925958418433  (expected local file not found; will upsert on next Step 3 run after Step 2 produces the file)
asset-missing    CR07448877925958418433  (expected local file not found; will upsert on next Step 3 run after Step 2 produces the file)
asset-missing    CR07648828350307237889  (expected local file not found; will upsert on next Step 3 run after Step 2 produces the file)
asset-missing    CR07648828350307237889  (expected local file not found; will upsert on next Step 3 run after Step 2 produces the file)
asset-missing    CR07648828350307237889  (expected local file not found; will upsert on next Step 3 run after Step 2 produces the file)
asset-missing    CR07648828350307237889  (expected local file not found; will upsert on next Step 3 run after Step 2 produces the file)
asset-missing    CR07648828350307237889  (expected local file not found; will upsert on next Step 3 run after Step 2 produces the file)
asset-missing    CR07693579899486863361  (expected local file not found; will upsert on next Step 3 run after Step 2 produces the file)
asset-missing    CR07693579899486863361  (expected local file not found; will upsert on next Step 3 run after Step 2 produces the file)
asset-missing    CR07693579899486863361  (expected local file not found; will upsert on next Step 3 run after Step 2 produces the file)
asset-missing    CR07693579899486863361  (expected local file not found; will upsert on next Step 3 run after Step 2 produces the file)
asset-missing    CR07918452859413200897  (expected local file not found; will upsert on next Step 3 run after Step 2 produces the file)
asset-missing    CR07918452859413200897  (expected local file not found; will upsert on next Step 3 run after Step 2 produces the file)
asset-missing    CR07918452859413200897  (expected local file not found; will upsert on next Step 3 run after Step 2 produces the file)
asset-missing    CR07918452859413200897  (expected local file not found; will upsert on next Step 3 run after Step 2 produces the file)
asset-missing    CR07918452859413200897  (expected local file not found; will upsert on next Step 3 run after Step 2 produces the file)
asset-missing    CR08022515656387723265  (expected local file not found; will upsert on next Step 3 run after Step 2 produces the file)
asset-missing    CR08022515656387723265  (expected local file not found; will upsert on next Step 3 run after Step 2 produces the file)
asset-missing    CR08022515656387723265  (expected local file not found; will upsert on next Step 3 run after Step 2 produces the file)
asset-missing    CR08022515656387723265  (expected local file not found; will upsert on next Step 3 run after Step 2 produces the file)
asset-missing    CR08022515656387723265  (expected local file not found; will upsert on next Step 3 run after Step 2 produces the file)
asset-missing    CR08023018158971420673  (expected local file not found; will upsert on next Step 3 run after Step 2 produces the file)
asset-missing    CR08023018158971420673  (expected local file not found; will upsert on next Step 3 run after Step 2 produces the file)
asset-missing    CR08023018158971420673  (expected local file not found; will upsert on next Step 3 run after Step 2 produces the file)
asset-missing    CR08023018158971420673  (expected local file not found; will upsert on next Step 3 run after Step 2 produces the file)
asset-missing    CR08023018158971420673  (expected local file not found; will upsert on next Step 3 run after Step 2 produces the file)
asset-missing    CR08307899809251983361  (expected local file not found; will upsert on next Step 3 run after Step 2 produces the file)
asset-missing    CR08307899809251983361  (expected local file not found; will upsert on next Step 3 run after Step 2 produces the file)
asset-missing    CR08307899809251983361  (expected local file not found; will upsert on next Step 3 run after Step 2 produces the file)
asset-missing    CR08307899809251983361  (expected local file not found; will upsert on next Step 3 run after Step 2 produces the file)
uploaded-video  CR08475678918509068289  ← CR08475678918509068289.mp4  → https://pub-893b4a6a607b4221a894bf861da7914e.r2.dev/g_CR08475678918509068289.mp4
uploaded-video  CR08475678918509068289  ← CR08475678918509068289_v2.mp4  → https://pub-893b4a6a607b4221a894bf861da7914e.r2.dev/g_CR08475678918509068289.mp4
uploaded-video  CR08475678918509068289  ← CR08475678918509068289_v3.mp4  → https://pub-893b4a6a607b4221a894bf861da7914e.r2.dev/g_CR08475678918509068289.mp4
asset-missing    CR08475678918509068289  (expected local file not found; will upsert on next Step 3 run after Step 2 produces the file)
asset-missing    CR08553746967090429953  (expected local file not found; will upsert on next Step 3 run after Step 2 produces the file)
asset-missing    CR08553746967090429953  (expected local file not found; will upsert on next Step 3 run after Step 2 produces the file)
asset-missing    CR08553746967090429953  (expected local file not found; will upsert on next Step 3 run after Step 2 produces the file)
asset-missing    CR08553746967090429953  (expected local file not found; will upsert on next Step 3 run after Step 2 produces the file)
asset-missing    CR08553746967090429953  (expected local file not found; will upsert on next Step 3 run after Step 2 produces the file)
asset-missing    CR08553746967090429953  (expected local file not found; will upsert on next Step 3 run after Step 2 produces the file)
asset-missing    CR08596523424019382273  (expected local file not found; will upsert on next Step 3 run after Step 2 produces the file)
asset-missing    CR08596523424019382273  (expected local file not found; will upsert on next Step 3 run after Step 2 produces the file)
asset-missing    CR08596523424019382273  (expected local file not found; will upsert on next Step 3 run after Step 2 produces the file)
asset-missing    CR08671056955034304513  (expected local file not found; will upsert on next Step 3 run after Step 2 produces the file)
asset-missing    CR08671056955034304513  (expected local file not found; will upsert on next Step 3 run after Step 2 produces the file)
asset-missing    CR08671056955034304513  (expected local file not found; will upsert on next Step 3 run after Step 2 produces the file)
asset-missing    CR08671056955034304513  (expected local file not found; will upsert on next Step 3 run after Step 2 produces the file)
asset-missing    CR08807709001778200577  (expected local file not found; will upsert on next Step 3 run after Step 2 produces the file)
asset-missing    CR08807709001778200577  (expected local file not found; will upsert on next Step 3 run after Step 2 produces the file)
asset-missing    CR08807709001778200577  (expected local file not found; will upsert on next Step 3 run after Step 2 produces the file)
asset-missing    CR08807709001778200577  (expected local file not found; will upsert on next Step 3 run after Step 2 produces the file)
asset-missing    CR09548064950182739969  (expected local file not found; will upsert on next Step 3 run after Step 2 produces the file)
asset-missing    CR09548064950182739969  (expected local file not found; will upsert on next Step 3 run after Step 2 produces the file)
asset-missing    CR09548064950182739969  (expected local file not found; will upsert on next Step 3 run after Step 2 produces the file)
asset-missing    CR09548064950182739969  (expected local file not found; will upsert on next Step 3 run after Step 2 produces the file)
asset-missing    CR09576800136818851841  (expected local file not found; will upsert on next Step 3 run after Step 2 produces the file)
asset-missing    CR09576800136818851841  (expected local file not found; will upsert on next Step 3 run after Step 2 produces the file)
asset-missing    CR09576800136818851841  (expected local file not found; will upsert on next Step 3 run after Step 2 produces the file)
asset-missing    CR09576800136818851841  (expected local file not found; will upsert on next Step 3 run after Step 2 produces the file)
asset-missing    CR09678062958713765889  (expected local file not found; will upsert on next Step 3 run after Step 2 produces the file)
asset-missing    CR09678062958713765889  (expected local file not found; will upsert on next Step 3 run after Step 2 produces the file)
asset-missing    CR09678062958713765889  (expected local file not found; will upsert on next Step 3 run after Step 2 produces the file)
asset-missing    CR09678062958713765889  (expected local file not found; will upsert on next Step 3 run after Step 2 produces the file)
asset-missing    CR10123737112130879489  (expected local file not found; will upsert on next Step 3 run after Step 2 produces the file)
asset-missing    CR10123737112130879489  (expected local file not found; will upsert on next Step 3 run after Step 2 produces the file)
asset-missing    CR10123737112130879489  (expected local file not found; will upsert on next Step 3 run after Step 2 produces the file)
asset-missing    CR10123737112130879489  (expected local file not found; will upsert on next Step 3 run after Step 2 produces the file)
asset-missing    CR10123737112130879489  (expected local file not found; will upsert on next Step 3 run after Step 2 produces the file)
asset-missing    CR10274052892952363009  (expected local file not found; will upsert on next Step 3 run after Step 2 produces the file)
asset-missing    CR10274052892952363009  (expected local file not found; will upsert on next Step 3 run after Step 2 produces the file)
asset-missing    CR10274052892952363009  (expected local file not found; will upsert on next Step 3 run after Step 2 produces the file)
asset-missing    CR10274052892952363009  (expected local file not found; will upsert on next Step 3 run after Step 2 produces the file)
asset-missing    CR10303472285058596865  (expected local file not found; will upsert on next Step 3 run after Step 2 produces the file)
asset-missing    CR10303472285058596865  (expected local file not found; will upsert on next Step 3 run after Step 2 produces the file)
asset-missing    CR10303472285058596865  (expected local file not found; will upsert on next Step 3 run after Step 2 produces the file)
asset-missing    CR10303472285058596865  (expected local file not found; will upsert on next Step 3 run after Step 2 produces the file)
asset-missing    CR10303472285058596865  (expected local file not found; will upsert on next Step 3 run after Step 2 produces the file)
asset-missing    CR10441594550647521281  (expected local file not found; will upsert on next Step 3 run after Step 2 produces the file)
asset-missing    CR10441594550647521281  (expected local file not found; will upsert on next Step 3 run after Step 2 produces the file)
asset-missing    CR10441594550647521281  (expected local file not found; will upsert on next Step 3 run after Step 2 produces the file)
asset-missing    CR10441594550647521281  (expected local file not found; will upsert on next Step 3 run after Step 2 produces the file)
asset-missing    CR10504075192249090049  (expected local file not found; will upsert on next Step 3 run after Step 2 produces the file)
asset-missing    CR10504075192249090049  (expected local file not found; will upsert on next Step 3 run after Step 2 produces the file)
asset-missing    CR10504075192249090049  (expected local file not found; will upsert on next Step 3 run after Step 2 produces the file)
asset-missing    CR10504075192249090049  (expected local file not found; will upsert on next Step 3 run after Step 2 produces the file)
asset-missing    CR10766543761853906945  (expected local file not found; will upsert on next Step 3 run after Step 2 produces the file)
asset-missing    CR10766543761853906945  (expected local file not found; will upsert on next Step 3 run after Step 2 produces the file)
asset-missing    CR10766543761853906945  (expected local file not found; will upsert on next Step 3 run after Step 2 produces the file)
asset-missing    CR10766543761853906945  (expected local file not found; will upsert on next Step 3 run after Step 2 produces the file)
asset-missing    CR10772811527888044033  (expected local file not found; will upsert on next Step 3 run after Step 2 produces the file)
asset-missing    CR10772811527888044033  (expected local file not found; will upsert on next Step 3 run after Step 2 produces the file)
asset-missing    CR10772811527888044033  (expected local file not found; will upsert on next Step 3 run after Step 2 produces the file)
asset-missing    CR10772811527888044033  (expected local file not found; will upsert on next Step 3 run after Step 2 produces the file)
asset-missing    CR10772811527888044033  (expected local file not found; will upsert on next Step 3 run after Step 2 produces the file)
asset-missing    CR11628441744227434497  (expected local file not found; will upsert on next Step 3 run after Step 2 produces the file)
asset-missing    CR11628441744227434497  (expected local file not found; will upsert on next Step 3 run after Step 2 produces the file)
asset-missing    CR11628441744227434497  (expected local file not found; will upsert on next Step 3 run after Step 2 produces the file)
asset-missing    CR11628441744227434497  (expected local file not found; will upsert on next Step 3 run after Step 2 produces the file)
asset-missing    CR12295867928175181825  (expected local file not found; will upsert on next Step 3 run after Step 2 produces the file)
asset-missing    CR12295867928175181825  (expected local file not found; will upsert on next Step 3 run after Step 2 produces the file)
asset-missing    CR12295867928175181825  (expected local file not found; will upsert on next Step 3 run after Step 2 produces the file)
asset-missing    CR12295867928175181825  (expected local file not found; will upsert on next Step 3 run after Step 2 produces the file)
asset-missing    CR12438457853105143809  (expected local file not found; will upsert on next Step 3 run after Step 2 produces the file)
asset-missing    CR12438457853105143809  (expected local file not found; will upsert on next Step 3 run after Step 2 produces the file)
asset-missing    CR12438457853105143809  (expected local file not found; will upsert on next Step 3 run after Step 2 produces the file)
asset-missing    CR12438457853105143809  (expected local file not found; will upsert on next Step 3 run after Step 2 produces the file)
asset-missing    CR12605358461161570305  (expected local file not found; will upsert on next Step 3 run after Step 2 produces the file)
asset-missing    CR12605358461161570305  (expected local file not found; will upsert on next Step 3 run after Step 2 produces the file)
asset-missing    CR12605358461161570305  (expected local file not found; will upsert on next Step 3 run after Step 2 produces the file)
asset-missing    CR12605358461161570305  (expected local file not found; will upsert on next Step 3 run after Step 2 produces the file)
asset-missing    CR12605358461161570305  (expected local file not found; will upsert on next Step 3 run after Step 2 produces the file)
asset-missing    CR12670613273679233025  (expected local file not found; will upsert on next Step 3 run after Step 2 produces the file)
asset-missing    CR12670613273679233025  (expected local file not found; will upsert on next Step 3 run after Step 2 produces the file)
asset-missing    CR12670613273679233025  (expected local file not found; will upsert on next Step 3 run after Step 2 produces the file)
asset-missing    CR12670613273679233025  (expected local file not found; will upsert on next Step 3 run after Step 2 produces the file)
asset-missing    CR12848689592798281729  (expected local file not found; will upsert on next Step 3 run after Step 2 produces the file)
asset-missing    CR12848689592798281729  (expected local file not found; will upsert on next Step 3 run after Step 2 produces the file)
asset-missing    CR12848689592798281729  (expected local file not found; will upsert on next Step 3 run after Step 2 produces the file)
asset-missing    CR12848689592798281729  (expected local file not found; will upsert on next Step 3 run after Step 2 produces the file)
asset-missing    CR12949108883116261377  (expected local file not found; will upsert on next Step 3 run after Step 2 produces the file)
asset-missing    CR12949108883116261377  (expected local file not found; will upsert on next Step 3 run after Step 2 produces the file)
asset-missing    CR12949108883116261377  (expected local file not found; will upsert on next Step 3 run after Step 2 produces the file)
asset-missing    CR12949108883116261377  (expected local file not found; will upsert on next Step 3 run after Step 2 produces the file)
asset-missing    CR13189743763133562881  (expected local file not found; will upsert on next Step 3 run after Step 2 produces the file)
asset-missing    CR13189743763133562881  (expected local file not found; will upsert on next Step 3 run after Step 2 produces the file)
asset-missing    CR13189743763133562881  (expected local file not found; will upsert on next Step 3 run after Step 2 produces the file)
asset-missing    CR13189743763133562881  (expected local file not found; will upsert on next Step 3 run after Step 2 produces the file)
asset-missing    CR13437940688989716481  (expected local file not found; will upsert on next Step 3 run after Step 2 produces the file)
asset-missing    CR13437940688989716481  (expected local file not found; will upsert on next Step 3 run after Step 2 produces the file)
asset-missing    CR13437940688989716481  (expected local file not found; will upsert on next Step 3 run after Step 2 produces the file)
asset-missing    CR13437940688989716481  (expected local file not found; will upsert on next Step 3 run after Step 2 produces the file)
asset-missing    CR13437940688989716481  (expected local file not found; will upsert on next Step 3 run after Step 2 produces the file)
asset-missing    CR13529714313220063233  (expected local file not found; will upsert on next Step 3 run after Step 2 produces the file)
asset-missing    CR13529714313220063233  (expected local file not found; will upsert on next Step 3 run after Step 2 produces the file)
asset-missing    CR13529714313220063233  (expected local file not found; will upsert on next Step 3 run after Step 2 produces the file)
asset-missing    CR13529714313220063233  (expected local file not found; will upsert on next Step 3 run after Step 2 produces the file)
asset-missing    CR13560433980905357313  (expected local file not found; will upsert on next Step 3 run after Step 2 produces the file)
asset-missing    CR13560433980905357313  (expected local file not found; will upsert on next Step 3 run after Step 2 produces the file)
asset-missing    CR13560433980905357313  (expected local file not found; will upsert on next Step 3 run after Step 2 produces the file)
asset-missing    CR13560433980905357313  (expected local file not found; will upsert on next Step 3 run after Step 2 produces the file)
asset-missing    CR13560433980905357313  (expected local file not found; will upsert on next Step 3 run after Step 2 produces the file)
asset-missing    CR13654429752495177729  (expected local file not found; will upsert on next Step 3 run after Step 2 produces the file)
asset-missing    CR13654429752495177729  (expected local file not found; will upsert on next Step 3 run after Step 2 produces the file)
asset-missing    CR13654429752495177729  (expected local file not found; will upsert on next Step 3 run after Step 2 produces the file)
asset-missing    CR13654429752495177729  (expected local file not found; will upsert on next Step 3 run after Step 2 produces the file)
asset-missing    CR13654429752495177729  (expected local file not found; will upsert on next Step 3 run after Step 2 produces the file)
uploaded-video  CR13952643204600823809  ← CR13952643204600823809.mp4  → https://pub-893b4a6a607b4221a894bf861da7914e.r2.dev/g_CR13952643204600823809.mp4
uploaded-video  CR13952643204600823809  ← CR13952643204600823809_v2.mp4  → https://pub-893b4a6a607b4221a894bf861da7914e.r2.dev/g_CR13952643204600823809.mp4
uploaded-video  CR13952643204600823809  ← CR13952643204600823809_v3.mp4  → https://pub-893b4a6a607b4221a894bf861da7914e.r2.dev/g_CR13952643204600823809.mp4
asset-missing    CR13952643204600823809  (expected local file not found; will upsert on next Step 3 run after Step 2 produces the file)
asset-missing    CR14115625539762913281  (expected local file not found; will upsert on next Step 3 run after Step 2 produces the file)
asset-missing    CR14115625539762913281  (expected local file not found; will upsert on next Step 3 run after Step 2 produces the file)
asset-missing    CR14115625539762913281  (expected local file not found; will upsert on next Step 3 run after Step 2 produces the file)
asset-missing    CR14115625539762913281  (expected local file not found; will upsert on next Step 3 run after Step 2 produces the file)
asset-missing    CR14190844538968342529  (expected local file not found; will upsert on next Step 3 run after Step 2 produces the file)
asset-missing    CR14190844538968342529  (expected local file not found; will upsert on next Step 3 run after Step 2 produces the file)
asset-missing    CR14190844538968342529  (expected local file not found; will upsert on next Step 3 run after Step 2 produces the file)
asset-missing    CR14190844538968342529  (expected local file not found; will upsert on next Step 3 run after Step 2 produces the file)
asset-missing    CR14190844538968342529  (expected local file not found; will upsert on next Step 3 run after Step 2 produces the file)
asset-missing    CR14347703066810122241  (expected local file not found; will upsert on next Step 3 run after Step 2 produces the file)
asset-missing    CR14347703066810122241  (expected local file not found; will upsert on next Step 3 run after Step 2 produces the file)
asset-missing    CR14347703066810122241  (expected local file not found; will upsert on next Step 3 run after Step 2 produces the file)
asset-missing    CR14347703066810122241  (expected local file not found; will upsert on next Step 3 run after Step 2 produces the file)
asset-missing    CR14916240669604315137  (expected local file not found; will upsert on next Step 3 run after Step 2 produces the file)
asset-missing    CR14916240669604315137  (expected local file not found; will upsert on next Step 3 run after Step 2 produces the file)
asset-missing    CR14916240669604315137  (expected local file not found; will upsert on next Step 3 run after Step 2 produces the file)
asset-missing    CR14945050786239873025  (expected local file not found; will upsert on next Step 3 run after Step 2 produces the file)
asset-missing    CR14945050786239873025  (expected local file not found; will upsert on next Step 3 run after Step 2 produces the file)
asset-missing    CR14945050786239873025  (expected local file not found; will upsert on next Step 3 run after Step 2 produces the file)
asset-missing    CR14945050786239873025  (expected local file not found; will upsert on next Step 3 run after Step 2 produces the file)
asset-missing    CR14988426906502692865  (expected local file not found; will upsert on next Step 3 run after Step 2 produces the file)
asset-missing    CR14988426906502692865  (expected local file not found; will upsert on next Step 3 run after Step 2 produces the file)
asset-missing    CR14988426906502692865  (expected local file not found; will upsert on next Step 3 run after Step 2 produces the file)
asset-missing    CR14988426906502692865  (expected local file not found; will upsert on next Step 3 run after Step 2 produces the file)
uploaded-video  CR15171813583316058113  ← CR15171813583316058113.mp4  → https://pub-893b4a6a607b4221a894bf861da7914e.r2.dev/g_CR15171813583316058113.mp4
uploaded-video  CR15171813583316058113  ← CR15171813583316058113_v2.mp4  → https://pub-893b4a6a607b4221a894bf861da7914e.r2.dev/g_CR15171813583316058113.mp4
uploaded-video  CR15171813583316058113  ← CR15171813583316058113_v3.mp4  → https://pub-893b4a6a607b4221a894bf861da7914e.r2.dev/g_CR15171813583316058113.mp4
asset-missing    CR15171813583316058113  (expected local file not found; will upsert on next Step 3 run after Step 2 produces the file)
asset-missing    CR15279559787193303041  (expected local file not found; will upsert on next Step 3 run after Step 2 produces the file)
asset-missing    CR15279559787193303041  (expected local file not found; will upsert on next Step 3 run after Step 2 produces the file)
asset-missing    CR15279559787193303041  (expected local file not found; will upsert on next Step 3 run after Step 2 produces the file)
asset-missing    CR15279559787193303041  (expected local file not found; will upsert on next Step 3 run after Step 2 produces the file)
asset-missing    CR15420451026787893249  (expected local file not found; will upsert on next Step 3 run after Step 2 produces the file)
asset-missing    CR15420451026787893249  (expected local file not found; will upsert on next Step 3 run after Step 2 produces the file)
asset-missing    CR15420451026787893249  (expected local file not found; will upsert on next Step 3 run after Step 2 produces the file)
asset-missing    CR15420451026787893249  (expected local file not found; will upsert on next Step 3 run after Step 2 produces the file)
asset-missing    CR15420451026787893249  (expected local file not found; will upsert on next Step 3 run after Step 2 produces the file)
asset-missing    CR15658730589689741313  (expected local file not found; will upsert on next Step 3 run after Step 2 produces the file)
asset-missing    CR15658730589689741313  (expected local file not found; will upsert on next Step 3 run after Step 2 produces the file)
asset-missing    CR15658730589689741313  (expected local file not found; will upsert on next Step 3 run after Step 2 produces the file)
asset-missing    CR15658730589689741313  (expected local file not found; will upsert on next Step 3 run after Step 2 produces the file)
asset-missing    CR15658730589689741313  (expected local file not found; will upsert on next Step 3 run after Step 2 produces the file)
asset-missing    CR16935482366581800961  (expected local file not found; will upsert on next Step 3 run after Step 2 produces the file)
asset-missing    CR16935482366581800961  (expected local file not found; will upsert on next Step 3 run after Step 2 produces the file)
asset-missing    CR16935482366581800961  (expected local file not found; will upsert on next Step 3 run after Step 2 produces the file)
asset-missing    CR16935482366581800961  (expected local file not found; will upsert on next Step 3 run after Step 2 produces the file)
asset-missing    CR16935482366581800961  (expected local file not found; will upsert on next Step 3 run after Step 2 produces the file)
asset-missing    CR17096940452210278401  (expected local file not found; will upsert on next Step 3 run after Step 2 produces the file)
asset-missing    CR17096940452210278401  (expected local file not found; will upsert on next Step 3 run after Step 2 produces the file)
asset-missing    CR17096940452210278401  (expected local file not found; will upsert on next Step 3 run after Step 2 produces the file)
asset-missing    CR17096940452210278401  (expected local file not found; will upsert on next Step 3 run after Step 2 produces the file)
asset-missing    CR17338713988187291649  (expected local file not found; will upsert on next Step 3 run after Step 2 produces the file)
asset-missing    CR17338713988187291649  (expected local file not found; will upsert on next Step 3 run after Step 2 produces the file)
asset-missing    CR17338713988187291649  (expected local file not found; will upsert on next Step 3 run after Step 2 produces the file)
asset-missing    CR17988141080888999937  (expected local file not found; will upsert on next Step 3 run after Step 2 produces the file)
asset-missing    CR17988141080888999937  (expected local file not found; will upsert on next Step 3 run after Step 2 produces the file)
asset-missing    CR17988141080888999937  (expected local file not found; will upsert on next Step 3 run after Step 2 produces the file)
asset-missing    CR17988141080888999937  (expected local file not found; will upsert on next Step 3 run after Step 2 produces the file)
asset-missing    CR17988141080888999937  (expected local file not found; will upsert on next Step 3 run after Step 2 produces the file)
asset-missing    CR18102982871386947585  (expected local file not found; will upsert on next Step 3 run after Step 2 produces the file)
asset-missing    CR18102982871386947585  (expected local file not found; will upsert on next Step 3 run after Step 2 produces the file)
asset-missing    CR18102982871386947585  (expected local file not found; will upsert on next Step 3 run after Step 2 produces the file)
asset-missing    CR18102982871386947585  (expected local file not found; will upsert on next Step 3 run after Step 2 produces the file)
asset-missing    CR18102982871386947585  (expected local file not found; will upsert on next Step 3 run after Step 2 produces the file)
